top - 14:49:16 up 9 days, 23:02,  1 user,  load average: 0.09, 0.30, 0.40
Tasks: 204 total,   1 running, 203 sleeping,   0 stopped,   0 zombie
%Cpu(s):  2.6 us,  7.9 sy,  0.0 ni, 89.5 id,  0.0 wa,  0.0 hi,  0.0 si,  0.0 st
MiB Mem :   3844.2 total,    177.1 free,    554.3 used,   3112.8 buff/cache
MiB Swap:   3980.0 total,   3975.9 free,      4.1 used.   3008.2 avail Mem 

    PID USER      PR  NI    VIRT    RES    SHR S  %CPU  %MEM     TIME+ COMMAND
    937 www-data  20   0   26028  20328   4156 S   0.0   0.5  48:34.43 nginx

top - 14:49:16 up 9 days, 23:02,  1 user,  load average: 0.09, 0.30, 0.40
Tasks: 204 total,   1 running, 203 sleeping,   0 stopped,   0 zombie
%Cpu(s):  1.9 us,  1.9 sy,  0.0 ni, 96.2 id,  0.0 wa,  0.0 hi,  0.0 si,  0.0 st
MiB Mem :   3844.2 total,    177.1 free,    554.3 used,   3112.8 buff/cache
MiB Swap:   3980.0 total,   3975.9 free,      4.1 used.   3008.2 avail Mem 

    PID USER      PR  NI    VIRT    RES    SHR S  %CPU  %MEM     TIME+ COMMAND
    937 www-data  20   0   26028  20328   4156 S   0.0   0.5  48:34.43 nginx

top - 14:49:17 up 9 days, 23:03,  1 user,  load average: 0.09, 0.30, 0.40
Tasks: 204 total,   1 running, 203 sleeping,   0 stopped,   0 zombie
%Cpu(s):  0.0 us,  1.0 sy,  0.0 ni, 99.0 id,  0.0 wa,  0.0 hi,  0.0 si,  0.0 st
MiB Mem :   3844.2 total,    177.1 free,    554.3 used,   3112.8 buff/cache
MiB Swap:   3980.0 total,   3975.9 free,      4.1 used.   3008.2 avail Mem 

    PID USER      PR  NI    VIRT    RES    SHR S  %CPU  %MEM     TIME+ COMMAND
    937 www-data  20   0   26028  20328   4156 S   0.0   0.5  48:34.43 nginx

top - 14:49:17 up 9 days, 23:03,  1 user,  load average: 0.09, 0.30, 0.40
Tasks: 204 total,   1 running, 203 sleeping,   0 stopped,   0 zombie
%Cpu(s):  0.9 us,  2.8 sy,  0.0 ni, 96.2 id,  0.0 wa,  0.0 hi,  0.0 si,  0.0 st
MiB Mem :   3844.2 total,    177.1 free,    554.3 used,   3112.8 buff/cache
MiB Swap:   3980.0 total,   3975.9 free,      4.1 used.   3008.2 avail Mem 

    PID USER      PR  NI    VIRT    RES    SHR S  %CPU  %MEM     TIME+ COMMAND
    937 www-data  20   0   26028  20328   4156 S   0.0   0.5  48:34.43 nginx

top - 14:49:18 up 9 days, 23:03,  1 user,  load average: 0.09, 0.30, 0.40
Tasks: 204 total,   1 running, 203 sleeping,   0 stopped,   0 zombie
%Cpu(s):  0.9 us,  2.8 sy,  0.0 ni, 96.2 id,  0.0 wa,  0.0 hi,  0.0 si,  0.0 st
MiB Mem :   3844.2 total,    177.1 free,    554.3 used,   3112.8 buff/cache
MiB Swap:   3980.0 total,   3975.9 free,      4.1 used.   3008.2 avail Mem 

    PID USER      PR  NI    VIRT    RES    SHR S  %CPU  %MEM     TIME+ COMMAND
    937 www-data  20   0   26028  20328   4156 S   0.0   0.5  48:34.43 nginx

top - 14:49:19 up 9 days, 23:03,  1 user,  load average: 0.09, 0.30, 0.40
Tasks: 204 total,   1 running, 203 sleeping,   0 stopped,   0 zombie
%Cpu(s):  0.0 us,  1.9 sy,  0.0 ni, 98.1 id,  0.0 wa,  0.0 hi,  0.0 si,  0.0 st
MiB Mem :   3844.2 total,    177.1 free,    554.3 used,   3112.8 buff/cache
MiB Swap:   3980.0 total,   3975.9 free,      4.1 used.   3008.2 avail Mem 

    PID USER      PR  NI    VIRT    RES    SHR S  %CPU  %MEM     TIME+ COMMAND
    937 www-data  20   0   26028  20328   4156 S   0.0   0.5  48:34.43 nginx

top - 14:49:19 up 9 days, 23:03,  1 user,  load average: 0.09, 0.30, 0.40
Tasks: 204 total,   1 running, 203 sleeping,   0 stopped,   0 zombie
%Cpu(s):  2.8 us,  3.7 sy,  0.0 ni, 93.6 id,  0.0 wa,  0.0 hi,  0.0 si,  0.0 st
MiB Mem :   3844.2 total,    177.1 free,    554.3 used,   3112.8 buff/cache
MiB Swap:   3980.0 total,   3975.9 free,      4.1 used.   3008.2 avail Mem 

    PID USER      PR  NI    VIRT    RES    SHR S  %CPU  %MEM     TIME+ COMMAND
    937 www-data  20   0   26028  20328   4156 S   0.0   0.5  48:34.43 nginx

top - 14:49:20 up 9 days, 23:03,  1 user,  load average: 0.09, 0.30, 0.40
Tasks: 204 total,   1 running, 203 sleeping,   0 stopped,   0 zombie
%Cpu(s):  3.9 us,  7.8 sy,  3.9 ni, 66.0 id, 18.4 wa,  0.0 hi,  0.0 si,  0.0 st
MiB Mem :   3844.2 total,    177.1 free,    554.3 used,   3112.8 buff/cache
MiB Swap:   3980.0 total,   3975.9 free,      4.1 used.   3008.2 avail Mem 

    PID USER      PR  NI    VIRT    RES    SHR S  %CPU  %MEM     TIME+ COMMAND

top - 14:49:20 up 9 days, 23:03,  1 user,  load average: 0.09, 0.30, 0.40
Tasks: 203 total,   1 running, 202 sleeping,   0 stopped,   0 zombie
%Cpu(s):  2.8 us,  5.7 sy,  0.0 ni, 91.5 id,  0.0 wa,  0.0 hi,  0.0 si,  0.0 st
MiB Mem :   3844.2 total,    177.1 free,    554.3 used,   3112.8 buff/cache
MiB Swap:   3980.0 total,   3975.9 free,      4.1 used.   3008.2 avail Mem 

    PID USER      PR  NI    VIRT    RES    SHR S  %CPU  %MEM     TIME+ COMMAND
    937 www-data  20   0   26028  20328   4156 S   0.0   0.5  48:34.46 nginx

top - 14:49:21 up 9 days, 23:03,  1 user,  load average: 0.09, 0.30, 0.40
Tasks: 203 total,   1 running, 202 sleeping,   0 stopped,   0 zombie
%Cpu(s):  6.6 us,  1.9 sy,  0.0 ni, 91.5 id,  0.0 wa,  0.0 hi,  0.0 si,  0.0 st
MiB Mem :   3844.2 total,    177.1 free,    554.3 used,   3112.8 buff/cache
MiB Swap:   3980.0 total,   3975.9 free,      4.1 used.   3008.2 avail Mem 

    PID USER      PR  NI    VIRT    RES    SHR S  %CPU  %MEM     TIME+ COMMAND

top - 14:49:21 up 9 days, 23:03,  1 user,  load average: 0.09, 0.30, 0.40
Tasks: 203 total,   1 running, 202 sleeping,   0 stopped,   0 zombie
%Cpu(s):  1.9 us,  2.8 sy,  0.0 ni, 95.4 id,  0.0 wa,  0.0 hi,  0.0 si,  0.0 st
MiB Mem :   3844.2 total,    177.1 free,    554.3 used,   3112.8 buff/cache
MiB Swap:   3980.0 total,   3975.9 free,      4.1 used.   3008.2 avail Mem 

    PID USER      PR  NI    VIRT    RES    SHR S  %CPU  %MEM     TIME+ COMMAND
    937 www-data  20   0   26028  20328   4156 S   0.0   0.5  48:34.52 nginx

top - 14:49:22 up 9 days, 23:03,  1 user,  load average: 0.09, 0.30, 0.40
Tasks: 203 total,   1 running, 202 sleeping,   0 stopped,   0 zombie
%Cpu(s):  1.9 us,  3.7 sy,  0.0 ni, 93.5 id,  0.9 wa,  0.0 hi,  0.0 si,  0.0 st
MiB Mem :   3844.2 total,    177.1 free,    554.3 used,   3112.8 buff/cache
MiB Swap:   3980.0 total,   3975.9 free,      4.1 used.   3008.2 avail Mem 

    PID USER      PR  NI    VIRT    RES    SHR S  %CPU  %MEM     TIME+ COMMAND
    937 www-data  20   0   26028  20328   4156 S   0.0   0.5  48:34.52 nginx

top - 14:49:22 up 9 days, 23:03,  1 user,  load average: 0.09, 0.30, 0.40
Tasks: 203 total,   1 running, 202 sleeping,   0 stopped,   0 zombie
%Cpu(s):  0.9 us,  2.8 sy,  0.0 ni, 96.3 id,  0.0 wa,  0.0 hi,  0.0 si,  0.0 st
MiB Mem :   3844.2 total,    177.1 free,    554.3 used,   3112.8 buff/cache
MiB Swap:   3980.0 total,   3975.9 free,      4.1 used.   3008.2 avail Mem 

    PID USER      PR  NI    VIRT    RES    SHR S  %CPU  %MEM     TIME+ COMMAND
    937 www-data  20   0   26028  20328   4156 S   0.0   0.5  48:34.52 nginx

top - 14:49:23 up 9 days, 23:03,  1 user,  load average: 0.09, 0.30, 0.40
Tasks: 203 total,   1 running, 202 sleeping,   0 stopped,   0 zombie
%Cpu(s):  0.9 us,  3.7 sy,  0.0 ni, 95.4 id,  0.0 wa,  0.0 hi,  0.0 si,  0.0 st
MiB Mem :   3844.2 total,    177.1 free,    554.3 used,   3112.8 buff/cache
MiB Swap:   3980.0 total,   3975.9 free,      4.1 used.   3008.2 avail Mem 

    PID USER      PR  NI    VIRT    RES    SHR S  %CPU  %MEM     TIME+ COMMAND
    937 www-data  20   0   26028  20328   4156 S   0.0   0.5  48:34.52 nginx

top - 14:49:23 up 9 days, 23:03,  1 user,  load average: 0.09, 0.30, 0.40
Tasks: 203 total,   1 running, 202 sleeping,   0 stopped,   0 zombie
%Cpu(s):  0.9 us,  2.8 sy,  0.0 ni, 96.3 id,  0.0 wa,  0.0 hi,  0.0 si,  0.0 st
MiB Mem :   3844.2 total,    177.1 free,    554.3 used,   3112.8 buff/cache
MiB Swap:   3980.0 total,   3975.9 free,      4.1 used.   3008.2 avail Mem 

    PID USER      PR  NI    VIRT    RES    SHR S  %CPU  %MEM     TIME+ COMMAND
    937 www-data  20   0   26028  20328   4156 S   0.0   0.5  48:34.52 nginx

top - 14:49:24 up 9 days, 23:03,  1 user,  load average: 0.09, 0.30, 0.40
Tasks: 203 total,   1 running, 202 sleeping,   0 stopped,   0 zombie
%Cpu(s):  8.4 us,  0.9 sy,  0.0 ni, 90.7 id,  0.0 wa,  0.0 hi,  0.0 si,  0.0 st
MiB Mem :   3844.2 total,    177.1 free,    554.3 used,   3112.8 buff/cache
MiB Swap:   3980.0 total,   3975.9 free,      4.1 used.   3008.2 avail Mem 

    PID USER      PR  NI    VIRT    RES    SHR S  %CPU  %MEM     TIME+ COMMAND
    937 www-data  20   0   26028  20328   4156 S   0.0   0.5  48:34.52 nginx

top - 14:49:25 up 9 days, 23:03,  1 user,  load average: 0.09, 0.30, 0.40
Tasks: 203 total,   1 running, 202 sleeping,   0 stopped,   0 zombie
%Cpu(s):  2.8 us,  7.3 sy,  0.9 ni, 85.3 id,  3.7 wa,  0.0 hi,  0.0 si,  0.0 st
MiB Mem :   3844.2 total,    177.1 free,    554.3 used,   3112.8 buff/cache
MiB Swap:   3980.0 total,   3975.9 free,      4.1 used.   3008.2 avail Mem 

    PID USER      PR  NI    VIRT    RES    SHR S  %CPU  %MEM     TIME+ COMMAND
    937 www-data  20   0   26028  20328   4156 S   0.0   0.5  48:34.52 nginx

top - 14:49:25 up 9 days, 23:03,  1 user,  load average: 0.16, 0.31, 0.40
Tasks: 204 total,   1 running, 203 sleeping,   0 stopped,   0 zombie
%Cpu(s):  3.8 us, 11.4 sy, 12.4 ni, 55.2 id, 17.1 wa,  0.0 hi,  0.0 si,  0.0 st
MiB Mem :   3844.2 total,    177.1 free,    554.3 used,   3112.9 buff/cache
MiB Swap:   3980.0 total,   3975.9 free,      4.1 used.   3008.2 avail Mem 

    PID USER      PR  NI    VIRT    RES    SHR S  %CPU  %MEM     TIME+ COMMAND
    937 www-data  20   0   26028  20328   4156 S   0.0   0.5  48:34.52 nginx

top - 14:49:26 up 9 days, 23:03,  1 user,  load average: 0.16, 0.31, 0.40
Tasks: 204 total,   1 running, 203 sleeping,   0 stopped,   0 zombie
%Cpu(s):  1.8 us,  3.6 sy,  0.9 ni, 93.7 id,  0.0 wa,  0.0 hi,  0.0 si,  0.0 st
MiB Mem :   3844.2 total,    177.1 free,    554.3 used,   3112.9 buff/cache
MiB Swap:   3980.0 total,   3975.9 free,      4.1 used.   3008.2 avail Mem 

    PID USER      PR  NI    VIRT    RES    SHR S  %CPU  %MEM     TIME+ COMMAND
    937 www-data  20   0   26028  20328   4156 S   0.0   0.5  48:34.52 nginx

top - 14:49:26 up 9 days, 23:03,  1 user,  load average: 0.16, 0.31, 0.40
Tasks: 204 total,   1 running, 203 sleeping,   0 stopped,   0 zombie
%Cpu(s):  9.4 us,  2.8 sy,  0.0 ni, 87.7 id,  0.0 wa,  0.0 hi,  0.0 si,  0.0 st
MiB Mem :   3844.2 total,    177.1 free,    554.3 used,   3112.9 buff/cache
MiB Swap:   3980.0 total,   3975.9 free,      4.1 used.   3008.2 avail Mem 

    PID USER      PR  NI    VIRT    RES    SHR S  %CPU  %MEM     TIME+ COMMAND

top - 14:49:27 up 9 days, 23:03,  1 user,  load average: 0.16, 0.31, 0.40
Tasks: 204 total,   1 running, 203 sleeping,   0 stopped,   0 zombie
%Cpu(s):  7.3 us,  2.8 sy,  0.0 ni, 89.9 id,  0.0 wa,  0.0 hi,  0.0 si,  0.0 st
MiB Mem :   3844.2 total,    177.1 free,    554.3 used,   3112.9 buff/cache
MiB Swap:   3980.0 total,   3975.9 free,      4.1 used.   3008.2 avail Mem 

    PID USER      PR  NI    VIRT    RES    SHR S  %CPU  %MEM     TIME+ COMMAND

top - 14:49:27 up 9 days, 23:03,  1 user,  load average: 0.16, 0.31, 0.40
Tasks: 204 total,   1 running, 203 sleeping,   0 stopped,   0 zombie
%Cpu(s):  1.9 us,  1.9 sy,  0.0 ni, 96.3 id,  0.0 wa,  0.0 hi,  0.0 si,  0.0 st
MiB Mem :   3844.2 total,    177.1 free,    554.3 used,   3112.9 buff/cache
MiB Swap:   3980.0 total,   3975.9 free,      4.1 used.   3008.2 avail Mem 

    PID USER      PR  NI    VIRT    RES    SHR S  %CPU  %MEM     TIME+ COMMAND
    937 www-data  20   0   26028  20328   4156 S   0.0   0.5  48:34.67 nginx

top - 14:49:28 up 9 days, 23:03,  1 user,  load average: 0.16, 0.31, 0.40
Tasks: 204 total,   1 running, 203 sleeping,   0 stopped,   0 zombie
%Cpu(s):  0.9 us,  2.8 sy,  0.0 ni, 96.3 id,  0.0 wa,  0.0 hi,  0.0 si,  0.0 st
MiB Mem :   3844.2 total,    177.1 free,    554.3 used,   3112.9 buff/cache
MiB Swap:   3980.0 total,   3975.9 free,      4.1 used.   3008.2 avail Mem 

    PID USER      PR  NI    VIRT    RES    SHR S  %CPU  %MEM     TIME+ COMMAND

top - 14:49:28 up 9 days, 23:03,  1 user,  load average: 0.16, 0.31, 0.40
Tasks: 204 total,   1 running, 203 sleeping,   0 stopped,   0 zombie
%Cpu(s):  2.8 us,  0.9 sy,  0.0 ni, 96.3 id,  0.0 wa,  0.0 hi,  0.0 si,  0.0 st
MiB Mem :   3844.2 total,    177.1 free,    554.3 used,   3112.9 buff/cache
MiB Swap:   3980.0 total,   3975.9 free,      4.1 used.   3008.2 avail Mem 

    PID USER      PR  NI    VIRT    RES    SHR S  %CPU  %MEM     TIME+ COMMAND
    937 www-data  20   0   26028  20328   4156 S   0.0   0.5  48:34.68 nginx

top - 14:49:29 up 9 days, 23:03,  1 user,  load average: 0.16, 0.31, 0.40
Tasks: 204 total,   1 running, 203 sleeping,   0 stopped,   0 zombie
%Cpu(s):  0.9 us,  3.7 sy,  0.0 ni, 95.4 id,  0.0 wa,  0.0 hi,  0.0 si,  0.0 st
MiB Mem :   3844.2 total,    177.1 free,    554.3 used,   3112.9 buff/cache
MiB Swap:   3980.0 total,   3975.9 free,      4.1 used.   3008.2 avail Mem 

    PID USER      PR  NI    VIRT    RES    SHR S  %CPU  %MEM     TIME+ COMMAND
    937 www-data  20   0   26028  20328   4156 S   0.0   0.5  48:34.68 nginx

top - 14:49:29 up 9 days, 23:03,  1 user,  load average: 0.16, 0.31, 0.40
Tasks: 204 total,   1 running, 203 sleeping,   0 stopped,   0 zombie
%Cpu(s):  0.9 us,  2.8 sy,  0.0 ni, 96.3 id,  0.0 wa,  0.0 hi,  0.0 si,  0.0 st
MiB Mem :   3844.2 total,    177.1 free,    554.3 used,   3112.9 buff/cache
MiB Swap:   3980.0 total,   3975.9 free,      4.1 used.   3008.2 avail Mem 

    PID USER      PR  NI    VIRT    RES    SHR S  %CPU  %MEM     TIME+ COMMAND
    937 www-data  20   0   26028  20328   4156 S   0.0   0.5  48:34.68 nginx

top - 14:49:30 up 9 days, 23:03,  1 user,  load average: 0.16, 0.31, 0.40
Tasks: 204 total,   1 running, 203 sleeping,   0 stopped,   0 zombie
%Cpu(s):  3.8 us,  7.5 sy,  1.9 ni, 73.6 id, 13.2 wa,  0.0 hi,  0.0 si,  0.0 st
MiB Mem :   3844.2 total,    177.1 free,    554.3 used,   3112.9 buff/cache
MiB Swap:   3980.0 total,   3975.9 free,      4.1 used.   3008.2 avail Mem 

    PID USER      PR  NI    VIRT    RES    SHR S  %CPU  %MEM     TIME+ COMMAND
    937 www-data  20   0   26028  20328   4156 S   0.0   0.5  48:34.68 nginx

top - 14:49:30 up 9 days, 23:03,  1 user,  load average: 0.23, 0.32, 0.40
Tasks: 204 total,   1 running, 203 sleeping,   0 stopped,   0 zombie
%Cpu(s):  0.9 us,  2.8 sy,  0.0 ni, 96.3 id,  0.0 wa,  0.0 hi,  0.0 si,  0.0 st
MiB Mem :   3844.2 total,    177.1 free,    554.3 used,   3112.9 buff/cache
MiB Swap:   3980.0 total,   3975.9 free,      4.1 used.   3008.2 avail Mem 

    PID USER      PR  NI    VIRT    RES    SHR S  %CPU  %MEM     TIME+ COMMAND
    937 www-data  20   0   26028  20328   4156 S   0.0   0.5  48:34.68 nginx

top - 14:49:31 up 9 days, 23:03,  1 user,  load average: 0.23, 0.32, 0.40
Tasks: 204 total,   1 running, 203 sleeping,   0 stopped,   0 zombie
%Cpu(s):  0.9 us,  4.6 sy,  0.0 ni, 94.4 id,  0.0 wa,  0.0 hi,  0.0 si,  0.0 st
MiB Mem :   3844.2 total,    176.8 free,    554.5 used,   3112.9 buff/cache
MiB Swap:   3980.0 total,   3975.9 free,      4.1 used.   3007.9 avail Mem 

    PID USER      PR  NI    VIRT    RES    SHR S  %CPU  %MEM     TIME+ COMMAND
    937 www-data  20   0   26028  20328   4156 S   0.0   0.5  48:34.68 nginx

top - 14:49:32 up 9 days, 23:03,  1 user,  load average: 0.23, 0.32, 0.40
Tasks: 204 total,   1 running, 203 sleeping,   0 stopped,   0 zombie
%Cpu(s):  0.9 us,  3.7 sy,  0.0 ni, 95.4 id,  0.0 wa,  0.0 hi,  0.0 si,  0.0 st
MiB Mem :   3844.2 total,    176.8 free,    554.5 used,   3112.9 buff/cache
MiB Swap:   3980.0 total,   3975.9 free,      4.1 used.   3007.9 avail Mem 

    PID USER      PR  NI    VIRT    RES    SHR S  %CPU  %MEM     TIME+ COMMAND
    937 www-data  20   0   26028  20328   4156 S   0.0   0.5  48:34.68 nginx

top - 14:49:32 up 9 days, 23:03,  1 user,  load average: 0.23, 0.32, 0.40
Tasks: 204 total,   1 running, 203 sleeping,   0 stopped,   0 zombie
%Cpu(s):  1.9 us,  2.8 sy,  0.0 ni, 95.4 id,  0.0 wa,  0.0 hi,  0.0 si,  0.0 st
MiB Mem :   3844.2 total,    176.8 free,    554.5 used,   3112.9 buff/cache
MiB Swap:   3980.0 total,   3975.9 free,      4.1 used.   3007.9 avail Mem 

    PID USER      PR  NI    VIRT    RES    SHR S  %CPU  %MEM     TIME+ COMMAND
    937 www-data  20   0   26028  20328   4156 S   0.0   0.5  48:34.68 nginx

top - 14:49:33 up 9 days, 23:03,  1 user,  load average: 0.23, 0.32, 0.40
Tasks: 204 total,   1 running, 203 sleeping,   0 stopped,   0 zombie
%Cpu(s):  0.9 us,  2.8 sy,  0.0 ni, 96.3 id,  0.0 wa,  0.0 hi,  0.0 si,  0.0 st
MiB Mem :   3844.2 total,    176.8 free,    554.5 used,   3112.9 buff/cache
MiB Swap:   3980.0 total,   3975.9 free,      4.1 used.   3007.9 avail Mem 

    PID USER      PR  NI    VIRT    RES    SHR S  %CPU  %MEM     TIME+ COMMAND
    937 www-data  20   0   26028  20328   4156 S   0.0   0.5  48:34.68 nginx

top - 14:49:33 up 9 days, 23:03,  1 user,  load average: 0.23, 0.32, 0.40
Tasks: 204 total,   1 running, 203 sleeping,   0 stopped,   0 zombie
%Cpu(s):  0.0 us,  3.8 sy,  0.0 ni, 96.2 id,  0.0 wa,  0.0 hi,  0.0 si,  0.0 st
MiB Mem :   3844.2 total,    176.8 free,    554.5 used,   3112.9 buff/cache
MiB Swap:   3980.0 total,   3975.9 free,      4.1 used.   3007.9 avail Mem 

    PID USER      PR  NI    VIRT    RES    SHR S  %CPU  %MEM     TIME+ COMMAND
    937 www-data  20   0   26028  20328   4156 S   0.0   0.5  48:34.68 nginx

top - 14:49:34 up 9 days, 23:03,  1 user,  load average: 0.23, 0.32, 0.40
Tasks: 204 total,   1 running, 203 sleeping,   0 stopped,   0 zombie
%Cpu(s):  2.8 us,  1.8 sy,  0.0 ni, 95.4 id,  0.0 wa,  0.0 hi,  0.0 si,  0.0 st
MiB Mem :   3844.2 total,    176.8 free,    554.5 used,   3112.9 buff/cache
MiB Swap:   3980.0 total,   3975.9 free,      4.1 used.   3007.9 avail Mem 

    PID USER      PR  NI    VIRT    RES    SHR S  %CPU  %MEM     TIME+ COMMAND
    937 www-data  20   0   26028  20328   4156 S   0.0   0.5  48:34.68 nginx

top - 14:49:34 up 9 days, 23:03,  1 user,  load average: 0.23, 0.32, 0.40
Tasks: 204 total,   1 running, 203 sleeping,   0 stopped,   0 zombie
%Cpu(s):  2.8 us,  1.9 sy,  0.0 ni, 95.4 id,  0.0 wa,  0.0 hi,  0.0 si,  0.0 st
MiB Mem :   3844.2 total,    176.8 free,    554.5 used,   3112.9 buff/cache
MiB Swap:   3980.0 total,   3975.9 free,      4.1 used.   3007.9 avail Mem 

    PID USER      PR  NI    VIRT    RES    SHR S  %CPU  %MEM     TIME+ COMMAND
    937 www-data  20   0   26028  20328   4156 S   0.0   0.5  48:34.68 nginx

top - 14:49:35 up 9 days, 23:03,  1 user,  load average: 0.23, 0.32, 0.40
Tasks: 203 total,   1 running, 202 sleeping,   0 stopped,   0 zombie
%Cpu(s):  2.8 us, 13.1 sy,  3.7 ni, 67.3 id, 13.1 wa,  0.0 hi,  0.0 si,  0.0 st
MiB Mem :   3844.2 total,    176.8 free,    554.5 used,   3112.9 buff/cache
MiB Swap:   3980.0 total,   3975.9 free,      4.1 used.   3007.9 avail Mem 

    PID USER      PR  NI    VIRT    RES    SHR S  %CPU  %MEM     TIME+ COMMAND
    937 www-data  20   0   26028  20328   4156 S   0.0   0.5  48:34.68 nginx

top - 14:49:35 up 9 days, 23:03,  1 user,  load average: 0.21, 0.31, 0.40
Tasks: 203 total,   1 running, 202 sleeping,   0 stopped,   0 zombie
%Cpu(s):  0.9 us,  2.8 sy,  0.0 ni, 96.2 id,  0.0 wa,  0.0 hi,  0.0 si,  0.0 st
MiB Mem :   3844.2 total,    176.8 free,    554.5 used,   3112.9 buff/cache
MiB Swap:   3980.0 total,   3975.9 free,      4.1 used.   3007.9 avail Mem 

    PID USER      PR  NI    VIRT    RES    SHR S  %CPU  %MEM     TIME+ COMMAND
    937 www-data  20   0   26028  20328   4156 S   0.0   0.5  48:34.68 nginx

top - 14:49:36 up 9 days, 23:03,  1 user,  load average: 0.21, 0.31, 0.40
Tasks: 203 total,   1 running, 202 sleeping,   0 stopped,   0 zombie
%Cpu(s):  0.0 us,  3.8 sy,  0.0 ni, 96.2 id,  0.0 wa,  0.0 hi,  0.0 si,  0.0 st
MiB Mem :   3844.2 total,    176.8 free,    554.5 used,   3112.9 buff/cache
MiB Swap:   3980.0 total,   3975.9 free,      4.1 used.   3007.9 avail Mem 

    PID USER      PR  NI    VIRT    RES    SHR S  %CPU  %MEM     TIME+ COMMAND
    937 www-data  20   0   26028  20328   4156 S   0.0   0.5  48:34.68 nginx

top - 14:49:36 up 9 days, 23:03,  1 user,  load average: 0.21, 0.31, 0.40
Tasks: 203 total,   1 running, 202 sleeping,   0 stopped,   0 zombie
%Cpu(s):  2.8 us,  1.8 sy,  0.0 ni, 95.4 id,  0.0 wa,  0.0 hi,  0.0 si,  0.0 st
MiB Mem :   3844.2 total,    176.8 free,    554.5 used,   3112.9 buff/cache
MiB Swap:   3980.0 total,   3975.9 free,      4.1 used.   3007.9 avail Mem 

    PID USER      PR  NI    VIRT    RES    SHR S  %CPU  %MEM     TIME+ COMMAND
    937 www-data  20   0   26028  20328   4156 S   0.0   0.5  48:34.68 nginx

top - 14:49:37 up 9 days, 23:03,  1 user,  load average: 0.21, 0.31, 0.40
Tasks: 203 total,   1 running, 202 sleeping,   0 stopped,   0 zombie
%Cpu(s):  0.9 us,  3.7 sy,  0.0 ni, 95.4 id,  0.0 wa,  0.0 hi,  0.0 si,  0.0 st
MiB Mem :   3844.2 total,    176.8 free,    554.5 used,   3112.9 buff/cache
MiB Swap:   3980.0 total,   3975.9 free,      4.1 used.   3008.0 avail Mem 

    PID USER      PR  NI    VIRT    RES    SHR S  %CPU  %MEM     TIME+ COMMAND
    937 www-data  20   0   26028  20328   4156 S   0.0   0.5  48:34.68 nginx

top - 14:49:38 up 9 days, 23:03,  1 user,  load average: 0.21, 0.31, 0.40
Tasks: 203 total,   1 running, 202 sleeping,   0 stopped,   0 zombie
%Cpu(s):  1.9 us,  2.8 sy,  0.0 ni, 95.4 id,  0.0 wa,  0.0 hi,  0.0 si,  0.0 st
MiB Mem :   3844.2 total,    176.8 free,    554.5 used,   3112.9 buff/cache
MiB Swap:   3980.0 total,   3975.9 free,      4.1 used.   3008.0 avail Mem 

    PID USER      PR  NI    VIRT    RES    SHR S  %CPU  %MEM     TIME+ COMMAND
    937 www-data  20   0   26028  20328   4156 S   0.0   0.5  48:34.68 nginx

top - 14:49:38 up 9 days, 23:03,  1 user,  load average: 0.21, 0.31, 0.40
Tasks: 203 total,   1 running, 202 sleeping,   0 stopped,   0 zombie
%Cpu(s):  1.8 us,  2.8 sy,  0.0 ni, 95.4 id,  0.0 wa,  0.0 hi,  0.0 si,  0.0 st
MiB Mem :   3844.2 total,    176.8 free,    554.5 used,   3112.9 buff/cache
MiB Swap:   3980.0 total,   3975.9 free,      4.1 used.   3008.0 avail Mem 

    PID USER      PR  NI    VIRT    RES    SHR S  %CPU  %MEM     TIME+ COMMAND
    937 www-data  20   0   26028  20328   4156 S   0.0   0.5  48:34.68 nginx

top - 14:49:39 up 9 days, 23:03,  1 user,  load average: 0.21, 0.31, 0.40
Tasks: 203 total,   1 running, 202 sleeping,   0 stopped,   0 zombie
%Cpu(s):  1.0 us,  1.9 sy,  0.0 ni, 97.1 id,  0.0 wa,  0.0 hi,  0.0 si,  0.0 st
MiB Mem :   3844.2 total,    176.8 free,    554.5 used,   3112.9 buff/cache
MiB Swap:   3980.0 total,   3975.9 free,      4.1 used.   3008.0 avail Mem 

    PID USER      PR  NI    VIRT    RES    SHR S  %CPU  %MEM     TIME+ COMMAND
    937 www-data  20   0   26028  20328   4156 S   0.0   0.5  48:34.68 nginx

top - 14:49:39 up 9 days, 23:03,  1 user,  load average: 0.21, 0.31, 0.40
Tasks: 203 total,   1 running, 202 sleeping,   0 stopped,   0 zombie
%Cpu(s):  0.9 us,  3.7 sy,  0.0 ni, 95.4 id,  0.0 wa,  0.0 hi,  0.0 si,  0.0 st
MiB Mem :   3844.2 total,    176.8 free,    554.5 used,   3112.9 buff/cache
MiB Swap:   3980.0 total,   3975.9 free,      4.1 used.   3008.0 avail Mem 

    PID USER      PR  NI    VIRT    RES    SHR S  %CPU  %MEM     TIME+ COMMAND
    937 www-data  20   0   26028  20328   4156 S   0.0   0.5  48:34.68 nginx

top - 14:49:40 up 9 days, 23:03,  1 user,  load average: 0.21, 0.31, 0.40
Tasks: 203 total,   1 running, 202 sleeping,   0 stopped,   0 zombie
%Cpu(s):  4.7 us,  5.6 sy,  0.0 ni, 79.4 id, 10.3 wa,  0.0 hi,  0.0 si,  0.0 st
MiB Mem :   3844.2 total,    176.8 free,    554.5 used,   3112.9 buff/cache
MiB Swap:   3980.0 total,   3975.9 free,      4.1 used.   3008.0 avail Mem 

    PID USER      PR  NI    VIRT    RES    SHR S  %CPU  %MEM     TIME+ COMMAND
    937 www-data  20   0   26028  20328   4156 S   0.0   0.5  48:34.68 nginx

top - 14:49:40 up 9 days, 23:03,  1 user,  load average: 0.35, 0.34, 0.41
Tasks: 204 total,   1 running, 203 sleeping,   0 stopped,   0 zombie
%Cpu(s): 10.1 us,  8.3 sy, 10.1 ni, 68.8 id,  2.8 wa,  0.0 hi,  0.0 si,  0.0 st
MiB Mem :   3844.2 total,    176.8 free,    554.5 used,   3112.9 buff/cache
MiB Swap:   3980.0 total,   3975.9 free,      4.1 used.   3008.0 avail Mem 

    PID USER      PR  NI    VIRT    RES    SHR S  %CPU  %MEM     TIME+ COMMAND
    937 www-data  20   0   26028  20328   4156 S   0.0   0.5  48:34.68 nginx

top - 14:49:41 up 9 days, 23:03,  1 user,  load average: 0.35, 0.34, 0.41
Tasks: 204 total,   1 running, 203 sleeping,   0 stopped,   0 zombie
%Cpu(s):  1.9 us,  2.8 sy,  0.0 ni, 95.4 id,  0.0 wa,  0.0 hi,  0.0 si,  0.0 st
MiB Mem :   3844.2 total,    176.8 free,    554.5 used,   3112.9 buff/cache
MiB Swap:   3980.0 total,   3975.9 free,      4.1 used.   3008.0 avail Mem 

    PID USER      PR  NI    VIRT    RES    SHR S  %CPU  %MEM     TIME+ COMMAND
    937 www-data  20   0   26028  20328   4156 S   0.0   0.5  48:34.68 nginx

top - 14:49:41 up 9 days, 23:03,  1 user,  load average: 0.35, 0.34, 0.41
Tasks: 204 total,   2 running, 202 sleeping,   0 stopped,   0 zombie
%Cpu(s):  0.9 us,  3.7 sy,  0.0 ni, 95.4 id,  0.0 wa,  0.0 hi,  0.0 si,  0.0 st
MiB Mem :   3844.2 total,    176.8 free,    554.5 used,   3112.9 buff/cache
MiB Swap:   3980.0 total,   3975.9 free,      4.1 used.   3008.0 avail Mem 

    PID USER      PR  NI    VIRT    RES    SHR S  %CPU  %MEM     TIME+ COMMAND
    937 www-data  20   0   26028  20328   4156 S   0.0   0.5  48:34.68 nginx

top - 14:49:42 up 9 days, 23:03,  1 user,  load average: 0.35, 0.34, 0.41
Tasks: 204 total,   1 running, 203 sleeping,   0 stopped,   0 zombie
%Cpu(s):  8.4 us,  0.9 sy,  0.0 ni, 90.7 id,  0.0 wa,  0.0 hi,  0.0 si,  0.0 st
MiB Mem :   3844.2 total,    176.8 free,    554.5 used,   3112.9 buff/cache
MiB Swap:   3980.0 total,   3975.9 free,      4.1 used.   3008.0 avail Mem 

    PID USER      PR  NI    VIRT    RES    SHR S  %CPU  %MEM     TIME+ COMMAND
    937 www-data  20   0   26028  20328   4156 S   0.0   0.5  48:34.68 nginx

top - 14:49:42 up 9 days, 23:03,  1 user,  load average: 0.35, 0.34, 0.41
Tasks: 204 total,   1 running, 203 sleeping,   0 stopped,   0 zombie
%Cpu(s):  1.8 us,  2.8 sy,  0.0 ni, 95.4 id,  0.0 wa,  0.0 hi,  0.0 si,  0.0 st
MiB Mem :   3844.2 total,    176.8 free,    554.5 used,   3112.9 buff/cache
MiB Swap:   3980.0 total,   3975.9 free,      4.1 used.   3008.0 avail Mem 

    PID USER      PR  NI    VIRT    RES    SHR S  %CPU  %MEM     TIME+ COMMAND
    937 www-data  20   0   26028  20328   4156 S   0.0   0.5  48:34.68 nginx

top - 14:49:43 up 9 days, 23:03,  1 user,  load average: 0.35, 0.34, 0.41
Tasks: 204 total,   1 running, 203 sleeping,   0 stopped,   0 zombie
%Cpu(s):  2.8 us,  2.8 sy,  0.0 ni, 94.3 id,  0.0 wa,  0.0 hi,  0.0 si,  0.0 st
MiB Mem :   3844.2 total,    172.9 free,    558.4 used,   3112.9 buff/cache
MiB Swap:   3980.0 total,   3975.9 free,      4.1 used.   3004.0 avail Mem 

    PID USER      PR  NI    VIRT    RES    SHR S  %CPU  %MEM     TIME+ COMMAND
    937 www-data  20   0   26028  20328   4156 S   0.0   0.5  48:34.68 nginx

top - 14:49:44 up 9 days, 23:03,  1 user,  load average: 0.35, 0.34, 0.41
Tasks: 204 total,   1 running, 203 sleeping,   0 stopped,   0 zombie
%Cpu(s):  1.8 us,  2.8 sy,  0.0 ni, 95.4 id,  0.0 wa,  0.0 hi,  0.0 si,  0.0 st
MiB Mem :   3844.2 total,    172.9 free,    558.4 used,   3112.9 buff/cache
MiB Swap:   3980.0 total,   3975.9 free,      4.1 used.   3004.0 avail Mem 

    PID USER      PR  NI    VIRT    RES    SHR S  %CPU  %MEM     TIME+ COMMAND
    937 www-data  20   0   26028  20328   4156 S   0.0   0.5  48:34.68 nginx

top - 14:49:44 up 9 days, 23:03,  1 user,  load average: 0.35, 0.34, 0.41
Tasks: 204 total,   1 running, 203 sleeping,   0 stopped,   0 zombie
%Cpu(s):  0.9 us,  1.9 sy,  0.0 ni, 97.2 id,  0.0 wa,  0.0 hi,  0.0 si,  0.0 st
MiB Mem :   3844.2 total,    172.9 free,    558.4 used,   3112.9 buff/cache
MiB Swap:   3980.0 total,   3975.9 free,      4.1 used.   3004.0 avail Mem 

    PID USER      PR  NI    VIRT    RES    SHR S  %CPU  %MEM     TIME+ COMMAND
    937 www-data  20   0   26028  20328   4156 S   0.0   0.5  48:34.68 nginx

top - 14:49:45 up 9 days, 23:03,  1 user,  load average: 0.35, 0.34, 0.41
Tasks: 203 total,   1 running, 202 sleeping,   0 stopped,   0 zombie
%Cpu(s):  1.9 us,  2.8 sy,  0.0 ni, 95.3 id,  0.0 wa,  0.0 hi,  0.0 si,  0.0 st
MiB Mem :   3844.2 total,    172.9 free,    558.4 used,   3112.9 buff/cache
MiB Swap:   3980.0 total,   3975.9 free,      4.1 used.   3004.0 avail Mem 

    PID USER      PR  NI    VIRT    RES    SHR S  %CPU  %MEM     TIME+ COMMAND
    937 www-data  20   0   26028  20328   4156 S   0.0   0.5  48:34.68 nginx

top - 14:49:45 up 9 days, 23:03,  1 user,  load average: 0.32, 0.34, 0.41
Tasks: 204 total,   1 running, 203 sleeping,   0 stopped,   0 zombie
%Cpu(s):  3.7 us,  6.5 sy,  1.9 ni, 67.6 id, 20.4 wa,  0.0 hi,  0.0 si,  0.0 st
MiB Mem :   3844.2 total,    172.9 free,    558.4 used,   3112.9 buff/cache
MiB Swap:   3980.0 total,   3975.9 free,      4.1 used.   3004.0 avail Mem 

    PID USER      PR  NI    VIRT    RES    SHR S  %CPU  %MEM     TIME+ COMMAND
    937 www-data  20   0   26028  20328   4156 S   0.0   0.5  48:34.68 nginx

top - 14:49:46 up 9 days, 23:03,  1 user,  load average: 0.32, 0.34, 0.41
Tasks: 204 total,   1 running, 203 sleeping,   0 stopped,   0 zombie
%Cpu(s):  0.9 us,  3.7 sy,  0.0 ni, 95.3 id,  0.0 wa,  0.0 hi,  0.0 si,  0.0 st
MiB Mem :   3844.2 total,    171.4 free,    559.9 used,   3112.9 buff/cache
MiB Swap:   3980.0 total,   3975.9 free,      4.1 used.   3002.6 avail Mem 

    PID USER      PR  NI    VIRT    RES    SHR S  %CPU  %MEM     TIME+ COMMAND
    937 www-data  20   0   26028  20328   4156 S   0.0   0.5  48:34.68 nginx

top - 14:49:46 up 9 days, 23:03,  1 user,  load average: 0.32, 0.34, 0.41
Tasks: 204 total,   1 running, 203 sleeping,   0 stopped,   0 zombie
%Cpu(s):  0.9 us,  3.7 sy,  0.0 ni, 95.4 id,  0.0 wa,  0.0 hi,  0.0 si,  0.0 st
MiB Mem :   3844.2 total,    171.4 free,    559.9 used,   3112.9 buff/cache
MiB Swap:   3980.0 total,   3975.9 free,      4.1 used.   3002.6 avail Mem 

    PID USER      PR  NI    VIRT    RES    SHR S  %CPU  %MEM     TIME+ COMMAND
    937 www-data  20   0   26028  20328   4156 S   0.0   0.5  48:34.68 nginx

top - 14:49:47 up 9 days, 23:03,  1 user,  load average: 0.32, 0.34, 0.41
Tasks: 204 total,   1 running, 203 sleeping,   0 stopped,   0 zombie
%Cpu(s):  0.0 us,  3.7 sy,  0.0 ni, 96.3 id,  0.0 wa,  0.0 hi,  0.0 si,  0.0 st
MiB Mem :   3844.2 total,    171.4 free,    559.9 used,   3112.9 buff/cache
MiB Swap:   3980.0 total,   3975.9 free,      4.1 used.   3002.6 avail Mem 

    PID USER      PR  NI    VIRT    RES    SHR S  %CPU  %MEM     TIME+ COMMAND
    937 www-data  20   0   26028  20328   4156 S   0.0   0.5  48:34.68 nginx

top - 14:49:47 up 9 days, 23:03,  1 user,  load average: 0.32, 0.34, 0.41
Tasks: 204 total,   1 running, 203 sleeping,   0 stopped,   0 zombie
%Cpu(s):  2.8 us,  1.9 sy,  0.0 ni, 95.4 id,  0.0 wa,  0.0 hi,  0.0 si,  0.0 st
MiB Mem :   3844.2 total,    171.4 free,    559.9 used,   3112.9 buff/cache
MiB Swap:   3980.0 total,   3975.9 free,      4.1 used.   3002.6 avail Mem 

    PID USER      PR  NI    VIRT    RES    SHR S  %CPU  %MEM     TIME+ COMMAND
    937 www-data  20   0   26028  20328   4156 S   0.0   0.5  48:34.68 nginx

top - 14:49:48 up 9 days, 23:03,  1 user,  load average: 0.32, 0.34, 0.41
Tasks: 204 total,   1 running, 203 sleeping,   0 stopped,   0 zombie
%Cpu(s):  0.0 us,  3.7 sy,  0.0 ni, 96.3 id,  0.0 wa,  0.0 hi,  0.0 si,  0.0 st
MiB Mem :   3844.2 total,    171.4 free,    559.9 used,   3112.9 buff/cache
MiB Swap:   3980.0 total,   3975.9 free,      4.1 used.   3002.6 avail Mem 

    PID USER      PR  NI    VIRT    RES    SHR S  %CPU  %MEM     TIME+ COMMAND
    937 www-data  20   0   26028  20328   4156 S   0.0   0.5  48:34.68 nginx

top - 14:49:48 up 9 days, 23:03,  1 user,  load average: 0.32, 0.34, 0.41
Tasks: 204 total,   1 running, 203 sleeping,   0 stopped,   0 zombie
%Cpu(s):  0.9 us,  2.8 sy,  0.0 ni, 96.3 id,  0.0 wa,  0.0 hi,  0.0 si,  0.0 st
MiB Mem :   3844.2 total,    171.4 free,    559.9 used,   3112.9 buff/cache
MiB Swap:   3980.0 total,   3975.9 free,      4.1 used.   3002.6 avail Mem 

    PID USER      PR  NI    VIRT    RES    SHR S  %CPU  %MEM     TIME+ COMMAND
    937 www-data  20   0   26028  20328   4156 S   0.0   0.5  48:34.68 nginx

top - 14:49:49 up 9 days, 23:03,  1 user,  load average: 0.32, 0.34, 0.41
Tasks: 204 total,   2 running, 202 sleeping,   0 stopped,   0 zombie
%Cpu(s):  0.9 us,  2.8 sy,  0.0 ni, 96.3 id,  0.0 wa,  0.0 hi,  0.0 si,  0.0 st
MiB Mem :   3844.2 total,    171.4 free,    559.9 used,   3112.9 buff/cache
MiB Swap:   3980.0 total,   3975.9 free,      4.1 used.   3002.6 avail Mem 

    PID USER      PR  NI    VIRT    RES    SHR S  %CPU  %MEM     TIME+ COMMAND
    937 www-data  20   0   26028  20328   4156 S   0.0   0.5  48:34.68 nginx

top - 14:49:50 up 9 days, 23:03,  1 user,  load average: 0.32, 0.34, 0.41
Tasks: 204 total,   1 running, 203 sleeping,   0 stopped,   0 zombie
%Cpu(s):  0.9 us,  3.7 sy,  0.0 ni, 95.4 id,  0.0 wa,  0.0 hi,  0.0 si,  0.0 st
MiB Mem :   3844.2 total,    171.4 free,    559.9 used,   3112.9 buff/cache
MiB Swap:   3980.0 total,   3975.9 free,      4.1 used.   3002.6 avail Mem 

    PID USER      PR  NI    VIRT    RES    SHR S  %CPU  %MEM     TIME+ COMMAND
    937 www-data  20   0   26028  20328   4156 S   0.0   0.5  48:34.68 nginx

top - 14:49:50 up 9 days, 23:03,  1 user,  load average: 0.46, 0.36, 0.42
Tasks: 203 total,   1 running, 202 sleeping,   0 stopped,   0 zombie
%Cpu(s):  3.8 us,  9.5 sy,  1.9 ni, 61.0 id, 23.8 wa,  0.0 hi,  0.0 si,  0.0 st
MiB Mem :   3844.2 total,    171.4 free,    559.9 used,   3112.9 buff/cache
MiB Swap:   3980.0 total,   3975.9 free,      4.1 used.   3002.6 avail Mem 

    PID USER      PR  NI    VIRT    RES    SHR S  %CPU  %MEM     TIME+ COMMAND
    937 www-data  20   0   26028  20328   4156 S   0.0   0.5  48:34.68 nginx

top - 14:49:51 up 9 days, 23:03,  1 user,  load average: 0.46, 0.36, 0.42
Tasks: 203 total,   1 running, 202 sleeping,   0 stopped,   0 zombie
%Cpu(s):  0.9 us,  2.8 sy,  0.0 ni, 96.3 id,  0.0 wa,  0.0 hi,  0.0 si,  0.0 st
MiB Mem :   3844.2 total,    171.4 free,    559.9 used,   3112.9 buff/cache
MiB Swap:   3980.0 total,   3975.9 free,      4.1 used.   3002.6 avail Mem 

    PID USER      PR  NI    VIRT    RES    SHR S  %CPU  %MEM     TIME+ COMMAND
    937 www-data  20   0   26028  20328   4156 S   0.0   0.5  48:34.68 nginx

top - 14:49:51 up 9 days, 23:03,  1 user,  load average: 0.46, 0.36, 0.42
Tasks: 203 total,   1 running, 202 sleeping,   0 stopped,   0 zombie
%Cpu(s):  0.9 us,  2.8 sy,  0.0 ni, 96.3 id,  0.0 wa,  0.0 hi,  0.0 si,  0.0 st
MiB Mem :   3844.2 total,    171.4 free,    559.9 used,   3112.9 buff/cache
MiB Swap:   3980.0 total,   3975.9 free,      4.1 used.   3002.6 avail Mem 

    PID USER      PR  NI    VIRT    RES    SHR S  %CPU  %MEM     TIME+ COMMAND
    937 www-data  20   0   26028  20328   4156 S   0.0   0.5  48:34.68 nginx

top - 14:49:52 up 9 days, 23:03,  1 user,  load average: 0.46, 0.36, 0.42
Tasks: 203 total,   1 running, 202 sleeping,   0 stopped,   0 zombie
%Cpu(s):  1.8 us,  3.7 sy,  0.0 ni, 94.5 id,  0.0 wa,  0.0 hi,  0.0 si,  0.0 st
MiB Mem :   3844.2 total,    171.4 free,    559.9 used,   3112.9 buff/cache
MiB Swap:   3980.0 total,   3975.9 free,      4.1 used.   3002.6 avail Mem 

    PID USER      PR  NI    VIRT    RES    SHR S  %CPU  %MEM     TIME+ COMMAND
    937 www-data  20   0   26028  20328   4156 S   0.0   0.5  48:34.68 nginx

top - 14:49:52 up 9 days, 23:03,  1 user,  load average: 0.46, 0.36, 0.42
Tasks: 203 total,   1 running, 202 sleeping,   0 stopped,   0 zombie
%Cpu(s):  1.9 us,  1.9 sy,  0.0 ni, 96.3 id,  0.0 wa,  0.0 hi,  0.0 si,  0.0 st
MiB Mem :   3844.2 total,    171.4 free,    559.9 used,   3112.9 buff/cache
MiB Swap:   3980.0 total,   3975.9 free,      4.1 used.   3002.6 avail Mem 

    PID USER      PR  NI    VIRT    RES    SHR S  %CPU  %MEM     TIME+ COMMAND
    937 www-data  20   0   26028  20328   4156 S   0.0   0.5  48:34.68 nginx

top - 14:49:53 up 9 days, 23:03,  1 user,  load average: 0.46, 0.36, 0.42
Tasks: 203 total,   1 running, 202 sleeping,   0 stopped,   0 zombie
%Cpu(s):  0.9 us,  2.8 sy,  0.0 ni, 96.3 id,  0.0 wa,  0.0 hi,  0.0 si,  0.0 st
MiB Mem :   3844.2 total,    171.4 free,    559.9 used,   3112.9 buff/cache
MiB Swap:   3980.0 total,   3975.9 free,      4.1 used.   3002.6 avail Mem 

    PID USER      PR  NI    VIRT    RES    SHR S  %CPU  %MEM     TIME+ COMMAND
    937 www-data  20   0   26028  20328   4156 S   0.0   0.5  48:34.68 nginx

top - 14:49:53 up 9 days, 23:03,  1 user,  load average: 0.46, 0.36, 0.42
Tasks: 203 total,   1 running, 202 sleeping,   0 stopped,   0 zombie
%Cpu(s):  6.5 us,  3.7 sy,  0.0 ni, 89.7 id,  0.0 wa,  0.0 hi,  0.0 si,  0.0 st
MiB Mem :   3844.2 total,    171.4 free,    559.9 used,   3112.9 buff/cache
MiB Swap:   3980.0 total,   3975.9 free,      4.1 used.   3002.6 avail Mem 

    PID USER      PR  NI    VIRT    RES    SHR S  %CPU  %MEM     TIME+ COMMAND

top - 14:49:54 up 9 days, 23:03,  1 user,  load average: 0.46, 0.36, 0.42
Tasks: 203 total,   1 running, 202 sleeping,   0 stopped,   0 zombie
%Cpu(s): 12.1 us,  2.8 sy,  0.0 ni, 85.0 id,  0.0 wa,  0.0 hi,  0.0 si,  0.0 st
MiB Mem :   3844.2 total,    171.4 free,    559.9 used,   3112.9 buff/cache
MiB Swap:   3980.0 total,   3975.9 free,      4.1 used.   3002.6 avail Mem 

    PID USER      PR  NI    VIRT    RES    SHR S  %CPU  %MEM     TIME+ COMMAND

top - 14:49:54 up 9 days, 23:03,  1 user,  load average: 0.46, 0.36, 0.42
Tasks: 203 total,   2 running, 201 sleeping,   0 stopped,   0 zombie
%Cpu(s):  4.7 us,  2.8 sy,  0.0 ni, 92.5 id,  0.0 wa,  0.0 hi,  0.0 si,  0.0 st
MiB Mem :   3844.2 total,    171.4 free,    559.9 used,   3112.9 buff/cache
MiB Swap:   3980.0 total,   3975.9 free,      4.1 used.   3002.6 avail Mem 

    PID USER      PR  NI    VIRT    RES    SHR S  %CPU  %MEM     TIME+ COMMAND

top - 14:49:55 up 9 days, 23:03,  1 user,  load average: 0.46, 0.36, 0.42
Tasks: 203 total,   1 running, 202 sleeping,   0 stopped,   0 zombie
%Cpu(s):  8.4 us,  9.3 sy,  0.0 ni, 70.1 id, 12.1 wa,  0.0 hi,  0.0 si,  0.0 st
MiB Mem :   3844.2 total,    191.1 free,    540.1 used,   3112.9 buff/cache
MiB Swap:   3980.0 total,   3975.9 free,      4.1 used.   3022.3 avail Mem 

    PID USER      PR  NI    VIRT    RES    SHR S  %CPU  %MEM     TIME+ COMMAND

top - 14:49:55 up 9 days, 23:03,  1 user,  load average: 0.50, 0.37, 0.42
Tasks: 204 total,   1 running, 203 sleeping,   0 stopped,   0 zombie
%Cpu(s):  5.6 us, 12.0 sy, 11.1 ni, 71.3 id,  0.0 wa,  0.0 hi,  0.0 si,  0.0 st
MiB Mem :   3844.2 total,    191.1 free,    540.1 used,   3112.9 buff/cache
MiB Swap:   3980.0 total,   3975.9 free,      4.1 used.   3022.3 avail Mem 

    PID USER      PR  NI    VIRT    RES    SHR S  %CPU  %MEM     TIME+ COMMAND
    937 www-data  20   0   26028  20328   4156 S   0.0   0.5  48:34.91 nginx

top - 14:49:56 up 9 days, 23:03,  1 user,  load average: 0.50, 0.37, 0.42
Tasks: 204 total,   1 running, 203 sleeping,   0 stopped,   0 zombie
%Cpu(s):  1.8 us,  1.8 sy,  0.0 ni, 94.5 id,  0.9 wa,  0.0 hi,  0.9 si,  0.0 st
MiB Mem :   3844.2 total,    191.1 free,    540.1 used,   3112.9 buff/cache
MiB Swap:   3980.0 total,   3975.9 free,      4.1 used.   3022.3 avail Mem 

    PID USER      PR  NI    VIRT    RES    SHR S  %CPU  %MEM     TIME+ COMMAND
    937 www-data  20   0   26028  20328   4156 S   0.0   0.5  48:34.91 nginx

top - 14:49:57 up 9 days, 23:03,  1 user,  load average: 0.50, 0.37, 0.42
Tasks: 204 total,   1 running, 203 sleeping,   0 stopped,   0 zombie
%Cpu(s):  0.9 us,  3.7 sy,  0.0 ni, 95.4 id,  0.0 wa,  0.0 hi,  0.0 si,  0.0 st
MiB Mem :   3844.2 total,    191.1 free,    540.1 used,   3112.9 buff/cache
MiB Swap:   3980.0 total,   3975.9 free,      4.1 used.   3022.3 avail Mem 

    PID USER      PR  NI    VIRT    RES    SHR S  %CPU  %MEM     TIME+ COMMAND
    937 www-data  20   0   26028  20328   4156 S   0.0   0.5  48:34.91 nginx

top - 14:49:57 up 9 days, 23:03,  1 user,  load average: 0.50, 0.37, 0.42
Tasks: 204 total,   1 running, 203 sleeping,   0 stopped,   0 zombie
%Cpu(s):  0.9 us,  2.8 sy,  0.0 ni, 96.3 id,  0.0 wa,  0.0 hi,  0.0 si,  0.0 st
MiB Mem :   3844.2 total,    191.1 free,    540.1 used,   3112.9 buff/cache
MiB Swap:   3980.0 total,   3975.9 free,      4.1 used.   3022.3 avail Mem 

    PID USER      PR  NI    VIRT    RES    SHR S  %CPU  %MEM     TIME+ COMMAND
    937 www-data  20   0   26028  20328   4156 S   0.0   0.5  48:34.91 nginx

top - 14:49:58 up 9 days, 23:03,  1 user,  load average: 0.50, 0.37, 0.42
Tasks: 204 total,   1 running, 203 sleeping,   0 stopped,   0 zombie
%Cpu(s):  0.9 us,  3.7 sy,  0.0 ni, 95.4 id,  0.0 wa,  0.0 hi,  0.0 si,  0.0 st
MiB Mem :   3844.2 total,    186.4 free,    544.8 used,   3112.9 buff/cache
MiB Swap:   3980.0 total,   3975.9 free,      4.1 used.   3017.6 avail Mem 

    PID USER      PR  NI    VIRT    RES    SHR S  %CPU  %MEM     TIME+ COMMAND
    937 www-data  20   0   26028  20328   4156 S   0.0   0.5  48:34.91 nginx

top - 14:49:58 up 9 days, 23:03,  1 user,  load average: 0.50, 0.37, 0.42
Tasks: 204 total,   1 running, 203 sleeping,   0 stopped,   0 zombie
%Cpu(s): 10.3 us,  2.8 sy,  0.0 ni, 86.9 id,  0.0 wa,  0.0 hi,  0.0 si,  0.0 st
MiB Mem :   3844.2 total,    186.4 free,    544.8 used,   3112.9 buff/cache
MiB Swap:   3980.0 total,   3975.9 free,      4.1 used.   3017.6 avail Mem 

    PID USER      PR  NI    VIRT    RES    SHR S  %CPU  %MEM     TIME+ COMMAND

top - 14:49:59 up 9 days, 23:03,  1 user,  load average: 0.50, 0.37, 0.42
Tasks: 204 total,   1 running, 203 sleeping,   0 stopped,   0 zombie
%Cpu(s):  0.9 us,  2.8 sy,  0.0 ni, 96.3 id,  0.0 wa,  0.0 hi,  0.0 si,  0.0 st
MiB Mem :   3844.2 total,    186.4 free,    544.8 used,   3112.9 buff/cache
MiB Swap:   3980.0 total,   3975.9 free,      4.1 used.   3017.6 avail Mem 

    PID USER      PR  NI    VIRT    RES    SHR S  %CPU  %MEM     TIME+ COMMAND
    937 www-data  20   0   26028  20328   4156 S   0.0   0.5  48:35.01 nginx

top - 14:49:59 up 9 days, 23:03,  1 user,  load average: 0.50, 0.37, 0.42
Tasks: 204 total,   1 running, 203 sleeping,   0 stopped,   0 zombie
%Cpu(s):  4.6 us,  2.8 sy,  0.0 ni, 92.6 id,  0.0 wa,  0.0 hi,  0.0 si,  0.0 st
MiB Mem :   3844.2 total,    186.4 free,    544.8 used,   3112.9 buff/cache
MiB Swap:   3980.0 total,   3975.9 free,      4.1 used.   3017.6 avail Mem 

    PID USER      PR  NI    VIRT    RES    SHR S  %CPU  %MEM     TIME+ COMMAND

top - 14:50:00 up 9 days, 23:03,  1 user,  load average: 0.50, 0.37, 0.42
Tasks: 204 total,   1 running, 203 sleeping,   0 stopped,   0 zombie
%Cpu(s):  7.8 us,  3.9 sy,  0.0 ni, 88.3 id,  0.0 wa,  0.0 hi,  0.0 si,  0.0 st
MiB Mem :   3844.2 total,    186.4 free,    544.8 used,   3112.9 buff/cache
MiB Swap:   3980.0 total,   3975.9 free,      4.1 used.   3017.6 avail Mem 

    PID USER      PR  NI    VIRT    RES    SHR S  %CPU  %MEM     TIME+ COMMAND

top - 14:50:00 up 9 days, 23:03,  1 user,  load average: 0.62, 0.40, 0.43
Tasks: 204 total,   1 running, 203 sleeping,   0 stopped,   0 zombie
%Cpu(s):  8.6 us,  5.7 sy,  1.9 ni, 70.5 id, 13.3 wa,  0.0 hi,  0.0 si,  0.0 st
MiB Mem :   3844.2 total,    186.4 free,    544.8 used,   3112.9 buff/cache
MiB Swap:   3980.0 total,   3975.9 free,      4.1 used.   3017.6 avail Mem 

    PID USER      PR  NI    VIRT    RES    SHR S  %CPU  %MEM     TIME+ COMMAND

top - 14:50:01 up 9 days, 23:03,  1 user,  load average: 0.62, 0.40, 0.43
Tasks: 204 total,   1 running, 203 sleeping,   0 stopped,   0 zombie
%Cpu(s):  2.8 us,  0.9 sy,  0.0 ni, 96.3 id,  0.0 wa,  0.0 hi,  0.0 si,  0.0 st
MiB Mem :   3844.2 total,    185.0 free,    546.3 used,   3112.9 buff/cache
MiB Swap:   3980.0 total,   3975.9 free,      4.1 used.   3016.2 avail Mem 

    PID USER      PR  NI    VIRT    RES    SHR S  %CPU  %MEM     TIME+ COMMAND
    937 www-data  20   0   26028  20328   4156 S   0.0   0.5  48:35.18 nginx

top - 14:50:01 up 9 days, 23:03,  1 user,  load average: 0.62, 0.40, 0.43
Tasks: 204 total,   1 running, 203 sleeping,   0 stopped,   0 zombie
%Cpu(s):  1.9 us,  2.8 sy,  0.0 ni, 95.4 id,  0.0 wa,  0.0 hi,  0.0 si,  0.0 st
MiB Mem :   3844.2 total,    185.0 free,    546.3 used,   3112.9 buff/cache
MiB Swap:   3980.0 total,   3975.9 free,      4.1 used.   3016.2 avail Mem 

    PID USER      PR  NI    VIRT    RES    SHR S  %CPU  %MEM     TIME+ COMMAND
    937 www-data  20   0   26028  20328   4156 S   0.0   0.5  48:35.18 nginx

top - 14:50:02 up 9 days, 23:03,  1 user,  load average: 0.62, 0.40, 0.43
Tasks: 204 total,   1 running, 203 sleeping,   0 stopped,   0 zombie
%Cpu(s):  1.9 us,  2.8 sy,  0.0 ni, 95.4 id,  0.0 wa,  0.0 hi,  0.0 si,  0.0 st
MiB Mem :   3844.2 total,    185.0 free,    546.3 used,   3112.9 buff/cache
MiB Swap:   3980.0 total,   3975.9 free,      4.1 used.   3016.2 avail Mem 

    PID USER      PR  NI    VIRT    RES    SHR S  %CPU  %MEM     TIME+ COMMAND
    937 www-data  20   0   26028  20328   4156 S   0.0   0.5  48:35.18 nginx

top - 14:50:03 up 9 days, 23:03,  1 user,  load average: 0.62, 0.40, 0.43
Tasks: 204 total,   1 running, 203 sleeping,   0 stopped,   0 zombie
%Cpu(s):  1.8 us,  2.8 sy,  0.0 ni, 95.4 id,  0.0 wa,  0.0 hi,  0.0 si,  0.0 st
MiB Mem :   3844.2 total,    185.0 free,    546.3 used,   3112.9 buff/cache
MiB Swap:   3980.0 total,   3975.9 free,      4.1 used.   3016.2 avail Mem 

    PID USER      PR  NI    VIRT    RES    SHR S  %CPU  %MEM     TIME+ COMMAND
    937 www-data  20   0   26028  20328   4156 S   0.0   0.5  48:35.18 nginx

top - 14:50:03 up 9 days, 23:03,  1 user,  load average: 0.62, 0.40, 0.43
Tasks: 204 total,   1 running, 203 sleeping,   0 stopped,   0 zombie
%Cpu(s):  0.9 us,  1.9 sy,  0.0 ni, 97.2 id,  0.0 wa,  0.0 hi,  0.0 si,  0.0 st
MiB Mem :   3844.2 total,    185.0 free,    546.3 used,   3112.9 buff/cache
MiB Swap:   3980.0 total,   3975.9 free,      4.1 used.   3016.2 avail Mem 

    PID USER      PR  NI    VIRT    RES    SHR S  %CPU  %MEM     TIME+ COMMAND
    937 www-data  20   0   26028  20328   4156 S   0.0   0.5  48:35.18 nginx

top - 14:50:04 up 9 days, 23:03,  1 user,  load average: 0.62, 0.40, 0.43
Tasks: 204 total,   1 running, 203 sleeping,   0 stopped,   0 zombie
%Cpu(s):  0.0 us,  3.7 sy,  0.0 ni, 96.3 id,  0.0 wa,  0.0 hi,  0.0 si,  0.0 st
MiB Mem :   3844.2 total,    185.0 free,    546.3 used,   3112.9 buff/cache
MiB Swap:   3980.0 total,   3975.9 free,      4.1 used.   3016.2 avail Mem 

    PID USER      PR  NI    VIRT    RES    SHR S  %CPU  %MEM     TIME+ COMMAND
    937 www-data  20   0   26028  20328   4156 S   0.0   0.5  48:35.18 nginx

top - 14:50:04 up 9 days, 23:03,  1 user,  load average: 0.62, 0.40, 0.43
Tasks: 204 total,   1 running, 203 sleeping,   0 stopped,   0 zombie
%Cpu(s):  1.8 us,  3.7 sy,  0.0 ni, 94.5 id,  0.0 wa,  0.0 hi,  0.0 si,  0.0 st
MiB Mem :   3844.2 total,    185.0 free,    546.3 used,   3112.9 buff/cache
MiB Swap:   3980.0 total,   3975.9 free,      4.1 used.   3016.2 avail Mem 

    PID USER      PR  NI    VIRT    RES    SHR S  %CPU  %MEM     TIME+ COMMAND
    937 www-data  20   0   26028  20328   4156 S   0.0   0.5  48:35.18 nginx

top - 14:50:05 up 9 days, 23:03,  1 user,  load average: 0.62, 0.40, 0.43
Tasks: 204 total,   1 running, 203 sleeping,   0 stopped,   0 zombie
%Cpu(s):  1.9 us,  1.9 sy,  0.0 ni, 96.3 id,  0.0 wa,  0.0 hi,  0.0 si,  0.0 st
MiB Mem :   3844.2 total,    185.0 free,    546.3 used,   3112.9 buff/cache
MiB Swap:   3980.0 total,   3975.9 free,      4.1 used.   3016.2 avail Mem 

    PID USER      PR  NI    VIRT    RES    SHR S  %CPU  %MEM     TIME+ COMMAND
    937 www-data  20   0   26028  20328   4156 S   0.0   0.5  48:35.18 nginx

top - 14:50:05 up 9 days, 23:03,  1 user,  load average: 0.73, 0.43, 0.44
Tasks: 204 total,   1 running, 203 sleeping,   0 stopped,   0 zombie
%Cpu(s):  3.7 us,  9.3 sy,  2.8 ni, 59.3 id, 25.0 wa,  0.0 hi,  0.0 si,  0.0 st
MiB Mem :   3844.2 total,    185.0 free,    546.3 used,   3112.9 buff/cache
MiB Swap:   3980.0 total,   3975.9 free,      4.1 used.   3016.2 avail Mem 

    PID USER      PR  NI    VIRT    RES    SHR S  %CPU  %MEM     TIME+ COMMAND
    937 www-data  20   0   26028  20328   4156 S   0.0   0.5  48:35.18 nginx

top - 14:50:06 up 9 days, 23:03,  1 user,  load average: 0.73, 0.43, 0.44
Tasks: 204 total,   2 running, 202 sleeping,   0 stopped,   0 zombie
%Cpu(s):  6.5 us,  3.7 sy,  0.0 ni, 89.7 id,  0.0 wa,  0.0 hi,  0.0 si,  0.0 st
MiB Mem :   3844.2 total,    185.0 free,    546.3 used,   3112.9 buff/cache
MiB Swap:   3980.0 total,   3975.9 free,      4.1 used.   3016.2 avail Mem 

    PID USER      PR  NI    VIRT    RES    SHR S  %CPU  %MEM     TIME+ COMMAND
    937 www-data  20   0   26028  20328   4156 S   0.0   0.5  48:35.18 nginx

top - 14:50:06 up 9 days, 23:03,  1 user,  load average: 0.73, 0.43, 0.44
Tasks: 203 total,   1 running, 202 sleeping,   0 stopped,   0 zombie
%Cpu(s):  2.8 us,  2.8 sy,  0.9 ni, 93.4 id,  0.0 wa,  0.0 hi,  0.0 si,  0.0 st
MiB Mem :   3844.2 total,    185.0 free,    546.3 used,   3112.9 buff/cache
MiB Swap:   3980.0 total,   3975.9 free,      4.1 used.   3016.2 avail Mem 

    PID USER      PR  NI    VIRT    RES    SHR S  %CPU  %MEM     TIME+ COMMAND
    937 www-data  20   0   26028  20328   4156 S   0.0   0.5  48:35.18 nginx

top - 14:50:07 up 9 days, 23:03,  1 user,  load average: 0.73, 0.43, 0.44
Tasks: 203 total,   2 running, 201 sleeping,   0 stopped,   0 zombie
%Cpu(s):  1.9 us,  1.9 sy,  0.0 ni, 96.3 id,  0.0 wa,  0.0 hi,  0.0 si,  0.0 st
MiB Mem :   3844.2 total,    184.0 free,    547.3 used,   3112.9 buff/cache
MiB Swap:   3980.0 total,   3975.9 free,      4.1 used.   3015.2 avail Mem 

    PID USER      PR  NI    VIRT    RES    SHR S  %CPU  %MEM     TIME+ COMMAND
    937 www-data  20   0   26028  20328   4156 S   0.0   0.5  48:35.18 nginx

top - 14:50:07 up 9 days, 23:03,  1 user,  load average: 0.73, 0.43, 0.44
Tasks: 203 total,   1 running, 202 sleeping,   0 stopped,   0 zombie
%Cpu(s):  1.9 us,  2.8 sy,  0.0 ni, 95.4 id,  0.0 wa,  0.0 hi,  0.0 si,  0.0 st
MiB Mem :   3844.2 total,    184.0 free,    547.3 used,   3112.9 buff/cache
MiB Swap:   3980.0 total,   3975.9 free,      4.1 used.   3015.2 avail Mem 

    PID USER      PR  NI    VIRT    RES    SHR S  %CPU  %MEM     TIME+ COMMAND
    937 www-data  20   0   26028  20328   4156 S   0.0   0.5  48:35.18 nginx

top - 14:50:08 up 9 days, 23:03,  1 user,  load average: 0.73, 0.43, 0.44
Tasks: 203 total,   1 running, 202 sleeping,   0 stopped,   0 zombie
%Cpu(s):  0.0 us,  3.7 sy,  0.0 ni, 96.3 id,  0.0 wa,  0.0 hi,  0.0 si,  0.0 st
MiB Mem :   3844.2 total,    184.0 free,    547.3 used,   3112.9 buff/cache
MiB Swap:   3980.0 total,   3975.9 free,      4.1 used.   3015.2 avail Mem 

    PID USER      PR  NI    VIRT    RES    SHR S  %CPU  %MEM     TIME+ COMMAND
    937 www-data  20   0   26028  20328   4156 S   0.0   0.5  48:35.18 nginx

top - 14:50:08 up 9 days, 23:03,  1 user,  load average: 0.73, 0.43, 0.44
Tasks: 203 total,   1 running, 202 sleeping,   0 stopped,   0 zombie
%Cpu(s):  0.9 us,  3.7 sy,  0.0 ni, 95.4 id,  0.0 wa,  0.0 hi,  0.0 si,  0.0 st
MiB Mem :   3844.2 total,    184.0 free,    547.3 used,   3112.9 buff/cache
MiB Swap:   3980.0 total,   3975.9 free,      4.1 used.   3015.2 avail Mem 

    PID USER      PR  NI    VIRT    RES    SHR S  %CPU  %MEM     TIME+ COMMAND
    937 www-data  20   0   26028  20328   4156 S   0.0   0.5  48:35.18 nginx

top - 14:50:09 up 9 days, 23:03,  1 user,  load average: 0.73, 0.43, 0.44
Tasks: 203 total,   1 running, 202 sleeping,   0 stopped,   0 zombie
%Cpu(s):  0.9 us,  2.8 sy,  0.0 ni, 96.3 id,  0.0 wa,  0.0 hi,  0.0 si,  0.0 st
MiB Mem :   3844.2 total,    184.0 free,    547.3 used,   3112.9 buff/cache
MiB Swap:   3980.0 total,   3975.9 free,      4.1 used.   3015.2 avail Mem 

    PID USER      PR  NI    VIRT    RES    SHR S  %CPU  %MEM     TIME+ COMMAND
    937 www-data  20   0   26028  20328   4156 S   0.0   0.5  48:35.18 nginx

top - 14:50:10 up 9 days, 23:03,  1 user,  load average: 0.73, 0.43, 0.44
Tasks: 203 total,   1 running, 202 sleeping,   0 stopped,   0 zombie
%Cpu(s):  1.8 us,  2.8 sy,  0.0 ni, 95.4 id,  0.0 wa,  0.0 hi,  0.0 si,  0.0 st
MiB Mem :   3844.2 total,    184.0 free,    547.3 used,   3112.9 buff/cache
MiB Swap:   3980.0 total,   3975.9 free,      4.1 used.   3015.2 avail Mem 

    PID USER      PR  NI    VIRT    RES    SHR S  %CPU  %MEM     TIME+ COMMAND
    937 www-data  20   0   26028  20328   4156 S   0.0   0.5  48:35.18 nginx

top - 14:50:10 up 9 days, 23:03,  1 user,  load average: 0.75, 0.44, 0.44
Tasks: 203 total,   2 running, 201 sleeping,   0 stopped,   0 zombie
%Cpu(s):  5.6 us,  9.3 sy,  0.0 ni, 73.8 id, 11.2 wa,  0.0 hi,  0.0 si,  0.0 st
MiB Mem :   3844.2 total,    184.0 free,    547.3 used,   3112.9 buff/cache
MiB Swap:   3980.0 total,   3975.9 free,      4.1 used.   3015.2 avail Mem 

    PID USER      PR  NI    VIRT    RES    SHR S  %CPU  %MEM     TIME+ COMMAND
    937 www-data  20   0   26028  20328   4156 S   0.0   0.5  48:35.18 nginx

top - 14:50:11 up 9 days, 23:03,  1 user,  load average: 0.75, 0.44, 0.44
Tasks: 204 total,   2 running, 202 sleeping,   0 stopped,   0 zombie
%Cpu(s):  6.4 us, 11.0 sy,  9.2 ni, 73.4 id,  0.0 wa,  0.0 hi,  0.0 si,  0.0 st
MiB Mem :   3844.2 total,    184.0 free,    547.3 used,   3112.9 buff/cache
MiB Swap:   3980.0 total,   3975.9 free,      4.1 used.   3015.2 avail Mem 

    PID USER      PR  NI    VIRT    RES    SHR S  %CPU  %MEM     TIME+ COMMAND
    937 www-data  20   0   26028  20328   4156 S   0.0   0.5  48:35.18 nginx

top - 14:50:11 up 9 days, 23:03,  1 user,  load average: 0.75, 0.44, 0.44
Tasks: 204 total,   1 running, 203 sleeping,   0 stopped,   0 zombie
%Cpu(s):  1.9 us,  1.9 sy,  0.0 ni, 96.3 id,  0.0 wa,  0.0 hi,  0.0 si,  0.0 st
MiB Mem :   3844.2 total,    184.0 free,    547.3 used,   3112.9 buff/cache
MiB Swap:   3980.0 total,   3975.9 free,      4.1 used.   3015.2 avail Mem 

    PID USER      PR  NI    VIRT    RES    SHR S  %CPU  %MEM     TIME+ COMMAND
    937 www-data  20   0   26028  20328   4156 S   0.0   0.5  48:35.18 nginx

top - 14:50:12 up 9 days, 23:03,  1 user,  load average: 0.75, 0.44, 0.44
Tasks: 204 total,   1 running, 203 sleeping,   0 stopped,   0 zombie
%Cpu(s):  0.9 us,  2.8 sy,  0.0 ni, 96.3 id,  0.0 wa,  0.0 hi,  0.0 si,  0.0 st
MiB Mem :   3844.2 total,    184.0 free,    547.3 used,   3112.9 buff/cache
MiB Swap:   3980.0 total,   3975.9 free,      4.1 used.   3015.2 avail Mem 

    PID USER      PR  NI    VIRT    RES    SHR S  %CPU  %MEM     TIME+ COMMAND
    937 www-data  20   0   26028  20328   4156 S   0.0   0.5  48:35.18 nginx

top - 14:50:12 up 9 days, 23:03,  1 user,  load average: 0.75, 0.44, 0.44
Tasks: 204 total,   1 running, 203 sleeping,   0 stopped,   0 zombie
%Cpu(s):  0.9 us,  3.7 sy,  0.0 ni, 95.4 id,  0.0 wa,  0.0 hi,  0.0 si,  0.0 st
MiB Mem :   3844.2 total,    184.0 free,    547.3 used,   3112.9 buff/cache
MiB Swap:   3980.0 total,   3975.9 free,      4.1 used.   3015.2 avail Mem 

    PID USER      PR  NI    VIRT    RES    SHR S  %CPU  %MEM     TIME+ COMMAND
    937 www-data  20   0   26028  20328   4156 S   0.0   0.5  48:35.18 nginx

top - 14:50:13 up 9 days, 23:03,  1 user,  load average: 0.75, 0.44, 0.44
Tasks: 204 total,   1 running, 203 sleeping,   0 stopped,   0 zombie
%Cpu(s):  0.9 us,  2.8 sy,  0.0 ni, 96.3 id,  0.0 wa,  0.0 hi,  0.0 si,  0.0 st
MiB Mem :   3844.2 total,    181.3 free,    550.0 used,   3113.0 buff/cache
MiB Swap:   3980.0 total,   3975.9 free,      4.1 used.   3012.5 avail Mem 

    PID USER      PR  NI    VIRT    RES    SHR S  %CPU  %MEM     TIME+ COMMAND
    937 www-data  20   0   26028  20328   4156 S   0.0   0.5  48:35.18 nginx

top - 14:50:13 up 9 days, 23:03,  1 user,  load average: 0.75, 0.44, 0.44
Tasks: 204 total,   1 running, 203 sleeping,   0 stopped,   0 zombie
%Cpu(s):  1.8 us,  3.6 sy,  0.0 ni, 94.5 id,  0.0 wa,  0.0 hi,  0.0 si,  0.0 st
MiB Mem :   3844.2 total,    181.3 free,    550.0 used,   3113.0 buff/cache
MiB Swap:   3980.0 total,   3975.9 free,      4.1 used.   3012.5 avail Mem 

    PID USER      PR  NI    VIRT    RES    SHR S  %CPU  %MEM     TIME+ COMMAND
    937 www-data  20   0   26028  20328   4156 S   0.0   0.5  48:35.18 nginx

top - 14:50:14 up 9 days, 23:03,  1 user,  load average: 0.75, 0.44, 0.44
Tasks: 204 total,   1 running, 203 sleeping,   0 stopped,   0 zombie
%Cpu(s):  0.0 us,  3.7 sy,  0.0 ni, 96.3 id,  0.0 wa,  0.0 hi,  0.0 si,  0.0 st
MiB Mem :   3844.2 total,    181.3 free,    550.0 used,   3113.0 buff/cache
MiB Swap:   3980.0 total,   3975.9 free,      4.1 used.   3012.5 avail Mem 

    PID USER      PR  NI    VIRT    RES    SHR S  %CPU  %MEM     TIME+ COMMAND
    937 www-data  20   0   26028  20328   4156 S   0.0   0.5  48:35.18 nginx

top - 14:50:14 up 9 days, 23:03,  1 user,  load average: 0.75, 0.44, 0.44
Tasks: 204 total,   1 running, 203 sleeping,   0 stopped,   0 zombie
%Cpu(s):  2.8 us,  1.9 sy,  0.0 ni, 95.4 id,  0.0 wa,  0.0 hi,  0.0 si,  0.0 st
MiB Mem :   3844.2 total,    181.3 free,    550.0 used,   3113.0 buff/cache
MiB Swap:   3980.0 total,   3975.9 free,      4.1 used.   3012.5 avail Mem 

    PID USER      PR  NI    VIRT    RES    SHR S  %CPU  %MEM     TIME+ COMMAND
    937 www-data  20   0   26028  20328   4156 S   0.0   0.5  48:35.18 nginx

top - 14:50:15 up 9 days, 23:03,  1 user,  load average: 0.69, 0.43, 0.44
Tasks: 207 total,   2 running, 205 sleeping,   0 stopped,   0 zombie
%Cpu(s):  1.0 us,  4.8 sy,  0.0 ni, 94.2 id,  0.0 wa,  0.0 hi,  0.0 si,  0.0 st
MiB Mem :   3844.2 total,    181.3 free,    550.0 used,   3113.0 buff/cache
MiB Swap:   3980.0 total,   3975.9 free,      4.1 used.   3012.5 avail Mem 

    PID USER      PR  NI    VIRT    RES    SHR S  %CPU  %MEM     TIME+ COMMAND
    937 www-data  20   0   26028  20328   4156 S   0.0   0.5  48:35.18 nginx

top - 14:50:16 up 9 days, 23:03,  1 user,  load average: 0.69, 0.43, 0.44
Tasks: 204 total,   1 running, 203 sleeping,   0 stopped,   0 zombie
%Cpu(s):  2.8 us,  5.6 sy,  2.8 ni, 68.5 id, 19.4 wa,  0.0 hi,  0.9 si,  0.0 st
MiB Mem :   3844.2 total,    180.0 free,    551.2 used,   3113.0 buff/cache
MiB Swap:   3980.0 total,   3975.9 free,      4.1 used.   3011.3 avail Mem 

    PID USER      PR  NI    VIRT    RES    SHR S  %CPU  %MEM     TIME+ COMMAND
    937 www-data  20   0   26028  20328   4156 S   0.0   0.5  48:35.18 nginx

top - 14:50:16 up 9 days, 23:03,  1 user,  load average: 0.69, 0.43, 0.44
Tasks: 204 total,   1 running, 203 sleeping,   0 stopped,   0 zombie
%Cpu(s):  2.8 us,  1.9 sy,  0.0 ni, 95.4 id,  0.0 wa,  0.0 hi,  0.0 si,  0.0 st
MiB Mem :   3844.2 total,    180.0 free,    551.2 used,   3113.0 buff/cache
MiB Swap:   3980.0 total,   3975.9 free,      4.1 used.   3011.3 avail Mem 

    PID USER      PR  NI    VIRT    RES    SHR S  %CPU  %MEM     TIME+ COMMAND
    937 www-data  20   0   26028  20328   4156 S   0.0   0.5  48:35.18 nginx

top - 14:50:17 up 9 days, 23:03,  1 user,  load average: 0.69, 0.43, 0.44
Tasks: 204 total,   1 running, 203 sleeping,   0 stopped,   0 zombie
%Cpu(s):  0.9 us,  2.8 sy,  0.0 ni, 96.3 id,  0.0 wa,  0.0 hi,  0.0 si,  0.0 st
MiB Mem :   3844.2 total,    180.0 free,    551.2 used,   3113.0 buff/cache
MiB Swap:   3980.0 total,   3975.9 free,      4.1 used.   3011.3 avail Mem 

    PID USER      PR  NI    VIRT    RES    SHR S  %CPU  %MEM     TIME+ COMMAND
    937 www-data  20   0   26028  20328   4156 S   0.0   0.5  48:35.18 nginx

top - 14:50:17 up 9 days, 23:04,  1 user,  load average: 0.69, 0.43, 0.44
Tasks: 204 total,   1 running, 203 sleeping,   0 stopped,   0 zombie
%Cpu(s):  0.9 us,  2.8 sy,  0.0 ni, 96.3 id,  0.0 wa,  0.0 hi,  0.0 si,  0.0 st
MiB Mem :   3844.2 total,    180.0 free,    551.2 used,   3113.0 buff/cache
MiB Swap:   3980.0 total,   3975.9 free,      4.1 used.   3011.3 avail Mem 

    PID USER      PR  NI    VIRT    RES    SHR S  %CPU  %MEM     TIME+ COMMAND
    937 www-data  20   0   26028  20328   4156 S   0.0   0.5  48:35.18 nginx

top - 14:50:18 up 9 days, 23:04,  1 user,  load average: 0.69, 0.43, 0.44
Tasks: 204 total,   1 running, 203 sleeping,   0 stopped,   0 zombie
%Cpu(s):  7.5 us,  1.9 sy,  0.0 ni, 90.7 id,  0.0 wa,  0.0 hi,  0.0 si,  0.0 st
MiB Mem :   3844.2 total,    180.0 free,    551.2 used,   3113.0 buff/cache
MiB Swap:   3980.0 total,   3975.9 free,      4.1 used.   3011.3 avail Mem 

    PID USER      PR  NI    VIRT    RES    SHR S  %CPU  %MEM     TIME+ COMMAND
    937 www-data  20   0   26028  20328   4156 S   0.0   0.5  48:35.18 nginx

top - 14:50:18 up 9 days, 23:04,  1 user,  load average: 0.69, 0.43, 0.44
Tasks: 204 total,   2 running, 202 sleeping,   0 stopped,   0 zombie
%Cpu(s):  7.5 us,  2.8 sy,  0.0 ni, 89.7 id,  0.0 wa,  0.0 hi,  0.0 si,  0.0 st
MiB Mem :   3844.2 total,    180.0 free,    551.2 used,   3113.0 buff/cache
MiB Swap:   3980.0 total,   3975.9 free,      4.1 used.   3011.3 avail Mem 

    PID USER      PR  NI    VIRT    RES    SHR S  %CPU  %MEM     TIME+ COMMAND

top - 14:50:19 up 9 days, 23:04,  1 user,  load average: 0.69, 0.43, 0.44
Tasks: 204 total,   1 running, 203 sleeping,   0 stopped,   0 zombie
%Cpu(s):  5.5 us,  2.8 sy,  0.0 ni, 91.7 id,  0.0 wa,  0.0 hi,  0.0 si,  0.0 st
MiB Mem :   3844.2 total,    180.0 free,    551.2 used,   3113.0 buff/cache
MiB Swap:   3980.0 total,   3975.9 free,      4.1 used.   3011.3 avail Mem 

    PID USER      PR  NI    VIRT    RES    SHR S  %CPU  %MEM     TIME+ COMMAND

top - 14:50:19 up 9 days, 23:04,  1 user,  load average: 0.69, 0.43, 0.44
Tasks: 204 total,   1 running, 203 sleeping,   0 stopped,   0 zombie
%Cpu(s):  5.5 us,  3.7 sy,  0.0 ni, 90.8 id,  0.0 wa,  0.0 hi,  0.0 si,  0.0 st
MiB Mem :   3844.2 total,    180.0 free,    551.2 used,   3113.0 buff/cache
MiB Swap:   3980.0 total,   3975.9 free,      4.1 used.   3011.3 avail Mem 

    PID USER      PR  NI    VIRT    RES    SHR S  %CPU  %MEM     TIME+ COMMAND

top - 14:50:20 up 9 days, 23:04,  1 user,  load average: 0.69, 0.43, 0.44
Tasks: 204 total,   1 running, 203 sleeping,   0 stopped,   0 zombie
%Cpu(s): 11.3 us,  3.8 sy,  0.0 ni, 84.9 id,  0.0 wa,  0.0 hi,  0.0 si,  0.0 st
MiB Mem :   3844.2 total,    180.0 free,    551.2 used,   3113.0 buff/cache
MiB Swap:   3980.0 total,   3975.9 free,      4.1 used.   3011.3 avail Mem 

    PID USER      PR  NI    VIRT    RES    SHR S  %CPU  %MEM     TIME+ COMMAND

top - 14:50:20 up 9 days, 23:04,  1 user,  load average: 0.64, 0.42, 0.44
Tasks: 204 total,   2 running, 202 sleeping,   0 stopped,   0 zombie
%Cpu(s): 13.9 us,  6.5 sy,  3.7 ni, 63.0 id, 13.0 wa,  0.0 hi,  0.0 si,  0.0 st
MiB Mem :   3844.2 total,    180.0 free,    551.2 used,   3113.0 buff/cache
MiB Swap:   3980.0 total,   3975.9 free,      4.1 used.   3011.3 avail Mem 

    PID USER      PR  NI    VIRT    RES    SHR S  %CPU  %MEM     TIME+ COMMAND

top - 14:50:21 up 9 days, 23:04,  1 user,  load average: 0.64, 0.42, 0.44
Tasks: 203 total,   1 running, 202 sleeping,   0 stopped,   0 zombie
%Cpu(s):  7.5 us,  3.8 sy,  0.9 ni, 87.7 id,  0.0 wa,  0.0 hi,  0.0 si,  0.0 st
MiB Mem :   3844.2 total,    180.0 free,    551.2 used,   3113.0 buff/cache
MiB Swap:   3980.0 total,   3975.9 free,      4.1 used.   3011.3 avail Mem 

    PID USER      PR  NI    VIRT    RES    SHR S  %CPU  %MEM     TIME+ COMMAND

top - 14:50:22 up 9 days, 23:04,  1 user,  load average: 0.64, 0.42, 0.44
Tasks: 203 total,   1 running, 202 sleeping,   0 stopped,   0 zombie
%Cpu(s): 12.3 us,  3.8 sy,  0.0 ni, 84.0 id,  0.0 wa,  0.0 hi,  0.0 si,  0.0 st
MiB Mem :   3844.2 total,    180.0 free,    551.2 used,   3113.0 buff/cache
MiB Swap:   3980.0 total,   3975.9 free,      4.1 used.   3011.3 avail Mem 

    PID USER      PR  NI    VIRT    RES    SHR S  %CPU  %MEM     TIME+ COMMAND
