top - 14:15:56 up 9 days, 22:29,  1 user,  load average: 0.29, 0.25, 0.27
Tasks: 210 total,   2 running, 208 sleeping,   0 stopped,   0 zombie
%Cpu(s): 33.3 us, 10.3 sy,  0.0 ni, 56.4 id,  0.0 wa,  0.0 hi,  0.0 si,  0.0 st
MiB Mem :   3844.2 total,    164.2 free,    578.3 used,   3101.7 buff/cache
MiB Swap:   3980.0 total,   3975.9 free,      4.1 used.   2984.1 avail Mem 

    PID USER      PR  NI    VIRT    RES    SHR S  %CPU  %MEM     TIME+ COMMAND
    937 www-data  20   0   26028  20328   4156 R  58.8   0.5  36:01.94 nginx

top - 14:15:57 up 9 days, 22:29,  1 user,  load average: 0.29, 0.25, 0.27
Tasks: 210 total,   2 running, 208 sleeping,   0 stopped,   0 zombie
%Cpu(s): 37.5 us,  1.0 sy,  0.0 ni, 61.5 id,  0.0 wa,  0.0 hi,  0.0 si,  0.0 st
MiB Mem :   3844.2 total,    164.2 free,    578.3 used,   3101.7 buff/cache
MiB Swap:   3980.0 total,   3975.9 free,      4.1 used.   2984.1 avail Mem 

    PID USER      PR  NI    VIRT    RES    SHR S  %CPU  %MEM     TIME+ COMMAND
    937 www-data  20   0   26028  20328   4156 R  71.7   0.5  36:02.32 nginx

top - 14:15:58 up 9 days, 22:29,  1 user,  load average: 0.29, 0.25, 0.27
Tasks: 210 total,   2 running, 208 sleeping,   0 stopped,   0 zombie
%Cpu(s): 35.8 us,  3.8 sy,  0.0 ni, 59.4 id,  0.0 wa,  0.0 hi,  0.9 si,  0.0 st
MiB Mem :   3844.2 total,    164.2 free,    578.3 used,   3101.7 buff/cache
MiB Swap:   3980.0 total,   3975.9 free,      4.1 used.   2984.1 avail Mem 

    PID USER      PR  NI    VIRT    RES    SHR S  %CPU  %MEM     TIME+ COMMAND
    937 www-data  20   0   26028  20328   4156 R  69.8   0.5  36:02.69 nginx

top - 14:15:58 up 9 days, 22:29,  1 user,  load average: 0.29, 0.25, 0.27
Tasks: 210 total,   2 running, 208 sleeping,   0 stopped,   0 zombie
%Cpu(s): 34.0 us,  3.8 sy,  0.0 ni, 61.3 id,  0.0 wa,  0.0 hi,  0.9 si,  0.0 st
MiB Mem :   3844.2 total,    164.2 free,    578.3 used,   3101.7 buff/cache
MiB Swap:   3980.0 total,   3975.9 free,      4.1 used.   2984.1 avail Mem 

    PID USER      PR  NI    VIRT    RES    SHR S  %CPU  %MEM     TIME+ COMMAND
    937 www-data  20   0   26028  20328   4156 R  71.7   0.5  36:03.07 nginx

top - 14:15:59 up 9 days, 22:29,  1 user,  load average: 0.35, 0.27, 0.28
Tasks: 210 total,   2 running, 208 sleeping,   0 stopped,   0 zombie
%Cpu(s): 34.0 us,  2.9 sy,  0.0 ni, 63.1 id,  0.0 wa,  0.0 hi,  0.0 si,  0.0 st
MiB Mem :   3844.2 total,    164.2 free,    578.3 used,   3101.7 buff/cache
MiB Swap:   3980.0 total,   3975.9 free,      4.1 used.   2984.2 avail Mem 

    PID USER      PR  NI    VIRT    RES    SHR S  %CPU  %MEM     TIME+ COMMAND
    937 www-data  20   0   26028  20328   4156 R  67.9   0.5  36:03.43 nginx

top - 14:15:59 up 9 days, 22:29,  1 user,  load average: 0.35, 0.27, 0.28
Tasks: 210 total,   2 running, 208 sleeping,   0 stopped,   0 zombie
%Cpu(s): 34.9 us,  3.8 sy,  0.0 ni, 61.3 id,  0.0 wa,  0.0 hi,  0.0 si,  0.0 st
MiB Mem :   3844.2 total,    164.2 free,    578.3 used,   3101.7 buff/cache
MiB Swap:   3980.0 total,   3975.9 free,      4.1 used.   2984.2 avail Mem 

    PID USER      PR  NI    VIRT    RES    SHR S  %CPU  %MEM     TIME+ COMMAND
    937 www-data  20   0   26028  20328   4156 R  72.2   0.5  36:03.82 nginx

top - 14:16:00 up 9 days, 22:29,  1 user,  load average: 0.35, 0.27, 0.28
Tasks: 210 total,   2 running, 208 sleeping,   0 stopped,   0 zombie
%Cpu(s): 35.6 us,  4.8 sy,  0.0 ni, 59.6 id,  0.0 wa,  0.0 hi,  0.0 si,  0.0 st
MiB Mem :   3844.2 total,    164.2 free,    578.3 used,   3101.7 buff/cache
MiB Swap:   3980.0 total,   3975.9 free,      4.1 used.   2984.2 avail Mem 

    PID USER      PR  NI    VIRT    RES    SHR S  %CPU  %MEM     TIME+ COMMAND
    937 www-data  20   0   26028  20328   4156 R  63.0   0.5  36:04.16 nginx

top - 14:16:00 up 9 days, 22:29,  1 user,  load average: 0.35, 0.27, 0.28
Tasks: 213 total,   4 running, 209 sleeping,   0 stopped,   0 zombie
%Cpu(s): 38.8 us,  2.9 sy,  0.0 ni, 58.3 id,  0.0 wa,  0.0 hi,  0.0 si,  0.0 st
MiB Mem :   3844.2 total,    164.2 free,    578.3 used,   3101.7 buff/cache
MiB Swap:   3980.0 total,   3975.9 free,      4.1 used.   2984.2 avail Mem 

    PID USER      PR  NI    VIRT    RES    SHR S  %CPU  %MEM     TIME+ COMMAND
    937 www-data  20   0   26028  20328   4156 R  72.2   0.5  36:04.55 nginx

top - 14:16:01 up 9 days, 22:29,  1 user,  load average: 0.35, 0.27, 0.28
Tasks: 211 total,   2 running, 209 sleeping,   0 stopped,   0 zombie
%Cpu(s): 34.6 us, 10.6 sy, 11.5 ni, 26.9 id, 15.4 wa,  0.0 hi,  1.0 si,  0.0 st
MiB Mem :   3844.2 total,    164.2 free,    578.3 used,   3101.7 buff/cache
MiB Swap:   3980.0 total,   3975.9 free,      4.1 used.   2984.2 avail Mem 

    PID USER      PR  NI    VIRT    RES    SHR S  %CPU  %MEM     TIME+ COMMAND
    937 www-data  20   0   26028  20328   4156 R  55.8   0.5  36:04.84 nginx

top - 14:16:01 up 9 days, 22:29,  1 user,  load average: 0.35, 0.27, 0.28
Tasks: 211 total,   2 running, 209 sleeping,   0 stopped,   0 zombie
%Cpu(s): 35.2 us,  2.9 sy,  0.0 ni, 61.9 id,  0.0 wa,  0.0 hi,  0.0 si,  0.0 st
MiB Mem :   3844.2 total,    164.2 free,    578.3 used,   3101.7 buff/cache
MiB Swap:   3980.0 total,   3975.9 free,      4.1 used.   2984.2 avail Mem 

    PID USER      PR  NI    VIRT    RES    SHR S  %CPU  %MEM     TIME+ COMMAND
    937 www-data  20   0   26028  20328   4156 R  71.2   0.5  36:05.21 nginx

top - 14:16:02 up 9 days, 22:29,  1 user,  load average: 0.35, 0.27, 0.28
Tasks: 211 total,   2 running, 209 sleeping,   0 stopped,   0 zombie
%Cpu(s): 35.2 us,  3.7 sy,  0.0 ni, 60.2 id,  0.0 wa,  0.0 hi,  0.9 si,  0.0 st
MiB Mem :   3844.2 total,    164.2 free,    578.2 used,   3101.7 buff/cache
MiB Swap:   3980.0 total,   3975.9 free,      4.1 used.   2984.2 avail Mem 

    PID USER      PR  NI    VIRT    RES    SHR S  %CPU  %MEM     TIME+ COMMAND
    937 www-data  20   0   26028  20328   4156 R  68.5   0.5  36:05.58 nginx

top - 14:16:02 up 9 days, 22:29,  1 user,  load average: 0.35, 0.27, 0.28
Tasks: 211 total,   2 running, 209 sleeping,   0 stopped,   0 zombie
%Cpu(s): 38.0 us,  2.8 sy,  0.0 ni, 59.3 id,  0.0 wa,  0.0 hi,  0.0 si,  0.0 st
MiB Mem :   3844.2 total,    164.2 free,    578.2 used,   3101.7 buff/cache
MiB Swap:   3980.0 total,   3975.9 free,      4.1 used.   2984.2 avail Mem 

    PID USER      PR  NI    VIRT    RES    SHR S  %CPU  %MEM     TIME+ COMMAND
    937 www-data  20   0   26028  20328   4156 R  72.2   0.5  36:05.97 nginx

top - 14:16:03 up 9 days, 22:29,  1 user,  load average: 0.35, 0.27, 0.28
Tasks: 211 total,   2 running, 209 sleeping,   0 stopped,   0 zombie
%Cpu(s): 35.5 us,  3.7 sy,  0.0 ni, 60.7 id,  0.0 wa,  0.0 hi,  0.0 si,  0.0 st
MiB Mem :   3844.2 total,    164.2 free,    578.2 used,   3101.7 buff/cache
MiB Swap:   3980.0 total,   3975.9 free,      4.1 used.   2984.2 avail Mem 

    PID USER      PR  NI    VIRT    RES    SHR S  %CPU  %MEM     TIME+ COMMAND
    937 www-data  20   0   26028  20328   4156 R  70.9   0.5  36:06.36 nginx

top - 14:16:03 up 9 days, 22:29,  1 user,  load average: 0.32, 0.26, 0.27
Tasks: 211 total,   2 running, 209 sleeping,   0 stopped,   0 zombie
%Cpu(s): 37.0 us,  3.7 sy,  0.0 ni, 59.3 id,  0.0 wa,  0.0 hi,  0.0 si,  0.0 st
MiB Mem :   3844.2 total,    164.2 free,    578.2 used,   3101.7 buff/cache
MiB Swap:   3980.0 total,   3975.9 free,      4.1 used.   2984.2 avail Mem 

    PID USER      PR  NI    VIRT    RES    SHR S  %CPU  %MEM     TIME+ COMMAND
    937 www-data  20   0   26028  20328   4156 R  72.2   0.5  36:06.75 nginx

top - 14:16:04 up 9 days, 22:29,  1 user,  load average: 0.32, 0.26, 0.27
Tasks: 211 total,   2 running, 209 sleeping,   0 stopped,   0 zombie
%Cpu(s): 35.2 us,  5.6 sy,  0.0 ni, 58.3 id,  0.0 wa,  0.0 hi,  0.9 si,  0.0 st
MiB Mem :   3844.2 total,    164.2 free,    578.2 used,   3101.7 buff/cache
MiB Swap:   3980.0 total,   3975.9 free,      4.1 used.   2984.2 avail Mem 

    PID USER      PR  NI    VIRT    RES    SHR S  %CPU  %MEM     TIME+ COMMAND
    937 www-data  20   0   26028  20328   4156 R  72.2   0.5  36:07.14 nginx

top - 14:16:04 up 9 days, 22:29,  1 user,  load average: 0.32, 0.26, 0.27
Tasks: 211 total,   2 running, 209 sleeping,   0 stopped,   0 zombie
%Cpu(s): 35.2 us,  2.9 sy,  0.0 ni, 61.9 id,  0.0 wa,  0.0 hi,  0.0 si,  0.0 st
MiB Mem :   3844.2 total,    164.2 free,    578.2 used,   3101.7 buff/cache
MiB Swap:   3980.0 total,   3975.9 free,      4.1 used.   2984.2 avail Mem 

    PID USER      PR  NI    VIRT    RES    SHR S  %CPU  %MEM     TIME+ COMMAND
    937 www-data  20   0   26028  20328   4156 R  67.3   0.5  36:07.51 nginx

top - 14:16:05 up 9 days, 22:29,  1 user,  load average: 0.32, 0.26, 0.27
Tasks: 211 total,   1 running, 210 sleeping,   0 stopped,   0 zombie
%Cpu(s): 35.8 us,  3.7 sy,  0.0 ni, 59.6 id,  0.0 wa,  0.0 hi,  0.9 si,  0.0 st
MiB Mem :   3844.2 total,    164.2 free,    578.2 used,   3101.8 buff/cache
MiB Swap:   3980.0 total,   3975.9 free,      4.1 used.   2984.2 avail Mem 

    PID USER      PR  NI    VIRT    RES    SHR S  %CPU  %MEM     TIME+ COMMAND
    937 www-data  20   0   26028  20328   4156 S  74.1   0.5  36:07.91 nginx

top - 14:16:06 up 9 days, 22:29,  1 user,  load average: 0.32, 0.26, 0.27
Tasks: 211 total,   1 running, 210 sleeping,   0 stopped,   0 zombie
%Cpu(s): 37.0 us,  8.3 sy,  1.9 ni, 38.9 id, 13.9 wa,  0.0 hi,  0.0 si,  0.0 st
MiB Mem :   3844.2 total,    164.2 free,    578.2 used,   3101.8 buff/cache
MiB Swap:   3980.0 total,   3975.9 free,      4.1 used.   2984.2 avail Mem 

    PID USER      PR  NI    VIRT    RES    SHR S  %CPU  %MEM     TIME+ COMMAND
    937 www-data  20   0   26028  20328   4156 S  65.5   0.5  36:08.27 nginx

top - 14:16:06 up 9 days, 22:29,  1 user,  load average: 0.32, 0.26, 0.27
Tasks: 211 total,   2 running, 209 sleeping,   0 stopped,   0 zombie
%Cpu(s): 37.4 us,  1.9 sy,  0.0 ni, 60.7 id,  0.0 wa,  0.0 hi,  0.0 si,  0.0 st
MiB Mem :   3844.2 total,    164.2 free,    578.2 used,   3101.8 buff/cache
MiB Swap:   3980.0 total,   3975.9 free,      4.1 used.   2984.2 avail Mem 

    PID USER      PR  NI    VIRT    RES    SHR S  %CPU  %MEM     TIME+ COMMAND
    937 www-data  20   0   26028  20328   4156 R  70.4   0.5  36:08.65 nginx

top - 14:16:07 up 9 days, 22:29,  1 user,  load average: 0.32, 0.26, 0.27
Tasks: 211 total,   2 running, 209 sleeping,   0 stopped,   0 zombie
%Cpu(s): 35.2 us,  3.7 sy,  0.0 ni, 61.1 id,  0.0 wa,  0.0 hi,  0.0 si,  0.0 st
MiB Mem :   3844.2 total,    164.2 free,    578.2 used,   3101.8 buff/cache
MiB Swap:   3980.0 total,   3975.9 free,      4.1 used.   2984.2 avail Mem 

    PID USER      PR  NI    VIRT    RES    SHR S  %CPU  %MEM     TIME+ COMMAND
    937 www-data  20   0   26028  20328   4156 R  68.5   0.5  36:09.02 nginx

top - 14:16:07 up 9 days, 22:29,  1 user,  load average: 0.32, 0.26, 0.27
Tasks: 211 total,   2 running, 209 sleeping,   0 stopped,   0 zombie
%Cpu(s): 37.0 us,  2.8 sy,  0.0 ni, 60.2 id,  0.0 wa,  0.0 hi,  0.0 si,  0.0 st
MiB Mem :   3844.2 total,    164.2 free,    578.2 used,   3101.8 buff/cache
MiB Swap:   3980.0 total,   3975.9 free,      4.1 used.   2984.2 avail Mem 

    PID USER      PR  NI    VIRT    RES    SHR S  %CPU  %MEM     TIME+ COMMAND
    937 www-data  20   0   26028  20328   4156 R  67.3   0.5  36:09.39 nginx

top - 14:16:08 up 9 days, 22:29,  1 user,  load average: 0.32, 0.26, 0.27
Tasks: 211 total,   2 running, 209 sleeping,   0 stopped,   0 zombie
%Cpu(s): 36.7 us,  3.7 sy,  0.0 ni, 58.7 id,  0.0 wa,  0.0 hi,  0.9 si,  0.0 st
MiB Mem :   3844.2 total,    164.2 free,    578.2 used,   3101.8 buff/cache
MiB Swap:   3980.0 total,   3975.9 free,      4.1 used.   2984.2 avail Mem 

    PID USER      PR  NI    VIRT    RES    SHR S  %CPU  %MEM     TIME+ COMMAND
    937 www-data  20   0   26028  20328   4156 R  74.1   0.5  36:09.79 nginx

top - 14:16:08 up 9 days, 22:29,  1 user,  load average: 0.32, 0.26, 0.27
Tasks: 211 total,   2 running, 209 sleeping,   0 stopped,   0 zombie
%Cpu(s): 37.4 us,  3.7 sy,  0.0 ni, 58.9 id,  0.0 wa,  0.0 hi,  0.0 si,  0.0 st
MiB Mem :   3844.2 total,    164.2 free,    578.2 used,   3101.8 buff/cache
MiB Swap:   3980.0 total,   3975.9 free,      4.1 used.   2984.2 avail Mem 

    PID USER      PR  NI    VIRT    RES    SHR S  %CPU  %MEM     TIME+ COMMAND
    937 www-data  20   0   26028  20328   4156 R  70.9   0.5  36:10.18 nginx

top - 14:16:09 up 9 days, 22:29,  1 user,  load average: 0.38, 0.27, 0.28
Tasks: 211 total,   1 running, 210 sleeping,   0 stopped,   0 zombie
%Cpu(s): 37.3 us,  5.5 sy,  0.0 ni, 57.3 id,  0.0 wa,  0.0 hi,  0.0 si,  0.0 st
MiB Mem :   3844.2 total,    164.2 free,    578.2 used,   3101.8 buff/cache
MiB Swap:   3980.0 total,   3975.9 free,      4.1 used.   2984.2 avail Mem 

    PID USER      PR  NI    VIRT    RES    SHR S  %CPU  %MEM     TIME+ COMMAND
    937 www-data  20   0   26028  20328   4156 S  75.9   0.5  36:10.59 nginx

top - 14:16:09 up 9 days, 22:29,  1 user,  load average: 0.38, 0.27, 0.28
Tasks: 211 total,   2 running, 209 sleeping,   0 stopped,   0 zombie
%Cpu(s): 36.4 us,  2.8 sy,  0.0 ni, 60.7 id,  0.0 wa,  0.0 hi,  0.0 si,  0.0 st
MiB Mem :   3844.2 total,    164.2 free,    578.2 used,   3101.8 buff/cache
MiB Swap:   3980.0 total,   3975.9 free,      4.1 used.   2984.2 avail Mem 

    PID USER      PR  NI    VIRT    RES    SHR S  %CPU  %MEM     TIME+ COMMAND
    937 www-data  20   0   26028  20328   4156 R  67.3   0.5  36:10.96 nginx

top - 14:16:10 up 9 days, 22:29,  1 user,  load average: 0.38, 0.27, 0.28
Tasks: 211 total,   2 running, 209 sleeping,   0 stopped,   0 zombie
%Cpu(s): 35.5 us,  3.7 sy,  0.0 ni, 59.8 id,  0.0 wa,  0.0 hi,  0.9 si,  0.0 st
MiB Mem :   3844.2 total,    164.2 free,    578.2 used,   3101.8 buff/cache
MiB Swap:   3980.0 total,   3975.9 free,      4.1 used.   2984.2 avail Mem 

    PID USER      PR  NI    VIRT    RES    SHR S  %CPU  %MEM     TIME+ COMMAND
    937 www-data  20   0   26028  20328   4156 R  70.4   0.5  36:11.34 nginx

top - 14:16:10 up 9 days, 22:29,  1 user,  load average: 0.38, 0.27, 0.28
Tasks: 211 total,   1 running, 210 sleeping,   0 stopped,   0 zombie
%Cpu(s): 34.3 us,  6.7 sy,  0.0 ni, 48.6 id, 10.5 wa,  0.0 hi,  0.0 si,  0.0 st
MiB Mem :   3844.2 total,    164.2 free,    578.2 used,   3101.8 buff/cache
MiB Swap:   3980.0 total,   3975.9 free,      4.1 used.   2984.2 avail Mem 

    PID USER      PR  NI    VIRT    RES    SHR S  %CPU  %MEM     TIME+ COMMAND
    937 www-data  20   0   26028  20328   4156 S  66.7   0.5  36:11.70 nginx

top - 14:16:11 up 9 days, 22:29,  1 user,  load average: 0.38, 0.27, 0.28
Tasks: 210 total,   1 running, 209 sleeping,   0 stopped,   0 zombie
%Cpu(s): 38.5 us,  3.8 sy,  1.0 ni, 55.8 id,  0.0 wa,  0.0 hi,  1.0 si,  0.0 st
MiB Mem :   3844.2 total,    164.2 free,    578.2 used,   3101.8 buff/cache
MiB Swap:   3980.0 total,   3975.9 free,      4.1 used.   2984.3 avail Mem 

    PID USER      PR  NI    VIRT    RES    SHR S  %CPU  %MEM     TIME+ COMMAND
    937 www-data  20   0   26028  20328   4156 S  68.5   0.5  36:12.07 nginx

top - 14:16:12 up 9 days, 22:29,  1 user,  load average: 0.38, 0.27, 0.28
Tasks: 210 total,   2 running, 208 sleeping,   0 stopped,   0 zombie
%Cpu(s): 33.3 us,  3.7 sy,  0.0 ni, 63.0 id,  0.0 wa,  0.0 hi,  0.0 si,  0.0 st
MiB Mem :   3844.2 total,    164.2 free,    578.2 used,   3101.8 buff/cache
MiB Swap:   3980.0 total,   3975.9 free,      4.1 used.   2984.3 avail Mem 

    PID USER      PR  NI    VIRT    RES    SHR S  %CPU  %MEM     TIME+ COMMAND
    937 www-data  20   0   26028  20328   4156 R  65.4   0.5  36:12.41 nginx

top - 14:16:12 up 9 days, 22:29,  1 user,  load average: 0.38, 0.27, 0.28
Tasks: 210 total,   2 running, 208 sleeping,   0 stopped,   0 zombie
%Cpu(s): 36.6 us,  2.0 sy,  0.0 ni, 61.4 id,  0.0 wa,  0.0 hi,  0.0 si,  0.0 st
MiB Mem :   3844.2 total,    164.2 free,    578.2 used,   3101.8 buff/cache
MiB Swap:   3980.0 total,   3975.9 free,      4.1 used.   2984.3 avail Mem 

    PID USER      PR  NI    VIRT    RES    SHR S  %CPU  %MEM     TIME+ COMMAND
    937 www-data  20   0   26028  20328   4156 S  65.5   0.5  36:12.77 nginx

top - 14:16:13 up 9 days, 22:29,  1 user,  load average: 0.38, 0.27, 0.28
Tasks: 210 total,   1 running, 209 sleeping,   0 stopped,   0 zombie
%Cpu(s): 37.3 us,  3.6 sy,  0.0 ni, 58.2 id,  0.0 wa,  0.0 hi,  0.9 si,  0.0 st
MiB Mem :   3844.2 total,    164.2 free,    578.2 used,   3101.8 buff/cache
MiB Swap:   3980.0 total,   3975.9 free,      4.1 used.   2984.3 avail Mem 

    PID USER      PR  NI    VIRT    RES    SHR S  %CPU  %MEM     TIME+ COMMAND
    937 www-data  20   0   26028  20328   4156 S  73.1   0.5  36:13.15 nginx

top - 14:16:13 up 9 days, 22:29,  1 user,  load average: 0.38, 0.27, 0.28
Tasks: 210 total,   1 running, 209 sleeping,   0 stopped,   0 zombie
%Cpu(s): 32.1 us,  3.7 sy,  0.0 ni, 63.3 id,  0.0 wa,  0.0 hi,  0.9 si,  0.0 st
MiB Mem :   3844.2 total,    164.2 free,    578.2 used,   3101.8 buff/cache
MiB Swap:   3980.0 total,   3975.9 free,      4.1 used.   2984.3 avail Mem 

    PID USER      PR  NI    VIRT    RES    SHR S  %CPU  %MEM     TIME+ COMMAND
    937 www-data  20   0   26028  20328   4156 S  66.7   0.5  36:13.51 nginx

top - 14:16:14 up 9 days, 22:29,  1 user,  load average: 0.43, 0.29, 0.28
Tasks: 210 total,   2 running, 208 sleeping,   0 stopped,   0 zombie
%Cpu(s): 37.4 us,  3.7 sy,  0.0 ni, 58.9 id,  0.0 wa,  0.0 hi,  0.0 si,  0.0 st
MiB Mem :   3844.2 total,    164.2 free,    578.2 used,   3101.8 buff/cache
MiB Swap:   3980.0 total,   3975.9 free,      4.1 used.   2984.3 avail Mem 

    PID USER      PR  NI    VIRT    RES    SHR S  %CPU  %MEM     TIME+ COMMAND
    937 www-data  20   0   26028  20328   4156 R  69.1   0.5  36:13.89 nginx

top - 14:16:14 up 9 days, 22:29,  1 user,  load average: 0.43, 0.29, 0.28
Tasks: 210 total,   1 running, 209 sleeping,   0 stopped,   0 zombie
%Cpu(s): 36.4 us,  3.7 sy,  0.0 ni, 59.8 id,  0.0 wa,  0.0 hi,  0.0 si,  0.0 st
MiB Mem :   3844.2 total,    164.2 free,    578.2 used,   3101.8 buff/cache
MiB Swap:   3980.0 total,   3975.9 free,      4.1 used.   2984.3 avail Mem 

    PID USER      PR  NI    VIRT    RES    SHR S  %CPU  %MEM     TIME+ COMMAND
    937 www-data  20   0   26028  20328   4156 S  72.2   0.5  36:14.28 nginx

top - 14:16:15 up 9 days, 22:29,  1 user,  load average: 0.43, 0.29, 0.28
Tasks: 210 total,   2 running, 208 sleeping,   0 stopped,   0 zombie
%Cpu(s): 34.5 us,  4.5 sy,  0.0 ni, 60.0 id,  0.0 wa,  0.0 hi,  0.9 si,  0.0 st
MiB Mem :   3844.2 total,    164.2 free,    578.2 used,   3101.8 buff/cache
MiB Swap:   3980.0 total,   3975.9 free,      4.1 used.   2984.3 avail Mem 

    PID USER      PR  NI    VIRT    RES    SHR S  %CPU  %MEM     TIME+ COMMAND
    937 www-data  20   0   26028  20328   4156 R  68.5   0.5  36:14.65 nginx

top - 14:16:15 up 9 days, 22:29,  1 user,  load average: 0.43, 0.29, 0.28
Tasks: 209 total,   2 running, 207 sleeping,   0 stopped,   0 zombie
%Cpu(s): 35.8 us,  2.8 sy,  0.0 ni, 61.3 id,  0.0 wa,  0.0 hi,  0.0 si,  0.0 st
MiB Mem :   3844.2 total,    164.2 free,    578.2 used,   3101.8 buff/cache
MiB Swap:   3980.0 total,   3975.9 free,      4.1 used.   2984.3 avail Mem 

    PID USER      PR  NI    VIRT    RES    SHR S  %CPU  %MEM     TIME+ COMMAND
    937 www-data  20   0   26028  20328   4156 R  67.3   0.5  36:15.02 nginx

top - 14:16:16 up 9 days, 22:29,  1 user,  load average: 0.43, 0.29, 0.28
Tasks: 211 total,   2 running, 209 sleeping,   0 stopped,   0 zombie
%Cpu(s): 36.9 us, 11.7 sy, 11.7 ni, 19.4 id, 19.4 wa,  0.0 hi,  1.0 si,  0.0 st
MiB Mem :   3844.2 total,    164.2 free,    578.2 used,   3101.8 buff/cache
MiB Swap:   3980.0 total,   3975.9 free,      4.1 used.   2984.3 avail Mem 

    PID USER      PR  NI    VIRT    RES    SHR S  %CPU  %MEM     TIME+ COMMAND
    937 www-data  20   0   26028  20328   4156 R  61.1   0.5  36:15.35 nginx

top - 14:16:16 up 9 days, 22:29,  1 user,  load average: 0.43, 0.29, 0.28
Tasks: 211 total,   2 running, 209 sleeping,   0 stopped,   0 zombie
%Cpu(s): 35.5 us,  3.7 sy,  0.0 ni, 59.8 id,  0.0 wa,  0.0 hi,  0.9 si,  0.0 st
MiB Mem :   3844.2 total,    164.2 free,    578.2 used,   3101.8 buff/cache
MiB Swap:   3980.0 total,   3975.9 free,      4.1 used.   2984.3 avail Mem 

    PID USER      PR  NI    VIRT    RES    SHR S  %CPU  %MEM     TIME+ COMMAND
    937 www-data  20   0   26028  20328   4156 R  71.2   0.5  36:15.72 nginx

top - 14:16:17 up 9 days, 22:30,  1 user,  load average: 0.43, 0.29, 0.28
Tasks: 211 total,   2 running, 209 sleeping,   0 stopped,   0 zombie
%Cpu(s): 35.8 us,  3.8 sy,  0.0 ni, 60.4 id,  0.0 wa,  0.0 hi,  0.0 si,  0.0 st
MiB Mem :   3844.2 total,    164.2 free,    578.1 used,   3101.9 buff/cache
MiB Swap:   3980.0 total,   3975.9 free,      4.1 used.   2984.3 avail Mem 

    PID USER      PR  NI    VIRT    RES    SHR S  %CPU  %MEM     TIME+ COMMAND
    937 www-data  20   0   26028  20328   4156 R  70.9   0.5  36:16.11 nginx

top - 14:16:17 up 9 days, 22:30,  1 user,  load average: 0.43, 0.29, 0.28
Tasks: 211 total,   1 running, 210 sleeping,   0 stopped,   0 zombie
%Cpu(s): 35.8 us,  2.8 sy,  0.0 ni, 61.3 id,  0.0 wa,  0.0 hi,  0.0 si,  0.0 st
MiB Mem :   3844.2 total,    164.2 free,    578.1 used,   3101.9 buff/cache
MiB Swap:   3980.0 total,   3975.9 free,      4.1 used.   2984.3 avail Mem 

    PID USER      PR  NI    VIRT    RES    SHR S  %CPU  %MEM     TIME+ COMMAND
    937 www-data  20   0   26028  20328   4156 S  68.5   0.5  36:16.48 nginx

top - 14:16:18 up 9 days, 22:30,  1 user,  load average: 0.43, 0.29, 0.28
Tasks: 211 total,   2 running, 209 sleeping,   0 stopped,   0 zombie
%Cpu(s): 38.0 us,  3.7 sy,  0.0 ni, 58.3 id,  0.0 wa,  0.0 hi,  0.0 si,  0.0 st
MiB Mem :   3844.2 total,    164.2 free,    578.1 used,   3101.9 buff/cache
MiB Swap:   3980.0 total,   3975.9 free,      4.1 used.   2984.3 avail Mem 

    PID USER      PR  NI    VIRT    RES    SHR S  %CPU  %MEM     TIME+ COMMAND
    937 www-data  20   0   26028  20328   4156 R  72.7   0.5  36:16.88 nginx

top - 14:16:19 up 9 days, 22:30,  1 user,  load average: 0.47, 0.30, 0.29
Tasks: 211 total,   1 running, 210 sleeping,   0 stopped,   0 zombie
%Cpu(s): 37.4 us,  2.8 sy,  0.0 ni, 59.8 id,  0.0 wa,  0.0 hi,  0.0 si,  0.0 st
MiB Mem :   3844.2 total,    164.2 free,    578.1 used,   3101.9 buff/cache
MiB Swap:   3980.0 total,   3975.9 free,      4.1 used.   2984.3 avail Mem 

    PID USER      PR  NI    VIRT    RES    SHR S  %CPU  %MEM     TIME+ COMMAND
    937 www-data  20   0   26028  20328   4156 S  70.4   0.5  36:17.26 nginx

top - 14:16:19 up 9 days, 22:30,  1 user,  load average: 0.47, 0.30, 0.29
Tasks: 211 total,   1 running, 210 sleeping,   0 stopped,   0 zombie
%Cpu(s): 35.5 us,  3.7 sy,  0.0 ni, 60.7 id,  0.0 wa,  0.0 hi,  0.0 si,  0.0 st
MiB Mem :   3844.2 total,    164.2 free,    578.1 used,   3101.9 buff/cache
MiB Swap:   3980.0 total,   3975.9 free,      4.1 used.   2984.3 avail Mem 

    PID USER      PR  NI    VIRT    RES    SHR S  %CPU  %MEM     TIME+ COMMAND
    937 www-data  20   0   26028  20328   4156 S  68.5   0.5  36:17.63 nginx

top - 14:16:20 up 9 days, 22:30,  1 user,  load average: 0.47, 0.30, 0.29
Tasks: 211 total,   2 running, 209 sleeping,   0 stopped,   0 zombie
%Cpu(s): 36.8 us,  2.8 sy,  0.0 ni, 60.4 id,  0.0 wa,  0.0 hi,  0.0 si,  0.0 st
MiB Mem :   3844.2 total,    164.2 free,    578.1 used,   3101.9 buff/cache
MiB Swap:   3980.0 total,   3975.9 free,      4.1 used.   2984.3 avail Mem 

    PID USER      PR  NI    VIRT    RES    SHR S  %CPU  %MEM     TIME+ COMMAND
    937 www-data  20   0   26028  20328   4156 R  70.9   0.5  36:18.02 nginx

top - 14:16:20 up 9 days, 22:30,  1 user,  load average: 0.47, 0.30, 0.29
Tasks: 211 total,   1 running, 210 sleeping,   0 stopped,   0 zombie
%Cpu(s): 37.7 us,  2.8 sy,  0.0 ni, 59.4 id,  0.0 wa,  0.0 hi,  0.0 si,  0.0 st
MiB Mem :   3844.2 total,    164.2 free,    578.1 used,   3101.9 buff/cache
MiB Swap:   3980.0 total,   3975.9 free,      4.1 used.   2984.3 avail Mem 

    PID USER      PR  NI    VIRT    RES    SHR S  %CPU  %MEM     TIME+ COMMAND
    937 www-data  20   0   26028  20328   4156 S  70.4   0.5  36:18.40 nginx

top - 14:16:21 up 9 days, 22:30,  1 user,  load average: 0.47, 0.30, 0.29
Tasks: 211 total,   2 running, 209 sleeping,   0 stopped,   0 zombie
%Cpu(s): 33.6 us,  9.3 sy,  2.8 ni, 44.9 id,  9.3 wa,  0.0 hi,  0.0 si,  0.0 st
MiB Mem :   3844.2 total,    164.2 free,    578.1 used,   3101.9 buff/cache
MiB Swap:   3980.0 total,   3975.9 free,      4.1 used.   2984.3 avail Mem 

    PID USER      PR  NI    VIRT    RES    SHR S  %CPU  %MEM     TIME+ COMMAND
    937 www-data  20   0   26028  20328   4156 R  63.6   0.5  36:18.75 nginx

top - 14:16:21 up 9 days, 22:30,  1 user,  load average: 0.47, 0.30, 0.29
Tasks: 211 total,   1 running, 210 sleeping,   0 stopped,   0 zombie
%Cpu(s): 33.3 us,  1.0 sy,  0.0 ni, 64.7 id,  0.0 wa,  0.0 hi,  1.0 si,  0.0 st
MiB Mem :   3844.2 total,    164.2 free,    578.1 used,   3101.9 buff/cache
MiB Swap:   3980.0 total,   3975.9 free,      4.1 used.   2984.3 avail Mem 

    PID USER      PR  NI    VIRT    RES    SHR S  %CPU  %MEM     TIME+ COMMAND
    937 www-data  20   0   26028  20328   4156 S  70.4   0.5  36:19.13 nginx

top - 14:16:22 up 9 days, 22:30,  1 user,  load average: 0.47, 0.30, 0.29
Tasks: 211 total,   2 running, 209 sleeping,   0 stopped,   0 zombie
%Cpu(s): 34.3 us,  2.0 sy,  0.0 ni, 63.7 id,  0.0 wa,  0.0 hi,  0.0 si,  0.0 st
MiB Mem :   3844.2 total,    164.2 free,    578.1 used,   3101.9 buff/cache
MiB Swap:   3980.0 total,   3975.9 free,      4.1 used.   2984.3 avail Mem 

    PID USER      PR  NI    VIRT    RES    SHR S  %CPU  %MEM     TIME+ COMMAND
    937 www-data  20   0   26028  20328   4156 R  66.0   0.5  36:19.48 nginx

top - 14:16:22 up 9 days, 22:30,  1 user,  load average: 0.47, 0.30, 0.29
Tasks: 211 total,   2 running, 209 sleeping,   0 stopped,   0 zombie
%Cpu(s): 36.8 us,  2.8 sy,  0.0 ni, 60.4 id,  0.0 wa,  0.0 hi,  0.0 si,  0.0 st
MiB Mem :   3844.2 total,    164.2 free,    578.1 used,   3101.9 buff/cache
MiB Swap:   3980.0 total,   3975.9 free,      4.1 used.   2984.3 avail Mem 

    PID USER      PR  NI    VIRT    RES    SHR S  %CPU  %MEM     TIME+ COMMAND
    937 www-data  20   0   26028  20328   4156 R  72.5   0.5  36:19.85 nginx

top - 14:16:23 up 9 days, 22:30,  1 user,  load average: 0.47, 0.30, 0.29
Tasks: 211 total,   2 running, 209 sleeping,   0 stopped,   0 zombie
%Cpu(s): 35.5 us,  4.7 sy,  0.0 ni, 58.9 id,  0.0 wa,  0.0 hi,  0.9 si,  0.0 st
MiB Mem :   3844.2 total,    164.2 free,    578.1 used,   3101.9 buff/cache
MiB Swap:   3980.0 total,   3975.9 free,      4.1 used.   2984.3 avail Mem 

    PID USER      PR  NI    VIRT    RES    SHR S  %CPU  %MEM     TIME+ COMMAND
    937 www-data  20   0   26028  20328   4156 R  69.1   0.5  36:20.23 nginx

top - 14:16:23 up 9 days, 22:30,  1 user,  load average: 0.43, 0.29, 0.28
Tasks: 211 total,   1 running, 210 sleeping,   0 stopped,   0 zombie
%Cpu(s): 34.9 us,  2.8 sy,  0.0 ni, 62.3 id,  0.0 wa,  0.0 hi,  0.0 si,  0.0 st
MiB Mem :   3844.2 total,    164.2 free,    578.1 used,   3101.9 buff/cache
MiB Swap:   3980.0 total,   3975.9 free,      4.1 used.   2984.3 avail Mem 

    PID USER      PR  NI    VIRT    RES    SHR S  %CPU  %MEM     TIME+ COMMAND
    937 www-data  20   0   26028  20328   4156 S  66.7   0.5  36:20.59 nginx

top - 14:16:24 up 9 days, 22:30,  1 user,  load average: 0.43, 0.29, 0.28
Tasks: 211 total,   2 running, 209 sleeping,   0 stopped,   0 zombie
%Cpu(s): 37.0 us,  3.7 sy,  0.0 ni, 58.3 id,  0.0 wa,  0.0 hi,  0.9 si,  0.0 st
MiB Mem :   3844.2 total,    164.2 free,    578.1 used,   3101.9 buff/cache
MiB Swap:   3980.0 total,   3975.9 free,      4.1 used.   2984.3 avail Mem 

    PID USER      PR  NI    VIRT    RES    SHR S  %CPU  %MEM     TIME+ COMMAND
    937 www-data  20   0   26028  20328   4156 R  70.9   0.5  36:20.98 nginx

top - 14:16:25 up 9 days, 22:30,  1 user,  load average: 0.43, 0.29, 0.28
Tasks: 211 total,   2 running, 209 sleeping,   0 stopped,   0 zombie
%Cpu(s): 36.4 us,  2.8 sy,  0.0 ni, 60.7 id,  0.0 wa,  0.0 hi,  0.0 si,  0.0 st
MiB Mem :   3844.2 total,    164.2 free,    578.1 used,   3101.9 buff/cache
MiB Swap:   3980.0 total,   3975.9 free,      4.1 used.   2984.3 avail Mem 

    PID USER      PR  NI    VIRT    RES    SHR S  %CPU  %MEM     TIME+ COMMAND
    937 www-data  20   0   26028  20328   4156 R  70.4   0.5  36:21.36 nginx

top - 14:16:25 up 9 days, 22:30,  1 user,  load average: 0.43, 0.29, 0.28
Tasks: 211 total,   2 running, 209 sleeping,   0 stopped,   0 zombie
%Cpu(s): 37.1 us,  2.9 sy,  0.0 ni, 60.0 id,  0.0 wa,  0.0 hi,  0.0 si,  0.0 st
MiB Mem :   3844.2 total,    164.2 free,    578.1 used,   3101.9 buff/cache
MiB Swap:   3980.0 total,   3975.9 free,      4.1 used.   2984.3 avail Mem 

    PID USER      PR  NI    VIRT    RES    SHR S  %CPU  %MEM     TIME+ COMMAND
    937 www-data  20   0   26028  20328   4156 R  69.1   0.5  36:21.74 nginx

top - 14:16:26 up 9 days, 22:30,  1 user,  load average: 0.43, 0.29, 0.28
Tasks: 211 total,   3 running, 208 sleeping,   0 stopped,   0 zombie
%Cpu(s): 34.0 us,  6.8 sy,  1.0 ni, 56.3 id,  1.9 wa,  0.0 hi,  0.0 si,  0.0 st
MiB Mem :   3844.2 total,    164.2 free,    578.0 used,   3101.9 buff/cache
MiB Swap:   3980.0 total,   3975.9 free,      4.1 used.   2984.4 avail Mem 

    PID USER      PR  NI    VIRT    RES    SHR S  %CPU  %MEM     TIME+ COMMAND
    937 www-data  20   0   26028  20328   4156 R  64.8   0.5  36:22.09 nginx

top - 14:16:26 up 9 days, 22:30,  1 user,  load average: 0.43, 0.29, 0.28
Tasks: 210 total,   2 running, 208 sleeping,   0 stopped,   0 zombie
%Cpu(s): 36.2 us,  7.6 sy,  1.0 ni, 50.5 id,  4.8 wa,  0.0 hi,  0.0 si,  0.0 st
MiB Mem :   3844.2 total,    164.2 free,    578.0 used,   3101.9 buff/cache
MiB Swap:   3980.0 total,   3975.9 free,      4.1 used.   2984.4 avail Mem 

    PID USER      PR  NI    VIRT    RES    SHR S  %CPU  %MEM     TIME+ COMMAND
    937 www-data  20   0   26028  20328   4156 R  69.2   0.5  36:22.45 nginx

top - 14:16:27 up 9 days, 22:30,  1 user,  load average: 0.43, 0.29, 0.28
Tasks: 210 total,   2 running, 208 sleeping,   0 stopped,   0 zombie
%Cpu(s): 37.7 us,  6.6 sy,  0.0 ni, 55.7 id,  0.0 wa,  0.0 hi,  0.0 si,  0.0 st
MiB Mem :   3844.2 total,    164.2 free,    578.0 used,   3101.9 buff/cache
MiB Swap:   3980.0 total,   3975.9 free,      4.1 used.   2984.4 avail Mem 

    PID USER      PR  NI    VIRT    RES    SHR S  %CPU  %MEM     TIME+ COMMAND
    937 www-data  20   0   26028  20328   4156 S  72.7   0.5  36:22.85 nginx

top - 14:16:27 up 9 days, 22:30,  1 user,  load average: 0.43, 0.29, 0.28
Tasks: 210 total,   1 running, 209 sleeping,   0 stopped,   0 zombie
%Cpu(s): 38.9 us,  6.2 sy,  0.0 ni, 51.3 id,  0.0 wa,  0.0 hi,  3.5 si,  0.0 st
MiB Mem :   3844.2 total,    164.2 free,    578.0 used,   3101.9 buff/cache
MiB Swap:   3980.0 total,   3975.9 free,      4.1 used.   2984.4 avail Mem 

    PID USER      PR  NI    VIRT    RES    SHR S  %CPU  %MEM     TIME+ COMMAND
    937 www-data  20   0   26028  20328   4156 S  68.5   0.5  36:23.22 nginx

top - 14:16:28 up 9 days, 22:30,  1 user,  load average: 0.43, 0.29, 0.28
Tasks: 210 total,   2 running, 208 sleeping,   0 stopped,   0 zombie
%Cpu(s): 35.8 us,  3.8 sy,  0.0 ni, 60.4 id,  0.0 wa,  0.0 hi,  0.0 si,  0.0 st
MiB Mem :   3844.2 total,    164.2 free,    578.0 used,   3101.9 buff/cache
MiB Swap:   3980.0 total,   3975.9 free,      4.1 used.   2984.4 avail Mem 

    PID USER      PR  NI    VIRT    RES    SHR S  %CPU  %MEM     TIME+ COMMAND
    937 www-data  20   0   26028  20328   4156 R  70.9   0.5  36:23.61 nginx

top - 14:16:28 up 9 days, 22:30,  1 user,  load average: 0.43, 0.29, 0.28
Tasks: 210 total,   2 running, 208 sleeping,   0 stopped,   0 zombie
%Cpu(s): 37.7 us,  3.8 sy,  0.0 ni, 58.5 id,  0.0 wa,  0.0 hi,  0.0 si,  0.0 st
MiB Mem :   3844.2 total,    164.2 free,    578.0 used,   3101.9 buff/cache
MiB Swap:   3980.0 total,   3975.9 free,      4.1 used.   2984.4 avail Mem 

    PID USER      PR  NI    VIRT    RES    SHR S  %CPU  %MEM     TIME+ COMMAND
    937 www-data  20   0   26028  20328   4156 R  68.5   0.5  36:23.98 nginx

top - 14:16:29 up 9 days, 22:30,  1 user,  load average: 0.48, 0.31, 0.29
Tasks: 210 total,   1 running, 209 sleeping,   0 stopped,   0 zombie
%Cpu(s): 32.7 us,  3.0 sy,  0.0 ni, 62.4 id,  0.0 wa,  0.0 hi,  2.0 si,  0.0 st
MiB Mem :   3844.2 total,    164.2 free,    578.0 used,   3102.0 buff/cache
MiB Swap:   3980.0 total,   3975.9 free,      4.1 used.   2984.4 avail Mem 

    PID USER      PR  NI    VIRT    RES    SHR S  %CPU  %MEM     TIME+ COMMAND
    937 www-data  20   0   26028  20328   4156 S  66.7   0.5  36:24.34 nginx

top - 14:16:29 up 9 days, 22:30,  1 user,  load average: 0.48, 0.31, 0.29
Tasks: 210 total,   2 running, 208 sleeping,   0 stopped,   0 zombie
%Cpu(s): 34.6 us,  4.7 sy,  0.0 ni, 60.7 id,  0.0 wa,  0.0 hi,  0.0 si,  0.0 st
MiB Mem :   3844.2 total,    164.2 free,    578.0 used,   3102.0 buff/cache
MiB Swap:   3980.0 total,   3975.9 free,      4.1 used.   2984.4 avail Mem 

    PID USER      PR  NI    VIRT    RES    SHR S  %CPU  %MEM     TIME+ COMMAND
    937 www-data  20   0   26028  20328   4156 R  71.2   0.5  36:24.71 nginx

top - 14:16:30 up 9 days, 22:30,  1 user,  load average: 0.48, 0.31, 0.29
Tasks: 210 total,   2 running, 208 sleeping,   0 stopped,   0 zombie
%Cpu(s): 36.8 us,  3.8 sy,  0.0 ni, 59.4 id,  0.0 wa,  0.0 hi,  0.0 si,  0.0 st
MiB Mem :   3844.2 total,    164.2 free,    578.0 used,   3102.0 buff/cache
MiB Swap:   3980.0 total,   3975.9 free,      4.1 used.   2984.4 avail Mem 

    PID USER      PR  NI    VIRT    RES    SHR S  %CPU  %MEM     TIME+ COMMAND
    937 www-data  20   0   26028  20328   4156 R  67.3   0.5  36:25.08 nginx

top - 14:16:30 up 9 days, 22:30,  1 user,  load average: 0.48, 0.31, 0.29
Tasks: 210 total,   2 running, 208 sleeping,   0 stopped,   0 zombie
%Cpu(s): 35.5 us,  2.8 sy,  0.0 ni, 59.8 id,  0.0 wa,  0.0 hi,  1.9 si,  0.0 st
MiB Mem :   3844.2 total,    164.2 free,    578.0 used,   3102.0 buff/cache
MiB Swap:   3980.0 total,   3975.9 free,      4.1 used.   2984.4 avail Mem 

    PID USER      PR  NI    VIRT    RES    SHR S  %CPU  %MEM     TIME+ COMMAND
    937 www-data  20   0   26028  20328   4156 R  70.4   0.5  36:25.46 nginx

top - 14:16:31 up 9 days, 22:30,  1 user,  load average: 0.48, 0.31, 0.29
Tasks: 211 total,   2 running, 209 sleeping,   0 stopped,   0 zombie
%Cpu(s): 38.6 us,  9.9 sy, 11.9 ni, 34.7 id,  5.0 wa,  0.0 hi,  0.0 si,  0.0 st
MiB Mem :   3844.2 total,    164.2 free,    578.0 used,   3102.0 buff/cache
MiB Swap:   3980.0 total,   3975.9 free,      4.1 used.   2984.4 avail Mem 

    PID USER      PR  NI    VIRT    RES    SHR S  %CPU  %MEM     TIME+ COMMAND
    937 www-data  20   0   26028  20328   4156 R  59.3   0.5  36:25.78 nginx

top - 14:16:32 up 9 days, 22:30,  1 user,  load average: 0.48, 0.31, 0.29
Tasks: 211 total,   2 running, 209 sleeping,   0 stopped,   0 zombie
%Cpu(s): 33.6 us,  5.5 sy,  0.0 ni, 60.0 id,  0.0 wa,  0.0 hi,  0.9 si,  0.0 st
MiB Mem :   3844.2 total,    164.2 free,    578.0 used,   3102.0 buff/cache
MiB Swap:   3980.0 total,   3975.9 free,      4.1 used.   2984.4 avail Mem 

    PID USER      PR  NI    VIRT    RES    SHR S  %CPU  %MEM     TIME+ COMMAND
    937 www-data  20   0   26028  20328   4156 R  67.3   0.5  36:26.13 nginx

top - 14:16:32 up 9 days, 22:30,  1 user,  load average: 0.48, 0.31, 0.29
Tasks: 211 total,   2 running, 209 sleeping,   0 stopped,   0 zombie
%Cpu(s): 36.8 us,  1.9 sy,  0.0 ni, 61.3 id,  0.0 wa,  0.0 hi,  0.0 si,  0.0 st
MiB Mem :   3844.2 total,    164.2 free,    578.0 used,   3102.0 buff/cache
MiB Swap:   3980.0 total,   3975.9 free,      4.1 used.   2984.4 avail Mem 

    PID USER      PR  NI    VIRT    RES    SHR S  %CPU  %MEM     TIME+ COMMAND
    937 www-data  20   0   26028  20328   4156 R  70.9   0.5  36:26.52 nginx

top - 14:16:33 up 9 days, 22:30,  1 user,  load average: 0.48, 0.31, 0.29
Tasks: 211 total,   2 running, 209 sleeping,   0 stopped,   0 zombie
%Cpu(s): 34.9 us,  3.7 sy,  0.0 ni, 61.5 id,  0.0 wa,  0.0 hi,  0.0 si,  0.0 st
MiB Mem :   3844.2 total,    164.2 free,    578.0 used,   3102.0 buff/cache
MiB Swap:   3980.0 total,   3975.9 free,      4.1 used.   2984.4 avail Mem 

    PID USER      PR  NI    VIRT    RES    SHR S  %CPU  %MEM     TIME+ COMMAND
    937 www-data  20   0   26028  20328   4156 R  64.8   0.5  36:26.87 nginx

top - 14:16:33 up 9 days, 22:30,  1 user,  load average: 0.48, 0.31, 0.29
Tasks: 211 total,   2 running, 209 sleeping,   0 stopped,   0 zombie
%Cpu(s): 37.0 us,  3.7 sy,  0.0 ni, 58.3 id,  0.0 wa,  0.0 hi,  0.9 si,  0.0 st
MiB Mem :   3844.2 total,    164.2 free,    578.0 used,   3102.0 buff/cache
MiB Swap:   3980.0 total,   3975.9 free,      4.1 used.   2984.4 avail Mem 

    PID USER      PR  NI    VIRT    RES    SHR S  %CPU  %MEM     TIME+ COMMAND
    937 www-data  20   0   26028  20328   4156 R  74.1   0.5  36:27.27 nginx

top - 14:16:34 up 9 days, 22:30,  1 user,  load average: 0.52, 0.32, 0.29
Tasks: 211 total,   2 running, 209 sleeping,   0 stopped,   0 zombie
%Cpu(s): 35.8 us,  2.8 sy,  0.0 ni, 61.3 id,  0.0 wa,  0.0 hi,  0.0 si,  0.0 st
MiB Mem :   3844.2 total,    164.2 free,    578.0 used,   3102.0 buff/cache
MiB Swap:   3980.0 total,   3975.9 free,      4.1 used.   2984.4 avail Mem 

    PID USER      PR  NI    VIRT    RES    SHR S  %CPU  %MEM     TIME+ COMMAND
    937 www-data  20   0   26028  20328   4156 R  69.1   0.5  36:27.65 nginx

top - 14:16:34 up 9 days, 22:30,  1 user,  load average: 0.52, 0.32, 0.29
Tasks: 211 total,   2 running, 209 sleeping,   0 stopped,   0 zombie
%Cpu(s): 36.7 us,  3.7 sy,  0.0 ni, 58.7 id,  0.0 wa,  0.0 hi,  0.9 si,  0.0 st
MiB Mem :   3844.2 total,    164.2 free,    578.0 used,   3102.0 buff/cache
MiB Swap:   3980.0 total,   3975.9 free,      4.1 used.   2984.4 avail Mem 

    PID USER      PR  NI    VIRT    RES    SHR S  %CPU  %MEM     TIME+ COMMAND
    937 www-data  20   0   26028  20328   4156 R  72.2   0.5  36:28.04 nginx

top - 14:16:35 up 9 days, 22:30,  1 user,  load average: 0.52, 0.32, 0.29
Tasks: 211 total,   2 running, 209 sleeping,   0 stopped,   0 zombie
%Cpu(s): 36.4 us,  3.7 sy,  0.0 ni, 59.8 id,  0.0 wa,  0.0 hi,  0.0 si,  0.0 st
MiB Mem :   3844.2 total,    164.2 free,    578.0 used,   3102.0 buff/cache
MiB Swap:   3980.0 total,   3975.9 free,      4.1 used.   2984.4 avail Mem 

    PID USER      PR  NI    VIRT    RES    SHR S  %CPU  %MEM     TIME+ COMMAND
    937 www-data  20   0   26028  20328   4156 R  69.1   0.5  36:28.42 nginx

top - 14:16:35 up 9 days, 22:30,  1 user,  load average: 0.52, 0.32, 0.29
Tasks: 211 total,   2 running, 209 sleeping,   0 stopped,   0 zombie
%Cpu(s): 34.6 us,  4.7 sy,  0.0 ni, 59.8 id,  0.0 wa,  0.0 hi,  0.9 si,  0.0 st
MiB Mem :   3844.2 total,    164.2 free,    578.0 used,   3102.0 buff/cache
MiB Swap:   3980.0 total,   3975.9 free,      4.1 used.   2984.4 avail Mem 

    PID USER      PR  NI    VIRT    RES    SHR S  %CPU  %MEM     TIME+ COMMAND
    937 www-data  20   0   26028  20328   4156 R  74.1   0.5  36:28.82 nginx

top - 14:16:36 up 9 days, 22:30,  1 user,  load average: 0.52, 0.32, 0.29
Tasks: 211 total,   2 running, 209 sleeping,   0 stopped,   0 zombie
%Cpu(s): 36.5 us,  8.7 sy,  1.0 ni, 41.3 id, 12.5 wa,  0.0 hi,  0.0 si,  0.0 st
MiB Mem :   3844.2 total,    164.2 free,    578.0 used,   3102.0 buff/cache
MiB Swap:   3980.0 total,   3975.9 free,      4.1 used.   2984.4 avail Mem 

    PID USER      PR  NI    VIRT    RES    SHR S  %CPU  %MEM     TIME+ COMMAND
    937 www-data  20   0   26028  20328   4156 R  63.6   0.5  36:29.17 nginx

top - 14:16:36 up 9 days, 22:30,  1 user,  load average: 0.52, 0.32, 0.29
Tasks: 211 total,   2 running, 209 sleeping,   0 stopped,   0 zombie
%Cpu(s): 34.0 us,  4.7 sy,  0.0 ni, 61.3 id,  0.0 wa,  0.0 hi,  0.0 si,  0.0 st
MiB Mem :   3844.2 total,    164.2 free,    578.0 used,   3102.0 buff/cache
MiB Swap:   3980.0 total,   3975.9 free,      4.1 used.   2984.4 avail Mem 

    PID USER      PR  NI    VIRT    RES    SHR S  %CPU  %MEM     TIME+ COMMAND
    937 www-data  20   0   26028  20328   4156 R  69.2   0.5  36:29.53 nginx

top - 14:16:37 up 9 days, 22:30,  1 user,  load average: 0.52, 0.32, 0.29
Tasks: 211 total,   2 running, 209 sleeping,   0 stopped,   0 zombie
%Cpu(s): 35.0 us,  1.0 sy,  0.0 ni, 63.1 id,  0.0 wa,  0.0 hi,  1.0 si,  0.0 st
MiB Mem :   3844.2 total,    164.2 free,    578.0 used,   3102.0 buff/cache
MiB Swap:   3980.0 total,   3975.9 free,      4.1 used.   2984.4 avail Mem 

    PID USER      PR  NI    VIRT    RES    SHR S  %CPU  %MEM     TIME+ COMMAND
    937 www-data  20   0   26028  20328   4156 R  66.7   0.5  36:29.89 nginx

top - 14:16:37 up 9 days, 22:30,  1 user,  load average: 0.52, 0.32, 0.29
Tasks: 211 total,   2 running, 209 sleeping,   0 stopped,   0 zombie
%Cpu(s): 34.6 us,  2.9 sy,  0.0 ni, 62.5 id,  0.0 wa,  0.0 hi,  0.0 si,  0.0 st
MiB Mem :   3844.2 total,    164.2 free,    578.0 used,   3102.0 buff/cache
MiB Swap:   3980.0 total,   3975.9 free,      4.1 used.   2984.4 avail Mem 

    PID USER      PR  NI    VIRT    RES    SHR S  %CPU  %MEM     TIME+ COMMAND
    937 www-data  20   0   26028  20328   4156 R  67.9   0.5  36:30.25 nginx

top - 14:16:38 up 9 days, 22:30,  1 user,  load average: 0.52, 0.32, 0.29
Tasks: 211 total,   2 running, 209 sleeping,   0 stopped,   0 zombie
%Cpu(s): 37.7 us,  3.8 sy,  0.0 ni, 58.5 id,  0.0 wa,  0.0 hi,  0.0 si,  0.0 st
MiB Mem :   3844.2 total,    164.2 free,    577.9 used,   3102.1 buff/cache
MiB Swap:   3980.0 total,   3975.9 free,      4.1 used.   2984.5 avail Mem 

    PID USER      PR  NI    VIRT    RES    SHR S  %CPU  %MEM     TIME+ COMMAND
    937 www-data  20   0   26028  20328   4156 R  76.9   0.5  36:30.65 nginx

top - 14:16:39 up 9 days, 22:30,  1 user,  load average: 0.56, 0.33, 0.30
Tasks: 211 total,   2 running, 209 sleeping,   0 stopped,   0 zombie
%Cpu(s): 33.6 us,  3.7 sy,  0.0 ni, 62.6 id,  0.0 wa,  0.0 hi,  0.0 si,  0.0 st
MiB Mem :   3844.2 total,    164.2 free,    577.9 used,   3102.1 buff/cache
MiB Swap:   3980.0 total,   3975.9 free,      4.1 used.   2984.5 avail Mem 

    PID USER      PR  NI    VIRT    RES    SHR S  %CPU  %MEM     TIME+ COMMAND
    937 www-data  20   0   26028  20328   4156 R  68.5   0.5  36:31.02 nginx

top - 14:16:39 up 9 days, 22:30,  1 user,  load average: 0.56, 0.33, 0.30
Tasks: 211 total,   2 running, 209 sleeping,   0 stopped,   0 zombie
%Cpu(s): 38.2 us,  3.6 sy,  0.0 ni, 57.3 id,  0.0 wa,  0.0 hi,  0.9 si,  0.0 st
MiB Mem :   3844.2 total,    164.2 free,    577.9 used,   3102.1 buff/cache
MiB Swap:   3980.0 total,   3975.9 free,      4.1 used.   2984.5 avail Mem 

    PID USER      PR  NI    VIRT    RES    SHR S  %CPU  %MEM     TIME+ COMMAND
    937 www-data  20   0   26028  20328   4156 R  70.4   0.5  36:31.40 nginx

top - 14:16:40 up 9 days, 22:30,  1 user,  load average: 0.56, 0.33, 0.30
Tasks: 211 total,   1 running, 210 sleeping,   0 stopped,   0 zombie
%Cpu(s): 35.5 us,  3.7 sy,  0.0 ni, 60.7 id,  0.0 wa,  0.0 hi,  0.0 si,  0.0 st
MiB Mem :   3844.2 total,    164.2 free,    577.9 used,   3102.1 buff/cache
MiB Swap:   3980.0 total,   3975.9 free,      4.1 used.   2984.5 avail Mem 

    PID USER      PR  NI    VIRT    RES    SHR S  %CPU  %MEM     TIME+ COMMAND
    937 www-data  20   0   26028  20328   4156 S  68.5   0.5  36:31.77 nginx

top - 14:16:40 up 9 days, 22:30,  1 user,  load average: 0.56, 0.33, 0.30
Tasks: 211 total,   1 running, 210 sleeping,   0 stopped,   0 zombie
%Cpu(s): 34.6 us,  3.7 sy,  0.0 ni, 61.7 id,  0.0 wa,  0.0 hi,  0.0 si,  0.0 st
MiB Mem :   3844.2 total,    164.2 free,    577.9 used,   3102.1 buff/cache
MiB Swap:   3980.0 total,   3975.9 free,      4.1 used.   2984.5 avail Mem 

    PID USER      PR  NI    VIRT    RES    SHR S  %CPU  %MEM     TIME+ COMMAND
    937 www-data  20   0   26028  20328   4156 S  69.1   0.5  36:32.15 nginx

top - 14:16:41 up 9 days, 22:30,  1 user,  load average: 0.56, 0.33, 0.30
Tasks: 210 total,   2 running, 208 sleeping,   0 stopped,   0 zombie
%Cpu(s): 35.9 us,  4.9 sy,  1.0 ni, 57.3 id,  1.0 wa,  0.0 hi,  0.0 si,  0.0 st
MiB Mem :   3844.2 total,    164.2 free,    577.9 used,   3102.1 buff/cache
MiB Swap:   3980.0 total,   3975.9 free,      4.1 used.   2984.5 avail Mem 

    PID USER      PR  NI    VIRT    RES    SHR S  %CPU  %MEM     TIME+ COMMAND
    937 www-data  20   0   26028  20328   4156 R  68.5   0.5  36:32.52 nginx

top - 14:16:41 up 9 days, 22:30,  1 user,  load average: 0.56, 0.33, 0.30
Tasks: 210 total,   2 running, 208 sleeping,   0 stopped,   0 zombie
%Cpu(s): 33.3 us,  2.0 sy,  0.0 ni, 55.9 id,  7.8 wa,  0.0 hi,  1.0 si,  0.0 st
MiB Mem :   3844.2 total,    164.2 free,    577.9 used,   3102.1 buff/cache
MiB Swap:   3980.0 total,   3975.9 free,      4.1 used.   2984.5 avail Mem 

    PID USER      PR  NI    VIRT    RES    SHR S  %CPU  %MEM     TIME+ COMMAND
    937 www-data  20   0   26028  20328   4156 R  60.4   0.5  36:32.84 nginx

top - 14:16:42 up 9 days, 22:30,  1 user,  load average: 0.56, 0.33, 0.30
Tasks: 210 total,   2 running, 208 sleeping,   0 stopped,   0 zombie
%Cpu(s): 37.4 us,  2.8 sy,  0.0 ni, 59.8 id,  0.0 wa,  0.0 hi,  0.0 si,  0.0 st
MiB Mem :   3844.2 total,    164.2 free,    577.9 used,   3102.1 buff/cache
MiB Swap:   3980.0 total,   3975.9 free,      4.1 used.   2984.5 avail Mem 

    PID USER      PR  NI    VIRT    RES    SHR S  %CPU  %MEM     TIME+ COMMAND
    937 www-data  20   0   26028  20328   4156 R  73.1   0.5  36:33.22 nginx

top - 14:16:42 up 9 days, 22:30,  1 user,  load average: 0.56, 0.33, 0.30
Tasks: 210 total,   2 running, 208 sleeping,   0 stopped,   0 zombie
%Cpu(s): 35.8 us,  3.8 sy,  0.0 ni, 60.4 id,  0.0 wa,  0.0 hi,  0.0 si,  0.0 st
MiB Mem :   3844.2 total,    164.2 free,    577.9 used,   3102.1 buff/cache
MiB Swap:   3980.0 total,   3975.9 free,      4.1 used.   2984.5 avail Mem 

    PID USER      PR  NI    VIRT    RES    SHR S  %CPU  %MEM     TIME+ COMMAND
    937 www-data  20   0   26028  20328   4156 R  70.4   0.5  36:33.60 nginx

top - 14:16:43 up 9 days, 22:30,  1 user,  load average: 0.56, 0.33, 0.30
Tasks: 210 total,   1 running, 209 sleeping,   0 stopped,   0 zombie
%Cpu(s): 33.7 us,  3.0 sy,  0.0 ni, 63.4 id,  0.0 wa,  0.0 hi,  0.0 si,  0.0 st
MiB Mem :   3844.2 total,    164.2 free,    577.9 used,   3102.1 buff/cache
MiB Swap:   3980.0 total,   3975.9 free,      4.1 used.   2984.5 avail Mem 

    PID USER      PR  NI    VIRT    RES    SHR S  %CPU  %MEM     TIME+ COMMAND
    937 www-data  20   0   26028  20328   4156 S  67.3   0.5  36:33.97 nginx

top - 14:16:43 up 9 days, 22:30,  1 user,  load average: 0.56, 0.33, 0.30
Tasks: 210 total,   2 running, 208 sleeping,   0 stopped,   0 zombie
%Cpu(s): 34.0 us,  3.8 sy,  0.0 ni, 61.3 id,  0.0 wa,  0.0 hi,  0.9 si,  0.0 st
MiB Mem :   3844.2 total,    164.2 free,    577.9 used,   3102.1 buff/cache
MiB Swap:   3980.0 total,   3975.9 free,      4.1 used.   2984.5 avail Mem 

    PID USER      PR  NI    VIRT    RES    SHR S  %CPU  %MEM     TIME+ COMMAND
    937 www-data  20   0   26028  20328   4156 R  69.2   0.5  36:34.33 nginx

top - 14:16:44 up 9 days, 22:30,  1 user,  load average: 0.60, 0.34, 0.30
Tasks: 210 total,   1 running, 209 sleeping,   0 stopped,   0 zombie
%Cpu(s): 38.3 us,  3.7 sy,  0.0 ni, 57.9 id,  0.0 wa,  0.0 hi,  0.0 si,  0.0 st
MiB Mem :   3844.2 total,    185.2 free,    556.8 used,   3102.1 buff/cache
MiB Swap:   3980.0 total,   3975.9 free,      4.1 used.   3005.6 avail Mem 

    PID USER      PR  NI    VIRT    RES    SHR S  %CPU  %MEM     TIME+ COMMAND
    937 www-data  20   0   26028  20328   4156 S  74.1   0.5  36:34.73 nginx

top - 14:16:44 up 9 days, 22:30,  1 user,  load average: 0.60, 0.34, 0.30
Tasks: 210 total,   2 running, 208 sleeping,   0 stopped,   0 zombie
%Cpu(s): 37.4 us,  2.8 sy,  0.0 ni, 58.9 id,  0.0 wa,  0.0 hi,  0.9 si,  0.0 st
MiB Mem :   3844.2 total,    185.2 free,    556.8 used,   3102.1 buff/cache
MiB Swap:   3980.0 total,   3975.9 free,      4.1 used.   3005.6 avail Mem 

    PID USER      PR  NI    VIRT    RES    SHR S  %CPU  %MEM     TIME+ COMMAND
    937 www-data  20   0   26028  20328   4156 R  70.9   0.5  36:35.12 nginx

top - 14:16:45 up 9 days, 22:30,  1 user,  load average: 0.60, 0.34, 0.30
Tasks: 210 total,   2 running, 208 sleeping,   0 stopped,   0 zombie
%Cpu(s): 36.4 us,  4.7 sy,  0.0 ni, 58.9 id,  0.0 wa,  0.0 hi,  0.0 si,  0.0 st
MiB Mem :   3844.2 total,    185.2 free,    556.8 used,   3102.1 buff/cache
MiB Swap:   3980.0 total,   3975.9 free,      4.1 used.   3005.6 avail Mem 

    PID USER      PR  NI    VIRT    RES    SHR S  %CPU  %MEM     TIME+ COMMAND
    937 www-data  20   0   26028  20328   4156 R  70.4   0.5  36:35.50 nginx

top - 14:16:46 up 9 days, 22:30,  1 user,  load average: 0.60, 0.34, 0.30
Tasks: 210 total,   2 running, 208 sleeping,   0 stopped,   0 zombie
%Cpu(s): 36.1 us,  2.8 sy,  0.0 ni, 61.1 id,  0.0 wa,  0.0 hi,  0.0 si,  0.0 st
MiB Mem :   3844.2 total,    185.2 free,    556.8 used,   3102.1 buff/cache
MiB Swap:   3980.0 total,   3975.9 free,      4.1 used.   3005.6 avail Mem 

    PID USER      PR  NI    VIRT    RES    SHR S  %CPU  %MEM     TIME+ COMMAND
    937 www-data  20   0   26028  20328   4156 R  72.2   0.5  36:35.89 nginx

top - 14:16:46 up 9 days, 22:30,  1 user,  load average: 0.60, 0.34, 0.30
Tasks: 211 total,   1 running, 210 sleeping,   0 stopped,   0 zombie
%Cpu(s): 39.4 us,  8.7 sy,  1.0 ni, 43.3 id,  6.7 wa,  0.0 hi,  1.0 si,  0.0 st
MiB Mem :   3844.2 total,    185.2 free,    556.8 used,   3102.1 buff/cache
MiB Swap:   3980.0 total,   3975.9 free,      4.1 used.   3005.6 avail Mem 

    PID USER      PR  NI    VIRT    RES    SHR S  %CPU  %MEM     TIME+ COMMAND
    937 www-data  20   0   26028  20328   4156 S  65.5   0.5  36:36.25 nginx

top - 14:16:47 up 9 days, 22:30,  1 user,  load average: 0.60, 0.34, 0.30
Tasks: 211 total,   2 running, 209 sleeping,   0 stopped,   0 zombie
%Cpu(s): 34.3 us,  6.9 sy,  6.9 ni, 52.0 id,  0.0 wa,  0.0 hi,  0.0 si,  0.0 st
MiB Mem :   3844.2 total,    183.8 free,    558.3 used,   3102.1 buff/cache
MiB Swap:   3980.0 total,   3975.9 free,      4.1 used.   3004.1 avail Mem 

    PID USER      PR  NI    VIRT    RES    SHR S  %CPU  %MEM     TIME+ COMMAND
    937 www-data  20   0   26028  20328   4156 R  57.7   0.5  36:36.55 nginx

top - 14:16:47 up 9 days, 22:30,  1 user,  load average: 0.60, 0.34, 0.30
Tasks: 211 total,   1 running, 210 sleeping,   0 stopped,   0 zombie
%Cpu(s): 36.4 us,  3.7 sy,  0.0 ni, 59.8 id,  0.0 wa,  0.0 hi,  0.0 si,  0.0 st
MiB Mem :   3844.2 total,    183.8 free,    558.3 used,   3102.1 buff/cache
MiB Swap:   3980.0 total,   3975.9 free,      4.1 used.   3004.1 avail Mem 

    PID USER      PR  NI    VIRT    RES    SHR S  %CPU  %MEM     TIME+ COMMAND
    937 www-data  20   0   26028  20328   4156 S  73.1   0.5  36:36.93 nginx

top - 14:16:48 up 9 days, 22:30,  1 user,  load average: 0.60, 0.34, 0.30
Tasks: 211 total,   1 running, 210 sleeping,   0 stopped,   0 zombie
%Cpu(s): 39.4 us,  2.9 sy,  0.0 ni, 57.7 id,  0.0 wa,  0.0 hi,  0.0 si,  0.0 st
MiB Mem :   3844.2 total,    183.8 free,    558.3 used,   3102.1 buff/cache
MiB Swap:   3980.0 total,   3975.9 free,      4.1 used.   3004.1 avail Mem 

    PID USER      PR  NI    VIRT    RES    SHR S  %CPU  %MEM     TIME+ COMMAND
    937 www-data  20   0   26028  20328   4156 S  69.1   0.5  36:37.31 nginx

top - 14:16:48 up 9 days, 22:30,  1 user,  load average: 0.60, 0.34, 0.30
Tasks: 211 total,   2 running, 209 sleeping,   0 stopped,   0 zombie
%Cpu(s): 38.0 us,  2.8 sy,  0.0 ni, 58.3 id,  0.0 wa,  0.0 hi,  0.9 si,  0.0 st
MiB Mem :   3844.2 total,    183.8 free,    558.3 used,   3102.1 buff/cache
MiB Swap:   3980.0 total,   3975.9 free,      4.1 used.   3004.1 avail Mem 

    PID USER      PR  NI    VIRT    RES    SHR S  %CPU  %MEM     TIME+ COMMAND
    937 www-data  20   0   26028  20328   4156 R  67.9   0.5  36:37.67 nginx

top - 14:16:49 up 9 days, 22:30,  1 user,  load average: 0.63, 0.35, 0.30
Tasks: 211 total,   2 running, 209 sleeping,   0 stopped,   0 zombie
%Cpu(s): 35.8 us,  4.7 sy,  0.0 ni, 59.4 id,  0.0 wa,  0.0 hi,  0.0 si,  0.0 st
MiB Mem :   3844.2 total,    183.8 free,    558.3 used,   3102.1 buff/cache
MiB Swap:   3980.0 total,   3975.9 free,      4.1 used.   3004.1 avail Mem 

    PID USER      PR  NI    VIRT    RES    SHR S  %CPU  %MEM     TIME+ COMMAND
    937 www-data  20   0   26028  20328   4156 R  74.1   0.5  36:38.07 nginx


