top - 14:14:49 up 9 days, 22:28,  1 user,  load average: 0.18, 0.23, 0.27
Tasks: 200 total,   1 running, 199 sleeping,   0 stopped,   0 zombie
%Cpu(s):  5.1 us, 10.3 sy,  2.6 ni, 41.0 id, 41.0 wa,  0.0 hi,  0.0 si,  0.0 st
MiB Mem :   3844.2 total,    193.9 free,    548.7 used,   3101.5 buff/cache
MiB Swap:   3980.0 total,   3975.9 free,      4.1 used.   3013.8 avail Mem 

    PID USER      PR  NI    VIRT    RES    SHR S  %CPU  %MEM     TIME+ COMMAND
    937 www-data  20   0   26028  20328   4156 S   0.0   0.5  35:55.57 nginx

top - 14:14:50 up 9 days, 22:28,  1 user,  load average: 0.18, 0.23, 0.27
Tasks: 200 total,   1 running, 199 sleeping,   0 stopped,   0 zombie
%Cpu(s):  0.0 us,  2.9 sy,  1.9 ni, 95.1 id,  0.0 wa,  0.0 hi,  0.0 si,  0.0 st
MiB Mem :   3844.2 total,    193.9 free,    548.7 used,   3101.5 buff/cache
MiB Swap:   3980.0 total,   3975.9 free,      4.1 used.   3013.8 avail Mem 

    PID USER      PR  NI    VIRT    RES    SHR S  %CPU  %MEM     TIME+ COMMAND
    937 www-data  20   0   26028  20328   4156 S   0.0   0.5  35:55.57 nginx

top - 14:14:51 up 9 days, 22:28,  1 user,  load average: 0.18, 0.23, 0.27
Tasks: 200 total,   1 running, 199 sleeping,   0 stopped,   0 zombie
%Cpu(s):  1.0 us,  1.9 sy,  0.0 ni, 97.1 id,  0.0 wa,  0.0 hi,  0.0 si,  0.0 st
MiB Mem :   3844.2 total,    193.9 free,    548.7 used,   3101.5 buff/cache
MiB Swap:   3980.0 total,   3975.9 free,      4.1 used.   3013.8 avail Mem 

    PID USER      PR  NI    VIRT    RES    SHR S  %CPU  %MEM     TIME+ COMMAND
    937 www-data  20   0   26028  20328   4156 S   0.0   0.5  35:55.57 nginx

top - 14:14:51 up 9 days, 22:28,  1 user,  load average: 0.18, 0.23, 0.27
Tasks: 200 total,   1 running, 199 sleeping,   0 stopped,   0 zombie
%Cpu(s):  0.9 us,  1.9 sy,  0.0 ni, 97.2 id,  0.0 wa,  0.0 hi,  0.0 si,  0.0 st
MiB Mem :   3844.2 total,    193.9 free,    548.7 used,   3101.5 buff/cache
MiB Swap:   3980.0 total,   3975.9 free,      4.1 used.   3013.8 avail Mem 

    PID USER      PR  NI    VIRT    RES    SHR S  %CPU  %MEM     TIME+ COMMAND
    937 www-data  20   0   26028  20328   4156 S   0.0   0.5  35:55.57 nginx

top - 14:14:52 up 9 days, 22:28,  1 user,  load average: 0.18, 0.23, 0.27
Tasks: 200 total,   1 running, 199 sleeping,   0 stopped,   0 zombie
%Cpu(s):  0.9 us,  2.8 sy,  0.0 ni, 96.2 id,  0.0 wa,  0.0 hi,  0.0 si,  0.0 st
MiB Mem :   3844.2 total,    193.9 free,    548.7 used,   3101.5 buff/cache
MiB Swap:   3980.0 total,   3975.9 free,      4.1 used.   3013.8 avail Mem 

    PID USER      PR  NI    VIRT    RES    SHR S  %CPU  %MEM     TIME+ COMMAND
    937 www-data  20   0   26028  20328   4156 S   0.0   0.5  35:55.57 nginx

top - 14:14:52 up 9 days, 22:28,  1 user,  load average: 0.18, 0.23, 0.27
Tasks: 200 total,   1 running, 199 sleeping,   0 stopped,   0 zombie
%Cpu(s):  0.9 us,  2.8 sy,  0.0 ni, 96.3 id,  0.0 wa,  0.0 hi,  0.0 si,  0.0 st
MiB Mem :   3844.2 total,    193.9 free,    548.7 used,   3101.5 buff/cache
MiB Swap:   3980.0 total,   3975.9 free,      4.1 used.   3013.8 avail Mem 

    PID USER      PR  NI    VIRT    RES    SHR S  %CPU  %MEM     TIME+ COMMAND
    937 www-data  20   0   26028  20328   4156 S   0.0   0.5  35:55.57 nginx

top - 14:14:53 up 9 days, 22:28,  1 user,  load average: 0.18, 0.23, 0.27
Tasks: 200 total,   2 running, 198 sleeping,   0 stopped,   0 zombie
%Cpu(s):  5.9 us,  2.0 sy,  0.0 ni, 92.2 id,  0.0 wa,  0.0 hi,  0.0 si,  0.0 st
MiB Mem :   3844.2 total,    193.9 free,    548.7 used,   3101.5 buff/cache
MiB Swap:   3980.0 total,   3975.9 free,      4.1 used.   3013.8 avail Mem 

    PID USER      PR  NI    VIRT    RES    SHR S  %CPU  %MEM     TIME+ COMMAND

top - 14:14:53 up 9 days, 22:28,  1 user,  load average: 0.18, 0.23, 0.27
Tasks: 200 total,   1 running, 199 sleeping,   0 stopped,   0 zombie
%Cpu(s):  1.9 us,  2.8 sy,  0.0 ni, 95.3 id,  0.0 wa,  0.0 hi,  0.0 si,  0.0 st
MiB Mem :   3844.2 total,    193.9 free,    548.7 used,   3101.5 buff/cache
MiB Swap:   3980.0 total,   3975.9 free,      4.1 used.   3013.8 avail Mem 

    PID USER      PR  NI    VIRT    RES    SHR S  %CPU  %MEM     TIME+ COMMAND

top - 14:14:54 up 9 days, 22:28,  1 user,  load average: 0.17, 0.22, 0.26
Tasks: 200 total,   2 running, 198 sleeping,   0 stopped,   0 zombie
%Cpu(s): 11.2 us,  2.8 sy,  0.0 ni, 86.0 id,  0.0 wa,  0.0 hi,  0.0 si,  0.0 st
MiB Mem :   3844.2 total,    193.9 free,    548.7 used,   3101.5 buff/cache
MiB Swap:   3980.0 total,   3975.9 free,      4.1 used.   3013.8 avail Mem 

    PID USER      PR  NI    VIRT    RES    SHR S  %CPU  %MEM     TIME+ COMMAND

top - 14:14:54 up 9 days, 22:28,  1 user,  load average: 0.17, 0.22, 0.26
Tasks: 200 total,   1 running, 199 sleeping,   0 stopped,   0 zombie
%Cpu(s):  0.0 us,  2.8 sy,  0.0 ni, 97.2 id,  0.0 wa,  0.0 hi,  0.0 si,  0.0 st
MiB Mem :   3844.2 total,    193.9 free,    548.7 used,   3101.5 buff/cache
MiB Swap:   3980.0 total,   3975.9 free,      4.1 used.   3013.8 avail Mem 

    PID USER      PR  NI    VIRT    RES    SHR S  %CPU  %MEM     TIME+ COMMAND
    937 www-data  20   0   26028  20328   4156 S   0.0   0.5  35:55.70 nginx

top - 14:14:55 up 9 days, 22:28,  1 user,  load average: 0.17, 0.22, 0.26
Tasks: 200 total,   1 running, 198 sleeping,   0 stopped,   1 zombie
%Cpu(s):  9.3 us,  7.5 sy,  4.7 ni, 65.4 id, 13.1 wa,  0.0 hi,  0.0 si,  0.0 st
MiB Mem :   3844.2 total,    193.9 free,    548.7 used,   3101.5 buff/cache
MiB Swap:   3980.0 total,   3975.9 free,      4.1 used.   3013.8 avail Mem 

    PID USER      PR  NI    VIRT    RES    SHR S  %CPU  %MEM     TIME+ COMMAND

top - 14:14:55 up 9 days, 22:28,  1 user,  load average: 0.17, 0.22, 0.26
Tasks: 199 total,   1 running, 198 sleeping,   0 stopped,   0 zombie
%Cpu(s):  3.7 us,  2.8 sy,  0.0 ni, 93.5 id,  0.0 wa,  0.0 hi,  0.0 si,  0.0 st
MiB Mem :   3844.2 total,    193.9 free,    548.7 used,   3101.5 buff/cache
MiB Swap:   3980.0 total,   3975.9 free,      4.1 used.   3013.8 avail Mem 

    PID USER      PR  NI    VIRT    RES    SHR S  %CPU  %MEM     TIME+ COMMAND
    937 www-data  20   0   26028  20328   4156 S   0.0   0.5  35:55.75 nginx

top - 14:14:56 up 9 days, 22:28,  1 user,  load average: 0.17, 0.22, 0.26
Tasks: 199 total,   1 running, 198 sleeping,   0 stopped,   0 zombie
%Cpu(s):  7.5 us,  2.8 sy,  0.0 ni, 89.7 id,  0.0 wa,  0.0 hi,  0.0 si,  0.0 st
MiB Mem :   3844.2 total,    193.9 free,    548.7 used,   3101.5 buff/cache
MiB Swap:   3980.0 total,   3975.9 free,      4.1 used.   3013.8 avail Mem 

    PID USER      PR  NI    VIRT    RES    SHR S  %CPU  %MEM     TIME+ COMMAND

top - 14:14:56 up 9 days, 22:28,  1 user,  load average: 0.17, 0.22, 0.26
Tasks: 200 total,   1 running, 199 sleeping,   0 stopped,   0 zombie
%Cpu(s):  2.8 us,  2.8 sy,  0.0 ni, 93.6 id,  0.9 wa,  0.0 hi,  0.0 si,  0.0 st
MiB Mem :   3844.2 total,    193.9 free,    548.7 used,   3101.5 buff/cache
MiB Swap:   3980.0 total,   3975.9 free,      4.1 used.   3013.8 avail Mem 

    PID USER      PR  NI    VIRT    RES    SHR S  %CPU  %MEM     TIME+ COMMAND
    937 www-data  20   0   26028  20328   4156 S   0.0   0.5  35:55.83 nginx

top - 14:14:57 up 9 days, 22:28,  1 user,  load average: 0.17, 0.22, 0.26
Tasks: 200 total,   1 running, 199 sleeping,   0 stopped,   0 zombie
%Cpu(s):  8.4 us,  1.9 sy,  0.0 ni, 89.7 id,  0.0 wa,  0.0 hi,  0.0 si,  0.0 st
MiB Mem :   3844.2 total,    193.9 free,    548.7 used,   3101.5 buff/cache
MiB Swap:   3980.0 total,   3975.9 free,      4.1 used.   3013.8 avail Mem 

    PID USER      PR  NI    VIRT    RES    SHR S  %CPU  %MEM     TIME+ COMMAND

top - 14:14:58 up 9 days, 22:28,  1 user,  load average: 0.17, 0.22, 0.26
Tasks: 200 total,   1 running, 199 sleeping,   0 stopped,   0 zombie
%Cpu(s):  2.8 us,  2.8 sy,  0.0 ni, 94.4 id,  0.0 wa,  0.0 hi,  0.0 si,  0.0 st
MiB Mem :   3844.2 total,    193.9 free,    548.7 used,   3101.5 buff/cache
MiB Swap:   3980.0 total,   3975.9 free,      4.1 used.   3013.8 avail Mem 

    PID USER      PR  NI    VIRT    RES    SHR S  %CPU  %MEM     TIME+ COMMAND
    937 www-data  20   0   26028  20328   4156 S   0.0   0.5  35:55.90 nginx

top - 14:14:58 up 9 days, 22:28,  1 user,  load average: 0.17, 0.22, 0.26
Tasks: 200 total,   1 running, 199 sleeping,   0 stopped,   0 zombie
%Cpu(s):  3.7 us,  2.8 sy,  0.0 ni, 93.6 id,  0.0 wa,  0.0 hi,  0.0 si,  0.0 st
MiB Mem :   3844.2 total,    193.9 free,    548.7 used,   3101.5 buff/cache
MiB Swap:   3980.0 total,   3975.9 free,      4.1 used.   3013.8 avail Mem 

    PID USER      PR  NI    VIRT    RES    SHR S  %CPU  %MEM     TIME+ COMMAND

top - 14:14:59 up 9 days, 22:28,  1 user,  load average: 0.16, 0.22, 0.26
Tasks: 200 total,   1 running, 199 sleeping,   0 stopped,   0 zombie
%Cpu(s):  8.3 us,  2.8 sy,  0.0 ni, 88.9 id,  0.0 wa,  0.0 hi,  0.0 si,  0.0 st
MiB Mem :   3844.2 total,    193.9 free,    548.7 used,   3101.5 buff/cache
MiB Swap:   3980.0 total,   3975.9 free,      4.1 used.   3013.8 avail Mem 

    PID USER      PR  NI    VIRT    RES    SHR S  %CPU  %MEM     TIME+ COMMAND

top - 14:14:59 up 9 days, 22:28,  1 user,  load average: 0.16, 0.22, 0.26
Tasks: 200 total,   1 running, 199 sleeping,   0 stopped,   0 zombie
%Cpu(s):  1.9 us,  2.8 sy,  0.0 ni, 95.4 id,  0.0 wa,  0.0 hi,  0.0 si,  0.0 st
MiB Mem :   3844.2 total,    193.9 free,    548.7 used,   3101.5 buff/cache
MiB Swap:   3980.0 total,   3975.9 free,      4.1 used.   3013.8 avail Mem 

    PID USER      PR  NI    VIRT    RES    SHR S  %CPU  %MEM     TIME+ COMMAND
    937 www-data  20   0   26028  20328   4156 S   0.0   0.5  35:56.01 nginx

top - 14:15:00 up 9 days, 22:28,  1 user,  load average: 0.16, 0.22, 0.26
Tasks: 201 total,   2 running, 199 sleeping,   0 stopped,   0 zombie
%Cpu(s):  9.8 us, 12.7 sy,  5.9 ni, 59.8 id, 11.8 wa,  0.0 hi,  0.0 si,  0.0 st
MiB Mem :   3844.2 total,    193.9 free,    548.7 used,   3101.5 buff/cache
MiB Swap:   3980.0 total,   3975.9 free,      4.1 used.   3013.8 avail Mem 

    PID USER      PR  NI    VIRT    RES    SHR S  %CPU  %MEM     TIME+ COMMAND

top - 14:15:00 up 9 days, 22:28,  1 user,  load average: 0.16, 0.22, 0.26
Tasks: 201 total,   1 running, 200 sleeping,   0 stopped,   0 zombie
%Cpu(s):  3.7 us,  5.6 sy,  5.6 ni, 85.0 id,  0.0 wa,  0.0 hi,  0.0 si,  0.0 st
MiB Mem :   3844.2 total,    193.9 free,    548.7 used,   3101.5 buff/cache
MiB Swap:   3980.0 total,   3975.9 free,      4.1 used.   3013.8 avail Mem 

    PID USER      PR  NI    VIRT    RES    SHR S  %CPU  %MEM     TIME+ COMMAND
    937 www-data  20   0   26028  20328   4156 S   0.0   0.5  35:56.08 nginx

top - 14:15:01 up 9 days, 22:28,  1 user,  load average: 0.16, 0.22, 0.26
Tasks: 201 total,   1 running, 200 sleeping,   0 stopped,   0 zombie
%Cpu(s):  7.3 us,  3.7 sy,  0.0 ni, 89.0 id,  0.0 wa,  0.0 hi,  0.0 si,  0.0 st
MiB Mem :   3844.2 total,    193.9 free,    548.7 used,   3101.6 buff/cache
MiB Swap:   3980.0 total,   3975.9 free,      4.1 used.   3013.8 avail Mem 

    PID USER      PR  NI    VIRT    RES    SHR S  %CPU  %MEM     TIME+ COMMAND

top - 14:15:01 up 9 days, 22:28,  1 user,  load average: 0.16, 0.22, 0.26
Tasks: 201 total,   1 running, 200 sleeping,   0 stopped,   0 zombie
%Cpu(s):  1.9 us,  5.6 sy,  0.0 ni, 89.7 id,  1.9 wa,  0.0 hi,  0.9 si,  0.0 st
MiB Mem :   3844.2 total,    193.9 free,    548.7 used,   3101.6 buff/cache
MiB Swap:   3980.0 total,   3975.9 free,      4.1 used.   3013.8 avail Mem 

    PID USER      PR  NI    VIRT    RES    SHR S  %CPU  %MEM     TIME+ COMMAND
    937 www-data  20   0   26028  20328   4156 S   0.0   0.5  35:56.14 nginx

top - 14:15:02 up 9 days, 22:28,  1 user,  load average: 0.16, 0.22, 0.26
Tasks: 201 total,   1 running, 200 sleeping,   0 stopped,   0 zombie
%Cpu(s):  9.1 us,  2.7 sy,  0.9 ni, 87.3 id,  0.0 wa,  0.0 hi,  0.0 si,  0.0 st
MiB Mem :   3844.2 total,    193.9 free,    548.7 used,   3101.6 buff/cache
MiB Swap:   3980.0 total,   3975.9 free,      4.1 used.   3013.8 avail Mem 

    PID USER      PR  NI    VIRT    RES    SHR S  %CPU  %MEM     TIME+ COMMAND

top - 14:15:02 up 9 days, 22:28,  1 user,  load average: 0.16, 0.22, 0.26
Tasks: 201 total,   1 running, 200 sleeping,   0 stopped,   0 zombie
%Cpu(s):  0.0 us,  3.7 sy,  0.0 ni, 96.3 id,  0.0 wa,  0.0 hi,  0.0 si,  0.0 st
MiB Mem :   3844.2 total,    193.9 free,    548.7 used,   3101.6 buff/cache
MiB Swap:   3980.0 total,   3975.9 free,      4.1 used.   3013.8 avail Mem 

    PID USER      PR  NI    VIRT    RES    SHR S  %CPU  %MEM     TIME+ COMMAND
    937 www-data  20   0   26028  20328   4156 S   0.0   0.5  35:56.22 nginx

top - 14:15:03 up 9 days, 22:28,  1 user,  load average: 0.16, 0.22, 0.26
Tasks: 201 total,   1 running, 200 sleeping,   0 stopped,   0 zombie
%Cpu(s):  7.4 us,  3.7 sy,  0.0 ni, 88.9 id,  0.0 wa,  0.0 hi,  0.0 si,  0.0 st
MiB Mem :   3844.2 total,    193.9 free,    548.7 used,   3101.6 buff/cache
MiB Swap:   3980.0 total,   3975.9 free,      4.1 used.   3013.8 avail Mem 

    PID USER      PR  NI    VIRT    RES    SHR S  %CPU  %MEM     TIME+ COMMAND

top - 14:15:03 up 9 days, 22:28,  1 user,  load average: 0.14, 0.21, 0.26
Tasks: 203 total,   2 running, 201 sleeping,   0 stopped,   0 zombie
%Cpu(s): 11.5 us,  6.7 sy,  0.0 ni, 81.7 id,  0.0 wa,  0.0 hi,  0.0 si,  0.0 st
MiB Mem :   3844.2 total,    193.9 free,    548.7 used,   3101.6 buff/cache
MiB Swap:   3980.0 total,   3975.9 free,      4.1 used.   3013.8 avail Mem 

    PID USER      PR  NI    VIRT    RES    SHR S  %CPU  %MEM     TIME+ COMMAND
    937 www-data  20   0   26028  20328   4156 S   0.0   0.5  35:56.30 nginx

top - 14:15:04 up 9 days, 22:28,  1 user,  load average: 0.14, 0.21, 0.26
Tasks: 206 total,   2 running, 204 sleeping,   0 stopped,   0 zombie
%Cpu(s): 50.0 us, 18.0 sy,  0.0 ni, 29.0 id,  3.0 wa,  0.0 hi,  0.0 si,  0.0 st
MiB Mem :   3844.2 total,    181.9 free,    560.7 used,   3101.6 buff/cache
MiB Swap:   3980.0 total,   3975.9 free,      4.1 used.   3001.8 avail Mem 

    PID USER      PR  NI    VIRT    RES    SHR S  %CPU  %MEM     TIME+ COMMAND

top - 14:15:04 up 9 days, 22:28,  1 user,  load average: 0.14, 0.21, 0.26
Tasks: 205 total,   2 running, 203 sleeping,   0 stopped,   0 zombie
%Cpu(s): 51.9 us, 32.1 sy,  0.0 ni, 10.4 id,  5.7 wa,  0.0 hi,  0.0 si,  0.0 st
MiB Mem :   3844.2 total,    181.9 free,    560.7 used,   3101.6 buff/cache
MiB Swap:   3980.0 total,   3975.9 free,      4.1 used.   3001.8 avail Mem 

    PID USER      PR  NI    VIRT    RES    SHR S  %CPU  %MEM     TIME+ COMMAND
    937 www-data  20   0   26028  20328   4156 S   0.0   0.5  35:56.34 nginx

top - 14:15:05 up 9 days, 22:28,  1 user,  load average: 0.14, 0.21, 0.26
Tasks: 207 total,   3 running, 204 sleeping,   0 stopped,   0 zombie
%Cpu(s): 45.8 us, 26.2 sy,  0.9 ni, 21.5 id,  5.6 wa,  0.0 hi,  0.0 si,  0.0 st
MiB Mem :   3844.2 total,    181.9 free,    560.7 used,   3101.6 buff/cache
MiB Swap:   3980.0 total,   3975.9 free,      4.1 used.   3001.8 avail Mem 

    PID USER      PR  NI    VIRT    RES    SHR S  %CPU  %MEM     TIME+ COMMAND

top - 14:15:06 up 9 days, 22:28,  1 user,  load average: 0.14, 0.21, 0.26
Tasks: 207 total,   3 running, 204 sleeping,   0 stopped,   0 zombie
%Cpu(s): 34.6 us, 11.5 sy,  0.0 ni, 53.8 id,  0.0 wa,  0.0 hi,  0.0 si,  0.0 st
MiB Mem :   3844.2 total,    181.9 free,    560.7 used,   3101.6 buff/cache
MiB Swap:   3980.0 total,   3975.9 free,      4.1 used.   3001.8 avail Mem 

    PID USER      PR  NI    VIRT    RES    SHR S  %CPU  %MEM     TIME+ COMMAND

top - 14:15:06 up 9 days, 22:28,  1 user,  load average: 0.14, 0.21, 0.26
Tasks: 207 total,   1 running, 206 sleeping,   0 stopped,   0 zombie
%Cpu(s):  7.3 us,  3.7 sy,  0.0 ni, 89.0 id,  0.0 wa,  0.0 hi,  0.0 si,  0.0 st
MiB Mem :   3844.2 total,    181.9 free,    560.7 used,   3101.6 buff/cache
MiB Swap:   3980.0 total,   3975.9 free,      4.1 used.   3001.8 avail Mem 

    PID USER      PR  NI    VIRT    RES    SHR S  %CPU  %MEM     TIME+ COMMAND

top - 14:15:07 up 9 days, 22:28,  1 user,  load average: 0.14, 0.21, 0.26
Tasks: 207 total,   1 running, 206 sleeping,   0 stopped,   0 zombie
%Cpu(s):  9.4 us,  3.8 sy,  0.0 ni, 86.8 id,  0.0 wa,  0.0 hi,  0.0 si,  0.0 st
MiB Mem :   3844.2 total,    161.7 free,    580.8 used,   3101.7 buff/cache
MiB Swap:   3980.0 total,   3975.9 free,      4.1 used.   2981.7 avail Mem 

    PID USER      PR  NI    VIRT    RES    SHR S  %CPU  %MEM     TIME+ COMMAND

top - 14:15:07 up 9 days, 22:28,  1 user,  load average: 0.14, 0.21, 0.26
Tasks: 205 total,   3 running, 202 sleeping,   0 stopped,   0 zombie
%Cpu(s): 30.1 us, 17.5 sy,  0.0 ni, 52.4 id,  0.0 wa,  0.0 hi,  0.0 si,  0.0 st
MiB Mem :   3844.2 total,    161.7 free,    580.8 used,   3101.7 buff/cache
MiB Swap:   3980.0 total,   3975.9 free,      4.1 used.   2981.7 avail Mem 

    PID USER      PR  NI    VIRT    RES    SHR S  %CPU  %MEM     TIME+ COMMAND
    937 www-data  20   0   26028  20328   4156 S   0.0   0.5  35:56.50 nginx

top - 14:15:08 up 9 days, 22:28,  1 user,  load average: 0.14, 0.21, 0.26
Tasks: 209 total,   3 running, 206 sleeping,   0 stopped,   0 zombie
%Cpu(s): 41.3 us, 15.4 sy,  0.0 ni, 43.3 id,  0.0 wa,  0.0 hi,  0.0 si,  0.0 st
MiB Mem :   3844.2 total,    161.7 free,    580.8 used,   3101.7 buff/cache
MiB Swap:   3980.0 total,   3975.9 free,      4.1 used.   2981.7 avail Mem 

    PID USER      PR  NI    VIRT    RES    SHR S  %CPU  %MEM     TIME+ COMMAND

top - 14:15:08 up 9 days, 22:28,  1 user,  load average: 0.14, 0.21, 0.26
Tasks: 209 total,   3 running, 206 sleeping,   0 stopped,   0 zombie
%Cpu(s): 52.4 us, 29.1 sy,  0.0 ni, 18.4 id,  0.0 wa,  0.0 hi,  0.0 si,  0.0 st
MiB Mem :   3844.2 total,    161.7 free,    580.8 used,   3101.7 buff/cache
MiB Swap:   3980.0 total,   3975.9 free,      4.1 used.   2981.7 avail Mem 

    PID USER      PR  NI    VIRT    RES    SHR S  %CPU  %MEM     TIME+ COMMAND
    937 www-data  20   0   26028  20328   4156 S   0.0   0.5  35:56.55 nginx

top - 14:15:09 up 9 days, 22:28,  1 user,  load average: 0.45, 0.28, 0.28
Tasks: 211 total,   1 running, 210 sleeping,   0 stopped,   0 zombie
%Cpu(s): 40.0 us, 21.8 sy,  0.0 ni, 37.3 id,  0.9 wa,  0.0 hi,  0.0 si,  0.0 st
MiB Mem :   3844.2 total,    161.7 free,    580.8 used,   3101.7 buff/cache
MiB Swap:   3980.0 total,   3975.9 free,      4.1 used.   2981.7 avail Mem 

    PID USER      PR  NI    VIRT    RES    SHR S  %CPU  %MEM     TIME+ COMMAND

top - 14:15:09 up 9 days, 22:28,  1 user,  load average: 0.45, 0.28, 0.28
Tasks: 211 total,   1 running, 210 sleeping,   0 stopped,   0 zombie
%Cpu(s):  2.8 us,  3.7 sy,  0.0 ni, 93.5 id,  0.0 wa,  0.0 hi,  0.0 si,  0.0 st
MiB Mem :   3844.2 total,    161.7 free,    580.8 used,   3101.7 buff/cache
MiB Swap:   3980.0 total,   3975.9 free,      4.1 used.   2981.7 avail Mem 

    PID USER      PR  NI    VIRT    RES    SHR S  %CPU  %MEM     TIME+ COMMAND
    937 www-data  20   0   26028  20328   4156 S   0.0   0.5  35:56.57 nginx

top - 14:15:10 up 9 days, 22:28,  1 user,  load average: 0.45, 0.28, 0.28
Tasks: 210 total,   1 running, 209 sleeping,   0 stopped,   0 zombie
%Cpu(s):  8.4 us,  9.3 sy,  4.7 ni, 61.7 id, 15.0 wa,  0.0 hi,  0.9 si,  0.0 st
MiB Mem :   3844.2 total,    156.8 free,    585.7 used,   3101.7 buff/cache
MiB Swap:   3980.0 total,   3975.9 free,      4.1 used.   2976.8 avail Mem 

    PID USER      PR  NI    VIRT    RES    SHR S  %CPU  %MEM     TIME+ COMMAND

top - 14:15:10 up 9 days, 22:28,  1 user,  load average: 0.45, 0.28, 0.28
Tasks: 210 total,   1 running, 209 sleeping,   0 stopped,   0 zombie
%Cpu(s):  1.9 us,  3.7 sy,  0.0 ni, 94.4 id,  0.0 wa,  0.0 hi,  0.0 si,  0.0 st
MiB Mem :   3844.2 total,    156.8 free,    585.7 used,   3101.7 buff/cache
MiB Swap:   3980.0 total,   3975.9 free,      4.1 used.   2976.8 avail Mem 

    PID USER      PR  NI    VIRT    RES    SHR S  %CPU  %MEM     TIME+ COMMAND
    937 www-data  20   0   26028  20328   4156 S   0.0   0.5  35:56.59 nginx

top - 14:15:11 up 9 days, 22:28,  1 user,  load average: 0.45, 0.28, 0.28
Tasks: 210 total,   1 running, 209 sleeping,   0 stopped,   0 zombie
%Cpu(s):  7.4 us,  4.6 sy,  0.0 ni, 88.0 id,  0.0 wa,  0.0 hi,  0.0 si,  0.0 st
MiB Mem :   3844.2 total,    156.8 free,    585.7 used,   3101.7 buff/cache
MiB Swap:   3980.0 total,   3975.9 free,      4.1 used.   2976.8 avail Mem 

    PID USER      PR  NI    VIRT    RES    SHR S  %CPU  %MEM     TIME+ COMMAND

top - 14:15:11 up 9 days, 22:28,  1 user,  load average: 0.45, 0.28, 0.28
Tasks: 210 total,   1 running, 209 sleeping,   0 stopped,   0 zombie
%Cpu(s):  0.0 us,  3.7 sy,  0.0 ni, 96.3 id,  0.0 wa,  0.0 hi,  0.0 si,  0.0 st
MiB Mem :   3844.2 total,    156.8 free,    585.7 used,   3101.7 buff/cache
MiB Swap:   3980.0 total,   3975.9 free,      4.1 used.   2976.8 avail Mem 

    PID USER      PR  NI    VIRT    RES    SHR S  %CPU  %MEM     TIME+ COMMAND
    937 www-data  20   0   26028  20328   4156 S   0.0   0.5  35:56.65 nginx

top - 14:15:12 up 9 days, 22:28,  1 user,  load average: 0.45, 0.28, 0.28
Tasks: 210 total,   1 running, 209 sleeping,   0 stopped,   0 zombie
%Cpu(s):  8.2 us,  3.6 sy,  0.0 ni, 87.3 id,  0.0 wa,  0.0 hi,  0.9 si,  0.0 st
MiB Mem :   3844.2 total,    156.8 free,    585.7 used,   3101.7 buff/cache
MiB Swap:   3980.0 total,   3975.9 free,      4.1 used.   2976.8 avail Mem 

    PID USER      PR  NI    VIRT    RES    SHR S  %CPU  %MEM     TIME+ COMMAND

top - 14:15:13 up 9 days, 22:28,  1 user,  load average: 0.45, 0.28, 0.28
Tasks: 210 total,   2 running, 208 sleeping,   0 stopped,   0 zombie
%Cpu(s):  4.7 us,  2.8 sy,  0.0 ni, 92.5 id,  0.0 wa,  0.0 hi,  0.0 si,  0.0 st
MiB Mem :   3844.2 total,    156.8 free,    585.7 used,   3101.7 buff/cache
MiB Swap:   3980.0 total,   3975.9 free,      4.1 used.   2976.8 avail Mem 

    PID USER      PR  NI    VIRT    RES    SHR S  %CPU  %MEM     TIME+ COMMAND

top - 14:15:13 up 9 days, 22:28,  1 user,  load average: 0.45, 0.28, 0.28
Tasks: 210 total,   1 running, 209 sleeping,   0 stopped,   0 zombie
%Cpu(s):  5.6 us,  2.8 sy,  0.0 ni, 91.6 id,  0.0 wa,  0.0 hi,  0.0 si,  0.0 st
MiB Mem :   3844.2 total,    156.8 free,    585.7 used,   3101.7 buff/cache
MiB Swap:   3980.0 total,   3975.9 free,      4.1 used.   2976.8 avail Mem 

    PID USER      PR  NI    VIRT    RES    SHR S  %CPU  %MEM     TIME+ COMMAND

top - 14:15:14 up 9 days, 22:28,  1 user,  load average: 0.42, 0.27, 0.28
Tasks: 210 total,   1 running, 209 sleeping,   0 stopped,   0 zombie
%Cpu(s):  6.5 us,  3.7 sy,  0.0 ni, 89.7 id,  0.0 wa,  0.0 hi,  0.0 si,  0.0 st
MiB Mem :   3844.2 total,    156.8 free,    585.7 used,   3101.7 buff/cache
MiB Swap:   3980.0 total,   3975.9 free,      4.1 used.   2976.8 avail Mem 

    PID USER      PR  NI    VIRT    RES    SHR S  %CPU  %MEM     TIME+ COMMAND

top - 14:15:14 up 9 days, 22:28,  1 user,  load average: 0.42, 0.27, 0.28
Tasks: 210 total,   1 running, 209 sleeping,   0 stopped,   0 zombie
%Cpu(s):  1.9 us,  1.9 sy,  0.0 ni, 96.3 id,  0.0 wa,  0.0 hi,  0.0 si,  0.0 st
MiB Mem :   3844.2 total,    156.8 free,    585.7 used,   3101.7 buff/cache
MiB Swap:   3980.0 total,   3975.9 free,      4.1 used.   2976.8 avail Mem 

    PID USER      PR  NI    VIRT    RES    SHR S  %CPU  %MEM     TIME+ COMMAND
    937 www-data  20   0   26028  20328   4156 S   0.0   0.5  35:56.87 nginx

top - 14:15:15 up 9 days, 22:28,  1 user,  load average: 0.42, 0.27, 0.28
Tasks: 210 total,   1 running, 209 sleeping,   0 stopped,   0 zombie
%Cpu(s):  8.3 us,  7.4 sy,  0.9 ni, 73.1 id, 10.2 wa,  0.0 hi,  0.0 si,  0.0 st
MiB Mem :   3844.2 total,    156.8 free,    585.7 used,   3101.7 buff/cache
MiB Swap:   3980.0 total,   3975.9 free,      4.1 used.   2976.8 avail Mem 

    PID USER      PR  NI    VIRT    RES    SHR S  %CPU  %MEM     TIME+ COMMAND

top - 14:15:15 up 9 days, 22:28,  1 user,  load average: 0.42, 0.27, 0.28
Tasks: 211 total,   1 running, 210 sleeping,   0 stopped,   0 zombie
%Cpu(s):  5.6 us, 12.0 sy, 13.0 ni, 64.8 id,  4.6 wa,  0.0 hi,  0.0 si,  0.0 st
MiB Mem :   3844.2 total,    156.8 free,    585.7 used,   3101.7 buff/cache
MiB Swap:   3980.0 total,   3975.9 free,      4.1 used.   2976.8 avail Mem 

    PID USER      PR  NI    VIRT    RES    SHR S  %CPU  %MEM     TIME+ COMMAND
    937 www-data  20   0   26028  20328   4156 S   0.0   0.5  35:56.94 nginx

top - 14:15:16 up 9 days, 22:28,  1 user,  load average: 0.42, 0.27, 0.28
Tasks: 211 total,   1 running, 210 sleeping,   0 stopped,   0 zombie
%Cpu(s):  9.3 us,  2.8 sy,  0.0 ni, 87.9 id,  0.0 wa,  0.0 hi,  0.0 si,  0.0 st
MiB Mem :   3844.2 total,    156.8 free,    585.7 used,   3101.7 buff/cache
MiB Swap:   3980.0 total,   3975.9 free,      4.1 used.   2976.8 avail Mem 

    PID USER      PR  NI    VIRT    RES    SHR S  %CPU  %MEM     TIME+ COMMAND

top - 14:15:16 up 9 days, 22:28,  1 user,  load average: 0.42, 0.27, 0.28
Tasks: 211 total,   1 running, 210 sleeping,   0 stopped,   0 zombie
%Cpu(s):  1.8 us,  3.7 sy,  0.0 ni, 94.5 id,  0.0 wa,  0.0 hi,  0.0 si,  0.0 st
MiB Mem :   3844.2 total,    156.8 free,    585.7 used,   3101.7 buff/cache
MiB Swap:   3980.0 total,   3975.9 free,      4.1 used.   2976.8 avail Mem 

    PID USER      PR  NI    VIRT    RES    SHR S  %CPU  %MEM     TIME+ COMMAND
    937 www-data  20   0   26028  20328   4156 S   0.0   0.5  35:57.03 nginx

top - 14:15:17 up 9 days, 22:29,  1 user,  load average: 0.42, 0.27, 0.28
Tasks: 211 total,   1 running, 210 sleeping,   0 stopped,   0 zombie
%Cpu(s):  7.5 us,  2.8 sy,  0.0 ni, 89.7 id,  0.0 wa,  0.0 hi,  0.0 si,  0.0 st
MiB Mem :   3844.2 total,    156.8 free,    585.7 used,   3101.7 buff/cache
MiB Swap:   3980.0 total,   3975.9 free,      4.1 used.   2976.8 avail Mem 

    PID USER      PR  NI    VIRT    RES    SHR S  %CPU  %MEM     TIME+ COMMAND

top - 14:15:17 up 9 days, 22:29,  1 user,  load average: 0.42, 0.27, 0.28
Tasks: 211 total,   1 running, 210 sleeping,   0 stopped,   0 zombie
%Cpu(s):  2.8 us,  1.8 sy,  0.0 ni, 95.4 id,  0.0 wa,  0.0 hi,  0.0 si,  0.0 st
MiB Mem :   3844.2 total,    156.8 free,    585.7 used,   3101.7 buff/cache
MiB Swap:   3980.0 total,   3975.9 free,      4.1 used.   2976.8 avail Mem 

    PID USER      PR  NI    VIRT    RES    SHR S  %CPU  %MEM     TIME+ COMMAND
    937 www-data  20   0   26028  20328   4156 S   0.0   0.5  35:57.10 nginx

top - 14:15:18 up 9 days, 22:29,  1 user,  load average: 0.42, 0.27, 0.28
Tasks: 211 total,   1 running, 210 sleeping,   0 stopped,   0 zombie
%Cpu(s): 13.9 us,  2.8 sy,  0.0 ni, 83.3 id,  0.0 wa,  0.0 hi,  0.0 si,  0.0 st
MiB Mem :   3844.2 total,    156.8 free,    585.7 used,   3101.7 buff/cache
MiB Swap:   3980.0 total,   3975.9 free,      4.1 used.   2976.8 avail Mem 

    PID USER      PR  NI    VIRT    RES    SHR S  %CPU  %MEM     TIME+ COMMAND

top - 14:15:19 up 9 days, 22:29,  1 user,  load average: 0.38, 0.27, 0.28
Tasks: 211 total,   1 running, 210 sleeping,   0 stopped,   0 zombie
%Cpu(s):  2.8 us,  4.6 sy,  0.0 ni, 92.7 id,  0.0 wa,  0.0 hi,  0.0 si,  0.0 st
MiB Mem :   3844.2 total,    156.8 free,    585.7 used,   3101.6 buff/cache
MiB Swap:   3980.0 total,   3975.9 free,      4.1 used.   2976.7 avail Mem 

    PID USER      PR  NI    VIRT    RES    SHR S  %CPU  %MEM     TIME+ COMMAND
    937 www-data  20   0   26028  20328   4156 S   0.0   0.5  35:57.17 nginx

top - 14:15:19 up 9 days, 22:29,  1 user,  load average: 0.38, 0.27, 0.28
Tasks: 211 total,   1 running, 210 sleeping,   0 stopped,   0 zombie
%Cpu(s):  6.6 us,  2.8 sy,  0.0 ni, 90.6 id,  0.0 wa,  0.0 hi,  0.0 si,  0.0 st
MiB Mem :   3844.2 total,    156.8 free,    585.7 used,   3101.6 buff/cache
MiB Swap:   3980.0 total,   3975.9 free,      4.1 used.   2976.7 avail Mem 

    PID USER      PR  NI    VIRT    RES    SHR S  %CPU  %MEM     TIME+ COMMAND

top - 14:15:20 up 9 days, 22:29,  1 user,  load average: 0.38, 0.27, 0.28
Tasks: 210 total,   1 running, 209 sleeping,   0 stopped,   0 zombie
%Cpu(s):  7.5 us,  3.8 sy,  0.0 ni, 88.7 id,  0.0 wa,  0.0 hi,  0.0 si,  0.0 st
MiB Mem :   3844.2 total,    156.8 free,    585.7 used,   3101.6 buff/cache
MiB Swap:   3980.0 total,   3975.9 free,      4.1 used.   2976.7 avail Mem 

    PID USER      PR  NI    VIRT    RES    SHR S  %CPU  %MEM     TIME+ COMMAND

top - 14:15:20 up 9 days, 22:29,  1 user,  load average: 0.38, 0.27, 0.28
Tasks: 211 total,   1 running, 210 sleeping,   0 stopped,   0 zombie
%Cpu(s):  1.9 us,  7.6 sy,  1.9 ni, 73.3 id, 15.2 wa,  0.0 hi,  0.0 si,  0.0 st
MiB Mem :   3844.2 total,    156.8 free,    585.7 used,   3101.6 buff/cache
MiB Swap:   3980.0 total,   3975.9 free,      4.1 used.   2976.7 avail Mem 

    PID USER      PR  NI    VIRT    RES    SHR S  %CPU  %MEM     TIME+ COMMAND
    937 www-data  20   0   26028  20328   4156 S   0.0   0.5  35:57.32 nginx

top - 14:15:21 up 9 days, 22:29,  1 user,  load average: 0.38, 0.27, 0.28
Tasks: 211 total,   1 running, 210 sleeping,   0 stopped,   0 zombie
%Cpu(s):  8.3 us,  2.8 sy,  0.0 ni, 88.9 id,  0.0 wa,  0.0 hi,  0.0 si,  0.0 st
MiB Mem :   3844.2 total,    156.8 free,    585.7 used,   3101.6 buff/cache
MiB Swap:   3980.0 total,   3975.9 free,      4.1 used.   2976.7 avail Mem 

    PID USER      PR  NI    VIRT    RES    SHR S  %CPU  %MEM     TIME+ COMMAND

top - 14:15:21 up 9 days, 22:29,  1 user,  load average: 0.38, 0.27, 0.28
Tasks: 211 total,   1 running, 210 sleeping,   0 stopped,   0 zombie
%Cpu(s):  0.9 us,  3.7 sy,  0.0 ni, 95.4 id,  0.0 wa,  0.0 hi,  0.0 si,  0.0 st
MiB Mem :   3844.2 total,    156.8 free,    585.7 used,   3101.6 buff/cache
MiB Swap:   3980.0 total,   3975.9 free,      4.1 used.   2976.7 avail Mem 

    PID USER      PR  NI    VIRT    RES    SHR S  %CPU  %MEM     TIME+ COMMAND

top - 14:15:22 up 9 days, 22:29,  1 user,  load average: 0.38, 0.27, 0.28
Tasks: 211 total,   1 running, 210 sleeping,   0 stopped,   0 zombie
%Cpu(s):  9.3 us,  1.9 sy,  0.0 ni, 88.9 id,  0.0 wa,  0.0 hi,  0.0 si,  0.0 st
MiB Mem :   3844.2 total,    156.6 free,    586.0 used,   3101.6 buff/cache
MiB Swap:   3980.0 total,   3975.9 free,      4.1 used.   2976.4 avail Mem 

    PID USER      PR  NI    VIRT    RES    SHR S  %CPU  %MEM     TIME+ COMMAND

top - 14:15:22 up 9 days, 22:29,  1 user,  load average: 0.38, 0.27, 0.28
Tasks: 211 total,   1 running, 210 sleeping,   0 stopped,   0 zombie
%Cpu(s):  0.0 us,  4.6 sy,  0.0 ni, 95.4 id,  0.0 wa,  0.0 hi,  0.0 si,  0.0 st
MiB Mem :   3844.2 total,    156.6 free,    586.0 used,   3101.6 buff/cache
MiB Swap:   3980.0 total,   3975.9 free,      4.1 used.   2976.4 avail Mem 

    PID USER      PR  NI    VIRT    RES    SHR S  %CPU  %MEM     TIME+ COMMAND
    937 www-data  20   0   26028  20328   4156 S   0.0   0.5  35:57.47 nginx

top - 14:15:23 up 9 days, 22:29,  1 user,  load average: 0.38, 0.27, 0.28
Tasks: 211 total,   1 running, 210 sleeping,   0 stopped,   0 zombie
%Cpu(s):  7.5 us,  2.8 sy,  0.0 ni, 89.7 id,  0.0 wa,  0.0 hi,  0.0 si,  0.0 st
MiB Mem :   3844.2 total,    156.6 free,    586.0 used,   3101.6 buff/cache
MiB Swap:   3980.0 total,   3975.9 free,      4.1 used.   2976.4 avail Mem 

    PID USER      PR  NI    VIRT    RES    SHR S  %CPU  %MEM     TIME+ COMMAND

top - 14:15:23 up 9 days, 22:29,  1 user,  load average: 0.35, 0.26, 0.28
Tasks: 211 total,   1 running, 210 sleeping,   0 stopped,   0 zombie
%Cpu(s):  4.5 us,  3.6 sy,  0.0 ni, 91.9 id,  0.0 wa,  0.0 hi,  0.0 si,  0.0 st
MiB Mem :   3844.2 total,    156.6 free,    586.0 used,   3101.6 buff/cache
MiB Swap:   3980.0 total,   3975.9 free,      4.1 used.   2976.4 avail Mem 

    PID USER      PR  NI    VIRT    RES    SHR S  %CPU  %MEM     TIME+ COMMAND
    937 www-data  20   0   26028  20328   4156 S   0.0   0.5  35:57.55 nginx

top - 14:15:24 up 9 days, 22:29,  1 user,  load average: 0.35, 0.26, 0.28
Tasks: 211 total,   1 running, 210 sleeping,   0 stopped,   0 zombie
%Cpu(s):  7.4 us,  2.8 sy,  0.0 ni, 89.8 id,  0.0 wa,  0.0 hi,  0.0 si,  0.0 st
MiB Mem :   3844.2 total,    156.6 free,    586.0 used,   3101.6 buff/cache
MiB Swap:   3980.0 total,   3975.9 free,      4.1 used.   2976.4 avail Mem 

    PID USER      PR  NI    VIRT    RES    SHR S  %CPU  %MEM     TIME+ COMMAND

top - 14:15:25 up 9 days, 22:29,  1 user,  load average: 0.35, 0.26, 0.28
Tasks: 211 total,   1 running, 210 sleeping,   0 stopped,   0 zombie
%Cpu(s):  1.9 us,  3.7 sy,  0.0 ni, 94.4 id,  0.0 wa,  0.0 hi,  0.0 si,  0.0 st
MiB Mem :   3844.2 total,    156.6 free,    586.0 used,   3101.6 buff/cache
MiB Swap:   3980.0 total,   3975.9 free,      4.1 used.   2976.4 avail Mem 

    PID USER      PR  NI    VIRT    RES    SHR S  %CPU  %MEM     TIME+ COMMAND
    937 www-data  20   0   26028  20328   4156 S   0.0   0.5  35:57.62 nginx

top - 14:15:25 up 9 days, 22:29,  1 user,  load average: 0.35, 0.26, 0.28
Tasks: 211 total,   1 running, 210 sleeping,   0 stopped,   0 zombie
%Cpu(s):  5.6 us, 10.3 sy,  1.9 ni, 65.4 id, 16.8 wa,  0.0 hi,  0.0 si,  0.0 st
MiB Mem :   3844.2 total,    156.6 free,    586.0 used,   3101.6 buff/cache
MiB Swap:   3980.0 total,   3975.9 free,      4.1 used.   2976.4 avail Mem 

    PID USER      PR  NI    VIRT    RES    SHR S  %CPU  %MEM     TIME+ COMMAND

top - 14:15:26 up 9 days, 22:29,  1 user,  load average: 0.35, 0.26, 0.28
Tasks: 211 total,   1 running, 210 sleeping,   0 stopped,   0 zombie
%Cpu(s):  8.3 us,  3.7 sy,  0.0 ni, 88.1 id,  0.0 wa,  0.0 hi,  0.0 si,  0.0 st
MiB Mem :   3844.2 total,    156.6 free,    586.0 used,   3101.6 buff/cache
MiB Swap:   3980.0 total,   3975.9 free,      4.1 used.   2976.4 avail Mem 

    PID USER      PR  NI    VIRT    RES    SHR S  %CPU  %MEM     TIME+ COMMAND

top - 14:15:26 up 9 days, 22:29,  1 user,  load average: 0.35, 0.26, 0.28
Tasks: 210 total,   1 running, 209 sleeping,   0 stopped,   0 zombie
%Cpu(s):  1.9 us,  3.7 sy,  0.9 ni, 93.5 id,  0.0 wa,  0.0 hi,  0.0 si,  0.0 st
MiB Mem :   3844.2 total,    156.6 free,    586.0 used,   3101.6 buff/cache
MiB Swap:   3980.0 total,   3975.9 free,      4.1 used.   2976.4 avail Mem 

    PID USER      PR  NI    VIRT    RES    SHR S  %CPU  %MEM     TIME+ COMMAND
    937 www-data  20   0   26028  20328   4156 S   0.0   0.5  35:57.73 nginx

top - 14:15:27 up 9 days, 22:29,  1 user,  load average: 0.35, 0.26, 0.28
Tasks: 210 total,   1 running, 209 sleeping,   0 stopped,   0 zombie
%Cpu(s):  8.3 us,  3.7 sy,  0.0 ni, 88.0 id,  0.0 wa,  0.0 hi,  0.0 si,  0.0 st
MiB Mem :   3844.2 total,    156.6 free,    586.0 used,   3101.6 buff/cache
MiB Swap:   3980.0 total,   3975.9 free,      4.1 used.   2976.4 avail Mem 

    PID USER      PR  NI    VIRT    RES    SHR S  %CPU  %MEM     TIME+ COMMAND

top - 14:15:27 up 9 days, 22:29,  1 user,  load average: 0.35, 0.26, 0.28
Tasks: 210 total,   1 running, 209 sleeping,   0 stopped,   0 zombie
%Cpu(s):  1.9 us,  1.9 sy,  0.0 ni, 96.3 id,  0.0 wa,  0.0 hi,  0.0 si,  0.0 st
MiB Mem :   3844.2 total,    156.6 free,    586.0 used,   3101.6 buff/cache
MiB Swap:   3980.0 total,   3975.9 free,      4.1 used.   2976.4 avail Mem 

    PID USER      PR  NI    VIRT    RES    SHR S  %CPU  %MEM     TIME+ COMMAND
    937 www-data  20   0   26028  20328   4156 S   0.0   0.5  35:57.81 nginx

top - 14:15:28 up 9 days, 22:29,  1 user,  load average: 0.35, 0.26, 0.28
Tasks: 210 total,   1 running, 209 sleeping,   0 stopped,   0 zombie
%Cpu(s):  9.3 us,  1.9 sy,  0.0 ni, 88.8 id,  0.0 wa,  0.0 hi,  0.0 si,  0.0 st
MiB Mem :   3844.2 total,    164.2 free,    578.4 used,   3101.6 buff/cache
MiB Swap:   3980.0 total,   3975.9 free,      4.1 used.   2984.1 avail Mem 

    PID USER      PR  NI    VIRT    RES    SHR S  %CPU  %MEM     TIME+ COMMAND

top - 14:15:28 up 9 days, 22:29,  1 user,  load average: 0.32, 0.26, 0.27
Tasks: 210 total,   2 running, 208 sleeping,   0 stopped,   0 zombie
%Cpu(s):  0.9 us,  3.7 sy,  0.0 ni, 95.4 id,  0.0 wa,  0.0 hi,  0.0 si,  0.0 st
MiB Mem :   3844.2 total,    164.2 free,    578.4 used,   3101.6 buff/cache
MiB Swap:   3980.0 total,   3975.9 free,      4.1 used.   2984.1 avail Mem 

    PID USER      PR  NI    VIRT    RES    SHR S  %CPU  %MEM     TIME+ COMMAND
    937 www-data  20   0   26028  20328   4156 S   0.0   0.5  35:57.88 nginx

top - 14:15:29 up 9 days, 22:29,  1 user,  load average: 0.32, 0.26, 0.27
Tasks: 210 total,   1 running, 209 sleeping,   0 stopped,   0 zombie
%Cpu(s):  7.4 us,  3.7 sy,  0.0 ni, 88.9 id,  0.0 wa,  0.0 hi,  0.0 si,  0.0 st
MiB Mem :   3844.2 total,    164.2 free,    578.4 used,   3101.6 buff/cache
MiB Swap:   3980.0 total,   3975.9 free,      4.1 used.   2984.1 avail Mem 

    PID USER      PR  NI    VIRT    RES    SHR S  %CPU  %MEM     TIME+ COMMAND

top - 14:15:29 up 9 days, 22:29,  1 user,  load average: 0.32, 0.26, 0.27
Tasks: 210 total,   1 running, 209 sleeping,   0 stopped,   0 zombie
%Cpu(s):  1.9 us,  1.9 sy,  0.0 ni, 96.3 id,  0.0 wa,  0.0 hi,  0.0 si,  0.0 st
MiB Mem :   3844.2 total,    164.2 free,    578.4 used,   3101.6 buff/cache
MiB Swap:   3980.0 total,   3975.9 free,      4.1 used.   2984.1 avail Mem 

    PID USER      PR  NI    VIRT    RES    SHR S  %CPU  %MEM     TIME+ COMMAND
    937 www-data  20   0   26028  20328   4156 S   0.0   0.5  35:57.96 nginx

top - 14:15:30 up 9 days, 22:29,  1 user,  load average: 0.32, 0.26, 0.27
Tasks: 211 total,   2 running, 209 sleeping,   0 stopped,   0 zombie
%Cpu(s): 13.1 us, 10.3 sy,  0.9 ni, 64.5 id, 11.2 wa,  0.0 hi,  0.0 si,  0.0 st
MiB Mem :   3844.2 total,    164.2 free,    578.4 used,   3101.6 buff/cache
MiB Swap:   3980.0 total,   3975.9 free,      4.1 used.   2984.1 avail Mem 

    PID USER      PR  NI    VIRT    RES    SHR S  %CPU  %MEM     TIME+ COMMAND

top - 14:15:31 up 9 days, 22:29,  1 user,  load average: 0.32, 0.26, 0.27
Tasks: 211 total,   1 running, 210 sleeping,   0 stopped,   0 zombie
%Cpu(s):  3.7 us,  7.4 sy, 11.1 ni, 77.8 id,  0.0 wa,  0.0 hi,  0.0 si,  0.0 st
MiB Mem :   3844.2 total,    164.2 free,    578.4 used,   3101.6 buff/cache
MiB Swap:   3980.0 total,   3975.9 free,      4.1 used.   2984.1 avail Mem 

    PID USER      PR  NI    VIRT    RES    SHR S  %CPU  %MEM     TIME+ COMMAND
    937 www-data  20   0   26028  20328   4156 S   0.0   0.5  35:58.03 nginx

top - 14:15:31 up 9 days, 22:29,  1 user,  load average: 0.32, 0.26, 0.27
Tasks: 211 total,   1 running, 210 sleeping,   0 stopped,   0 zombie
%Cpu(s):  5.6 us,  2.8 sy,  0.0 ni, 91.7 id,  0.0 wa,  0.0 hi,  0.0 si,  0.0 st
MiB Mem :   3844.2 total,    164.2 free,    578.4 used,   3101.6 buff/cache
MiB Swap:   3980.0 total,   3975.9 free,      4.1 used.   2984.1 avail Mem 

    PID USER      PR  NI    VIRT    RES    SHR S  %CPU  %MEM     TIME+ COMMAND

top - 14:15:32 up 9 days, 22:29,  1 user,  load average: 0.32, 0.26, 0.27
Tasks: 211 total,   2 running, 209 sleeping,   0 stopped,   0 zombie
%Cpu(s):  5.8 us,  2.9 sy,  0.0 ni, 91.3 id,  0.0 wa,  0.0 hi,  0.0 si,  0.0 st
MiB Mem :   3844.2 total,    164.2 free,    578.4 used,   3101.6 buff/cache
MiB Swap:   3980.0 total,   3975.9 free,      4.1 used.   2984.1 avail Mem 

    PID USER      PR  NI    VIRT    RES    SHR S  %CPU  %MEM     TIME+ COMMAND

top - 14:15:32 up 9 days, 22:29,  1 user,  load average: 0.32, 0.26, 0.27
Tasks: 211 total,   1 running, 210 sleeping,   0 stopped,   0 zombie
%Cpu(s):  1.9 us,  4.7 sy,  0.0 ni, 92.5 id,  0.9 wa,  0.0 hi,  0.0 si,  0.0 st
MiB Mem :   3844.2 total,    164.2 free,    578.4 used,   3101.6 buff/cache
MiB Swap:   3980.0 total,   3975.9 free,      4.1 used.   2984.1 avail Mem 

    PID USER      PR  NI    VIRT    RES    SHR S  %CPU  %MEM     TIME+ COMMAND

top - 14:15:33 up 9 days, 22:29,  1 user,  load average: 0.32, 0.26, 0.27
Tasks: 211 total,   1 running, 210 sleeping,   0 stopped,   0 zombie
%Cpu(s):  9.2 us,  1.8 sy,  0.0 ni, 89.0 id,  0.0 wa,  0.0 hi,  0.0 si,  0.0 st
MiB Mem :   3844.2 total,    164.2 free,    578.4 used,   3101.6 buff/cache
MiB Swap:   3980.0 total,   3975.9 free,      4.1 used.   2984.1 avail Mem 

    PID USER      PR  NI    VIRT    RES    SHR S  %CPU  %MEM     TIME+ COMMAND

top - 14:15:33 up 9 days, 22:29,  1 user,  load average: 0.32, 0.26, 0.27
Tasks: 211 total,   1 running, 210 sleeping,   0 stopped,   0 zombie
%Cpu(s):  1.9 us,  1.9 sy,  0.0 ni, 96.3 id,  0.0 wa,  0.0 hi,  0.0 si,  0.0 st
MiB Mem :   3844.2 total,    164.2 free,    578.4 used,   3101.6 buff/cache
MiB Swap:   3980.0 total,   3975.9 free,      4.1 used.   2984.1 avail Mem 

    PID USER      PR  NI    VIRT    RES    SHR S  %CPU  %MEM     TIME+ COMMAND
    937 www-data  20   0   26028  20328   4156 S   0.0   0.5  35:58.22 nginx

top - 14:15:34 up 9 days, 22:29,  1 user,  load average: 0.30, 0.25, 0.27
Tasks: 211 total,   1 running, 210 sleeping,   0 stopped,   0 zombie
%Cpu(s):  8.3 us,  2.8 sy,  0.0 ni, 88.9 id,  0.0 wa,  0.0 hi,  0.0 si,  0.0 st
MiB Mem :   3844.2 total,    164.2 free,    578.4 used,   3101.6 buff/cache
MiB Swap:   3980.0 total,   3975.9 free,      4.1 used.   2984.1 avail Mem 

    PID USER      PR  NI    VIRT    RES    SHR S  %CPU  %MEM     TIME+ COMMAND

top - 14:15:34 up 9 days, 22:29,  1 user,  load average: 0.30, 0.25, 0.27
Tasks: 211 total,   1 running, 210 sleeping,   0 stopped,   0 zombie
%Cpu(s):  0.9 us,  2.8 sy,  0.0 ni, 96.3 id,  0.0 wa,  0.0 hi,  0.0 si,  0.0 st
MiB Mem :   3844.2 total,    164.2 free,    578.4 used,   3101.6 buff/cache
MiB Swap:   3980.0 total,   3975.9 free,      4.1 used.   2984.1 avail Mem 

    PID USER      PR  NI    VIRT    RES    SHR S  %CPU  %MEM     TIME+ COMMAND
    937 www-data  20   0   26028  20328   4156 S   0.0   0.5  35:58.29 nginx

top - 14:15:35 up 9 days, 22:29,  1 user,  load average: 0.30, 0.25, 0.27
Tasks: 214 total,   3 running, 211 sleeping,   0 stopped,   0 zombie
%Cpu(s):  8.7 us,  5.8 sy,  0.0 ni, 85.4 id,  0.0 wa,  0.0 hi,  0.0 si,  0.0 st
MiB Mem :   3844.2 total,    164.2 free,    578.4 used,   3101.6 buff/cache
MiB Swap:   3980.0 total,   3975.9 free,      4.1 used.   2984.1 avail Mem 

    PID USER      PR  NI    VIRT    RES    SHR S  %CPU  %MEM     TIME+ COMMAND

top - 14:15:35 up 9 days, 22:29,  1 user,  load average: 0.30, 0.25, 0.27
Tasks: 211 total,   1 running, 210 sleeping,   0 stopped,   0 zombie
%Cpu(s):  2.8 us,  3.7 sy,  2.8 ni, 72.0 id, 18.7 wa,  0.0 hi,  0.0 si,  0.0 st
MiB Mem :   3844.2 total,    164.2 free,    578.4 used,   3101.6 buff/cache
MiB Swap:   3980.0 total,   3975.9 free,      4.1 used.   2984.1 avail Mem 

    PID USER      PR  NI    VIRT    RES    SHR S  %CPU  %MEM     TIME+ COMMAND
    937 www-data  20   0   26028  20328   4156 S   0.0   0.5  35:58.37 nginx

top - 14:15:36 up 9 days, 22:29,  1 user,  load average: 0.30, 0.25, 0.27
Tasks: 211 total,   1 running, 210 sleeping,   0 stopped,   0 zombie
%Cpu(s):  8.3 us,  2.8 sy,  0.0 ni, 88.9 id,  0.0 wa,  0.0 hi,  0.0 si,  0.0 st
MiB Mem :   3844.2 total,    164.2 free,    578.4 used,   3101.6 buff/cache
MiB Swap:   3980.0 total,   3975.9 free,      4.1 used.   2984.1 avail Mem 

    PID USER      PR  NI    VIRT    RES    SHR S  %CPU  %MEM     TIME+ COMMAND

top - 14:15:36 up 9 days, 22:29,  1 user,  load average: 0.30, 0.25, 0.27
Tasks: 211 total,   1 running, 210 sleeping,   0 stopped,   0 zombie
%Cpu(s):  0.9 us,  2.8 sy,  0.0 ni, 96.3 id,  0.0 wa,  0.0 hi,  0.0 si,  0.0 st
MiB Mem :   3844.2 total,    164.2 free,    578.4 used,   3101.6 buff/cache
MiB Swap:   3980.0 total,   3975.9 free,      4.1 used.   2984.1 avail Mem 

    PID USER      PR  NI    VIRT    RES    SHR S  %CPU  %MEM     TIME+ COMMAND
    937 www-data  20   0   26028  20328   4156 S   0.0   0.5  35:58.44 nginx

top - 14:15:37 up 9 days, 22:29,  1 user,  load average: 0.30, 0.25, 0.27
Tasks: 211 total,   1 running, 210 sleeping,   0 stopped,   0 zombie
%Cpu(s):  8.4 us,  3.7 sy,  0.0 ni, 87.9 id,  0.0 wa,  0.0 hi,  0.0 si,  0.0 st
MiB Mem :   3844.2 total,    164.2 free,    578.3 used,   3101.6 buff/cache
MiB Swap:   3980.0 total,   3975.9 free,      4.1 used.   2984.1 avail Mem 

    PID USER      PR  NI    VIRT    RES    SHR S  %CPU  %MEM     TIME+ COMMAND

top - 14:15:38 up 9 days, 22:29,  1 user,  load average: 0.30, 0.25, 0.27
Tasks: 211 total,   2 running, 209 sleeping,   0 stopped,   0 zombie
%Cpu(s):  5.5 us,  1.8 sy,  0.0 ni, 92.7 id,  0.0 wa,  0.0 hi,  0.0 si,  0.0 st
MiB Mem :   3844.2 total,    164.2 free,    578.3 used,   3101.6 buff/cache
MiB Swap:   3980.0 total,   3975.9 free,      4.1 used.   2984.1 avail Mem 

    PID USER      PR  NI    VIRT    RES    SHR S  %CPU  %MEM     TIME+ COMMAND

top - 14:15:38 up 9 days, 22:29,  1 user,  load average: 0.30, 0.25, 0.27
Tasks: 211 total,   1 running, 210 sleeping,   0 stopped,   0 zombie
%Cpu(s):  0.9 us,  3.7 sy,  0.0 ni, 95.4 id,  0.0 wa,  0.0 hi,  0.0 si,  0.0 st
MiB Mem :   3844.2 total,    164.2 free,    578.3 used,   3101.6 buff/cache
MiB Swap:   3980.0 total,   3975.9 free,      4.1 used.   2984.1 avail Mem 

    PID USER      PR  NI    VIRT    RES    SHR S  %CPU  %MEM     TIME+ COMMAND

top - 14:15:39 up 9 days, 22:29,  1 user,  load average: 0.27, 0.25, 0.27
Tasks: 211 total,   1 running, 210 sleeping,   0 stopped,   0 zombie
%Cpu(s):  6.5 us,  3.7 sy,  0.0 ni, 89.8 id,  0.0 wa,  0.0 hi,  0.0 si,  0.0 st
MiB Mem :   3844.2 total,    164.2 free,    578.3 used,   3101.6 buff/cache
MiB Swap:   3980.0 total,   3975.9 free,      4.1 used.   2984.1 avail Mem 

    PID USER      PR  NI    VIRT    RES    SHR S  %CPU  %MEM     TIME+ COMMAND

top - 14:15:39 up 9 days, 22:29,  1 user,  load average: 0.27, 0.25, 0.27
Tasks: 211 total,   2 running, 209 sleeping,   0 stopped,   0 zombie
%Cpu(s):  0.9 us,  2.8 sy,  0.0 ni, 96.2 id,  0.0 wa,  0.0 hi,  0.0 si,  0.0 st
MiB Mem :   3844.2 total,    164.2 free,    578.3 used,   3101.6 buff/cache
MiB Swap:   3980.0 total,   3975.9 free,      4.1 used.   2984.1 avail Mem 

    PID USER      PR  NI    VIRT    RES    SHR S  %CPU  %MEM     TIME+ COMMAND
    937 www-data  20   0   26028  20328   4156 S   0.0   0.5  35:58.62 nginx

top - 14:15:40 up 9 days, 22:29,  1 user,  load average: 0.27, 0.25, 0.27
Tasks: 211 total,   2 running, 209 sleeping,   0 stopped,   0 zombie
%Cpu(s):  7.5 us,  2.8 sy,  0.0 ni, 89.7 id,  0.0 wa,  0.0 hi,  0.0 si,  0.0 st
MiB Mem :   3844.2 total,    164.2 free,    578.3 used,   3101.6 buff/cache
MiB Swap:   3980.0 total,   3975.9 free,      4.1 used.   2984.1 avail Mem 

    PID USER      PR  NI    VIRT    RES    SHR S  %CPU  %MEM     TIME+ COMMAND

top - 14:15:40 up 9 days, 22:29,  1 user,  load average: 0.27, 0.25, 0.27
Tasks: 211 total,   1 running, 210 sleeping,   0 stopped,   0 zombie
%Cpu(s):  3.7 us, 10.1 sy,  2.8 ni, 71.6 id, 11.9 wa,  0.0 hi,  0.0 si,  0.0 st
MiB Mem :   3844.2 total,    164.2 free,    578.3 used,   3101.6 buff/cache
MiB Swap:   3980.0 total,   3975.9 free,      4.1 used.   2984.1 avail Mem 

    PID USER      PR  NI    VIRT    RES    SHR S  %CPU  %MEM     TIME+ COMMAND
    937 www-data  20   0   26028  20328   4156 S   0.0   0.5  35:58.69 nginx

top - 14:15:41 up 9 days, 22:29,  1 user,  load average: 0.27, 0.25, 0.27
Tasks: 211 total,   2 running, 208 sleeping,   0 stopped,   1 zombie
%Cpu(s):  8.6 us,  5.7 sy,  1.0 ni, 84.8 id,  0.0 wa,  0.0 hi,  0.0 si,  0.0 st
MiB Mem :   3844.2 total,    164.2 free,    578.3 used,   3101.6 buff/cache
MiB Swap:   3980.0 total,   3975.9 free,      4.1 used.   2984.1 avail Mem 

    PID USER      PR  NI    VIRT    RES    SHR S  %CPU  %MEM     TIME+ COMMAND

top - 14:15:41 up 9 days, 22:29,  1 user,  load average: 0.27, 0.25, 0.27
Tasks: 210 total,   1 running, 209 sleeping,   0 stopped,   0 zombie
%Cpu(s):  0.0 us,  4.6 sy,  0.0 ni, 95.4 id,  0.0 wa,  0.0 hi,  0.0 si,  0.0 st
MiB Mem :   3844.2 total,    164.2 free,    578.3 used,   3101.6 buff/cache
MiB Swap:   3980.0 total,   3975.9 free,      4.1 used.   2984.1 avail Mem 

    PID USER      PR  NI    VIRT    RES    SHR S  %CPU  %MEM     TIME+ COMMAND
    937 www-data  20   0   26028  20328   4156 S   0.0   0.5  35:58.77 nginx

top - 14:15:42 up 9 days, 22:29,  1 user,  load average: 0.27, 0.25, 0.27
Tasks: 210 total,   1 running, 209 sleeping,   0 stopped,   0 zombie
%Cpu(s):  8.3 us,  3.7 sy,  0.0 ni, 88.0 id,  0.0 wa,  0.0 hi,  0.0 si,  0.0 st
MiB Mem :   3844.2 total,    164.2 free,    578.3 used,   3101.6 buff/cache
MiB Swap:   3980.0 total,   3975.9 free,      4.1 used.   2984.1 avail Mem 

    PID USER      PR  NI    VIRT    RES    SHR S  %CPU  %MEM     TIME+ COMMAND

top - 14:15:42 up 9 days, 22:29,  1 user,  load average: 0.27, 0.25, 0.27
Tasks: 210 total,   1 running, 209 sleeping,   0 stopped,   0 zombie
%Cpu(s):  1.9 us,  1.9 sy,  0.0 ni, 96.3 id,  0.0 wa,  0.0 hi,  0.0 si,  0.0 st
MiB Mem :   3844.2 total,    164.2 free,    578.3 used,   3101.6 buff/cache
MiB Swap:   3980.0 total,   3975.9 free,      4.1 used.   2984.1 avail Mem 

    PID USER      PR  NI    VIRT    RES    SHR S  %CPU  %MEM     TIME+ COMMAND
    937 www-data  20   0   26028  20328   4156 S   0.0   0.5  35:58.84 nginx

top - 14:15:43 up 9 days, 22:29,  1 user,  load average: 0.27, 0.25, 0.27
Tasks: 210 total,   1 running, 209 sleeping,   0 stopped,   0 zombie
%Cpu(s):  2.8 us,  3.7 sy,  0.0 ni, 93.5 id,  0.0 wa,  0.0 hi,  0.0 si,  0.0 st
MiB Mem :   3844.2 total,    164.2 free,    578.3 used,   3101.6 buff/cache
MiB Swap:   3980.0 total,   3975.9 free,      4.1 used.   2984.1 avail Mem 

    PID USER      PR  NI    VIRT    RES    SHR S  %CPU  %MEM     TIME+ COMMAND
    937 www-data  20   0   26028  20328   4156 S   0.0   0.5  35:58.84 nginx

top - 14:15:44 up 9 days, 22:29,  1 user,  load average: 0.25, 0.25, 0.27
Tasks: 210 total,   1 running, 209 sleeping,   0 stopped,   0 zombie
%Cpu(s):  0.9 us,  1.9 sy,  0.0 ni, 97.2 id,  0.0 wa,  0.0 hi,  0.0 si,  0.0 st
MiB Mem :   3844.2 total,    164.2 free,    578.3 used,   3101.6 buff/cache
MiB Swap:   3980.0 total,   3975.9 free,      4.1 used.   2984.1 avail Mem 

    PID USER      PR  NI    VIRT    RES    SHR S  %CPU  %MEM     TIME+ COMMAND
    937 www-data  20   0   26028  20328   4156 S   0.0   0.5  35:58.84 nginx

top - 14:15:44 up 9 days, 22:29,  1 user,  load average: 0.25, 0.25, 0.27
Tasks: 210 total,   1 running, 209 sleeping,   0 stopped,   0 zombie
%Cpu(s):  1.9 us,  2.8 sy,  0.0 ni, 95.4 id,  0.0 wa,  0.0 hi,  0.0 si,  0.0 st
MiB Mem :   3844.2 total,    164.2 free,    578.3 used,   3101.6 buff/cache
MiB Swap:   3980.0 total,   3975.9 free,      4.1 used.   2984.1 avail Mem 

    PID USER      PR  NI    VIRT    RES    SHR S  %CPU  %MEM     TIME+ COMMAND
    937 www-data  20   0   26028  20328   4156 S   0.0   0.5  35:58.84 nginx

top - 14:15:45 up 9 days, 22:29,  1 user,  load average: 0.25, 0.25, 0.27
Tasks: 210 total,   1 running, 209 sleeping,   0 stopped,   0 zombie
%Cpu(s):  2.8 us,  1.8 sy,  0.0 ni, 95.4 id,  0.0 wa,  0.0 hi,  0.0 si,  0.0 st
MiB Mem :   3844.2 total,    164.2 free,    578.3 used,   3101.6 buff/cache
MiB Swap:   3980.0 total,   3975.9 free,      4.1 used.   2984.1 avail Mem 

    PID USER      PR  NI    VIRT    RES    SHR S  %CPU  %MEM     TIME+ COMMAND
    937 www-data  20   0   26028  20328   4156 S   0.0   0.5  35:58.84 nginx
