top - 14:17:21 up 9 days, 22:31,  1 user,  load average: 0.70, 0.40, 0.32
Tasks: 211 total,   2 running, 209 sleeping,   0 stopped,   0 zombie
%Cpu(s): 45.0 us, 15.0 sy,  2.5 ni,  5.0 id, 32.5 wa,  0.0 hi,  0.0 si,  0.0 st
MiB Mem :   3844.2 total,    174.2 free,    567.6 used,   3102.4 buff/cache
MiB Swap:   3980.0 total,   3975.9 free,      4.1 used.   2994.8 avail Mem 

    PID USER      PR  NI    VIRT    RES    SHR S  %CPU  %MEM     TIME+ COMMAND
    937 www-data  20   0   26028  20328   4156 R  73.7   0.5  36:58.51 nginx

top - 14:17:22 up 9 days, 22:31,  1 user,  load average: 0.70, 0.40, 0.32
Tasks: 211 total,   1 running, 210 sleeping,   0 stopped,   0 zombie
%Cpu(s): 39.8 us,  3.9 sy,  0.0 ni, 56.3 id,  0.0 wa,  0.0 hi,  0.0 si,  0.0 st
MiB Mem :   3844.2 total,    174.2 free,    567.6 used,   3102.4 buff/cache
MiB Swap:   3980.0 total,   3975.9 free,      4.1 used.   2994.8 avail Mem 

    PID USER      PR  NI    VIRT    RES    SHR S  %CPU  %MEM     TIME+ COMMAND
    937 www-data  20   0   26028  20328   4156 S  82.7   0.5  36:58.94 nginx

top - 14:17:22 up 9 days, 22:31,  1 user,  load average: 0.70, 0.40, 0.32
Tasks: 211 total,   2 running, 209 sleeping,   0 stopped,   0 zombie
%Cpu(s): 41.7 us,  1.9 sy,  0.0 ni, 56.3 id,  0.0 wa,  0.0 hi,  0.0 si,  0.0 st
MiB Mem :   3844.2 total,    174.2 free,    567.6 used,   3102.4 buff/cache
MiB Swap:   3980.0 total,   3975.9 free,      4.1 used.   2994.8 avail Mem 

    PID USER      PR  NI    VIRT    RES    SHR S  %CPU  %MEM     TIME+ COMMAND
    937 www-data  20   0   26028  20328   4156 R  75.9   0.5  36:59.35 nginx

top - 14:17:23 up 9 days, 22:31,  1 user,  load average: 0.70, 0.40, 0.32
Tasks: 211 total,   1 running, 210 sleeping,   0 stopped,   0 zombie
%Cpu(s): 36.9 us,  2.9 sy,  0.0 ni, 59.2 id,  0.0 wa,  0.0 hi,  1.0 si,  0.0 st
MiB Mem :   3844.2 total,    174.2 free,    567.6 used,   3102.4 buff/cache
MiB Swap:   3980.0 total,   3975.9 free,      4.1 used.   2994.8 avail Mem 

    PID USER      PR  NI    VIRT    RES    SHR S  %CPU  %MEM     TIME+ COMMAND
    937 www-data  20   0   26028  20328   4156 S  75.5   0.5  36:59.75 nginx

top - 14:17:23 up 9 days, 22:31,  1 user,  load average: 0.70, 0.40, 0.32
Tasks: 211 total,   2 running, 209 sleeping,   0 stopped,   0 zombie
%Cpu(s): 44.2 us,  3.8 sy,  0.0 ni, 51.9 id,  0.0 wa,  0.0 hi,  0.0 si,  0.0 st
MiB Mem :   3844.2 total,    174.2 free,    567.6 used,   3102.4 buff/cache
MiB Swap:   3980.0 total,   3975.9 free,      4.1 used.   2994.8 avail Mem 

    PID USER      PR  NI    VIRT    RES    SHR S  %CPU  %MEM     TIME+ COMMAND
    937 www-data  20   0   26028  20328   4156 R  86.5   0.5  37:00.20 nginx

top - 14:17:24 up 9 days, 22:31,  1 user,  load average: 0.72, 0.41, 0.32
Tasks: 211 total,   2 running, 209 sleeping,   0 stopped,   0 zombie
%Cpu(s): 40.6 us,  4.7 sy,  0.0 ni, 54.7 id,  0.0 wa,  0.0 hi,  0.0 si,  0.0 st
MiB Mem :   3844.2 total,    173.9 free,    567.8 used,   3102.4 buff/cache
MiB Swap:   3980.0 total,   3975.9 free,      4.1 used.   2994.6 avail Mem 

    PID USER      PR  NI    VIRT    RES    SHR S  %CPU  %MEM     TIME+ COMMAND
    937 www-data  20   0   26028  20328   4156 R  79.6   0.5  37:00.63 nginx

top - 14:17:25 up 9 days, 22:31,  1 user,  load average: 0.72, 0.41, 0.32
Tasks: 211 total,   1 running, 210 sleeping,   0 stopped,   0 zombie
%Cpu(s): 41.5 us,  4.7 sy,  0.0 ni, 53.8 id,  0.0 wa,  0.0 hi,  0.0 si,  0.0 st
MiB Mem :   3844.2 total,    173.9 free,    567.8 used,   3102.4 buff/cache
MiB Swap:   3980.0 total,   3975.9 free,      4.1 used.   2994.6 avail Mem 

    PID USER      PR  NI    VIRT    RES    SHR S  %CPU  %MEM     TIME+ COMMAND
    937 www-data  20   0   26028  20328   4156 S  87.0   0.5  37:01.10 nginx

top - 14:17:25 up 9 days, 22:31,  1 user,  load average: 0.72, 0.41, 0.32
Tasks: 211 total,   2 running, 209 sleeping,   0 stopped,   0 zombie
%Cpu(s): 40.6 us,  3.8 sy,  0.0 ni, 55.7 id,  0.0 wa,  0.0 hi,  0.0 si,  0.0 st
MiB Mem :   3844.2 total,    173.9 free,    567.8 used,   3102.4 buff/cache
MiB Swap:   3980.0 total,   3975.9 free,      4.1 used.   2994.6 avail Mem 

    PID USER      PR  NI    VIRT    RES    SHR S  %CPU  %MEM     TIME+ COMMAND
    937 www-data  20   0   26028  20328   4156 R  77.8   0.5  37:01.52 nginx

top - 14:17:26 up 9 days, 22:31,  1 user,  load average: 0.72, 0.41, 0.32
Tasks: 211 total,   2 running, 209 sleeping,   0 stopped,   0 zombie
%Cpu(s): 41.7 us,  3.7 sy,  0.0 ni, 53.7 id,  0.0 wa,  0.0 hi,  0.9 si,  0.0 st
MiB Mem :   3844.2 total,    173.9 free,    567.8 used,   3102.4 buff/cache
MiB Swap:   3980.0 total,   3975.9 free,      4.1 used.   2994.6 avail Mem 

    PID USER      PR  NI    VIRT    RES    SHR S  %CPU  %MEM     TIME+ COMMAND
    937 www-data  20   0   26028  20328   4156 R  85.2   0.5  37:01.98 nginx

top - 14:17:26 up 9 days, 22:31,  1 user,  load average: 0.72, 0.41, 0.32
Tasks: 210 total,   2 running, 208 sleeping,   0 stopped,   0 zombie
%Cpu(s): 41.0 us,  3.8 sy,  0.0 ni, 55.2 id,  0.0 wa,  0.0 hi,  0.0 si,  0.0 st
MiB Mem :   3844.2 total,    173.9 free,    567.8 used,   3102.4 buff/cache
MiB Swap:   3980.0 total,   3975.9 free,      4.1 used.   2994.6 avail Mem 

    PID USER      PR  NI    VIRT    RES    SHR S  %CPU  %MEM     TIME+ COMMAND
    937 www-data  20   0   26028  20328   4156 S  83.3   0.5  37:02.43 nginx

top - 14:17:27 up 9 days, 22:31,  1 user,  load average: 0.72, 0.41, 0.32
Tasks: 211 total,   3 running, 208 sleeping,   0 stopped,   0 zombie
%Cpu(s): 45.9 us,  8.3 sy,  3.7 ni, 42.2 id,  0.0 wa,  0.0 hi,  0.0 si,  0.0 st
MiB Mem :   3844.2 total,    173.4 free,    568.3 used,   3102.4 buff/cache
MiB Swap:   3980.0 total,   3975.9 free,      4.1 used.   2994.1 avail Mem 

    PID USER      PR  NI    VIRT    RES    SHR S  %CPU  %MEM     TIME+ COMMAND
    937 www-data  20   0   26028  20328   4156 R  85.2   0.5  37:02.89 nginx

top - 14:17:27 up 9 days, 22:31,  1 user,  load average: 0.72, 0.41, 0.32
Tasks: 210 total,   2 running, 208 sleeping,   0 stopped,   0 zombie
%Cpu(s): 38.3 us,  5.6 sy,  0.0 ni, 55.1 id,  0.0 wa,  0.0 hi,  0.9 si,  0.0 st
MiB Mem :   3844.2 total,    173.4 free,    568.3 used,   3102.4 buff/cache
MiB Swap:   3980.0 total,   3975.9 free,      4.1 used.   2994.1 avail Mem 

    PID USER      PR  NI    VIRT    RES    SHR S  %CPU  %MEM     TIME+ COMMAND
    937 www-data  20   0   26028  20328   4156 R  72.7   0.5  37:03.29 nginx

top - 14:17:28 up 9 days, 22:31,  1 user,  load average: 0.72, 0.41, 0.32
Tasks: 210 total,   1 running, 209 sleeping,   0 stopped,   0 zombie
%Cpu(s): 41.1 us,  3.7 sy,  0.0 ni, 55.1 id,  0.0 wa,  0.0 hi,  0.0 si,  0.0 st
MiB Mem :   3844.2 total,    173.4 free,    568.3 used,   3102.4 buff/cache
MiB Swap:   3980.0 total,   3975.9 free,      4.1 used.   2994.1 avail Mem 

    PID USER      PR  NI    VIRT    RES    SHR S  %CPU  %MEM     TIME+ COMMAND
    937 www-data  20   0   26028  20328   4156 S  83.3   0.5  37:03.74 nginx

top - 14:17:28 up 9 days, 22:31,  1 user,  load average: 0.72, 0.41, 0.32
Tasks: 210 total,   2 running, 208 sleeping,   0 stopped,   0 zombie
%Cpu(s): 40.7 us,  3.7 sy,  0.0 ni, 54.6 id,  0.0 wa,  0.0 hi,  0.9 si,  0.0 st
MiB Mem :   3844.2 total,    173.4 free,    568.3 used,   3102.4 buff/cache
MiB Swap:   3980.0 total,   3975.9 free,      4.1 used.   2994.1 avail Mem 

    PID USER      PR  NI    VIRT    RES    SHR S  %CPU  %MEM     TIME+ COMMAND
    937 www-data  20   0   26028  20328   4156 R  80.0   0.5  37:04.18 nginx

top - 14:17:29 up 9 days, 22:31,  1 user,  load average: 0.74, 0.42, 0.33
Tasks: 210 total,   2 running, 208 sleeping,   0 stopped,   0 zombie
%Cpu(s): 40.4 us,  4.6 sy,  0.0 ni, 54.1 id,  0.0 wa,  0.0 hi,  0.9 si,  0.0 st
MiB Mem :   3844.2 total,    173.4 free,    568.3 used,   3102.4 buff/cache
MiB Swap:   3980.0 total,   3975.9 free,      4.1 used.   2994.1 avail Mem 

    PID USER      PR  NI    VIRT    RES    SHR S  %CPU  %MEM     TIME+ COMMAND
    937 www-data  20   0   26028  20328   4156 R  81.5   0.5  37:04.62 nginx

top - 14:17:29 up 9 days, 22:31,  1 user,  load average: 0.74, 0.42, 0.33
Tasks: 210 total,   2 running, 208 sleeping,   0 stopped,   0 zombie
%Cpu(s): 43.0 us,  4.7 sy,  0.0 ni, 52.3 id,  0.0 wa,  0.0 hi,  0.0 si,  0.0 st
MiB Mem :   3844.2 total,    173.4 free,    568.3 used,   3102.4 buff/cache
MiB Swap:   3980.0 total,   3975.9 free,      4.1 used.   2994.1 avail Mem 

    PID USER      PR  NI    VIRT    RES    SHR S  %CPU  %MEM     TIME+ COMMAND
    937 www-data  20   0   26028  20328   4156 R  88.9   0.5  37:05.10 nginx

top - 14:17:30 up 9 days, 22:31,  1 user,  load average: 0.74, 0.42, 0.33
Tasks: 210 total,   2 running, 208 sleeping,   0 stopped,   0 zombie
%Cpu(s): 43.7 us,  2.9 sy,  0.0 ni, 52.4 id,  0.0 wa,  0.0 hi,  1.0 si,  0.0 st
MiB Mem :   3844.2 total,    173.4 free,    568.3 used,   3102.5 buff/cache
MiB Swap:   3980.0 total,   3975.9 free,      4.1 used.   2994.2 avail Mem 

    PID USER      PR  NI    VIRT    RES    SHR S  %CPU  %MEM     TIME+ COMMAND
    937 www-data  20   0   26028  20328   4156 R  79.6   0.5  37:05.53 nginx

top - 14:17:30 up 9 days, 22:31,  1 user,  load average: 0.74, 0.42, 0.33
Tasks: 210 total,   2 running, 208 sleeping,   0 stopped,   0 zombie
%Cpu(s): 40.2 us,  2.8 sy,  0.0 ni, 56.1 id,  0.0 wa,  0.0 hi,  0.9 si,  0.0 st
MiB Mem :   3844.2 total,    173.4 free,    568.3 used,   3102.5 buff/cache
MiB Swap:   3980.0 total,   3975.9 free,      4.1 used.   2994.2 avail Mem 

    PID USER      PR  NI    VIRT    RES    SHR S  %CPU  %MEM     TIME+ COMMAND
    937 www-data  20   0   26028  20328   4156 R  84.6   0.5  37:05.97 nginx

top - 14:17:31 up 9 days, 22:31,  1 user,  load average: 0.74, 0.42, 0.33
Tasks: 210 total,   1 running, 209 sleeping,   0 stopped,   0 zombie
%Cpu(s): 38.2 us,  4.5 sy,  0.0 ni, 56.4 id,  0.0 wa,  0.0 hi,  0.9 si,  0.0 st
MiB Mem :   3844.2 total,    173.4 free,    568.3 used,   3102.5 buff/cache
MiB Swap:   3980.0 total,   3975.9 free,      4.1 used.   2994.2 avail Mem 

    PID USER      PR  NI    VIRT    RES    SHR S  %CPU  %MEM     TIME+ COMMAND
    937 www-data  20   0   26028  20328   4156 S  76.4   0.5  37:06.39 nginx

top - 14:17:32 up 9 days, 22:31,  1 user,  load average: 0.74, 0.42, 0.33
Tasks: 211 total,   3 running, 208 sleeping,   0 stopped,   0 zombie
%Cpu(s): 49.5 us, 10.5 sy,  3.8 ni, 25.7 id, 10.5 wa,  0.0 hi,  0.0 si,  0.0 st
MiB Mem :   3844.2 total,    173.4 free,    568.3 used,   3102.5 buff/cache
MiB Swap:   3980.0 total,   3975.9 free,      4.1 used.   2994.2 avail Mem 

    PID USER      PR  NI    VIRT    RES    SHR S  %CPU  %MEM     TIME+ COMMAND
    937 www-data  20   0   26028  20328   4156 R  90.7   0.5  37:06.88 nginx

top - 14:17:32 up 9 days, 22:31,  1 user,  load average: 0.74, 0.42, 0.33
Tasks: 211 total,   2 running, 209 sleeping,   0 stopped,   0 zombie
%Cpu(s): 38.7 us,  7.2 sy,  7.2 ni, 43.2 id,  1.8 wa,  0.0 hi,  1.8 si,  0.0 st
MiB Mem :   3844.2 total,    173.4 free,    568.3 used,   3102.5 buff/cache
MiB Swap:   3980.0 total,   3975.9 free,      4.1 used.   2994.2 avail Mem 

    PID USER      PR  NI    VIRT    RES    SHR S  %CPU  %MEM     TIME+ COMMAND
    937 www-data  20   0   26028  20328   4156 R  72.2   0.5  37:07.27 nginx

top - 14:17:33 up 9 days, 22:31,  1 user,  load average: 0.74, 0.42, 0.33
Tasks: 211 total,   1 running, 210 sleeping,   0 stopped,   0 zombie
%Cpu(s): 44.9 us,  3.7 sy,  0.0 ni, 51.4 id,  0.0 wa,  0.0 hi,  0.0 si,  0.0 st
MiB Mem :   3844.2 total,    173.4 free,    568.2 used,   3102.5 buff/cache
MiB Swap:   3980.0 total,   3975.9 free,      4.1 used.   2994.2 avail Mem 

    PID USER      PR  NI    VIRT    RES    SHR S  %CPU  %MEM     TIME+ COMMAND
    937 www-data  20   0   26028  20328   4156 S  88.9   0.5  37:07.75 nginx

top - 14:17:33 up 9 days, 22:31,  1 user,  load average: 0.74, 0.42, 0.33
Tasks: 211 total,   2 running, 209 sleeping,   0 stopped,   0 zombie
%Cpu(s): 39.4 us,  3.7 sy,  0.0 ni, 56.0 id,  0.0 wa,  0.0 hi,  0.9 si,  0.0 st
MiB Mem :   3844.2 total,    173.4 free,    568.2 used,   3102.5 buff/cache
MiB Swap:   3980.0 total,   3975.9 free,      4.1 used.   2994.2 avail Mem 

    PID USER      PR  NI    VIRT    RES    SHR S  %CPU  %MEM     TIME+ COMMAND
    937 www-data  20   0   26028  20328   4156 R  74.5   0.5  37:08.16 nginx

top - 14:17:34 up 9 days, 22:31,  1 user,  load average: 0.76, 0.43, 0.33
Tasks: 211 total,   2 running, 209 sleeping,   0 stopped,   0 zombie
%Cpu(s): 43.0 us,  3.7 sy,  0.0 ni, 53.3 id,  0.0 wa,  0.0 hi,  0.0 si,  0.0 st
MiB Mem :   3844.2 total,    173.4 free,    568.2 used,   3102.5 buff/cache
MiB Swap:   3980.0 total,   3975.9 free,      4.1 used.   2994.2 avail Mem 

    PID USER      PR  NI    VIRT    RES    SHR S  %CPU  %MEM     TIME+ COMMAND
    937 www-data  20   0   26028  20328   4156 R  87.0   0.5  37:08.63 nginx

top - 14:17:34 up 9 days, 22:31,  1 user,  load average: 0.76, 0.43, 0.33
Tasks: 211 total,   2 running, 209 sleeping,   0 stopped,   0 zombie
%Cpu(s): 40.0 us,  1.9 sy,  0.0 ni, 58.1 id,  0.0 wa,  0.0 hi,  0.0 si,  0.0 st
MiB Mem :   3844.2 total,    173.4 free,    568.2 used,   3102.5 buff/cache
MiB Swap:   3980.0 total,   3975.9 free,      4.1 used.   2994.2 avail Mem 

    PID USER      PR  NI    VIRT    RES    SHR S  %CPU  %MEM     TIME+ COMMAND
    937 www-data  20   0   26028  20328   4156 R  77.8   0.5  37:09.05 nginx

top - 14:17:35 up 9 days, 22:31,  1 user,  load average: 0.76, 0.43, 0.33
Tasks: 211 total,   2 running, 209 sleeping,   0 stopped,   0 zombie
%Cpu(s): 43.5 us,  1.9 sy,  0.0 ni, 54.6 id,  0.0 wa,  0.0 hi,  0.0 si,  0.0 st
MiB Mem :   3844.2 total,    173.4 free,    568.2 used,   3102.5 buff/cache
MiB Swap:   3980.0 total,   3975.9 free,      4.1 used.   2994.2 avail Mem 

    PID USER      PR  NI    VIRT    RES    SHR S  %CPU  %MEM     TIME+ COMMAND
    937 www-data  20   0   26028  20328   4156 R  80.0   0.5  37:09.49 nginx

top - 14:17:35 up 9 days, 22:31,  1 user,  load average: 0.76, 0.43, 0.33
Tasks: 211 total,   2 running, 209 sleeping,   0 stopped,   0 zombie
%Cpu(s): 42.1 us,  3.7 sy,  0.0 ni, 54.2 id,  0.0 wa,  0.0 hi,  0.0 si,  0.0 st
MiB Mem :   3844.2 total,    173.4 free,    568.2 used,   3102.5 buff/cache
MiB Swap:   3980.0 total,   3975.9 free,      4.1 used.   2994.2 avail Mem 

    PID USER      PR  NI    VIRT    RES    SHR S  %CPU  %MEM     TIME+ COMMAND
    937 www-data  20   0   26028  20328   4156 R  83.3   0.5  37:09.94 nginx

top - 14:17:36 up 9 days, 22:31,  1 user,  load average: 0.76, 0.43, 0.33
Tasks: 211 total,   2 running, 209 sleeping,   0 stopped,   0 zombie
%Cpu(s): 42.2 us,  2.8 sy,  0.0 ni, 55.0 id,  0.0 wa,  0.0 hi,  0.0 si,  0.0 st
MiB Mem :   3844.2 total,    173.4 free,    568.2 used,   3102.6 buff/cache
MiB Swap:   3980.0 total,   3975.9 free,      4.1 used.   2994.2 avail Mem 

    PID USER      PR  NI    VIRT    RES    SHR S  %CPU  %MEM     TIME+ COMMAND
    937 www-data  20   0   26028  20328   4156 R  85.2   0.5  37:10.40 nginx

top - 14:17:36 up 9 days, 22:31,  1 user,  load average: 0.76, 0.43, 0.33
Tasks: 211 total,   3 running, 208 sleeping,   0 stopped,   0 zombie
%Cpu(s): 44.4 us,  7.4 sy,  0.0 ni, 39.8 id,  7.4 wa,  0.0 hi,  0.9 si,  0.0 st
MiB Mem :   3844.2 total,    173.4 free,    568.2 used,   3102.6 buff/cache
MiB Swap:   3980.0 total,   3975.9 free,      4.1 used.   2994.2 avail Mem 

    PID USER      PR  NI    VIRT    RES    SHR S  %CPU  %MEM     TIME+ COMMAND
    937 www-data  20   0   26028  20328   4156 R  78.2   0.5  37:10.83 nginx

top - 14:17:37 up 9 days, 22:31,  1 user,  load average: 0.76, 0.43, 0.33
Tasks: 211 total,   2 running, 209 sleeping,   0 stopped,   0 zombie
%Cpu(s): 37.7 us,  5.7 sy,  1.9 ni, 43.4 id, 11.3 wa,  0.0 hi,  0.0 si,  0.0 st
MiB Mem :   3844.2 total,    173.4 free,    568.2 used,   3102.6 buff/cache
MiB Swap:   3980.0 total,   3975.9 free,      4.1 used.   2994.2 avail Mem 

    PID USER      PR  NI    VIRT    RES    SHR S  %CPU  %MEM     TIME+ COMMAND
    937 www-data  20   0   26028  20328   4156 R  77.8   0.5  37:11.25 nginx

top - 14:17:38 up 9 days, 22:31,  1 user,  load average: 0.76, 0.43, 0.33
Tasks: 211 total,   2 running, 209 sleeping,   0 stopped,   0 zombie
%Cpu(s): 42.2 us,  4.6 sy,  0.0 ni, 52.3 id,  0.0 wa,  0.0 hi,  0.9 si,  0.0 st
MiB Mem :   3844.2 total,    173.4 free,    568.2 used,   3102.6 buff/cache
MiB Swap:   3980.0 total,   3975.9 free,      4.1 used.   2994.2 avail Mem 

    PID USER      PR  NI    VIRT    RES    SHR S  %CPU  %MEM     TIME+ COMMAND
    937 www-data  20   0   26028  20328   4156 R  83.3   0.5  37:11.70 nginx

top - 14:17:38 up 9 days, 22:31,  1 user,  load average: 0.76, 0.43, 0.33
Tasks: 211 total,   2 running, 209 sleeping,   0 stopped,   0 zombie
%Cpu(s): 39.6 us,  3.8 sy,  0.0 ni, 56.6 id,  0.0 wa,  0.0 hi,  0.0 si,  0.0 st
MiB Mem :   3844.2 total,    173.4 free,    568.2 used,   3102.6 buff/cache
MiB Swap:   3980.0 total,   3975.9 free,      4.1 used.   2994.2 avail Mem 

    PID USER      PR  NI    VIRT    RES    SHR S  %CPU  %MEM     TIME+ COMMAND
    937 www-data  20   0   26028  20328   4156 R  83.3   0.5  37:12.15 nginx

top - 14:17:39 up 9 days, 22:31,  1 user,  load average: 0.78, 0.44, 0.34
Tasks: 211 total,   2 running, 209 sleeping,   0 stopped,   0 zombie
%Cpu(s): 43.0 us,  3.7 sy,  0.0 ni, 53.3 id,  0.0 wa,  0.0 hi,  0.0 si,  0.0 st
MiB Mem :   3844.2 total,    172.9 free,    568.6 used,   3102.6 buff/cache
MiB Swap:   3980.0 total,   3975.9 free,      4.1 used.   2993.8 avail Mem 

    PID USER      PR  NI    VIRT    RES    SHR S  %CPU  %MEM     TIME+ COMMAND
    937 www-data  20   0   26028  20328   4156 R  83.3   0.5  37:12.60 nginx

top - 14:17:39 up 9 days, 22:31,  1 user,  load average: 0.78, 0.44, 0.34
Tasks: 211 total,   2 running, 209 sleeping,   0 stopped,   0 zombie
%Cpu(s): 44.4 us,  1.9 sy,  0.0 ni, 53.7 id,  0.0 wa,  0.0 hi,  0.0 si,  0.0 st
MiB Mem :   3844.2 total,    172.9 free,    568.6 used,   3102.6 buff/cache
MiB Swap:   3980.0 total,   3975.9 free,      4.1 used.   2993.8 avail Mem 

    PID USER      PR  NI    VIRT    RES    SHR S  %CPU  %MEM     TIME+ COMMAND
    937 www-data  20   0   26028  20328   4156 R  81.8   0.5  37:13.05 nginx

top - 14:17:40 up 9 days, 22:31,  1 user,  load average: 0.78, 0.44, 0.34
Tasks: 211 total,   1 running, 210 sleeping,   0 stopped,   0 zombie
%Cpu(s): 38.5 us,  3.7 sy,  0.0 ni, 56.9 id,  0.0 wa,  0.0 hi,  0.9 si,  0.0 st
MiB Mem :   3844.2 total,    172.9 free,    568.6 used,   3102.6 buff/cache
MiB Swap:   3980.0 total,   3975.9 free,      4.1 used.   2993.8 avail Mem 

    PID USER      PR  NI    VIRT    RES    SHR S  %CPU  %MEM     TIME+ COMMAND
    937 www-data  20   0   26028  20328   4156 S  77.8   0.5  37:13.47 nginx

top - 14:17:40 up 9 days, 22:31,  1 user,  load average: 0.78, 0.44, 0.34
Tasks: 211 total,   2 running, 209 sleeping,   0 stopped,   0 zombie
%Cpu(s): 41.7 us,  5.6 sy,  0.0 ni, 51.9 id,  0.0 wa,  0.0 hi,  0.9 si,  0.0 st
MiB Mem :   3844.2 total,    172.9 free,    568.6 used,   3102.6 buff/cache
MiB Swap:   3980.0 total,   3975.9 free,      4.1 used.   2993.8 avail Mem 

    PID USER      PR  NI    VIRT    RES    SHR S  %CPU  %MEM     TIME+ COMMAND
    937 www-data  20   0   26028  20328   4156 R  81.8   0.5  37:13.92 nginx

top - 14:17:41 up 9 days, 22:31,  1 user,  load average: 0.78, 0.44, 0.34
Tasks: 211 total,   2 running, 209 sleeping,   0 stopped,   0 zombie
%Cpu(s): 43.0 us,  3.7 sy,  0.0 ni, 53.3 id,  0.0 wa,  0.0 hi,  0.0 si,  0.0 st
MiB Mem :   3844.2 total,    172.9 free,    568.6 used,   3102.6 buff/cache
MiB Swap:   3980.0 total,   3975.9 free,      4.1 used.   2993.8 avail Mem 

    PID USER      PR  NI    VIRT    RES    SHR S  %CPU  %MEM     TIME+ COMMAND
    937 www-data  20   0   26028  20328   4156 R  83.3   0.5  37:14.37 nginx

top - 14:17:41 up 9 days, 22:31,  1 user,  load average: 0.78, 0.44, 0.34
Tasks: 210 total,   2 running, 208 sleeping,   0 stopped,   0 zombie
%Cpu(s): 43.5 us,  2.8 sy,  0.0 ni, 53.7 id,  0.0 wa,  0.0 hi,  0.0 si,  0.0 st
MiB Mem :   3844.2 total,    172.9 free,    568.6 used,   3102.6 buff/cache
MiB Swap:   3980.0 total,   3975.9 free,      4.1 used.   2993.8 avail Mem 

    PID USER      PR  NI    VIRT    RES    SHR S  %CPU  %MEM     TIME+ COMMAND
    937 www-data  20   0   26028  20328   4156 R  83.3   0.5  37:14.82 nginx

top - 14:17:42 up 9 days, 22:31,  1 user,  load average: 0.78, 0.44, 0.34
Tasks: 210 total,   3 running, 207 sleeping,   0 stopped,   0 zombie
%Cpu(s): 43.0 us,  9.3 sy,  3.7 ni, 31.8 id, 11.2 wa,  0.0 hi,  0.9 si,  0.0 st
MiB Mem :   3844.2 total,    172.9 free,    568.6 used,   3102.6 buff/cache
MiB Swap:   3980.0 total,   3975.9 free,      4.1 used.   2993.8 avail Mem 

    PID USER      PR  NI    VIRT    RES    SHR S  %CPU  %MEM     TIME+ COMMAND
    937 www-data  20   0   26028  20328   4156 R  82.1   0.5  37:15.28 nginx

top - 14:17:42 up 9 days, 22:31,  1 user,  load average: 0.78, 0.44, 0.34
Tasks: 210 total,   2 running, 208 sleeping,   0 stopped,   0 zombie
%Cpu(s): 39.0 us,  4.8 sy,  0.0 ni, 55.2 id,  0.0 wa,  0.0 hi,  1.0 si,  0.0 st
MiB Mem :   3844.2 total,    172.9 free,    568.6 used,   3102.6 buff/cache
MiB Swap:   3980.0 total,   3975.9 free,      4.1 used.   2993.8 avail Mem 

    PID USER      PR  NI    VIRT    RES    SHR S  %CPU  %MEM     TIME+ COMMAND
    937 www-data  20   0   26028  20328   4156 R  84.9   0.5  37:15.73 nginx

top - 14:17:43 up 9 days, 22:31,  1 user,  load average: 0.78, 0.44, 0.34
Tasks: 210 total,   2 running, 208 sleeping,   0 stopped,   0 zombie
%Cpu(s): 43.1 us,  3.7 sy,  0.0 ni, 53.2 id,  0.0 wa,  0.0 hi,  0.0 si,  0.0 st
MiB Mem :   3844.2 total,    172.9 free,    568.6 used,   3102.6 buff/cache
MiB Swap:   3980.0 total,   3975.9 free,      4.1 used.   2993.8 avail Mem 

    PID USER      PR  NI    VIRT    RES    SHR S  %CPU  %MEM     TIME+ COMMAND
    937 www-data  20   0   26028  20328   4156 R  79.6   0.5  37:16.16 nginx

top - 14:17:43 up 9 days, 22:31,  1 user,  load average: 0.80, 0.45, 0.34
Tasks: 210 total,   2 running, 208 sleeping,   0 stopped,   0 zombie
%Cpu(s): 41.7 us,  3.7 sy,  0.0 ni, 54.6 id,  0.0 wa,  0.0 hi,  0.0 si,  0.0 st
MiB Mem :   3844.2 total,    172.9 free,    568.6 used,   3102.6 buff/cache
MiB Swap:   3980.0 total,   3975.9 free,      4.1 used.   2993.8 avail Mem 

    PID USER      PR  NI    VIRT    RES    SHR S  %CPU  %MEM     TIME+ COMMAND
    937 www-data  20   0   26028  20328   4156 R  80.0   0.5  37:16.60 nginx

top - 14:17:44 up 9 days, 22:31,  1 user,  load average: 0.80, 0.45, 0.34
Tasks: 210 total,   2 running, 208 sleeping,   0 stopped,   0 zombie
%Cpu(s): 38.9 us,  4.6 sy,  0.0 ni, 56.5 id,  0.0 wa,  0.0 hi,  0.0 si,  0.0 st
MiB Mem :   3844.2 total,    172.9 free,    568.6 used,   3102.6 buff/cache
MiB Swap:   3980.0 total,   3975.9 free,      4.1 used.   2993.8 avail Mem 

    PID USER      PR  NI    VIRT    RES    SHR S  %CPU  %MEM     TIME+ COMMAND
    937 www-data  20   0   26028  20328   4156 R  77.8   0.5  37:17.02 nginx

top - 14:17:45 up 9 days, 22:31,  1 user,  load average: 0.80, 0.45, 0.34
Tasks: 210 total,   2 running, 208 sleeping,   0 stopped,   0 zombie
%Cpu(s): 45.3 us,  2.8 sy,  0.0 ni, 51.9 id,  0.0 wa,  0.0 hi,  0.0 si,  0.0 st
MiB Mem :   3844.2 total,    172.9 free,    568.6 used,   3102.7 buff/cache
MiB Swap:   3980.0 total,   3975.9 free,      4.1 used.   2993.8 avail Mem 

    PID USER      PR  NI    VIRT    RES    SHR S  %CPU  %MEM     TIME+ COMMAND
    937 www-data  20   0   26028  20328   4156 R  88.9   0.5  37:17.50 nginx

top - 14:17:45 up 9 days, 22:31,  1 user,  load average: 0.80, 0.45, 0.34
Tasks: 210 total,   3 running, 207 sleeping,   0 stopped,   0 zombie
%Cpu(s): 38.2 us,  2.0 sy,  0.0 ni, 59.8 id,  0.0 wa,  0.0 hi,  0.0 si,  0.0 st
MiB Mem :   3844.2 total,    172.9 free,    568.6 used,   3102.7 buff/cache
MiB Swap:   3980.0 total,   3975.9 free,      4.1 used.   2993.8 avail Mem 

    PID USER      PR  NI    VIRT    RES    SHR S  %CPU  %MEM     TIME+ COMMAND
    937 www-data  20   0   26028  20328   4156 R  74.1   0.5  37:17.90 nginx

top - 14:17:46 up 9 days, 22:31,  1 user,  load average: 0.80, 0.45, 0.34
Tasks: 210 total,   1 running, 209 sleeping,   0 stopped,   0 zombie
%Cpu(s): 42.6 us,  4.6 sy,  0.0 ni, 52.8 id,  0.0 wa,  0.0 hi,  0.0 si,  0.0 st
MiB Mem :   3844.2 total,    172.9 free,    568.6 used,   3102.7 buff/cache
MiB Swap:   3980.0 total,   3975.9 free,      4.1 used.   2993.8 avail Mem 

    PID USER      PR  NI    VIRT    RES    SHR S  %CPU  %MEM     TIME+ COMMAND
    937 www-data  20   0   26028  20328   4156 S  86.5   0.5  37:18.35 nginx

top - 14:17:46 up 9 days, 22:31,  1 user,  load average: 0.80, 0.45, 0.34
Tasks: 210 total,   2 running, 208 sleeping,   0 stopped,   0 zombie
%Cpu(s): 38.9 us,  5.6 sy,  0.0 ni, 54.6 id,  0.0 wa,  0.0 hi,  0.9 si,  0.0 st
MiB Mem :   3844.2 total,    172.9 free,    568.6 used,   3102.7 buff/cache
MiB Swap:   3980.0 total,   3975.9 free,      4.1 used.   2993.8 avail Mem 

    PID USER      PR  NI    VIRT    RES    SHR S  %CPU  %MEM     TIME+ COMMAND
    937 www-data  20   0   26028  20328   4156 R  81.8   0.5  37:18.80 nginx

top - 14:17:47 up 9 days, 22:31,  1 user,  load average: 0.80, 0.45, 0.34
Tasks: 211 total,   3 running, 208 sleeping,   0 stopped,   0 zombie
%Cpu(s): 43.8 us, 11.4 sy,  2.9 ni, 28.6 id, 12.4 wa,  0.0 hi,  1.0 si,  0.0 st
MiB Mem :   3844.2 total,    172.9 free,    568.6 used,   3102.7 buff/cache
MiB Swap:   3980.0 total,   3975.9 free,      4.1 used.   2993.8 avail Mem 

    PID USER      PR  NI    VIRT    RES    SHR S  %CPU  %MEM     TIME+ COMMAND
    937 www-data  20   0   26028  20328   4156 R  77.8   0.5  37:19.22 nginx

top - 14:17:47 up 9 days, 22:31,  1 user,  load average: 0.80, 0.45, 0.34
Tasks: 211 total,   2 running, 209 sleeping,   0 stopped,   0 zombie
%Cpu(s): 44.3 us,  5.7 sy,  7.5 ni, 42.5 id,  0.0 wa,  0.0 hi,  0.0 si,  0.0 st
MiB Mem :   3844.2 total,    172.9 free,    568.6 used,   3102.7 buff/cache
MiB Swap:   3980.0 total,   3975.9 free,      4.1 used.   2993.8 avail Mem 

    PID USER      PR  NI    VIRT    RES    SHR S  %CPU  %MEM     TIME+ COMMAND
    937 www-data  20   0   26028  20328   4156 R  83.0   0.5  37:19.66 nginx

top - 14:17:48 up 9 days, 22:31,  1 user,  load average: 0.80, 0.45, 0.34
Tasks: 211 total,   3 running, 208 sleeping,   0 stopped,   0 zombie
%Cpu(s): 41.7 us,  1.9 sy,  0.0 ni, 55.3 id,  0.0 wa,  0.0 hi,  1.0 si,  0.0 st
MiB Mem :   3844.2 total,    172.9 free,    568.5 used,   3102.7 buff/cache
MiB Swap:   3980.0 total,   3975.9 free,      4.1 used.   2993.9 avail Mem 

    PID USER      PR  NI    VIRT    RES    SHR S  %CPU  %MEM     TIME+ COMMAND
    937 www-data  20   0   26028  20328   4156 R  81.5   0.5  37:20.10 nginx

top - 14:17:48 up 9 days, 22:31,  1 user,  load average: 0.80, 0.45, 0.34
Tasks: 211 total,   2 running, 209 sleeping,   0 stopped,   0 zombie
%Cpu(s): 39.3 us,  3.7 sy,  0.0 ni, 56.1 id,  0.0 wa,  0.0 hi,  0.9 si,  0.0 st
MiB Mem :   3844.2 total,    172.9 free,    568.5 used,   3102.7 buff/cache
MiB Swap:   3980.0 total,   3975.9 free,      4.1 used.   2993.9 avail Mem 

    PID USER      PR  NI    VIRT    RES    SHR S  %CPU  %MEM     TIME+ COMMAND
    937 www-data  20   0   26028  20328   4156 R  78.8   0.5  37:20.51 nginx

top - 14:17:49 up 9 days, 22:31,  1 user,  load average: 0.82, 0.46, 0.34
Tasks: 211 total,   2 running, 209 sleeping,   0 stopped,   0 zombie
%Cpu(s): 43.0 us,  3.7 sy,  0.0 ni, 53.3 id,  0.0 wa,  0.0 hi,  0.0 si,  0.0 st
MiB Mem :   3844.2 total,    172.9 free,    568.5 used,   3102.7 buff/cache
MiB Swap:   3980.0 total,   3975.9 free,      4.1 used.   2993.9 avail Mem 

    PID USER      PR  NI    VIRT    RES    SHR S  %CPU  %MEM     TIME+ COMMAND
    937 www-data  20   0   26028  20328   4156 R  87.0   0.5  37:20.98 nginx

top - 14:17:49 up 9 days, 22:31,  1 user,  load average: 0.82, 0.46, 0.34
Tasks: 211 total,   2 running, 209 sleeping,   0 stopped,   0 zombie
%Cpu(s): 43.9 us,  1.9 sy,  0.0 ni, 54.2 id,  0.0 wa,  0.0 hi,  0.0 si,  0.0 st
MiB Mem :   3844.2 total,    172.9 free,    568.5 used,   3102.7 buff/cache
MiB Swap:   3980.0 total,   3975.9 free,      4.1 used.   2993.9 avail Mem 

    PID USER      PR  NI    VIRT    RES    SHR S  %CPU  %MEM     TIME+ COMMAND
    937 www-data  20   0   26028  20328   4156 R  81.8   0.5  37:21.43 nginx

top - 14:17:50 up 9 days, 22:31,  1 user,  load average: 0.82, 0.46, 0.34
Tasks: 211 total,   2 running, 209 sleeping,   0 stopped,   0 zombie
%Cpu(s): 38.3 us,  4.7 sy,  0.0 ni, 56.1 id,  0.0 wa,  0.0 hi,  0.9 si,  0.0 st
MiB Mem :   3844.2 total,    172.9 free,    568.5 used,   3102.7 buff/cache
MiB Swap:   3980.0 total,   3975.9 free,      4.1 used.   2993.9 avail Mem 

    PID USER      PR  NI    VIRT    RES    SHR S  %CPU  %MEM     TIME+ COMMAND
    937 www-data  20   0   26028  20328   4156 R  79.6   0.5  37:21.86 nginx

top - 14:17:50 up 9 days, 22:31,  1 user,  load average: 0.82, 0.46, 0.34
Tasks: 211 total,   2 running, 209 sleeping,   0 stopped,   0 zombie
%Cpu(s): 41.1 us,  3.7 sy,  0.0 ni, 55.1 id,  0.0 wa,  0.0 hi,  0.0 si,  0.0 st
MiB Mem :   3844.2 total,    172.9 free,    568.5 used,   3102.7 buff/cache
MiB Swap:   3980.0 total,   3975.9 free,      4.1 used.   2993.9 avail Mem 

    PID USER      PR  NI    VIRT    RES    SHR S  %CPU  %MEM     TIME+ COMMAND
    937 www-data  20   0   26028  20328   4156 R  83.3   0.5  37:22.31 nginx

top - 14:17:51 up 9 days, 22:31,  1 user,  load average: 0.82, 0.46, 0.34
Tasks: 211 total,   2 running, 209 sleeping,   0 stopped,   0 zombie
%Cpu(s): 41.3 us,  5.5 sy,  0.0 ni, 52.3 id,  0.0 wa,  0.0 hi,  0.9 si,  0.0 st
MiB Mem :   3844.2 total,    172.9 free,    568.5 used,   3102.7 buff/cache
MiB Swap:   3980.0 total,   3975.9 free,      4.1 used.   2993.9 avail Mem 

    PID USER      PR  NI    VIRT    RES    SHR S  %CPU  %MEM     TIME+ COMMAND
    937 www-data  20   0   26028  20328   4156 R  81.8   0.5  37:22.76 nginx

top - 14:17:52 up 9 days, 22:31,  1 user,  load average: 0.82, 0.46, 0.34
Tasks: 211 total,   2 running, 209 sleeping,   0 stopped,   0 zombie
%Cpu(s): 45.8 us,  6.5 sy,  0.0 ni, 41.1 id,  4.7 wa,  0.0 hi,  1.9 si,  0.0 st
MiB Mem :   3844.2 total,    172.9 free,    568.5 used,   3102.7 buff/cache
MiB Swap:   3980.0 total,   3975.9 free,      4.1 used.   2993.9 avail Mem 

    PID USER      PR  NI    VIRT    RES    SHR S  %CPU  %MEM     TIME+ COMMAND
    937 www-data  20   0   26028  20328   4156 R  87.0   0.5  37:23.23 nginx

top - 14:17:52 up 9 days, 22:31,  1 user,  load average: 0.82, 0.46, 0.34
Tasks: 211 total,   2 running, 209 sleeping,   0 stopped,   0 zombie
%Cpu(s): 36.1 us,  5.6 sy,  1.9 ni, 50.9 id,  5.6 wa,  0.0 hi,  0.0 si,  0.0 st
MiB Mem :   3844.2 total,    172.9 free,    568.5 used,   3102.7 buff/cache
MiB Swap:   3980.0 total,   3975.9 free,      4.1 used.   2993.9 avail Mem 

    PID USER      PR  NI    VIRT    RES    SHR S  %CPU  %MEM     TIME+ COMMAND
    937 www-data  20   0   26028  20328   4156 R  74.1   0.5  37:23.63 nginx

top - 14:17:53 up 9 days, 22:31,  1 user,  load average: 0.82, 0.46, 0.34
Tasks: 211 total,   2 running, 209 sleeping,   0 stopped,   0 zombie
%Cpu(s): 45.4 us,  4.6 sy,  0.0 ni, 50.0 id,  0.0 wa,  0.0 hi,  0.0 si,  0.0 st
MiB Mem :   3844.2 total,    172.9 free,    568.5 used,   3102.7 buff/cache
MiB Swap:   3980.0 total,   3975.9 free,      4.1 used.   2993.9 avail Mem 

    PID USER      PR  NI    VIRT    RES    SHR S  %CPU  %MEM     TIME+ COMMAND
    937 www-data  20   0   26028  20328   4156 R  92.6   0.5  37:24.13 nginx

top - 14:17:53 up 9 days, 22:31,  1 user,  load average: 0.82, 0.46, 0.34
Tasks: 211 total,   1 running, 210 sleeping,   0 stopped,   0 zombie
%Cpu(s): 37.0 us,  2.8 sy,  0.0 ni, 59.3 id,  0.0 wa,  0.0 hi,  0.9 si,  0.0 st
MiB Mem :   3844.2 total,    172.9 free,    568.5 used,   3102.7 buff/cache
MiB Swap:   3980.0 total,   3975.9 free,      4.1 used.   2993.9 avail Mem 

    PID USER      PR  NI    VIRT    RES    SHR S  %CPU  %MEM     TIME+ COMMAND
    937 www-data  20   0   26028  20328   4156 S  69.1   0.5  37:24.51 nginx

top - 14:17:54 up 9 days, 22:31,  1 user,  load average: 0.83, 0.47, 0.35
Tasks: 211 total,   2 running, 209 sleeping,   0 stopped,   0 zombie
%Cpu(s): 48.6 us,  2.8 sy,  0.0 ni, 48.6 id,  0.0 wa,  0.0 hi,  0.0 si,  0.0 st
MiB Mem :   3844.2 total,    172.9 free,    568.5 used,   3102.8 buff/cache
MiB Swap:   3980.0 total,   3975.9 free,      4.1 used.   2994.0 avail Mem 

    PID USER      PR  NI    VIRT    RES    SHR S  %CPU  %MEM     TIME+ COMMAND
    937 www-data  20   0   26028  20328   4156 R  94.4   0.5  37:25.02 nginx

top - 14:17:54 up 9 days, 22:31,  1 user,  load average: 0.83, 0.47, 0.35
Tasks: 211 total,   2 running, 209 sleeping,   0 stopped,   0 zombie
%Cpu(s): 38.9 us,  2.8 sy,  0.0 ni, 58.3 id,  0.0 wa,  0.0 hi,  0.0 si,  0.0 st
MiB Mem :   3844.2 total,    172.9 free,    568.5 used,   3102.8 buff/cache
MiB Swap:   3980.0 total,   3975.9 free,      4.1 used.   2994.0 avail Mem 

    PID USER      PR  NI    VIRT    RES    SHR S  %CPU  %MEM     TIME+ COMMAND
    937 www-data  20   0   26028  20328   4156 R  74.1   0.5  37:25.42 nginx

top - 14:17:55 up 9 days, 22:31,  1 user,  load average: 0.83, 0.47, 0.35
Tasks: 211 total,   1 running, 210 sleeping,   0 stopped,   0 zombie
%Cpu(s): 40.7 us,  2.8 sy,  0.0 ni, 55.6 id,  0.0 wa,  0.0 hi,  0.9 si,  0.0 st
MiB Mem :   3844.2 total,    172.9 free,    568.5 used,   3102.8 buff/cache
MiB Swap:   3980.0 total,   3975.9 free,      4.1 used.   2994.0 avail Mem 

    PID USER      PR  NI    VIRT    RES    SHR S  %CPU  %MEM     TIME+ COMMAND
    937 www-data  20   0   26028  20328   4156 S  83.6   0.5  37:25.88 nginx

top - 14:17:55 up 9 days, 22:31,  1 user,  load average: 0.83, 0.47, 0.35
Tasks: 211 total,   2 running, 209 sleeping,   0 stopped,   0 zombie
%Cpu(s): 40.6 us,  3.8 sy,  0.0 ni, 55.7 id,  0.0 wa,  0.0 hi,  0.0 si,  0.0 st
MiB Mem :   3844.2 total,    172.9 free,    568.5 used,   3102.8 buff/cache
MiB Swap:   3980.0 total,   3975.9 free,      4.1 used.   2994.0 avail Mem 

    PID USER      PR  NI    VIRT    RES    SHR S  %CPU  %MEM     TIME+ COMMAND
    937 www-data  20   0   26028  20328   4156 R  75.9   0.5  37:26.29 nginx

top - 14:17:56 up 9 days, 22:31,  1 user,  load average: 0.83, 0.47, 0.35
Tasks: 211 total,   2 running, 209 sleeping,   0 stopped,   0 zombie
%Cpu(s): 41.7 us,  3.7 sy,  0.0 ni, 51.9 id,  1.9 wa,  0.0 hi,  0.9 si,  0.0 st
MiB Mem :   3844.2 total,    172.9 free,    568.5 used,   3102.8 buff/cache
MiB Swap:   3980.0 total,   3975.9 free,      4.1 used.   2994.0 avail Mem 

    PID USER      PR  NI    VIRT    RES    SHR S  %CPU  %MEM     TIME+ COMMAND
    937 www-data  20   0   26028  20328   4156 R  85.2   0.5  37:26.75 nginx

top - 14:17:56 up 9 days, 22:31,  1 user,  load average: 0.83, 0.47, 0.35
Tasks: 211 total,   2 running, 209 sleeping,   0 stopped,   0 zombie
%Cpu(s): 42.2 us,  3.7 sy,  0.0 ni, 52.3 id,  0.9 wa,  0.0 hi,  0.9 si,  0.0 st
MiB Mem :   3844.2 total,    172.9 free,    568.5 used,   3102.8 buff/cache
MiB Swap:   3980.0 total,   3975.9 free,      4.1 used.   2994.0 avail Mem 

    PID USER      PR  NI    VIRT    RES    SHR S  %CPU  %MEM     TIME+ COMMAND
    937 www-data  20   0   26028  20328   4156 R  80.0   0.5  37:27.19 nginx

top - 14:17:57 up 9 days, 22:31,  1 user,  load average: 0.83, 0.47, 0.35
Tasks: 210 total,   1 running, 209 sleeping,   0 stopped,   0 zombie
%Cpu(s): 43.4 us, 13.2 sy,  1.9 ni, 30.2 id, 11.3 wa,  0.0 hi,  0.0 si,  0.0 st
MiB Mem :   3844.2 total,    172.9 free,    568.4 used,   3102.8 buff/cache
MiB Swap:   3980.0 total,   3975.9 free,      4.1 used.   2994.0 avail Mem 

    PID USER      PR  NI    VIRT    RES    SHR S  %CPU  %MEM     TIME+ COMMAND
    937 www-data  20   0   26028  20328   4156 S  83.3   0.5  37:27.64 nginx

top - 14:17:58 up 9 days, 22:31,  1 user,  load average: 0.83, 0.47, 0.35
Tasks: 210 total,   1 running, 209 sleeping,   0 stopped,   0 zombie
%Cpu(s): 41.7 us,  3.7 sy,  0.0 ni, 53.7 id,  0.0 wa,  0.0 hi,  0.9 si,  0.0 st
MiB Mem :   3844.2 total,    172.9 free,    568.4 used,   3102.8 buff/cache
MiB Swap:   3980.0 total,   3975.9 free,      4.1 used.   2994.0 avail Mem 

    PID USER      PR  NI    VIRT    RES    SHR S  %CPU  %MEM     TIME+ COMMAND
    937 www-data  20   0   26028  20328   4156 S  83.3   0.5  37:28.09 nginx

top - 14:17:58 up 9 days, 22:31,  1 user,  load average: 0.83, 0.47, 0.35
Tasks: 210 total,   2 running, 208 sleeping,   0 stopped,   0 zombie
%Cpu(s): 40.7 us,  3.7 sy,  0.0 ni, 54.6 id,  0.0 wa,  0.0 hi,  0.9 si,  0.0 st
MiB Mem :   3844.2 total,    172.9 free,    568.4 used,   3102.8 buff/cache
MiB Swap:   3980.0 total,   3975.9 free,      4.1 used.   2994.0 avail Mem 

    PID USER      PR  NI    VIRT    RES    SHR S  %CPU  %MEM     TIME+ COMMAND
    937 www-data  20   0   26028  20328   4156 R  78.2   0.5  37:28.52 nginx

top - 14:17:59 up 9 days, 22:31,  1 user,  load average: 0.84, 0.48, 0.35
Tasks: 210 total,   2 running, 208 sleeping,   0 stopped,   0 zombie
%Cpu(s): 43.0 us,  2.8 sy,  0.0 ni, 54.2 id,  0.0 wa,  0.0 hi,  0.0 si,  0.0 st
MiB Mem :   3844.2 total,    172.9 free,    568.4 used,   3102.8 buff/cache
MiB Swap:   3980.0 total,   3975.9 free,      4.1 used.   2994.0 avail Mem 

    PID USER      PR  NI    VIRT    RES    SHR S  %CPU  %MEM     TIME+ COMMAND
    937 www-data  20   0   26028  20328   4156 R  83.3   0.5  37:28.97 nginx

top - 14:17:59 up 9 days, 22:31,  1 user,  load average: 0.84, 0.48, 0.35
Tasks: 210 total,   1 running, 209 sleeping,   0 stopped,   0 zombie
%Cpu(s): 38.9 us,  3.7 sy,  0.0 ni, 56.5 id,  0.0 wa,  0.0 hi,  0.9 si,  0.0 st
MiB Mem :   3844.2 total,    172.9 free,    568.4 used,   3102.8 buff/cache
MiB Swap:   3980.0 total,   3975.9 free,      4.1 used.   2994.0 avail Mem 

    PID USER      PR  NI    VIRT    RES    SHR S  %CPU  %MEM     TIME+ COMMAND
    937 www-data  20   0   26028  20328   4156 S  79.6   0.5  37:29.40 nginx

top - 14:18:00 up 9 days, 22:31,  1 user,  load average: 0.84, 0.48, 0.35
Tasks: 210 total,   2 running, 208 sleeping,   0 stopped,   0 zombie
%Cpu(s): 45.8 us,  3.7 sy,  0.0 ni, 50.5 id,  0.0 wa,  0.0 hi,  0.0 si,  0.0 st
MiB Mem :   3844.2 total,    172.9 free,    568.4 used,   3102.9 buff/cache
MiB Swap:   3980.0 total,   3975.9 free,      4.1 used.   2994.0 avail Mem 

    PID USER      PR  NI    VIRT    RES    SHR S  %CPU  %MEM     TIME+ COMMAND
    937 www-data  20   0   26028  20328   4156 R  89.1   0.5  37:29.89 nginx

top - 14:18:00 up 9 days, 22:31,  1 user,  load average: 0.84, 0.48, 0.35
Tasks: 210 total,   2 running, 208 sleeping,   0 stopped,   0 zombie
%Cpu(s): 37.0 us,  4.6 sy,  0.0 ni, 57.4 id,  0.0 wa,  0.0 hi,  0.9 si,  0.0 st
MiB Mem :   3844.2 total,    172.9 free,    568.4 used,   3102.9 buff/cache
MiB Swap:   3980.0 total,   3975.9 free,      4.1 used.   2994.0 avail Mem 

    PID USER      PR  NI    VIRT    RES    SHR S  %CPU  %MEM     TIME+ COMMAND
    937 www-data  20   0   26028  20328   4156 R  74.1   0.5  37:30.29 nginx

top - 14:18:01 up 9 days, 22:31,  1 user,  load average: 0.84, 0.48, 0.35
Tasks: 210 total,   2 running, 208 sleeping,   0 stopped,   0 zombie
%Cpu(s): 41.1 us,  3.7 sy,  0.0 ni, 54.2 id,  0.0 wa,  0.0 hi,  0.9 si,  0.0 st
MiB Mem :   3844.2 total,    172.9 free,    568.4 used,   3102.9 buff/cache
MiB Swap:   3980.0 total,   3975.9 free,      4.1 used.   2994.0 avail Mem 

    PID USER      PR  NI    VIRT    RES    SHR S  %CPU  %MEM     TIME+ COMMAND
    937 www-data  20   0   26028  20328   4156 R  83.6   0.5  37:30.75 nginx

top - 14:18:01 up 9 days, 22:31,  1 user,  load average: 0.84, 0.48, 0.35
Tasks: 210 total,   2 running, 208 sleeping,   0 stopped,   0 zombie
%Cpu(s): 59.4 us,  2.8 sy,  0.0 ni, 24.5 id, 12.3 wa,  0.0 hi,  0.9 si,  0.0 st
MiB Mem :   3844.2 total,    172.9 free,    568.4 used,   3102.9 buff/cache
MiB Swap:   3980.0 total,   3975.9 free,      4.1 used.   2994.0 avail Mem 

    PID USER      PR  NI    VIRT    RES    SHR S  %CPU  %MEM     TIME+ COMMAND
    937 www-data  20   0   26028  20328   4156 R  79.6   0.5  37:31.18 nginx

top - 14:18:02 up 9 days, 22:31,  1 user,  load average: 0.84, 0.48, 0.35
Tasks: 211 total,   3 running, 208 sleeping,   0 stopped,   0 zombie
%Cpu(s): 49.0 us, 10.6 sy,  2.9 ni, 26.0 id, 11.5 wa,  0.0 hi,  0.0 si,  0.0 st
MiB Mem :   3844.2 total,    172.9 free,    568.4 used,   3102.9 buff/cache
MiB Swap:   3980.0 total,   3975.9 free,      4.1 used.   2994.0 avail Mem 

    PID USER      PR  NI    VIRT    RES    SHR S  %CPU  %MEM     TIME+ COMMAND
    937 www-data  20   0   26028  20328   4156 R  77.4   0.5  37:31.59 nginx

top - 14:18:02 up 9 days, 22:31,  1 user,  load average: 0.84, 0.48, 0.35
Tasks: 211 total,   2 running, 209 sleeping,   0 stopped,   0 zombie
%Cpu(s): 45.9 us,  9.2 sy,  6.4 ni, 38.5 id,  0.0 wa,  0.0 hi,  0.0 si,  0.0 st
MiB Mem :   3844.2 total,    172.9 free,    568.4 used,   3102.9 buff/cache
MiB Swap:   3980.0 total,   3975.9 free,      4.1 used.   2994.0 avail Mem 

    PID USER      PR  NI    VIRT    RES    SHR S  %CPU  %MEM     TIME+ COMMAND
    937 www-data  20   0   26028  20328   4156 R  90.6   0.5  37:32.07 nginx

top - 14:18:03 up 9 days, 22:31,  1 user,  load average: 0.84, 0.48, 0.35
Tasks: 211 total,   1 running, 210 sleeping,   0 stopped,   0 zombie
%Cpu(s): 37.4 us,  4.7 sy,  0.0 ni, 56.1 id,  0.0 wa,  0.0 hi,  1.9 si,  0.0 st
MiB Mem :   3844.2 total,    172.9 free,    568.3 used,   3102.9 buff/cache
MiB Swap:   3980.0 total,   3975.9 free,      4.1 used.   2994.1 avail Mem 

    PID USER      PR  NI    VIRT    RES    SHR S  %CPU  %MEM     TIME+ COMMAND
    937 www-data  20   0   26028  20328   4156 S  81.5   0.5  37:32.51 nginx

top - 14:18:03 up 9 days, 22:31,  1 user,  load average: 0.86, 0.48, 0.36
Tasks: 211 total,   2 running, 209 sleeping,   0 stopped,   0 zombie
%Cpu(s): 42.2 us,  3.7 sy,  0.0 ni, 54.1 id,  0.0 wa,  0.0 hi,  0.0 si,  0.0 st
MiB Mem :   3844.2 total,    172.9 free,    568.3 used,   3102.9 buff/cache
MiB Swap:   3980.0 total,   3975.9 free,      4.1 used.   2994.1 avail Mem 

    PID USER      PR  NI    VIRT    RES    SHR S  %CPU  %MEM     TIME+ COMMAND
    937 www-data  20   0   26028  20328   4156 R  80.0   0.5  37:32.95 nginx

top - 14:18:04 up 9 days, 22:31,  1 user,  load average: 0.86, 0.48, 0.36
Tasks: 210 total,   2 running, 208 sleeping,   0 stopped,   0 zombie
%Cpu(s): 42.5 us,  1.9 sy,  0.0 ni, 55.7 id,  0.0 wa,  0.0 hi,  0.0 si,  0.0 st
MiB Mem :   3844.2 total,    172.9 free,    568.3 used,   3102.9 buff/cache
MiB Swap:   3980.0 total,   3975.9 free,      4.1 used.   2994.1 avail Mem 

    PID USER      PR  NI    VIRT    RES    SHR S  %CPU  %MEM     TIME+ COMMAND
    937 www-data  20   0   26028  20328   4156 R  83.3   0.5  37:33.40 nginx

top - 14:18:05 up 9 days, 22:31,  1 user,  load average: 0.86, 0.48, 0.36
Tasks: 210 total,   2 running, 208 sleeping,   0 stopped,   0 zombie
%Cpu(s): 40.2 us,  4.7 sy,  0.0 ni, 55.1 id,  0.0 wa,  0.0 hi,  0.0 si,  0.0 st
MiB Mem :   3844.2 total,    172.9 free,    568.3 used,   3102.9 buff/cache
MiB Swap:   3980.0 total,   3975.9 free,      4.1 used.   2994.1 avail Mem 

    PID USER      PR  NI    VIRT    RES    SHR S  %CPU  %MEM     TIME+ COMMAND
    937 www-data  20   0   26028  20328   4156 R  77.8   0.5  37:33.82 nginx

top - 14:18:05 up 9 days, 22:31,  1 user,  load average: 0.86, 0.48, 0.36
Tasks: 210 total,   2 running, 208 sleeping,   0 stopped,   0 zombie
%Cpu(s): 43.1 us,  3.7 sy,  0.0 ni, 53.2 id,  0.0 wa,  0.0 hi,  0.0 si,  0.0 st
MiB Mem :   3844.2 total,    172.9 free,    568.3 used,   3102.9 buff/cache
MiB Swap:   3980.0 total,   3975.9 free,      4.1 used.   2994.1 avail Mem 

    PID USER      PR  NI    VIRT    RES    SHR S  %CPU  %MEM     TIME+ COMMAND
    937 www-data  20   0   26028  20328   4156 R  85.5   0.5  37:34.29 nginx

top - 14:18:06 up 9 days, 22:31,  1 user,  load average: 0.86, 0.48, 0.36
Tasks: 210 total,   2 running, 208 sleeping,   0 stopped,   0 zombie
%Cpu(s): 43.4 us,  2.8 sy,  0.0 ni, 53.8 id,  0.0 wa,  0.0 hi,  0.0 si,  0.0 st
MiB Mem :   3844.2 total,    172.9 free,    568.3 used,   3102.9 buff/cache
MiB Swap:   3980.0 total,   3975.9 free,      4.1 used.   2994.1 avail Mem 

    PID USER      PR  NI    VIRT    RES    SHR S  %CPU  %MEM     TIME+ COMMAND
    937 www-data  20   0   26028  20328   4156 R  81.5   0.5  37:34.73 nginx

top - 14:18:06 up 9 days, 22:31,  1 user,  load average: 0.86, 0.48, 0.36
Tasks: 210 total,   2 running, 208 sleeping,   0 stopped,   0 zombie
%Cpu(s): 44.5 us,  2.7 sy,  0.0 ni, 50.9 id,  0.0 wa,  0.0 hi,  1.8 si,  0.0 st
MiB Mem :   3844.2 total,    172.9 free,    568.3 used,   3102.9 buff/cache
MiB Swap:   3980.0 total,   3975.9 free,      4.1 used.   2994.1 avail Mem 

    PID USER      PR  NI    VIRT    RES    SHR S  %CPU  %MEM     TIME+ COMMAND
    937 www-data  20   0   26028  20328   4156 R  87.0   0.5  37:35.20 nginx

top - 14:18:07 up 9 days, 22:31,  1 user,  load average: 0.86, 0.48, 0.36
Tasks: 210 total,   2 running, 208 sleeping,   0 stopped,   0 zombie
%Cpu(s): 39.6 us,  7.5 sy,  0.0 ni, 45.3 id,  7.5 wa,  0.0 hi,  0.0 si,  0.0 st
MiB Mem :   3844.2 total,    172.9 free,    568.3 used,   3102.9 buff/cache
MiB Swap:   3980.0 total,   3975.9 free,      4.1 used.   2994.1 avail Mem 

    PID USER      PR  NI    VIRT    RES    SHR S  %CPU  %MEM     TIME+ COMMAND
    937 www-data  20   0   26028  20328   4156 R  74.5   0.5  37:35.61 nginx

top - 14:18:07 up 9 days, 22:31,  1 user,  load average: 0.86, 0.48, 0.36
Tasks: 210 total,   2 running, 208 sleeping,   0 stopped,   0 zombie
%Cpu(s): 38.3 us,  5.6 sy,  0.9 ni, 43.0 id, 11.2 wa,  0.0 hi,  0.9 si,  0.0 st
MiB Mem :   3844.2 total,    172.9 free,    568.3 used,   3102.9 buff/cache
MiB Swap:   3980.0 total,   3975.9 free,      4.1 used.   2994.1 avail Mem 

    PID USER      PR  NI    VIRT    RES    SHR S  %CPU  %MEM     TIME+ COMMAND
    937 www-data  20   0   26028  20328   4156 R  77.8   0.5  37:36.03 nginx

top - 14:18:08 up 9 days, 22:31,  1 user,  load average: 0.86, 0.48, 0.36
Tasks: 210 total,   2 running, 208 sleeping,   0 stopped,   0 zombie
%Cpu(s): 44.0 us,  3.7 sy,  0.0 ni, 52.3 id,  0.0 wa,  0.0 hi,  0.0 si,  0.0 st
MiB Mem :   3844.2 total,    172.9 free,    568.3 used,   3102.9 buff/cache
MiB Swap:   3980.0 total,   3975.9 free,      4.1 used.   2994.1 avail Mem 

    PID USER      PR  NI    VIRT    RES    SHR S  %CPU  %MEM     TIME+ COMMAND
    937 www-data  20   0   26028  20328   4156 R  90.7   0.5  37:36.52 nginx

top - 14:18:08 up 9 days, 22:31,  1 user,  load average: 0.86, 0.48, 0.36
Tasks: 210 total,   2 running, 208 sleeping,   0 stopped,   0 zombie
%Cpu(s): 40.7 us,  3.7 sy,  0.0 ni, 55.6 id,  0.0 wa,  0.0 hi,  0.0 si,  0.0 st
MiB Mem :   3844.2 total,    172.9 free,    568.3 used,   3102.9 buff/cache
MiB Swap:   3980.0 total,   3975.9 free,      4.1 used.   2994.1 avail Mem 

    PID USER      PR  NI    VIRT    RES    SHR S  %CPU  %MEM     TIME+ COMMAND
    937 www-data  20   0   26028  20328   4156 R  75.9   0.5  37:36.93 nginx

top - 14:18:09 up 9 days, 22:31,  1 user,  load average: 0.87, 0.49, 0.36
Tasks: 210 total,   1 running, 209 sleeping,   0 stopped,   0 zombie
%Cpu(s): 43.0 us,  2.8 sy,  0.0 ni, 53.3 id,  0.0 wa,  0.0 hi,  0.9 si,  0.0 st
MiB Mem :   3844.2 total,    172.9 free,    568.3 used,   3103.0 buff/cache
MiB Swap:   3980.0 total,   3975.9 free,      4.1 used.   2994.1 avail Mem 

    PID USER      PR  NI    VIRT    RES    SHR S  %CPU  %MEM     TIME+ COMMAND
    937 www-data  20   0   26028  20328   4156 S  85.5   0.5  37:37.40 nginx

top - 14:18:09 up 9 days, 22:31,  1 user,  load average: 0.87, 0.49, 0.36
Tasks: 210 total,   2 running, 208 sleeping,   0 stopped,   0 zombie
%Cpu(s): 41.3 us,  4.6 sy,  0.0 ni, 54.1 id,  0.0 wa,  0.0 hi,  0.0 si,  0.0 st
MiB Mem :   3844.2 total,    172.9 free,    568.3 used,   3103.0 buff/cache
MiB Swap:   3980.0 total,   3975.9 free,      4.1 used.   2994.1 avail Mem 

    PID USER      PR  NI    VIRT    RES    SHR S  %CPU  %MEM     TIME+ COMMAND
    937 www-data  20   0   26028  20328   4156 R  79.6   0.5  37:37.83 nginx

top - 14:18:10 up 9 days, 22:31,  1 user,  load average: 0.87, 0.49, 0.36
Tasks: 210 total,   2 running, 208 sleeping,   0 stopped,   0 zombie
%Cpu(s): 43.6 us,  3.0 sy,  0.0 ni, 52.5 id,  0.0 wa,  0.0 hi,  1.0 si,  0.0 st
MiB Mem :   3844.2 total,    172.9 free,    568.3 used,   3103.0 buff/cache
MiB Swap:   3980.0 total,   3975.9 free,      4.1 used.   2994.1 avail Mem 

    PID USER      PR  NI    VIRT    RES    SHR S  %CPU  %MEM     TIME+ COMMAND
    937 www-data  20   0   26028  20328   4156 R  85.2   0.5  37:38.29 nginx

top - 14:18:11 up 9 days, 22:31,  1 user,  load average: 0.87, 0.49, 0.36
Tasks: 210 total,   1 running, 209 sleeping,   0 stopped,   0 zombie
%Cpu(s): 39.4 us,  5.5 sy,  0.0 ni, 55.0 id,  0.0 wa,  0.0 hi,  0.0 si,  0.0 st
MiB Mem :   3844.2 total,    172.9 free,    568.3 used,   3103.0 buff/cache
MiB Swap:   3980.0 total,   3975.9 free,      4.1 used.   2994.1 avail Mem 

    PID USER      PR  NI    VIRT    RES    SHR S  %CPU  %MEM     TIME+ COMMAND
    937 www-data  20   0   26028  20328   4156 S  82.7   0.5  37:38.72 nginx

top - 14:18:11 up 9 days, 22:31,  1 user,  load average: 0.87, 0.49, 0.36
Tasks: 210 total,   2 running, 208 sleeping,   0 stopped,   0 zombie
%Cpu(s): 40.2 us,  3.7 sy,  0.0 ni, 55.1 id,  0.0 wa,  0.0 hi,  0.9 si,  0.0 st
MiB Mem :   3844.2 total,    172.9 free,    568.3 used,   3103.0 buff/cache
MiB Swap:   3980.0 total,   3975.9 free,      4.1 used.   2994.1 avail Mem 

    PID USER      PR  NI    VIRT    RES    SHR S  %CPU  %MEM     TIME+ COMMAND
    937 www-data  20   0   26028  20328   4156 R  78.2   0.5  37:39.15 nginx

top - 14:18:12 up 9 days, 22:31,  1 user,  load average: 0.87, 0.49, 0.36
Tasks: 210 total,   2 running, 208 sleeping,   0 stopped,   0 zombie
%Cpu(s): 42.1 us,  3.7 sy,  0.0 ni, 54.2 id,  0.0 wa,  0.0 hi,  0.0 si,  0.0 st
MiB Mem :   3844.2 total,    172.9 free,    568.2 used,   3103.0 buff/cache
MiB Swap:   3980.0 total,   3975.9 free,      4.1 used.   2994.2 avail Mem 

    PID USER      PR  NI    VIRT    RES    SHR S  %CPU  %MEM     TIME+ COMMAND
    937 www-data  20   0   26028  20328   4156 R  85.2   0.5  37:39.61 nginx

top - 14:18:12 up 9 days, 22:31,  1 user,  load average: 0.87, 0.49, 0.36
Tasks: 209 total,   2 running, 207 sleeping,   0 stopped,   0 zombie
%Cpu(s): 45.3 us,  8.5 sy,  0.9 ni, 30.2 id, 14.2 wa,  0.0 hi,  0.9 si,  0.0 st
MiB Mem :   3844.2 total,    172.9 free,    568.2 used,   3103.0 buff/cache
MiB Swap:   3980.0 total,   3975.9 free,      4.1 used.   2994.2 avail Mem 

    PID USER      PR  NI    VIRT    RES    SHR S  %CPU  %MEM     TIME+ COMMAND
    937 www-data  20   0   26028  20328   4156 R  83.3   0.5  37:40.06 nginx

top - 14:18:13 up 9 days, 22:31,  1 user,  load average: 0.87, 0.49, 0.36
Tasks: 209 total,   2 running, 207 sleeping,   0 stopped,   0 zombie
%Cpu(s): 43.5 us,  2.8 sy,  0.0 ni, 52.8 id,  0.0 wa,  0.0 hi,  0.9 si,  0.0 st
MiB Mem :   3844.2 total,    172.9 free,    568.2 used,   3103.0 buff/cache
MiB Swap:   3980.0 total,   3975.9 free,      4.1 used.   2994.2 avail Mem 

    PID USER      PR  NI    VIRT    RES    SHR S  %CPU  %MEM     TIME+ COMMAND
    937 www-data  20   0   26028  20328   4156 R  81.8   0.5  37:40.51 nginx

top - 14:18:13 up 9 days, 22:31,  1 user,  load average: 0.87, 0.49, 0.36
Tasks: 209 total,   2 running, 207 sleeping,   0 stopped,   0 zombie
%Cpu(s): 40.7 us,  3.7 sy,  0.0 ni, 55.6 id,  0.0 wa,  0.0 hi,  0.0 si,  0.0 st
MiB Mem :   3844.2 total,    172.9 free,    568.2 used,   3103.0 buff/cache
MiB Swap:   3980.0 total,   3975.9 free,      4.1 used.   2994.2 avail Mem 

    PID USER      PR  NI    VIRT    RES    SHR S  %CPU  %MEM     TIME+ COMMAND
    937 www-data  20   0   26028  20328   4156 R  81.5   0.5  37:40.95 nginx

top - 14:18:14 up 9 days, 22:31,  1 user,  load average: 0.88, 0.50, 0.36
Tasks: 209 total,   1 running, 208 sleeping,   0 stopped,   0 zombie
%Cpu(s): 40.7 us,  1.9 sy,  0.0 ni, 55.6 id,  0.0 wa,  0.0 hi,  1.9 si,  0.0 st
MiB Mem :   3844.2 total,    172.9 free,    568.2 used,   3103.0 buff/cache
MiB Swap:   3980.0 total,   3975.9 free,      4.1 used.   2994.2 avail Mem 

    PID USER      PR  NI    VIRT    RES    SHR S  %CPU  %MEM     TIME+ COMMAND
    937 www-data  20   0   26028  20328   4156 S  79.6   0.5  37:41.38 nginx

top - 14:18:14 up 9 days, 22:31,  1 user,  load average: 0.88, 0.50, 0.36
Tasks: 209 total,   2 running, 207 sleeping,   0 stopped,   0 zombie
%Cpu(s): 42.5 us,  3.8 sy,  0.0 ni, 53.8 id,  0.0 wa,  0.0 hi,  0.0 si,  0.0 st
MiB Mem :   3844.2 total,    172.9 free,    568.2 used,   3103.0 buff/cache
MiB Swap:   3980.0 total,   3975.9 free,      4.1 used.   2994.2 avail Mem 

    PID USER      PR  NI    VIRT    RES    SHR S  %CPU  %MEM     TIME+ COMMAND
    937 www-data  20   0   26028  20328   4156 R  85.2   0.5  37:41.84 nginx

top - 14:18:15 up 9 days, 22:31,  1 user,  load average: 0.88, 0.50, 0.36
Tasks: 209 total,   2 running, 207 sleeping,   0 stopped,   0 zombie
%Cpu(s): 38.9 us,  2.8 sy,  0.0 ni, 58.3 id,  0.0 wa,  0.0 hi,  0.0 si,  0.0 st
MiB Mem :   3844.2 total,    172.9 free,    568.2 used,   3103.0 buff/cache
MiB Swap:   3980.0 total,   3975.9 free,      4.1 used.   2994.2 avail Mem 

    PID USER      PR  NI    VIRT    RES    SHR S  %CPU  %MEM     TIME+ COMMAND
    937 www-data  20   0   26028  20328   4156 R  72.7   0.5  37:42.24 nginx
