top - 14:29:13 up 9 days, 22:42,  1 user,  load average: 0.40, 0.78, 0.62
Tasks: 204 total,   1 running, 203 sleeping,   0 stopped,   0 zombie
%Cpu(s):  5.3 us,  7.9 sy,  0.0 ni, 86.8 id,  0.0 wa,  0.0 hi,  0.0 si,  0.0 st
MiB Mem :   3844.2 total,    173.0 free,    561.9 used,   3109.3 buff/cache
MiB Swap:   3980.0 total,   3975.9 free,      4.1 used.   3000.5 avail Mem 

    PID USER      PR  NI    VIRT    RES    SHR S  %CPU  %MEM     TIME+ COMMAND
    937 www-data  20   0   26028  20328   4156 S   0.0   0.5  44:06.40 nginx

top - 14:29:14 up 9 days, 22:42,  1 user,  load average: 0.40, 0.78, 0.62
Tasks: 204 total,   1 running, 203 sleeping,   0 stopped,   0 zombie
%Cpu(s):  1.0 us,  1.0 sy,  0.0 ni, 98.1 id,  0.0 wa,  0.0 hi,  0.0 si,  0.0 st
MiB Mem :   3844.2 total,    173.0 free,    561.9 used,   3109.3 buff/cache
MiB Swap:   3980.0 total,   3975.9 free,      4.1 used.   3000.5 avail Mem 

    PID USER      PR  NI    VIRT    RES    SHR S  %CPU  %MEM     TIME+ COMMAND

top - 14:29:14 up 9 days, 22:42,  1 user,  load average: 0.37, 0.77, 0.62
Tasks: 204 total,   1 running, 203 sleeping,   0 stopped,   0 zombie
%Cpu(s):  1.0 us,  1.9 sy,  0.0 ni, 97.1 id,  0.0 wa,  0.0 hi,  0.0 si,  0.0 st
MiB Mem :   3844.2 total,    173.0 free,    561.9 used,   3109.3 buff/cache
MiB Swap:   3980.0 total,   3975.9 free,      4.1 used.   3000.5 avail Mem 

    PID USER      PR  NI    VIRT    RES    SHR S  %CPU  %MEM     TIME+ COMMAND
    937 www-data  20   0   26028  20328   4156 S   0.0   0.5  44:06.40 nginx

top - 14:29:15 up 9 days, 22:42,  1 user,  load average: 0.37, 0.77, 0.62
Tasks: 204 total,   1 running, 203 sleeping,   0 stopped,   0 zombie
%Cpu(s):  0.0 us,  2.9 sy,  0.0 ni, 97.1 id,  0.0 wa,  0.0 hi,  0.0 si,  0.0 st
MiB Mem :   3844.2 total,    173.0 free,    561.9 used,   3109.3 buff/cache
MiB Swap:   3980.0 total,   3975.9 free,      4.1 used.   3000.5 avail Mem 

    PID USER      PR  NI    VIRT    RES    SHR S  %CPU  %MEM     TIME+ COMMAND

top - 14:29:15 up 9 days, 22:42,  1 user,  load average: 0.37, 0.77, 0.62
Tasks: 204 total,   1 running, 203 sleeping,   0 stopped,   0 zombie
%Cpu(s):  2.0 us,  7.8 sy,  2.9 ni, 76.5 id, 10.8 wa,  0.0 hi,  0.0 si,  0.0 st
MiB Mem :   3844.2 total,    173.0 free,    561.9 used,   3109.3 buff/cache
MiB Swap:   3980.0 total,   3975.9 free,      4.1 used.   3000.5 avail Mem 

    PID USER      PR  NI    VIRT    RES    SHR S  %CPU  %MEM     TIME+ COMMAND

top - 14:29:16 up 9 days, 22:42,  1 user,  load average: 0.37, 0.77, 0.62
Tasks: 204 total,   2 running, 202 sleeping,   0 stopped,   0 zombie
%Cpu(s):  2.8 us,  2.8 sy,  0.0 ni, 94.4 id,  0.0 wa,  0.0 hi,  0.0 si,  0.0 st
MiB Mem :   3844.2 total,    172.0 free,    562.9 used,   3109.3 buff/cache
MiB Swap:   3980.0 total,   3975.9 free,      4.1 used.   2999.6 avail Mem 

    PID USER      PR  NI    VIRT    RES    SHR S  %CPU  %MEM     TIME+ COMMAND

top - 14:29:16 up 9 days, 22:42,  1 user,  load average: 0.37, 0.77, 0.62
Tasks: 204 total,   1 running, 203 sleeping,   0 stopped,   0 zombie
%Cpu(s):  2.8 us,  2.8 sy,  0.0 ni, 94.4 id,  0.0 wa,  0.0 hi,  0.0 si,  0.0 st
MiB Mem :   3844.2 total,    172.0 free,    562.9 used,   3109.3 buff/cache
MiB Swap:   3980.0 total,   3975.9 free,      4.1 used.   2999.6 avail Mem 

    PID USER      PR  NI    VIRT    RES    SHR S  %CPU  %MEM     TIME+ COMMAND

top - 14:29:17 up 9 days, 22:42,  1 user,  load average: 0.37, 0.77, 0.62
Tasks: 204 total,   1 running, 203 sleeping,   0 stopped,   0 zombie
%Cpu(s):  8.4 us,  1.9 sy,  0.0 ni, 89.7 id,  0.0 wa,  0.0 hi,  0.0 si,  0.0 st
MiB Mem :   3844.2 total,    172.0 free,    562.9 used,   3109.3 buff/cache
MiB Swap:   3980.0 total,   3975.9 free,      4.1 used.   2999.6 avail Mem 

    PID USER      PR  NI    VIRT    RES    SHR S  %CPU  %MEM     TIME+ COMMAND

top - 14:29:17 up 9 days, 22:43,  1 user,  load average: 0.37, 0.77, 0.62
Tasks: 204 total,   1 running, 203 sleeping,   0 stopped,   0 zombie
%Cpu(s):  0.9 us,  3.7 sy,  0.0 ni, 95.3 id,  0.0 wa,  0.0 hi,  0.0 si,  0.0 st
MiB Mem :   3844.2 total,    172.0 free,    562.9 used,   3109.3 buff/cache
MiB Swap:   3980.0 total,   3975.9 free,      4.1 used.   2999.6 avail Mem 

    PID USER      PR  NI    VIRT    RES    SHR S  %CPU  %MEM     TIME+ COMMAND

top - 14:29:18 up 9 days, 22:43,  1 user,  load average: 0.37, 0.77, 0.62
Tasks: 204 total,   2 running, 202 sleeping,   0 stopped,   0 zombie
%Cpu(s): 16.8 us,  1.9 sy,  0.0 ni, 81.3 id,  0.0 wa,  0.0 hi,  0.0 si,  0.0 st
MiB Mem :   3844.2 total,    172.0 free,    562.9 used,   3109.3 buff/cache
MiB Swap:   3980.0 total,   3975.9 free,      4.1 used.   2999.6 avail Mem 

    PID USER      PR  NI    VIRT    RES    SHR S  %CPU  %MEM     TIME+ COMMAND

top - 14:29:18 up 9 days, 22:43,  1 user,  load average: 0.37, 0.77, 0.62
Tasks: 204 total,   2 running, 202 sleeping,   0 stopped,   0 zombie
%Cpu(s): 44.4 us,  3.7 sy,  0.0 ni, 51.9 id,  0.0 wa,  0.0 hi,  0.0 si,  0.0 st
MiB Mem :   3844.2 total,    172.0 free,    562.9 used,   3109.3 buff/cache
MiB Swap:   3980.0 total,   3975.9 free,      4.1 used.   2999.6 avail Mem 

    PID USER      PR  NI    VIRT    RES    SHR S  %CPU  %MEM     TIME+ COMMAND

top - 14:29:19 up 9 days, 22:43,  1 user,  load average: 0.37, 0.77, 0.62
Tasks: 204 total,   2 running, 202 sleeping,   0 stopped,   0 zombie
%Cpu(s): 44.9 us,  3.7 sy,  0.0 ni, 51.4 id,  0.0 wa,  0.0 hi,  0.0 si,  0.0 st
MiB Mem :   3844.2 total,    172.0 free,    562.9 used,   3109.3 buff/cache
MiB Swap:   3980.0 total,   3975.9 free,      4.1 used.   2999.6 avail Mem 

    PID USER      PR  NI    VIRT    RES    SHR S  %CPU  %MEM     TIME+ COMMAND

top - 14:29:19 up 9 days, 22:43,  1 user,  load average: 0.34, 0.76, 0.62
Tasks: 204 total,   1 running, 203 sleeping,   0 stopped,   0 zombie
%Cpu(s): 28.6 us,  2.9 sy,  0.0 ni, 68.6 id,  0.0 wa,  0.0 hi,  0.0 si,  0.0 st
MiB Mem :   3844.2 total,    172.0 free,    562.9 used,   3109.3 buff/cache
MiB Swap:   3980.0 total,   3975.9 free,      4.1 used.   2999.6 avail Mem 

    PID USER      PR  NI    VIRT    RES    SHR S  %CPU  %MEM     TIME+ COMMAND

top - 14:29:20 up 9 days, 22:43,  1 user,  load average: 0.34, 0.76, 0.62
Tasks: 204 total,   2 running, 202 sleeping,   0 stopped,   0 zombie
%Cpu(s): 39.4 us,  4.8 sy,  1.0 ni, 53.8 id,  1.0 wa,  0.0 hi,  0.0 si,  0.0 st
MiB Mem :   3844.2 total,    172.0 free,    562.9 used,   3109.3 buff/cache
MiB Swap:   3980.0 total,   3975.9 free,      4.1 used.   2999.6 avail Mem 

    PID USER      PR  NI    VIRT    RES    SHR S  %CPU  %MEM     TIME+ COMMAND

top - 14:29:20 up 9 days, 22:43,  1 user,  load average: 0.34, 0.76, 0.62
Tasks: 204 total,   2 running, 202 sleeping,   0 stopped,   0 zombie
%Cpu(s): 49.1 us,  5.6 sy,  2.8 ni, 34.3 id,  7.4 wa,  0.0 hi,  0.9 si,  0.0 st
MiB Mem :   3844.2 total,    172.0 free,    562.9 used,   3109.3 buff/cache
MiB Swap:   3980.0 total,   3975.9 free,      4.1 used.   2999.6 avail Mem 

    PID USER      PR  NI    VIRT    RES    SHR S  %CPU  %MEM     TIME+ COMMAND

top - 14:29:21 up 9 days, 22:43,  1 user,  load average: 0.34, 0.76, 0.62
Tasks: 203 total,   2 running, 201 sleeping,   0 stopped,   0 zombie
%Cpu(s): 51.9 us,  3.7 sy,  0.9 ni, 42.6 id,  0.0 wa,  0.0 hi,  0.9 si,  0.0 st
MiB Mem :   3844.2 total,    172.0 free,    562.9 used,   3109.3 buff/cache
MiB Swap:   3980.0 total,   3975.9 free,      4.1 used.   2999.6 avail Mem 

    PID USER      PR  NI    VIRT    RES    SHR S  %CPU  %MEM     TIME+ COMMAND

top - 14:29:22 up 9 days, 22:43,  1 user,  load average: 0.34, 0.76, 0.62
Tasks: 203 total,   2 running, 201 sleeping,   0 stopped,   0 zombie
%Cpu(s): 50.9 us,  2.8 sy,  0.0 ni, 46.2 id,  0.0 wa,  0.0 hi,  0.0 si,  0.0 st
MiB Mem :   3844.2 total,    172.0 free,    562.8 used,   3109.3 buff/cache
MiB Swap:   3980.0 total,   3975.9 free,      4.1 used.   2999.6 avail Mem 

    PID USER      PR  NI    VIRT    RES    SHR S  %CPU  %MEM     TIME+ COMMAND

top - 14:29:22 up 9 days, 22:43,  1 user,  load average: 0.34, 0.76, 0.62
Tasks: 203 total,   2 running, 201 sleeping,   0 stopped,   0 zombie
%Cpu(s): 50.0 us,  4.6 sy,  0.0 ni, 45.4 id,  0.0 wa,  0.0 hi,  0.0 si,  0.0 st
MiB Mem :   3844.2 total,    172.0 free,    562.8 used,   3109.3 buff/cache
MiB Swap:   3980.0 total,   3975.9 free,      4.1 used.   2999.6 avail Mem 

    PID USER      PR  NI    VIRT    RES    SHR S  %CPU  %MEM     TIME+ COMMAND

top - 14:29:23 up 9 days, 22:43,  1 user,  load average: 0.34, 0.76, 0.62
Tasks: 203 total,   2 running, 201 sleeping,   0 stopped,   0 zombie
%Cpu(s): 24.3 us,  3.7 sy,  0.0 ni, 72.0 id,  0.0 wa,  0.0 hi,  0.0 si,  0.0 st
MiB Mem :   3844.2 total,    172.0 free,    562.8 used,   3109.3 buff/cache
MiB Swap:   3980.0 total,   3975.9 free,      4.1 used.   2999.6 avail Mem 

    PID USER      PR  NI    VIRT    RES    SHR S  %CPU  %MEM     TIME+ COMMAND

top - 14:29:23 up 9 days, 22:43,  1 user,  load average: 0.34, 0.76, 0.62
Tasks: 203 total,   1 running, 202 sleeping,   0 stopped,   0 zombie
%Cpu(s):  0.9 us,  3.7 sy,  0.0 ni, 95.4 id,  0.0 wa,  0.0 hi,  0.0 si,  0.0 st
MiB Mem :   3844.2 total,    172.0 free,    562.8 used,   3109.3 buff/cache
MiB Swap:   3980.0 total,   3975.9 free,      4.1 used.   2999.6 avail Mem 

    PID USER      PR  NI    VIRT    RES    SHR S  %CPU  %MEM     TIME+ COMMAND

top - 14:29:24 up 9 days, 22:43,  1 user,  load average: 0.34, 0.76, 0.62
Tasks: 203 total,   1 running, 202 sleeping,   0 stopped,   0 zombie
%Cpu(s): 15.0 us,  2.8 sy,  0.0 ni, 82.2 id,  0.0 wa,  0.0 hi,  0.0 si,  0.0 st
MiB Mem :   3844.2 total,    172.0 free,    562.8 used,   3109.3 buff/cache
MiB Swap:   3980.0 total,   3975.9 free,      4.1 used.   2999.6 avail Mem 

    PID USER      PR  NI    VIRT    RES    SHR S  %CPU  %MEM     TIME+ COMMAND

top - 14:29:24 up 9 days, 22:43,  1 user,  load average: 0.31, 0.74, 0.61
Tasks: 203 total,   1 running, 202 sleeping,   0 stopped,   0 zombie
%Cpu(s):  1.9 us,  3.7 sy,  0.0 ni, 94.4 id,  0.0 wa,  0.0 hi,  0.0 si,  0.0 st
MiB Mem :   3844.2 total,    172.0 free,    562.8 used,   3109.3 buff/cache
MiB Swap:   3980.0 total,   3975.9 free,      4.1 used.   2999.6 avail Mem 

    PID USER      PR  NI    VIRT    RES    SHR S  %CPU  %MEM     TIME+ COMMAND

top - 14:29:25 up 9 days, 22:43,  1 user,  load average: 0.31, 0.74, 0.61
Tasks: 203 total,   1 running, 202 sleeping,   0 stopped,   0 zombie
%Cpu(s):  8.1 us,  4.5 sy,  0.0 ni, 87.4 id,  0.0 wa,  0.0 hi,  0.0 si,  0.0 st
MiB Mem :   3844.2 total,    172.0 free,    562.8 used,   3109.3 buff/cache
MiB Swap:   3980.0 total,   3975.9 free,      4.1 used.   2999.6 avail Mem 

    PID USER      PR  NI    VIRT    RES    SHR S  %CPU  %MEM     TIME+ COMMAND

top - 14:29:25 up 9 days, 22:43,  1 user,  load average: 0.31, 0.74, 0.61
Tasks: 204 total,   1 running, 203 sleeping,   0 stopped,   0 zombie
%Cpu(s):  8.0 us, 13.0 sy, 13.0 ni, 47.0 id, 19.0 wa,  0.0 hi,  0.0 si,  0.0 st
MiB Mem :   3844.2 total,    172.0 free,    562.8 used,   3109.3 buff/cache
MiB Swap:   3980.0 total,   3975.9 free,      4.1 used.   2999.6 avail Mem 

    PID USER      PR  NI    VIRT    RES    SHR S  %CPU  %MEM     TIME+ COMMAND
    937 www-data  20   0   26028  20328   4156 S   0.0   0.5  44:10.91 nginx

top - 14:29:26 up 9 days, 22:43,  1 user,  load average: 0.31, 0.74, 0.61
Tasks: 204 total,   1 running, 203 sleeping,   0 stopped,   0 zombie
%Cpu(s): 11.2 us,  1.9 sy,  0.0 ni, 86.0 id,  0.9 wa,  0.0 hi,  0.0 si,  0.0 st
MiB Mem :   3844.2 total,    172.0 free,    562.8 used,   3109.3 buff/cache
MiB Swap:   3980.0 total,   3975.9 free,      4.1 used.   2999.6 avail Mem 

    PID USER      PR  NI    VIRT    RES    SHR S  %CPU  %MEM     TIME+ COMMAND

top - 14:29:26 up 9 days, 22:43,  1 user,  load average: 0.31, 0.74, 0.61
Tasks: 204 total,   1 running, 203 sleeping,   0 stopped,   0 zombie
%Cpu(s):  0.9 us,  4.6 sy,  0.0 ni, 94.5 id,  0.0 wa,  0.0 hi,  0.0 si,  0.0 st
MiB Mem :   3844.2 total,    172.0 free,    562.8 used,   3109.3 buff/cache
MiB Swap:   3980.0 total,   3975.9 free,      4.1 used.   2999.6 avail Mem 

    PID USER      PR  NI    VIRT    RES    SHR S  %CPU  %MEM     TIME+ COMMAND

top - 14:29:27 up 9 days, 22:43,  1 user,  load average: 0.31, 0.74, 0.61
Tasks: 204 total,   1 running, 203 sleeping,   0 stopped,   0 zombie
%Cpu(s):  7.5 us,  2.8 sy,  0.0 ni, 89.7 id,  0.0 wa,  0.0 hi,  0.0 si,  0.0 st
MiB Mem :   3844.2 total,    172.0 free,    562.8 used,   3109.3 buff/cache
MiB Swap:   3980.0 total,   3975.9 free,      4.1 used.   2999.6 avail Mem 

    PID USER      PR  NI    VIRT    RES    SHR S  %CPU  %MEM     TIME+ COMMAND

top - 14:29:28 up 9 days, 22:43,  1 user,  load average: 0.31, 0.74, 0.61
Tasks: 204 total,   1 running, 203 sleeping,   0 stopped,   0 zombie
%Cpu(s):  0.9 us,  3.7 sy,  0.0 ni, 95.4 id,  0.0 wa,  0.0 hi,  0.0 si,  0.0 st
MiB Mem :   3844.2 total,    172.0 free,    562.8 used,   3109.3 buff/cache
MiB Swap:   3980.0 total,   3975.9 free,      4.1 used.   2999.6 avail Mem 

    PID USER      PR  NI    VIRT    RES    SHR S  %CPU  %MEM     TIME+ COMMAND

top - 14:29:28 up 9 days, 22:43,  1 user,  load average: 0.31, 0.74, 0.61
Tasks: 204 total,   1 running, 203 sleeping,   0 stopped,   0 zombie
%Cpu(s):  8.3 us,  2.8 sy,  0.0 ni, 88.9 id,  0.0 wa,  0.0 hi,  0.0 si,  0.0 st
MiB Mem :   3844.2 total,    172.0 free,    562.8 used,   3109.4 buff/cache
MiB Swap:   3980.0 total,   3975.9 free,      4.1 used.   2999.6 avail Mem 

    PID USER      PR  NI    VIRT    RES    SHR S  %CPU  %MEM     TIME+ COMMAND

top - 14:29:29 up 9 days, 22:43,  1 user,  load average: 0.31, 0.74, 0.61
Tasks: 204 total,   1 running, 203 sleeping,   0 stopped,   0 zombie
%Cpu(s):  1.9 us,  1.9 sy,  0.0 ni, 96.3 id,  0.0 wa,  0.0 hi,  0.0 si,  0.0 st
MiB Mem :   3844.2 total,    172.0 free,    562.8 used,   3109.4 buff/cache
MiB Swap:   3980.0 total,   3975.9 free,      4.1 used.   2999.6 avail Mem 

    PID USER      PR  NI    VIRT    RES    SHR S  %CPU  %MEM     TIME+ COMMAND

top - 14:29:29 up 9 days, 22:43,  1 user,  load average: 0.29, 0.73, 0.61
Tasks: 204 total,   1 running, 203 sleeping,   0 stopped,   0 zombie
%Cpu(s):  7.4 us,  2.8 sy,  0.0 ni, 89.8 id,  0.0 wa,  0.0 hi,  0.0 si,  0.0 st
MiB Mem :   3844.2 total,    172.0 free,    562.8 used,   3109.4 buff/cache
MiB Swap:   3980.0 total,   3975.9 free,      4.1 used.   2999.6 avail Mem 

    PID USER      PR  NI    VIRT    RES    SHR S  %CPU  %MEM     TIME+ COMMAND

top - 14:29:30 up 9 days, 22:43,  1 user,  load average: 0.29, 0.73, 0.61
Tasks: 204 total,   2 running, 202 sleeping,   0 stopped,   0 zombie
%Cpu(s):  6.5 us,  2.8 sy,  0.0 ni, 90.7 id,  0.0 wa,  0.0 hi,  0.0 si,  0.0 st
MiB Mem :   3844.2 total,    172.0 free,    562.8 used,   3109.4 buff/cache
MiB Swap:   3980.0 total,   3975.9 free,      4.1 used.   2999.6 avail Mem 

    PID USER      PR  NI    VIRT    RES    SHR S  %CPU  %MEM     TIME+ COMMAND

top - 14:29:30 up 9 days, 22:43,  1 user,  load average: 0.29, 0.73, 0.61
Tasks: 204 total,   3 running, 201 sleeping,   0 stopped,   0 zombie
%Cpu(s):  5.7 us,  7.6 sy,  1.0 ni, 68.6 id, 17.1 wa,  0.0 hi,  0.0 si,  0.0 st
MiB Mem :   3844.2 total,    172.0 free,    562.8 used,   3109.4 buff/cache
MiB Swap:   3980.0 total,   3975.9 free,      4.1 used.   2999.6 avail Mem 

    PID USER      PR  NI    VIRT    RES    SHR S  %CPU  %MEM     TIME+ COMMAND

top - 14:29:31 up 9 days, 22:43,  1 user,  load average: 0.29, 0.73, 0.61
Tasks: 205 total,   1 running, 204 sleeping,   0 stopped,   0 zombie
%Cpu(s):  7.4 us,  4.6 sy,  0.9 ni, 86.1 id,  0.9 wa,  0.0 hi,  0.0 si,  0.0 st
MiB Mem :   3844.2 total,    172.0 free,    562.8 used,   3109.4 buff/cache
MiB Swap:   3980.0 total,   3975.9 free,      4.1 used.   2999.6 avail Mem 

    PID USER      PR  NI    VIRT    RES    SHR S  %CPU  %MEM     TIME+ COMMAND

top - 14:29:31 up 9 days, 22:43,  1 user,  load average: 0.29, 0.73, 0.61
Tasks: 205 total,   1 running, 204 sleeping,   0 stopped,   0 zombie
%Cpu(s):  2.8 us,  2.8 sy,  0.0 ni, 94.5 id,  0.0 wa,  0.0 hi,  0.0 si,  0.0 st
MiB Mem :   3844.2 total,    172.0 free,    562.8 used,   3109.4 buff/cache
MiB Swap:   3980.0 total,   3975.9 free,      4.1 used.   2999.6 avail Mem 

    PID USER      PR  NI    VIRT    RES    SHR S  %CPU  %MEM     TIME+ COMMAND

top - 14:29:32 up 9 days, 22:43,  1 user,  load average: 0.29, 0.73, 0.61
Tasks: 205 total,   1 running, 204 sleeping,   0 stopped,   0 zombie
%Cpu(s):  9.2 us,  2.8 sy,  0.0 ni, 88.1 id,  0.0 wa,  0.0 hi,  0.0 si,  0.0 st
MiB Mem :   3844.2 total,    172.0 free,    562.8 used,   3109.4 buff/cache
MiB Swap:   3980.0 total,   3975.9 free,      4.1 used.   2999.6 avail Mem 

    PID USER      PR  NI    VIRT    RES    SHR S  %CPU  %MEM     TIME+ COMMAND

top - 14:29:32 up 9 days, 22:43,  1 user,  load average: 0.29, 0.73, 0.61
Tasks: 205 total,   1 running, 204 sleeping,   0 stopped,   0 zombie
%Cpu(s):  1.9 us,  1.9 sy,  0.0 ni, 96.3 id,  0.0 wa,  0.0 hi,  0.0 si,  0.0 st
MiB Mem :   3844.2 total,    172.0 free,    562.8 used,   3109.4 buff/cache
MiB Swap:   3980.0 total,   3975.9 free,      4.1 used.   2999.6 avail Mem 

    PID USER      PR  NI    VIRT    RES    SHR S  %CPU  %MEM     TIME+ COMMAND

top - 14:29:33 up 9 days, 22:43,  1 user,  load average: 0.29, 0.73, 0.61
Tasks: 205 total,   1 running, 204 sleeping,   0 stopped,   0 zombie
%Cpu(s):  8.3 us,  3.7 sy,  0.0 ni, 88.0 id,  0.0 wa,  0.0 hi,  0.0 si,  0.0 st
MiB Mem :   3844.2 total,    172.0 free,    562.8 used,   3109.4 buff/cache
MiB Swap:   3980.0 total,   3975.9 free,      4.1 used.   2999.6 avail Mem 

    PID USER      PR  NI    VIRT    RES    SHR S  %CPU  %MEM     TIME+ COMMAND

top - 14:29:33 up 9 days, 22:43,  1 user,  load average: 0.29, 0.73, 0.61
Tasks: 205 total,   1 running, 204 sleeping,   0 stopped,   0 zombie
%Cpu(s):  0.0 us,  2.8 sy,  0.0 ni, 97.2 id,  0.0 wa,  0.0 hi,  0.0 si,  0.0 st
MiB Mem :   3844.2 total,    172.0 free,    562.8 used,   3109.4 buff/cache
MiB Swap:   3980.0 total,   3975.9 free,      4.1 used.   2999.6 avail Mem 

    PID USER      PR  NI    VIRT    RES    SHR S  %CPU  %MEM     TIME+ COMMAND

top - 14:29:34 up 9 days, 22:43,  1 user,  load average: 0.26, 0.72, 0.61
Tasks: 205 total,   1 running, 204 sleeping,   0 stopped,   0 zombie
%Cpu(s):  8.3 us,  3.7 sy,  0.0 ni, 88.1 id,  0.0 wa,  0.0 hi,  0.0 si,  0.0 st
MiB Mem :   3844.2 total,    172.0 free,    562.8 used,   3109.4 buff/cache
MiB Swap:   3980.0 total,   3975.9 free,      4.1 used.   2999.6 avail Mem 

    PID USER      PR  NI    VIRT    RES    SHR S  %CPU  %MEM     TIME+ COMMAND

top - 14:29:35 up 9 days, 22:43,  1 user,  load average: 0.26, 0.72, 0.61
Tasks: 205 total,   1 running, 204 sleeping,   0 stopped,   0 zombie
%Cpu(s):  0.9 us,  3.7 sy,  0.0 ni, 95.4 id,  0.0 wa,  0.0 hi,  0.0 si,  0.0 st
MiB Mem :   3844.2 total,    172.0 free,    562.8 used,   3109.4 buff/cache
MiB Swap:   3980.0 total,   3975.9 free,      4.1 used.   2999.6 avail Mem 

    PID USER      PR  NI    VIRT    RES    SHR S  %CPU  %MEM     TIME+ COMMAND
    937 www-data  20   0   26028  20328   4156 S   0.0   0.5  44:11.59 nginx

top - 14:29:35 up 9 days, 22:43,  1 user,  load average: 0.26, 0.72, 0.61
Tasks: 205 total,   1 running, 204 sleeping,   0 stopped,   0 zombie
%Cpu(s):  9.7 us,  5.8 sy,  1.0 ni, 79.6 id,  3.9 wa,  0.0 hi,  0.0 si,  0.0 st
MiB Mem :   3844.2 total,    172.0 free,    562.8 used,   3109.4 buff/cache
MiB Swap:   3980.0 total,   3975.9 free,      4.1 used.   2999.6 avail Mem 

    PID USER      PR  NI    VIRT    RES    SHR S  %CPU  %MEM     TIME+ COMMAND

top - 14:29:36 up 9 days, 22:43,  1 user,  load average: 0.26, 0.72, 0.61
Tasks: 205 total,   1 running, 204 sleeping,   0 stopped,   0 zombie
%Cpu(s):  2.8 us,  3.8 sy,  1.9 ni, 79.2 id, 11.3 wa,  0.0 hi,  0.9 si,  0.0 st
MiB Mem :   3844.2 total,    172.0 free,    562.8 used,   3109.4 buff/cache
MiB Swap:   3980.0 total,   3975.9 free,      4.1 used.   2999.6 avail Mem 

    PID USER      PR  NI    VIRT    RES    SHR S  %CPU  %MEM     TIME+ COMMAND
    937 www-data  20   0   26028  20328   4156 S   0.0   0.5  44:11.67 nginx

top - 14:29:36 up 9 days, 22:43,  1 user,  load average: 0.26, 0.72, 0.61
Tasks: 204 total,   1 running, 203 sleeping,   0 stopped,   0 zombie
%Cpu(s):  8.3 us,  3.7 sy,  1.8 ni, 86.2 id,  0.0 wa,  0.0 hi,  0.0 si,  0.0 st
MiB Mem :   3844.2 total,    172.0 free,    562.8 used,   3109.4 buff/cache
MiB Swap:   3980.0 total,   3975.9 free,      4.1 used.   2999.6 avail Mem 

    PID USER      PR  NI    VIRT    RES    SHR S  %CPU  %MEM     TIME+ COMMAND

top - 14:29:37 up 9 days, 22:43,  1 user,  load average: 0.26, 0.72, 0.61
Tasks: 204 total,   1 running, 203 sleeping,   0 stopped,   0 zombie
%Cpu(s):  7.5 us,  2.8 sy,  0.0 ni, 89.6 id,  0.0 wa,  0.0 hi,  0.0 si,  0.0 st
MiB Mem :   3844.2 total,    179.6 free,    555.2 used,   3109.4 buff/cache
MiB Swap:   3980.0 total,   3975.9 free,      4.1 used.   3007.3 avail Mem 

    PID USER      PR  NI    VIRT    RES    SHR S  %CPU  %MEM     TIME+ COMMAND

top - 14:29:37 up 9 days, 22:43,  1 user,  load average: 0.26, 0.72, 0.61
Tasks: 204 total,   1 running, 203 sleeping,   0 stopped,   0 zombie
%Cpu(s):  1.8 us,  3.7 sy,  0.0 ni, 94.5 id,  0.0 wa,  0.0 hi,  0.0 si,  0.0 st
MiB Mem :   3844.2 total,    179.6 free,    555.2 used,   3109.4 buff/cache
MiB Swap:   3980.0 total,   3975.9 free,      4.1 used.   3007.3 avail Mem 

    PID USER      PR  NI    VIRT    RES    SHR S  %CPU  %MEM     TIME+ COMMAND

top - 14:29:38 up 9 days, 22:43,  1 user,  load average: 0.26, 0.72, 0.61
Tasks: 204 total,   1 running, 203 sleeping,   0 stopped,   0 zombie
%Cpu(s):  7.5 us,  2.8 sy,  0.0 ni, 89.6 id,  0.0 wa,  0.0 hi,  0.0 si,  0.0 st
MiB Mem :   3844.2 total,    179.6 free,    555.2 used,   3109.4 buff/cache
MiB Swap:   3980.0 total,   3975.9 free,      4.1 used.   3007.3 avail Mem 

    PID USER      PR  NI    VIRT    RES    SHR S  %CPU  %MEM     TIME+ COMMAND

top - 14:29:38 up 9 days, 22:43,  1 user,  load average: 0.26, 0.72, 0.61
Tasks: 204 total,   1 running, 203 sleeping,   0 stopped,   0 zombie
%Cpu(s):  0.9 us,  3.7 sy,  0.0 ni, 95.4 id,  0.0 wa,  0.0 hi,  0.0 si,  0.0 st
MiB Mem :   3844.2 total,    179.6 free,    555.2 used,   3109.4 buff/cache
MiB Swap:   3980.0 total,   3975.9 free,      4.1 used.   3007.3 avail Mem 

    PID USER      PR  NI    VIRT    RES    SHR S  %CPU  %MEM     TIME+ COMMAND

top - 14:29:39 up 9 days, 22:43,  1 user,  load average: 0.26, 0.72, 0.61
Tasks: 204 total,   1 running, 203 sleeping,   0 stopped,   0 zombie
%Cpu(s):  8.3 us,  2.8 sy,  0.0 ni, 88.9 id,  0.0 wa,  0.0 hi,  0.0 si,  0.0 st
MiB Mem :   3844.2 total,    179.6 free,    555.2 used,   3109.4 buff/cache
MiB Swap:   3980.0 total,   3975.9 free,      4.1 used.   3007.3 avail Mem 

    PID USER      PR  NI    VIRT    RES    SHR S  %CPU  %MEM     TIME+ COMMAND

top - 14:29:39 up 9 days, 22:43,  1 user,  load average: 0.24, 0.71, 0.60
Tasks: 204 total,   1 running, 203 sleeping,   0 stopped,   0 zombie
%Cpu(s):  0.9 us,  3.7 sy,  0.0 ni, 95.4 id,  0.0 wa,  0.0 hi,  0.0 si,  0.0 st
MiB Mem :   3844.2 total,    179.6 free,    555.2 used,   3109.4 buff/cache
MiB Swap:   3980.0 total,   3975.9 free,      4.1 used.   3007.3 avail Mem 

    PID USER      PR  NI    VIRT    RES    SHR S  %CPU  %MEM     TIME+ COMMAND

top - 14:29:40 up 9 days, 22:43,  1 user,  load average: 0.24, 0.71, 0.60
Tasks: 204 total,   1 running, 203 sleeping,   0 stopped,   0 zombie
%Cpu(s):  8.4 us,  2.8 sy,  0.0 ni, 88.8 id,  0.0 wa,  0.0 hi,  0.0 si,  0.0 st
MiB Mem :   3844.2 total,    196.8 free,    538.0 used,   3109.4 buff/cache
MiB Swap:   3980.0 total,   3975.9 free,      4.1 used.   3024.5 avail Mem 

    PID USER      PR  NI    VIRT    RES    SHR S  %CPU  %MEM     TIME+ COMMAND

top - 14:29:41 up 9 days, 22:43,  1 user,  load average: 0.24, 0.71, 0.60
Tasks: 204 total,   2 running, 202 sleeping,   0 stopped,   0 zombie
%Cpu(s):  3.8 us,  8.6 sy,  1.0 ni, 41.0 id, 45.7 wa,  0.0 hi,  0.0 si,  0.0 st
MiB Mem :   3844.2 total,    196.8 free,    538.0 used,   3109.4 buff/cache
MiB Swap:   3980.0 total,   3975.9 free,      4.1 used.   3024.5 avail Mem 

    PID USER      PR  NI    VIRT    RES    SHR S  %CPU  %MEM     TIME+ COMMAND

top - 14:29:41 up 9 days, 22:43,  1 user,  load average: 0.24, 0.71, 0.60
Tasks: 205 total,   1 running, 204 sleeping,   0 stopped,   0 zombie
%Cpu(s):  9.0 us,  9.9 sy,  9.9 ni, 71.2 id,  0.0 wa,  0.0 hi,  0.0 si,  0.0 st
MiB Mem :   3844.2 total,    196.8 free,    538.0 used,   3109.4 buff/cache
MiB Swap:   3980.0 total,   3975.9 free,      4.1 used.   3024.5 avail Mem 

    PID USER      PR  NI    VIRT    RES    SHR S  %CPU  %MEM     TIME+ COMMAND

top - 14:29:42 up 9 days, 22:43,  1 user,  load average: 0.24, 0.71, 0.60
Tasks: 205 total,   2 running, 203 sleeping,   0 stopped,   0 zombie
%Cpu(s):  6.5 us,  1.9 sy,  0.0 ni, 91.6 id,  0.0 wa,  0.0 hi,  0.0 si,  0.0 st
MiB Mem :   3844.2 total,    196.8 free,    538.0 used,   3109.4 buff/cache
MiB Swap:   3980.0 total,   3975.9 free,      4.1 used.   3024.5 avail Mem 

    PID USER      PR  NI    VIRT    RES    SHR S  %CPU  %MEM     TIME+ COMMAND
    937 www-data  20   0   26028  20328   4156 S   0.0   0.5  44:12.08 nginx

top - 14:29:42 up 9 days, 22:43,  1 user,  load average: 0.24, 0.71, 0.60
Tasks: 205 total,   1 running, 204 sleeping,   0 stopped,   0 zombie
%Cpu(s):  5.6 us,  1.9 sy,  0.0 ni, 91.7 id,  0.0 wa,  0.0 hi,  0.9 si,  0.0 st
MiB Mem :   3844.2 total,    196.8 free,    538.0 used,   3109.4 buff/cache
MiB Swap:   3980.0 total,   3975.9 free,      4.1 used.   3024.5 avail Mem 

    PID USER      PR  NI    VIRT    RES    SHR S  %CPU  %MEM     TIME+ COMMAND

top - 14:29:43 up 9 days, 22:43,  1 user,  load average: 0.24, 0.71, 0.60
Tasks: 205 total,   2 running, 203 sleeping,   0 stopped,   0 zombie
%Cpu(s):  8.6 us,  2.9 sy,  0.0 ni, 88.6 id,  0.0 wa,  0.0 hi,  0.0 si,  0.0 st
MiB Mem :   3844.2 total,    190.9 free,    543.9 used,   3109.4 buff/cache
MiB Swap:   3980.0 total,   3975.9 free,      4.1 used.   3018.6 avail Mem 

    PID USER      PR  NI    VIRT    RES    SHR S  %CPU  %MEM     TIME+ COMMAND

top - 14:29:43 up 9 days, 22:43,  1 user,  load average: 0.24, 0.71, 0.60
Tasks: 205 total,   1 running, 204 sleeping,   0 stopped,   0 zombie
%Cpu(s):  2.8 us,  1.9 sy,  0.0 ni, 95.4 id,  0.0 wa,  0.0 hi,  0.0 si,  0.0 st
MiB Mem :   3844.2 total,    190.9 free,    543.9 used,   3109.4 buff/cache
MiB Swap:   3980.0 total,   3975.9 free,      4.1 used.   3018.6 avail Mem 

    PID USER      PR  NI    VIRT    RES    SHR S  %CPU  %MEM     TIME+ COMMAND

top - 14:29:44 up 9 days, 22:43,  1 user,  load average: 0.24, 0.71, 0.60
Tasks: 205 total,   1 running, 204 sleeping,   0 stopped,   0 zombie
%Cpu(s):  7.5 us,  2.8 sy,  0.0 ni, 89.7 id,  0.0 wa,  0.0 hi,  0.0 si,  0.0 st
MiB Mem :   3844.2 total,    190.9 free,    543.9 used,   3109.4 buff/cache
MiB Swap:   3980.0 total,   3975.9 free,      4.1 used.   3018.6 avail Mem 

    PID USER      PR  NI    VIRT    RES    SHR S  %CPU  %MEM     TIME+ COMMAND

top - 14:29:44 up 9 days, 22:43,  1 user,  load average: 0.22, 0.69, 0.60
Tasks: 205 total,   1 running, 204 sleeping,   0 stopped,   0 zombie
%Cpu(s):  1.9 us,  2.8 sy,  0.0 ni, 95.4 id,  0.0 wa,  0.0 hi,  0.0 si,  0.0 st
MiB Mem :   3844.2 total,    190.9 free,    543.9 used,   3109.4 buff/cache
MiB Swap:   3980.0 total,   3975.9 free,      4.1 used.   3018.6 avail Mem 

    PID USER      PR  NI    VIRT    RES    SHR S  %CPU  %MEM     TIME+ COMMAND

top - 14:29:45 up 9 days, 22:43,  1 user,  load average: 0.22, 0.69, 0.60
Tasks: 205 total,   1 running, 204 sleeping,   0 stopped,   0 zombie
%Cpu(s):  8.3 us,  3.7 sy,  0.0 ni, 88.0 id,  0.0 wa,  0.0 hi,  0.0 si,  0.0 st
MiB Mem :   3844.2 total,    190.9 free,    543.9 used,   3109.4 buff/cache
MiB Swap:   3980.0 total,   3975.9 free,      4.1 used.   3018.6 avail Mem 

    PID USER      PR  NI    VIRT    RES    SHR S  %CPU  %MEM     TIME+ COMMAND

top - 14:29:45 up 9 days, 22:43,  1 user,  load average: 0.22, 0.69, 0.60
Tasks: 205 total,   2 running, 203 sleeping,   0 stopped,   0 zombie
%Cpu(s):  5.8 us,  4.9 sy,  1.9 ni, 71.8 id, 15.5 wa,  0.0 hi,  0.0 si,  0.0 st
MiB Mem :   3844.2 total,    190.9 free,    543.9 used,   3109.4 buff/cache
MiB Swap:   3980.0 total,   3975.9 free,      4.1 used.   3018.6 avail Mem 

    PID USER      PR  NI    VIRT    RES    SHR S  %CPU  %MEM     TIME+ COMMAND
    937 www-data  20   0   26028  20328   4156 S   0.0   0.5  44:12.34 nginx

top - 14:29:46 up 9 days, 22:43,  1 user,  load average: 0.22, 0.69, 0.60
Tasks: 205 total,   1 running, 204 sleeping,   0 stopped,   0 zombie
%Cpu(s):  7.5 us,  3.7 sy,  0.0 ni, 88.8 id,  0.0 wa,  0.0 hi,  0.0 si,  0.0 st
MiB Mem :   3844.2 total,    190.0 free,    544.8 used,   3109.4 buff/cache
MiB Swap:   3980.0 total,   3975.9 free,      4.1 used.   3017.6 avail Mem 

    PID USER      PR  NI    VIRT    RES    SHR S  %CPU  %MEM     TIME+ COMMAND

top - 14:29:46 up 9 days, 22:43,  1 user,  load average: 0.22, 0.69, 0.60
Tasks: 205 total,   1 running, 204 sleeping,   0 stopped,   0 zombie
%Cpu(s):  0.9 us,  2.8 sy,  0.0 ni, 96.3 id,  0.0 wa,  0.0 hi,  0.0 si,  0.0 st
MiB Mem :   3844.2 total,    190.0 free,    544.8 used,   3109.4 buff/cache
MiB Swap:   3980.0 total,   3975.9 free,      4.1 used.   3017.6 avail Mem 

    PID USER      PR  NI    VIRT    RES    SHR S  %CPU  %MEM     TIME+ COMMAND

top - 14:29:47 up 9 days, 22:43,  1 user,  load average: 0.22, 0.69, 0.60
Tasks: 205 total,   2 running, 203 sleeping,   0 stopped,   0 zombie
%Cpu(s):  8.3 us,  3.7 sy,  0.0 ni, 88.1 id,  0.0 wa,  0.0 hi,  0.0 si,  0.0 st
MiB Mem :   3844.2 total,    190.0 free,    544.8 used,   3109.4 buff/cache
MiB Swap:   3980.0 total,   3975.9 free,      4.1 used.   3017.6 avail Mem 

    PID USER      PR  NI    VIRT    RES    SHR S  %CPU  %MEM     TIME+ COMMAND

top - 14:29:48 up 9 days, 22:43,  1 user,  load average: 0.22, 0.69, 0.60
Tasks: 205 total,   1 running, 204 sleeping,   0 stopped,   0 zombie
%Cpu(s):  0.9 us,  2.8 sy,  0.0 ni, 96.3 id,  0.0 wa,  0.0 hi,  0.0 si,  0.0 st
MiB Mem :   3844.2 total,    190.0 free,    544.8 used,   3109.4 buff/cache
MiB Swap:   3980.0 total,   3975.9 free,      4.1 used.   3017.6 avail Mem 

    PID USER      PR  NI    VIRT    RES    SHR S  %CPU  %MEM     TIME+ COMMAND

top - 14:29:48 up 9 days, 22:43,  1 user,  load average: 0.22, 0.69, 0.60
Tasks: 205 total,   1 running, 204 sleeping,   0 stopped,   0 zombie
%Cpu(s):  8.3 us,  3.7 sy,  0.0 ni, 88.1 id,  0.0 wa,  0.0 hi,  0.0 si,  0.0 st
MiB Mem :   3844.2 total,    190.0 free,    544.8 used,   3109.4 buff/cache
MiB Swap:   3980.0 total,   3975.9 free,      4.1 used.   3017.6 avail Mem 

    PID USER      PR  NI    VIRT    RES    SHR S  %CPU  %MEM     TIME+ COMMAND

top - 14:29:49 up 9 days, 22:43,  1 user,  load average: 0.22, 0.69, 0.60
Tasks: 205 total,   2 running, 203 sleeping,   0 stopped,   0 zombie
%Cpu(s):  3.7 us,  2.8 sy,  0.0 ni, 93.5 id,  0.0 wa,  0.0 hi,  0.0 si,  0.0 st
MiB Mem :   3844.2 total,    190.0 free,    544.8 used,   3109.4 buff/cache
MiB Swap:   3980.0 total,   3975.9 free,      4.1 used.   3017.7 avail Mem 

    PID USER      PR  NI    VIRT    RES    SHR S  %CPU  %MEM     TIME+ COMMAND

top - 14:29:49 up 9 days, 22:43,  1 user,  load average: 0.21, 0.68, 0.60
Tasks: 205 total,   1 running, 204 sleeping,   0 stopped,   0 zombie
%Cpu(s):  5.6 us,  2.8 sy,  0.0 ni, 91.6 id,  0.0 wa,  0.0 hi,  0.0 si,  0.0 st
MiB Mem :   3844.2 total,    190.0 free,    544.8 used,   3109.4 buff/cache
MiB Swap:   3980.0 total,   3975.9 free,      4.1 used.   3017.7 avail Mem 

    PID USER      PR  NI    VIRT    RES    SHR S  %CPU  %MEM     TIME+ COMMAND

top - 14:29:50 up 9 days, 22:43,  1 user,  load average: 0.21, 0.68, 0.60
Tasks: 205 total,   1 running, 204 sleeping,   0 stopped,   0 zombie
%Cpu(s):  9.3 us,  1.9 sy,  0.0 ni, 88.9 id,  0.0 wa,  0.0 hi,  0.0 si,  0.0 st
MiB Mem :   3844.2 total,    190.0 free,    544.8 used,   3109.4 buff/cache
MiB Swap:   3980.0 total,   3975.9 free,      4.1 used.   3017.7 avail Mem 

    PID USER      PR  NI    VIRT    RES    SHR S  %CPU  %MEM     TIME+ COMMAND

top - 14:29:50 up 9 days, 22:43,  1 user,  load average: 0.21, 0.68, 0.60
Tasks: 204 total,   1 running, 203 sleeping,   0 stopped,   0 zombie
%Cpu(s):  3.8 us,  6.7 sy,  1.0 ni, 87.6 id,  1.0 wa,  0.0 hi,  0.0 si,  0.0 st
MiB Mem :   3844.2 total,    190.0 free,    544.8 used,   3109.4 buff/cache
MiB Swap:   3980.0 total,   3975.9 free,      4.1 used.   3017.7 avail Mem 

    PID USER      PR  NI    VIRT    RES    SHR S  %CPU  %MEM     TIME+ COMMAND

top - 14:29:51 up 9 days, 22:43,  1 user,  load average: 0.21, 0.68, 0.60
Tasks: 204 total,   3 running, 201 sleeping,   0 stopped,   0 zombie
%Cpu(s):  8.4 us,  6.5 sy,  3.7 ni, 67.3 id, 14.0 wa,  0.0 hi,  0.0 si,  0.0 st
MiB Mem :   3844.2 total,    190.0 free,    544.8 used,   3109.4 buff/cache
MiB Swap:   3980.0 total,   3975.9 free,      4.1 used.   3017.7 avail Mem 

    PID USER      PR  NI    VIRT    RES    SHR S  %CPU  %MEM     TIME+ COMMAND

top - 14:29:51 up 9 days, 22:43,  1 user,  load average: 0.21, 0.68, 0.60
Tasks: 204 total,   1 running, 203 sleeping,   0 stopped,   0 zombie
%Cpu(s):  1.9 us,  1.9 sy,  0.0 ni, 96.3 id,  0.0 wa,  0.0 hi,  0.0 si,  0.0 st
MiB Mem :   3844.2 total,    190.0 free,    544.8 used,   3109.4 buff/cache
MiB Swap:   3980.0 total,   3975.9 free,      4.1 used.   3017.7 avail Mem 

    PID USER      PR  NI    VIRT    RES    SHR S  %CPU  %MEM     TIME+ COMMAND

top - 14:29:52 up 9 days, 22:43,  1 user,  load average: 0.21, 0.68, 0.60
Tasks: 204 total,   1 running, 203 sleeping,   0 stopped,   0 zombie
%Cpu(s):  9.3 us,  1.9 sy,  0.0 ni, 88.8 id,  0.0 wa,  0.0 hi,  0.0 si,  0.0 st
MiB Mem :   3844.2 total,    190.0 free,    544.8 used,   3109.4 buff/cache
MiB Swap:   3980.0 total,   3975.9 free,      4.1 used.   3017.7 avail Mem 

    PID USER      PR  NI    VIRT    RES    SHR S  %CPU  %MEM     TIME+ COMMAND

top - 14:29:52 up 9 days, 22:43,  1 user,  load average: 0.21, 0.68, 0.60
Tasks: 204 total,   1 running, 203 sleeping,   0 stopped,   0 zombie
%Cpu(s):  0.9 us,  2.8 sy,  0.0 ni, 96.3 id,  0.0 wa,  0.0 hi,  0.0 si,  0.0 st
MiB Mem :   3844.2 total,    190.0 free,    544.8 used,   3109.4 buff/cache
MiB Swap:   3980.0 total,   3975.9 free,      4.1 used.   3017.7 avail Mem 

    PID USER      PR  NI    VIRT    RES    SHR S  %CPU  %MEM     TIME+ COMMAND

top - 14:29:53 up 9 days, 22:43,  1 user,  load average: 0.21, 0.68, 0.60
Tasks: 204 total,   2 running, 202 sleeping,   0 stopped,   0 zombie
%Cpu(s): 31.5 us,  1.9 sy,  0.0 ni, 66.7 id,  0.0 wa,  0.0 hi,  0.0 si,  0.0 st
MiB Mem :   3844.2 total,    190.0 free,    544.8 used,   3109.4 buff/cache
MiB Swap:   3980.0 total,   3975.9 free,      4.1 used.   3017.7 avail Mem 

    PID USER      PR  NI    VIRT    RES    SHR S  %CPU  %MEM     TIME+ COMMAND

top - 14:29:54 up 9 days, 22:43,  1 user,  load average: 0.21, 0.68, 0.60
Tasks: 204 total,   2 running, 202 sleeping,   0 stopped,   0 zombie
%Cpu(s): 48.6 us,  3.7 sy,  0.0 ni, 47.7 id,  0.0 wa,  0.0 hi,  0.0 si,  0.0 st
MiB Mem :   3844.2 total,    190.0 free,    544.8 used,   3109.4 buff/cache
MiB Swap:   3980.0 total,   3975.9 free,      4.1 used.   3017.7 avail Mem 

    PID USER      PR  NI    VIRT    RES    SHR S  %CPU  %MEM     TIME+ COMMAND

top - 14:29:54 up 9 days, 22:43,  1 user,  load average: 0.19, 0.67, 0.59
Tasks: 204 total,   2 running, 202 sleeping,   0 stopped,   0 zombie
%Cpu(s): 37.0 us,  2.8 sy,  0.0 ni, 60.2 id,  0.0 wa,  0.0 hi,  0.0 si,  0.0 st
MiB Mem :   3844.2 total,    190.0 free,    544.8 used,   3109.4 buff/cache
MiB Swap:   3980.0 total,   3975.9 free,      4.1 used.   3017.7 avail Mem 

    PID USER      PR  NI    VIRT    RES    SHR S  %CPU  %MEM     TIME+ COMMAND

top - 14:29:55 up 9 days, 22:43,  1 user,  load average: 0.19, 0.67, 0.59
Tasks: 204 total,   2 running, 202 sleeping,   0 stopped,   0 zombie
%Cpu(s): 45.4 us,  3.7 sy,  0.0 ni, 50.9 id,  0.0 wa,  0.0 hi,  0.0 si,  0.0 st
MiB Mem :   3844.2 total,    190.0 free,    544.8 used,   3109.4 buff/cache
MiB Swap:   3980.0 total,   3975.9 free,      4.1 used.   3017.7 avail Mem 

    PID USER      PR  NI    VIRT    RES    SHR S  %CPU  %MEM     TIME+ COMMAND

top - 14:29:55 up 9 days, 22:43,  1 user,  load average: 0.19, 0.67, 0.59
Tasks: 204 total,   2 running, 202 sleeping,   0 stopped,   0 zombie
%Cpu(s): 43.1 us,  2.8 sy,  0.0 ni, 53.2 id,  0.0 wa,  0.0 hi,  0.9 si,  0.0 st
MiB Mem :   3844.2 total,    190.0 free,    544.8 used,   3109.4 buff/cache
MiB Swap:   3980.0 total,   3975.9 free,      4.1 used.   3017.7 avail Mem 

    PID USER      PR  NI    VIRT    RES    SHR S  %CPU  %MEM     TIME+ COMMAND

top - 14:29:56 up 9 days, 22:43,  1 user,  load average: 0.19, 0.67, 0.59
Tasks: 205 total,   3 running, 202 sleeping,   0 stopped,   0 zombie
%Cpu(s): 48.1 us,  8.7 sy,  1.9 ni, 38.5 id,  1.9 wa,  0.0 hi,  1.0 si,  0.0 st
MiB Mem :   3844.2 total,    190.0 free,    544.8 used,   3109.4 buff/cache
MiB Swap:   3980.0 total,   3975.9 free,      4.1 used.   3017.7 avail Mem 

    PID USER      PR  NI    VIRT    RES    SHR S  %CPU  %MEM     TIME+ COMMAND

top - 14:29:56 up 9 days, 22:43,  1 user,  load average: 0.19, 0.67, 0.59
Tasks: 205 total,   2 running, 203 sleeping,   0 stopped,   0 zombie
%Cpu(s): 49.1 us,  7.4 sy,  7.4 ni, 36.1 id,  0.0 wa,  0.0 hi,  0.0 si,  0.0 st
MiB Mem :   3844.2 total,    190.0 free,    544.8 used,   3109.4 buff/cache
MiB Swap:   3980.0 total,   3975.9 free,      4.1 used.   3017.7 avail Mem 

    PID USER      PR  NI    VIRT    RES    SHR S  %CPU  %MEM     TIME+ COMMAND

top - 14:29:57 up 9 days, 22:43,  1 user,  load average: 0.19, 0.67, 0.59
Tasks: 205 total,   2 running, 203 sleeping,   0 stopped,   0 zombie
%Cpu(s): 49.1 us,  2.8 sy,  0.0 ni, 47.2 id,  0.0 wa,  0.0 hi,  0.9 si,  0.0 st
MiB Mem :   3844.2 total,    190.0 free,    544.8 used,   3109.4 buff/cache
MiB Swap:   3980.0 total,   3975.9 free,      4.1 used.   3017.7 avail Mem 

    PID USER      PR  NI    VIRT    RES    SHR S  %CPU  %MEM     TIME+ COMMAND

top - 14:29:57 up 9 days, 22:43,  1 user,  load average: 0.19, 0.67, 0.59
Tasks: 205 total,   1 running, 204 sleeping,   0 stopped,   0 zombie
%Cpu(s): 37.7 us,  3.8 sy,  0.0 ni, 58.5 id,  0.0 wa,  0.0 hi,  0.0 si,  0.0 st
MiB Mem :   3844.2 total,    190.0 free,    544.8 used,   3109.4 buff/cache
MiB Swap:   3980.0 total,   3975.9 free,      4.1 used.   3017.7 avail Mem 

    PID USER      PR  NI    VIRT    RES    SHR S  %CPU  %MEM     TIME+ COMMAND

top - 14:29:58 up 9 days, 22:43,  1 user,  load average: 0.19, 0.67, 0.59
Tasks: 205 total,   1 running, 204 sleeping,   0 stopped,   0 zombie
%Cpu(s):  8.4 us,  3.7 sy,  0.0 ni, 87.9 id,  0.0 wa,  0.0 hi,  0.0 si,  0.0 st
MiB Mem :   3844.2 total,    188.7 free,    546.0 used,   3109.5 buff/cache
MiB Swap:   3980.0 total,   3975.9 free,      4.1 used.   3016.5 avail Mem 

    PID USER      PR  NI    VIRT    RES    SHR S  %CPU  %MEM     TIME+ COMMAND

top - 14:29:58 up 9 days, 22:43,  1 user,  load average: 0.19, 0.67, 0.59
Tasks: 205 total,   1 running, 204 sleeping,   0 stopped,   0 zombie
%Cpu(s):  2.8 us,  2.8 sy,  0.0 ni, 94.5 id,  0.0 wa,  0.0 hi,  0.0 si,  0.0 st
MiB Mem :   3844.2 total,    188.7 free,    546.0 used,   3109.5 buff/cache
MiB Swap:   3980.0 total,   3975.9 free,      4.1 used.   3016.5 avail Mem 

    PID USER      PR  NI    VIRT    RES    SHR S  %CPU  %MEM     TIME+ COMMAND

top - 14:29:59 up 9 days, 22:43,  1 user,  load average: 0.19, 0.67, 0.59
Tasks: 205 total,   1 running, 204 sleeping,   0 stopped,   0 zombie
%Cpu(s):  8.3 us,  2.8 sy,  0.0 ni, 88.1 id,  0.0 wa,  0.0 hi,  0.9 si,  0.0 st
MiB Mem :   3844.2 total,    188.7 free,    546.0 used,   3109.5 buff/cache
MiB Swap:   3980.0 total,   3975.9 free,      4.1 used.   3016.5 avail Mem 

    PID USER      PR  NI    VIRT    RES    SHR S  %CPU  %MEM     TIME+ COMMAND

top - 14:29:59 up 9 days, 22:43,  1 user,  load average: 0.17, 0.66, 0.59
Tasks: 205 total,   1 running, 204 sleeping,   0 stopped,   0 zombie
%Cpu(s):  0.9 us,  2.8 sy,  0.0 ni, 96.3 id,  0.0 wa,  0.0 hi,  0.0 si,  0.0 st
MiB Mem :   3844.2 total,    188.7 free,    546.0 used,   3109.5 buff/cache
MiB Swap:   3980.0 total,   3975.9 free,      4.1 used.   3016.5 avail Mem 

    PID USER      PR  NI    VIRT    RES    SHR S  %CPU  %MEM     TIME+ COMMAND

top - 14:30:00 up 9 days, 22:43,  1 user,  load average: 0.17, 0.66, 0.59
Tasks: 205 total,   1 running, 204 sleeping,   0 stopped,   0 zombie
%Cpu(s):  8.3 us,  3.7 sy,  0.0 ni, 88.1 id,  0.0 wa,  0.0 hi,  0.0 si,  0.0 st
MiB Mem :   3844.2 total,    188.7 free,    546.0 used,   3109.5 buff/cache
MiB Swap:   3980.0 total,   3975.9 free,      4.1 used.   3016.5 avail Mem 

    PID USER      PR  NI    VIRT    RES    SHR S  %CPU  %MEM     TIME+ COMMAND

top - 14:30:01 up 9 days, 22:43,  1 user,  load average: 0.17, 0.66, 0.59
Tasks: 205 total,   1 running, 204 sleeping,   0 stopped,   0 zombie
%Cpu(s):  1.0 us,  7.7 sy,  2.9 ni, 75.0 id, 13.5 wa,  0.0 hi,  0.0 si,  0.0 st
MiB Mem :   3844.2 total,    188.7 free,    545.9 used,   3109.5 buff/cache
MiB Swap:   3980.0 total,   3975.9 free,      4.1 used.   3016.5 avail Mem 

    PID USER      PR  NI    VIRT    RES    SHR S  %CPU  %MEM     TIME+ COMMAND
    937 www-data  20   0   26028  20328   4156 S   0.0   0.5  44:17.12 nginx

top - 14:30:01 up 9 days, 22:43,  1 user,  load average: 0.17, 0.66, 0.59
Tasks: 205 total,   1 running, 204 sleeping,   0 stopped,   0 zombie
%Cpu(s):  7.3 us,  5.5 sy,  0.0 ni, 87.2 id,  0.0 wa,  0.0 hi,  0.0 si,  0.0 st
MiB Mem :   3844.2 total,    188.7 free,    545.9 used,   3109.5 buff/cache
MiB Swap:   3980.0 total,   3975.9 free,      4.1 used.   3016.5 avail Mem 

    PID USER      PR  NI    VIRT    RES    SHR S  %CPU  %MEM     TIME+ COMMAND

top - 14:30:02 up 9 days, 22:43,  1 user,  load average: 0.17, 0.66, 0.59
Tasks: 205 total,   1 running, 204 sleeping,   0 stopped,   0 zombie
%Cpu(s):  1.9 us,  5.6 sy,  0.0 ni, 92.5 id,  0.0 wa,  0.0 hi,  0.0 si,  0.0 st
MiB Mem :   3844.2 total,    188.7 free,    545.9 used,   3109.5 buff/cache
MiB Swap:   3980.0 total,   3975.9 free,      4.1 used.   3016.5 avail Mem 

    PID USER      PR  NI    VIRT    RES    SHR S  %CPU  %MEM     TIME+ COMMAND

top - 14:30:02 up 9 days, 22:43,  1 user,  load average: 0.17, 0.66, 0.59
Tasks: 205 total,   1 running, 204 sleeping,   0 stopped,   0 zombie
%Cpu(s):  6.5 us,  3.7 sy,  0.0 ni, 89.8 id,  0.0 wa,  0.0 hi,  0.0 si,  0.0 st
MiB Mem :   3844.2 total,    188.7 free,    545.9 used,   3109.5 buff/cache
MiB Swap:   3980.0 total,   3975.9 free,      4.1 used.   3016.5 avail Mem 

    PID USER      PR  NI    VIRT    RES    SHR S  %CPU  %MEM     TIME+ COMMAND

top - 14:30:03 up 9 days, 22:43,  1 user,  load average: 0.17, 0.66, 0.59
Tasks: 205 total,   2 running, 203 sleeping,   0 stopped,   0 zombie
%Cpu(s):  7.4 us,  3.7 sy,  0.0 ni, 88.9 id,  0.0 wa,  0.0 hi,  0.0 si,  0.0 st
MiB Mem :   3844.2 total,    188.7 free,    545.9 used,   3109.5 buff/cache
MiB Swap:   3980.0 total,   3975.9 free,      4.1 used.   3016.5 avail Mem 

    PID USER      PR  NI    VIRT    RES    SHR S  %CPU  %MEM     TIME+ COMMAND

top - 14:30:03 up 9 days, 22:43,  1 user,  load average: 0.17, 0.66, 0.59
Tasks: 205 total,   1 running, 204 sleeping,   0 stopped,   0 zombie
%Cpu(s):  0.9 us,  3.7 sy,  0.0 ni, 95.4 id,  0.0 wa,  0.0 hi,  0.0 si,  0.0 st
MiB Mem :   3844.2 total,    188.7 free,    545.9 used,   3109.5 buff/cache
MiB Swap:   3980.0 total,   3975.9 free,      4.1 used.   3016.5 avail Mem 

    PID USER      PR  NI    VIRT    RES    SHR S  %CPU  %MEM     TIME+ COMMAND

top - 14:30:04 up 9 days, 22:43,  1 user,  load average: 0.17, 0.66, 0.59
Tasks: 205 total,   1 running, 204 sleeping,   0 stopped,   0 zombie
%Cpu(s):  8.3 us,  2.8 sy,  0.0 ni, 88.9 id,  0.0 wa,  0.0 hi,  0.0 si,  0.0 st
MiB Mem :   3844.2 total,    188.7 free,    545.9 used,   3109.5 buff/cache
MiB Swap:   3980.0 total,   3975.9 free,      4.1 used.   3016.5 avail Mem 

    PID USER      PR  NI    VIRT    RES    SHR S  %CPU  %MEM     TIME+ COMMAND

top - 14:30:04 up 9 days, 22:43,  1 user,  load average: 0.16, 0.65, 0.58
Tasks: 205 total,   1 running, 204 sleeping,   0 stopped,   0 zombie
%Cpu(s):  0.0 us,  3.7 sy,  0.0 ni, 96.3 id,  0.0 wa,  0.0 hi,  0.0 si,  0.0 st
MiB Mem :   3844.2 total,    188.7 free,    545.9 used,   3109.5 buff/cache
MiB Swap:   3980.0 total,   3975.9 free,      4.1 used.   3016.5 avail Mem 

    PID USER      PR  NI    VIRT    RES    SHR S  %CPU  %MEM     TIME+ COMMAND

top - 14:30:05 up 9 days, 22:43,  1 user,  load average: 0.16, 0.65, 0.58
Tasks: 205 total,   1 running, 204 sleeping,   0 stopped,   0 zombie
%Cpu(s):  8.4 us,  2.8 sy,  0.0 ni, 88.8 id,  0.0 wa,  0.0 hi,  0.0 si,  0.0 st
MiB Mem :   3844.2 total,    188.7 free,    545.9 used,   3109.5 buff/cache
MiB Swap:   3980.0 total,   3975.9 free,      4.1 used.   3016.5 avail Mem 

    PID USER      PR  NI    VIRT    RES    SHR S  %CPU  %MEM     TIME+ COMMAND

top - 14:30:05 up 9 days, 22:43,  1 user,  load average: 0.16, 0.65, 0.58
Tasks: 204 total,   2 running, 202 sleeping,   0 stopped,   0 zombie
%Cpu(s):  2.9 us,  6.7 sy,  0.0 ni, 89.5 id,  1.0 wa,  0.0 hi,  0.0 si,  0.0 st
MiB Mem :   3844.2 total,    188.7 free,    545.9 used,   3109.5 buff/cache
MiB Swap:   3980.0 total,   3975.9 free,      4.1 used.   3016.5 avail Mem 

    PID USER      PR  NI    VIRT    RES    SHR S  %CPU  %MEM     TIME+ COMMAND

top - 14:30:06 up 9 days, 22:43,  1 user,  load average: 0.16, 0.65, 0.58
Tasks: 204 total,   1 running, 203 sleeping,   0 stopped,   0 zombie
%Cpu(s):  8.4 us,  9.3 sy,  3.7 ni, 62.6 id, 15.9 wa,  0.0 hi,  0.0 si,  0.0 st
MiB Mem :   3844.2 total,    188.7 free,    545.9 used,   3109.5 buff/cache
MiB Swap:   3980.0 total,   3975.9 free,      4.1 used.   3016.5 avail Mem 

    PID USER      PR  NI    VIRT    RES    SHR S  %CPU  %MEM     TIME+ COMMAND
    937 www-data  20   0   26028  20328   4156 S   0.0   0.5  44:17.49 nginx

top - 14:30:07 up 9 days, 22:43,  1 user,  load average: 0.16, 0.65, 0.58
Tasks: 204 total,   1 running, 203 sleeping,   0 stopped,   0 zombie
%Cpu(s):  0.9 us,  2.8 sy,  0.0 ni, 96.3 id,  0.0 wa,  0.0 hi,  0.0 si,  0.0 st
MiB Mem :   3844.2 total,    188.7 free,    545.9 used,   3109.5 buff/cache
MiB Swap:   3980.0 total,   3975.9 free,      4.1 used.   3016.5 avail Mem 

    PID USER      PR  NI    VIRT    RES    SHR S  %CPU  %MEM     TIME+ COMMAND

top - 14:30:07 up 9 days, 22:43,  1 user,  load average: 0.16, 0.65, 0.58
Tasks: 204 total,   1 running, 203 sleeping,   0 stopped,   0 zombie
%Cpu(s):  1.8 us,  3.7 sy,  0.0 ni, 94.5 id,  0.0 wa,  0.0 hi,  0.0 si,  0.0 st
MiB Mem :   3844.2 total,    188.5 free,    546.2 used,   3109.5 buff/cache
MiB Swap:   3980.0 total,   3975.9 free,      4.1 used.   3016.3 avail Mem 

    PID USER      PR  NI    VIRT    RES    SHR S  %CPU  %MEM     TIME+ COMMAND

top - 14:30:08 up 9 days, 22:43,  1 user,  load average: 0.16, 0.65, 0.58
Tasks: 204 total,   1 running, 203 sleeping,   0 stopped,   0 zombie
%Cpu(s):  0.9 us,  1.9 sy,  0.0 ni, 97.2 id,  0.0 wa,  0.0 hi,  0.0 si,  0.0 st
MiB Mem :   3844.2 total,    188.5 free,    546.2 used,   3109.5 buff/cache
MiB Swap:   3980.0 total,   3975.9 free,      4.1 used.   3016.3 avail Mem 

    PID USER      PR  NI    VIRT    RES    SHR S  %CPU  %MEM     TIME+ COMMAND
