top - 14:32:21 up 9 days, 22:46,  1 user,  load average: 0.19, 0.48, 0.53
Tasks: 205 total,   2 running, 203 sleeping,   0 stopped,   0 zombie
%Cpu(s): 46.2 us,  7.7 sy,  0.0 ni, 46.2 id,  0.0 wa,  0.0 hi,  0.0 si,  0.0 st
MiB Mem :   3844.2 total,    177.8 free,    556.4 used,   3110.1 buff/cache
MiB Swap:   3980.0 total,   3975.9 free,      4.1 used.   3006.1 avail Mem 

    PID USER      PR  NI    VIRT    RES    SHR S  %CPU  %MEM     TIME+ COMMAND
    937 www-data  20   0   26028  20328   4156 R  82.4   0.5  44:42.77 nginx

top - 14:32:22 up 9 days, 22:46,  1 user,  load average: 0.19, 0.48, 0.53
Tasks: 205 total,   2 running, 203 sleeping,   0 stopped,   0 zombie
%Cpu(s): 40.8 us,  1.9 sy,  0.0 ni, 57.3 id,  0.0 wa,  0.0 hi,  0.0 si,  0.0 st
MiB Mem :   3844.2 total,    177.8 free,    556.4 used,   3110.1 buff/cache
MiB Swap:   3980.0 total,   3975.9 free,      4.1 used.   3006.1 avail Mem 

    PID USER      PR  NI    VIRT    RES    SHR S  %CPU  %MEM     TIME+ COMMAND
    937 www-data  20   0   26028  20328   4156 R  80.8   0.5  44:43.19 nginx

top - 14:32:22 up 9 days, 22:46,  1 user,  load average: 0.19, 0.48, 0.53
Tasks: 205 total,   1 running, 204 sleeping,   0 stopped,   0 zombie
%Cpu(s): 14.4 us,  7.7 sy,  0.0 ni, 61.5 id, 16.3 wa,  0.0 hi,  0.0 si,  0.0 st
MiB Mem :   3844.2 total,    177.8 free,    556.4 used,   3110.1 buff/cache
MiB Swap:   3980.0 total,   3975.9 free,      4.1 used.   3006.1 avail Mem 

    PID USER      PR  NI    VIRT    RES    SHR S  %CPU  %MEM     TIME+ COMMAND
    937 www-data  20   0   26028  20328   4156 S  26.4   0.5  44:43.33 nginx

top - 14:32:23 up 9 days, 22:46,  1 user,  load average: 0.19, 0.48, 0.53
Tasks: 205 total,   2 running, 203 sleeping,   0 stopped,   0 zombie
%Cpu(s):  3.7 us,  1.9 sy,  3.7 ni, 89.7 id,  0.9 wa,  0.0 hi,  0.0 si,  0.0 st
MiB Mem :   3844.2 total,    177.8 free,    556.4 used,   3110.1 buff/cache
MiB Swap:   3980.0 total,   3975.9 free,      4.1 used.   3006.1 avail Mem 

    PID USER      PR  NI    VIRT    RES    SHR S  %CPU  %MEM     TIME+ COMMAND
    937 www-data  20   0   26028  20328   4156 R   1.9   0.5  44:43.34 nginx

top - 14:32:23 up 9 days, 22:46,  1 user,  load average: 0.19, 0.48, 0.53
Tasks: 204 total,   1 running, 203 sleeping,   0 stopped,   0 zombie
%Cpu(s):  5.7 us,  5.7 sy,  0.0 ni, 88.7 id,  0.0 wa,  0.0 hi,  0.0 si,  0.0 st
MiB Mem :   3844.2 total,    177.8 free,    556.4 used,   3110.1 buff/cache
MiB Swap:   3980.0 total,   3975.9 free,      4.1 used.   3006.1 avail Mem 

    PID USER      PR  NI    VIRT    RES    SHR S  %CPU  %MEM     TIME+ COMMAND
    937 www-data  20   0   26028  20328   4156 S   9.4   0.5  44:43.39 nginx

top - 14:32:24 up 9 days, 22:46,  1 user,  load average: 0.19, 0.48, 0.53
Tasks: 204 total,   2 running, 202 sleeping,   0 stopped,   0 zombie
%Cpu(s):  7.6 us,  1.9 sy,  0.0 ni, 90.5 id,  0.0 wa,  0.0 hi,  0.0 si,  0.0 st
MiB Mem :   3844.2 total,    177.8 free,    556.3 used,   3110.1 buff/cache
MiB Swap:   3980.0 total,   3975.9 free,      4.1 used.   3006.1 avail Mem 

    PID USER      PR  NI    VIRT    RES    SHR S  %CPU  %MEM     TIME+ COMMAND
    937 www-data  20   0   26028  20328   4156 S  14.8   0.5  44:43.47 nginx

top - 14:32:24 up 9 days, 22:46,  1 user,  load average: 0.17, 0.47, 0.52
Tasks: 204 total,   1 running, 203 sleeping,   0 stopped,   0 zombie
%Cpu(s):  1.9 us,  2.8 sy,  0.0 ni, 95.3 id,  0.0 wa,  0.0 hi,  0.0 si,  0.0 st
MiB Mem :   3844.2 total,    177.8 free,    556.3 used,   3110.1 buff/cache
MiB Swap:   3980.0 total,   3975.9 free,      4.1 used.   3006.1 avail Mem 

    PID USER      PR  NI    VIRT    RES    SHR S  %CPU  %MEM     TIME+ COMMAND
    937 www-data  20   0   26028  20328   4156 S   0.0   0.5  44:43.47 nginx

top - 14:32:25 up 9 days, 22:46,  1 user,  load average: 0.17, 0.47, 0.52
Tasks: 204 total,   1 running, 203 sleeping,   0 stopped,   0 zombie
%Cpu(s):  9.3 us,  2.8 sy,  0.0 ni, 87.9 id,  0.0 wa,  0.0 hi,  0.0 si,  0.0 st
MiB Mem :   3844.2 total,    177.8 free,    556.3 used,   3110.1 buff/cache
MiB Swap:   3980.0 total,   3975.9 free,      4.1 used.   3006.1 avail Mem 

    PID USER      PR  NI    VIRT    RES    SHR S  %CPU  %MEM     TIME+ COMMAND
    937 www-data  20   0   26028  20328   4156 S  14.8   0.5  44:43.55 nginx

top - 14:32:25 up 9 days, 22:46,  1 user,  load average: 0.17, 0.47, 0.52
Tasks: 204 total,   1 running, 203 sleeping,   0 stopped,   0 zombie
%Cpu(s):  0.9 us,  3.7 sy,  0.0 ni, 95.4 id,  0.0 wa,  0.0 hi,  0.0 si,  0.0 st
MiB Mem :   3844.2 total,    177.8 free,    556.3 used,   3110.1 buff/cache
MiB Swap:   3980.0 total,   3975.9 free,      4.1 used.   3006.1 avail Mem 

    PID USER      PR  NI    VIRT    RES    SHR S  %CPU  %MEM     TIME+ COMMAND
    937 www-data  20   0   26028  20328   4156 S   0.0   0.5  44:43.55 nginx

top - 14:32:26 up 9 days, 22:46,  1 user,  load average: 0.17, 0.47, 0.52
Tasks: 204 total,   1 running, 203 sleeping,   0 stopped,   0 zombie
%Cpu(s):  7.5 us,  2.8 sy,  0.0 ni, 89.7 id,  0.0 wa,  0.0 hi,  0.0 si,  0.0 st
MiB Mem :   3844.2 total,    177.8 free,    556.3 used,   3110.1 buff/cache
MiB Swap:   3980.0 total,   3975.9 free,      4.1 used.   3006.1 avail Mem 

    PID USER      PR  NI    VIRT    RES    SHR S  %CPU  %MEM     TIME+ COMMAND
    937 www-data  20   0   26028  20328   4156 S  13.0   0.5  44:43.62 nginx

top - 14:32:27 up 9 days, 22:46,  1 user,  load average: 0.17, 0.47, 0.52
Tasks: 204 total,   1 running, 203 sleeping,   0 stopped,   0 zombie
%Cpu(s):  0.9 us,  3.7 sy,  0.0 ni, 95.4 id,  0.0 wa,  0.0 hi,  0.0 si,  0.0 st
MiB Mem :   3844.2 total,    177.8 free,    556.3 used,   3110.1 buff/cache
MiB Swap:   3980.0 total,   3975.9 free,      4.1 used.   3006.1 avail Mem 

    PID USER      PR  NI    VIRT    RES    SHR S  %CPU  %MEM     TIME+ COMMAND
    937 www-data  20   0   26028  20328   4156 S   0.0   0.5  44:43.62 nginx

top - 14:32:27 up 9 days, 22:46,  1 user,  load average: 0.17, 0.47, 0.52
Tasks: 203 total,   1 running, 202 sleeping,   0 stopped,   0 zombie
%Cpu(s):  6.7 us,  5.7 sy,  0.0 ni, 87.6 id,  0.0 wa,  0.0 hi,  0.0 si,  0.0 st
MiB Mem :   3844.2 total,    177.8 free,    556.3 used,   3110.1 buff/cache
MiB Swap:   3980.0 total,   3975.9 free,      4.1 used.   3006.1 avail Mem 

    PID USER      PR  NI    VIRT    RES    SHR S  %CPU  %MEM     TIME+ COMMAND
    937 www-data  20   0   26028  20328   4156 S  14.8   0.5  44:43.70 nginx

top - 14:32:28 up 9 days, 22:46,  1 user,  load average: 0.17, 0.47, 0.52
Tasks: 205 total,   1 running, 204 sleeping,   0 stopped,   0 zombie
%Cpu(s):  7.7 us, 13.5 sy, 11.5 ni, 48.1 id, 19.2 wa,  0.0 hi,  0.0 si,  0.0 st
MiB Mem :   3844.2 total,    177.8 free,    556.3 used,   3110.1 buff/cache
MiB Swap:   3980.0 total,   3975.9 free,      4.1 used.   3006.1 avail Mem 

    PID USER      PR  NI    VIRT    RES    SHR S  %CPU  %MEM     TIME+ COMMAND
    937 www-data  20   0   26028  20328   4156 S   0.0   0.5  44:43.70 nginx

top - 14:32:28 up 9 days, 22:46,  1 user,  load average: 0.17, 0.47, 0.52
Tasks: 205 total,   1 running, 204 sleeping,   0 stopped,   0 zombie
%Cpu(s):  7.5 us,  3.7 sy,  0.0 ni, 88.8 id,  0.0 wa,  0.0 hi,  0.0 si,  0.0 st
MiB Mem :   3844.2 total,    177.8 free,    556.3 used,   3110.1 buff/cache
MiB Swap:   3980.0 total,   3975.9 free,      4.1 used.   3006.1 avail Mem 

    PID USER      PR  NI    VIRT    RES    SHR S  %CPU  %MEM     TIME+ COMMAND
    937 www-data  20   0   26028  20328   4156 S  13.5   0.5  44:43.77 nginx

top - 14:32:29 up 9 days, 22:46,  1 user,  load average: 0.17, 0.47, 0.52
Tasks: 205 total,   1 running, 204 sleeping,   0 stopped,   0 zombie
%Cpu(s):  0.0 us,  2.8 sy,  0.0 ni, 97.2 id,  0.0 wa,  0.0 hi,  0.0 si,  0.0 st
MiB Mem :   3844.2 total,    177.8 free,    556.3 used,   3110.1 buff/cache
MiB Swap:   3980.0 total,   3975.9 free,      4.1 used.   3006.1 avail Mem 

    PID USER      PR  NI    VIRT    RES    SHR S  %CPU  %MEM     TIME+ COMMAND
    937 www-data  20   0   26028  20328   4156 S   0.0   0.5  44:43.77 nginx

top - 14:32:29 up 9 days, 22:46,  1 user,  load average: 0.16, 0.46, 0.52
Tasks: 205 total,   1 running, 204 sleeping,   0 stopped,   0 zombie
%Cpu(s):  9.2 us,  3.7 sy,  0.0 ni, 87.2 id,  0.0 wa,  0.0 hi,  0.0 si,  0.0 st
MiB Mem :   3844.2 total,    177.8 free,    556.3 used,   3110.1 buff/cache
MiB Swap:   3980.0 total,   3975.9 free,      4.1 used.   3006.1 avail Mem 

    PID USER      PR  NI    VIRT    RES    SHR S  %CPU  %MEM     TIME+ COMMAND
    937 www-data  20   0   26028  20328   4156 S  14.5   0.5  44:43.85 nginx

top - 14:32:30 up 9 days, 22:46,  1 user,  load average: 0.16, 0.46, 0.52
Tasks: 205 total,   1 running, 204 sleeping,   0 stopped,   0 zombie
%Cpu(s):  1.9 us,  2.8 sy,  0.0 ni, 95.3 id,  0.0 wa,  0.0 hi,  0.0 si,  0.0 st
MiB Mem :   3844.2 total,    177.5 free,    556.6 used,   3110.1 buff/cache
MiB Swap:   3980.0 total,   3975.9 free,      4.1 used.   3005.9 avail Mem 

    PID USER      PR  NI    VIRT    RES    SHR S  %CPU  %MEM     TIME+ COMMAND
    937 www-data  20   0   26028  20328   4156 S   0.0   0.5  44:43.85 nginx

top - 14:32:30 up 9 days, 22:46,  1 user,  load average: 0.16, 0.46, 0.52
Tasks: 205 total,   1 running, 204 sleeping,   0 stopped,   0 zombie
%Cpu(s):  6.4 us,  4.6 sy,  0.0 ni, 89.0 id,  0.0 wa,  0.0 hi,  0.0 si,  0.0 st
MiB Mem :   3844.2 total,    177.5 free,    556.6 used,   3110.1 buff/cache
MiB Swap:   3980.0 total,   3975.9 free,      4.1 used.   3005.9 avail Mem 

    PID USER      PR  NI    VIRT    RES    SHR S  %CPU  %MEM     TIME+ COMMAND
    937 www-data  20   0   26028  20328   4156 S  13.0   0.5  44:43.92 nginx

top - 14:32:31 up 9 days, 22:46,  1 user,  load average: 0.16, 0.46, 0.52
Tasks: 205 total,   1 running, 204 sleeping,   0 stopped,   0 zombie
%Cpu(s):  9.3 us,  1.9 sy,  0.0 ni, 88.8 id,  0.0 wa,  0.0 hi,  0.0 si,  0.0 st
MiB Mem :   3844.2 total,    177.5 free,    556.6 used,   3110.1 buff/cache
MiB Swap:   3980.0 total,   3975.9 free,      4.1 used.   3005.9 avail Mem 

    PID USER      PR  NI    VIRT    RES    SHR S  %CPU  %MEM     TIME+ COMMAND
    937 www-data  20   0   26028  20328   4156 S  14.5   0.5  44:44.00 nginx

top - 14:32:31 up 9 days, 22:46,  1 user,  load average: 0.16, 0.46, 0.52
Tasks: 205 total,   1 running, 204 sleeping,   0 stopped,   0 zombie
%Cpu(s):  1.8 us,  3.7 sy,  0.0 ni, 94.5 id,  0.0 wa,  0.0 hi,  0.0 si,  0.0 st
MiB Mem :   3844.2 total,    177.5 free,    556.6 used,   3110.1 buff/cache
MiB Swap:   3980.0 total,   3975.9 free,      4.1 used.   3005.9 avail Mem 

    PID USER      PR  NI    VIRT    RES    SHR S  %CPU  %MEM     TIME+ COMMAND
    937 www-data  20   0   26028  20328   4156 S   0.0   0.5  44:44.00 nginx

top - 14:32:32 up 9 days, 22:46,  1 user,  load average: 0.16, 0.46, 0.52
Tasks: 205 total,   1 running, 204 sleeping,   0 stopped,   0 zombie
%Cpu(s):  9.2 us,  3.7 sy,  0.0 ni, 86.2 id,  0.0 wa,  0.0 hi,  0.9 si,  0.0 st
MiB Mem :   3844.2 total,    177.5 free,    556.6 used,   3110.1 buff/cache
MiB Swap:   3980.0 total,   3975.9 free,      4.1 used.   3005.9 avail Mem 

    PID USER      PR  NI    VIRT    RES    SHR S  %CPU  %MEM     TIME+ COMMAND
    937 www-data  20   0   26028  20328   4156 S  18.2   0.5  44:44.10 nginx

top - 14:32:32 up 9 days, 22:46,  1 user,  load average: 0.16, 0.46, 0.52
Tasks: 205 total,   1 running, 204 sleeping,   0 stopped,   0 zombie
%Cpu(s):  4.7 us,  7.5 sy,  0.9 ni, 61.7 id, 25.2 wa,  0.0 hi,  0.0 si,  0.0 st
MiB Mem :   3844.2 total,    177.5 free,    556.6 used,   3110.1 buff/cache
MiB Swap:   3980.0 total,   3975.9 free,      4.1 used.   3005.9 avail Mem 

    PID USER      PR  NI    VIRT    RES    SHR S  %CPU  %MEM     TIME+ COMMAND
    937 www-data  20   0   26028  20328   4156 S   0.0   0.5  44:44.10 nginx

top - 14:32:33 up 9 days, 22:46,  1 user,  load average: 0.16, 0.46, 0.52
Tasks: 205 total,   1 running, 204 sleeping,   0 stopped,   0 zombie
%Cpu(s):  7.4 us,  3.7 sy,  0.0 ni, 88.0 id,  0.0 wa,  0.0 hi,  0.9 si,  0.0 st
MiB Mem :   3844.2 total,    177.5 free,    556.6 used,   3110.1 buff/cache
MiB Swap:   3980.0 total,   3975.9 free,      4.1 used.   3005.9 avail Mem 

    PID USER      PR  NI    VIRT    RES    SHR S  %CPU  %MEM     TIME+ COMMAND
    937 www-data  20   0   26028  20328   4156 S  13.0   0.5  44:44.17 nginx

top - 14:32:34 up 9 days, 22:46,  1 user,  load average: 0.16, 0.46, 0.52
Tasks: 205 total,   1 running, 204 sleeping,   0 stopped,   0 zombie
%Cpu(s):  1.9 us,  2.8 sy,  0.0 ni, 95.4 id,  0.0 wa,  0.0 hi,  0.0 si,  0.0 st
MiB Mem :   3844.2 total,    177.5 free,    556.6 used,   3110.1 buff/cache
MiB Swap:   3980.0 total,   3975.9 free,      4.1 used.   3005.9 avail Mem 

    PID USER      PR  NI    VIRT    RES    SHR S  %CPU  %MEM     TIME+ COMMAND
    937 www-data  20   0   26028  20328   4156 S   0.0   0.5  44:44.17 nginx

top - 14:32:34 up 9 days, 22:46,  1 user,  load average: 0.16, 0.46, 0.52
Tasks: 205 total,   1 running, 204 sleeping,   0 stopped,   0 zombie
%Cpu(s):  7.4 us,  3.7 sy,  0.0 ni, 88.9 id,  0.0 wa,  0.0 hi,  0.0 si,  0.0 st
MiB Mem :   3844.2 total,    177.5 free,    556.6 used,   3110.1 buff/cache
MiB Swap:   3980.0 total,   3975.9 free,      4.1 used.   3005.9 avail Mem 

    PID USER      PR  NI    VIRT    RES    SHR S  %CPU  %MEM     TIME+ COMMAND
    937 www-data  20   0   26028  20328   4156 S  13.0   0.5  44:44.24 nginx

top - 14:32:35 up 9 days, 22:46,  1 user,  load average: 0.23, 0.47, 0.52
Tasks: 205 total,   1 running, 204 sleeping,   0 stopped,   0 zombie
%Cpu(s):  0.0 us,  3.7 sy,  0.0 ni, 96.3 id,  0.0 wa,  0.0 hi,  0.0 si,  0.0 st
MiB Mem :   3844.2 total,    177.5 free,    556.6 used,   3110.1 buff/cache
MiB Swap:   3980.0 total,   3975.9 free,      4.1 used.   3005.9 avail Mem 

    PID USER      PR  NI    VIRT    RES    SHR S  %CPU  %MEM     TIME+ COMMAND
    937 www-data  20   0   26028  20328   4156 S   0.0   0.5  44:44.24 nginx

top - 14:32:35 up 9 days, 22:46,  1 user,  load average: 0.23, 0.47, 0.52
Tasks: 205 total,   1 running, 204 sleeping,   0 stopped,   0 zombie
%Cpu(s):  7.4 us,  3.7 sy,  0.0 ni, 88.9 id,  0.0 wa,  0.0 hi,  0.0 si,  0.0 st
MiB Mem :   3844.2 total,    177.5 free,    556.6 used,   3110.1 buff/cache
MiB Swap:   3980.0 total,   3975.9 free,      4.1 used.   3005.9 avail Mem 

    PID USER      PR  NI    VIRT    RES    SHR S  %CPU  %MEM     TIME+ COMMAND
    937 www-data  20   0   26028  20328   4156 S  14.8   0.5  44:44.32 nginx

top - 14:32:36 up 9 days, 22:46,  1 user,  load average: 0.23, 0.47, 0.52
Tasks: 205 total,   1 running, 204 sleeping,   0 stopped,   0 zombie
%Cpu(s):  6.5 us,  2.8 sy,  0.0 ni, 90.7 id,  0.0 wa,  0.0 hi,  0.0 si,  0.0 st
MiB Mem :   3844.2 total,    177.5 free,    556.6 used,   3110.1 buff/cache
MiB Swap:   3980.0 total,   3975.9 free,      4.1 used.   3005.9 avail Mem 

    PID USER      PR  NI    VIRT    RES    SHR S  %CPU  %MEM     TIME+ COMMAND
    937 www-data  20   0   26028  20328   4156 S   0.0   0.5  44:44.32 nginx

top - 14:32:36 up 9 days, 22:46,  1 user,  load average: 0.23, 0.47, 0.52
Tasks: 205 total,   1 running, 204 sleeping,   0 stopped,   0 zombie
%Cpu(s):  6.5 us,  1.9 sy,  0.0 ni, 91.6 id,  0.0 wa,  0.0 hi,  0.0 si,  0.0 st
MiB Mem :   3844.2 total,    177.5 free,    556.6 used,   3110.1 buff/cache
MiB Swap:   3980.0 total,   3975.9 free,      4.1 used.   3005.9 avail Mem 

    PID USER      PR  NI    VIRT    RES    SHR S  %CPU  %MEM     TIME+ COMMAND
    937 www-data  20   0   26028  20328   4156 S   7.3   0.5  44:44.36 nginx

top - 14:32:37 up 9 days, 22:46,  1 user,  load average: 0.23, 0.47, 0.52
Tasks: 205 total,   2 running, 203 sleeping,   0 stopped,   0 zombie
%Cpu(s):  7.5 us,  1.9 sy,  0.0 ni, 90.7 id,  0.0 wa,  0.0 hi,  0.0 si,  0.0 st
MiB Mem :   3844.2 total,    177.5 free,    556.6 used,   3110.1 buff/cache
MiB Swap:   3980.0 total,   3975.9 free,      4.1 used.   3005.9 avail Mem 

    PID USER      PR  NI    VIRT    RES    SHR S  %CPU  %MEM     TIME+ COMMAND
    937 www-data  20   0   26028  20328   4156 R   9.3   0.5  44:44.41 nginx

top - 14:32:37 up 9 days, 22:46,  1 user,  load average: 0.23, 0.47, 0.52
Tasks: 205 total,   1 running, 204 sleeping,   0 stopped,   0 zombie
%Cpu(s):  5.7 us,  7.5 sy,  0.9 ni, 79.2 id,  6.6 wa,  0.0 hi,  0.0 si,  0.0 st
MiB Mem :   3844.2 total,    177.5 free,    556.6 used,   3110.1 buff/cache
MiB Swap:   3980.0 total,   3975.9 free,      4.1 used.   3005.9 avail Mem 

    PID USER      PR  NI    VIRT    RES    SHR S  %CPU  %MEM     TIME+ COMMAND
    937 www-data  20   0   26028  20328   4156 S   5.7   0.5  44:44.44 nginx

top - 14:32:38 up 9 days, 22:46,  1 user,  load average: 0.23, 0.47, 0.52
Tasks: 204 total,   1 running, 203 sleeping,   0 stopped,   0 zombie
%Cpu(s):  5.7 us,  3.8 sy,  2.9 ni, 85.7 id,  1.9 wa,  0.0 hi,  0.0 si,  0.0 st
MiB Mem :   3844.2 total,    177.5 free,    556.6 used,   3110.1 buff/cache
MiB Swap:   3980.0 total,   3975.9 free,      4.1 used.   3005.9 avail Mem 

    PID USER      PR  NI    VIRT    RES    SHR S  %CPU  %MEM     TIME+ COMMAND
    937 www-data  20   0   26028  20328   4156 S   7.3   0.5  44:44.48 nginx

top - 14:32:38 up 9 days, 22:46,  1 user,  load average: 0.23, 0.47, 0.52
Tasks: 204 total,   1 running, 203 sleeping,   0 stopped,   0 zombie
%Cpu(s):  2.8 us,  1.9 sy,  0.0 ni, 95.4 id,  0.0 wa,  0.0 hi,  0.0 si,  0.0 st
MiB Mem :   3844.2 total,    177.5 free,    556.6 used,   3110.1 buff/cache
MiB Swap:   3980.0 total,   3975.9 free,      4.1 used.   3005.9 avail Mem 

    PID USER      PR  NI    VIRT    RES    SHR S  %CPU  %MEM     TIME+ COMMAND
    937 www-data  20   0   26028  20328   4156 S   0.0   0.5  44:44.48 nginx

top - 14:32:39 up 9 days, 22:46,  1 user,  load average: 0.23, 0.47, 0.52
Tasks: 204 total,   1 running, 203 sleeping,   0 stopped,   0 zombie
%Cpu(s):  8.4 us,  2.8 sy,  0.0 ni, 88.8 id,  0.0 wa,  0.0 hi,  0.0 si,  0.0 st
MiB Mem :   3844.2 total,    177.5 free,    556.5 used,   3110.1 buff/cache
MiB Swap:   3980.0 total,   3975.9 free,      4.1 used.   3005.9 avail Mem 

    PID USER      PR  NI    VIRT    RES    SHR S  %CPU  %MEM     TIME+ COMMAND
    937 www-data  20   0   26028  20328   4156 S  14.8   0.5  44:44.56 nginx

top - 14:32:40 up 9 days, 22:46,  1 user,  load average: 0.21, 0.46, 0.52
Tasks: 204 total,   1 running, 203 sleeping,   0 stopped,   0 zombie
%Cpu(s):  0.0 us,  3.7 sy,  0.0 ni, 96.3 id,  0.0 wa,  0.0 hi,  0.0 si,  0.0 st
MiB Mem :   3844.2 total,    177.5 free,    556.5 used,   3110.1 buff/cache
MiB Swap:   3980.0 total,   3975.9 free,      4.1 used.   3005.9 avail Mem 

    PID USER      PR  NI    VIRT    RES    SHR S  %CPU  %MEM     TIME+ COMMAND
    937 www-data  20   0   26028  20328   4156 S   0.0   0.5  44:44.56 nginx

top - 14:32:40 up 9 days, 22:46,  1 user,  load average: 0.21, 0.46, 0.52
Tasks: 204 total,   1 running, 203 sleeping,   0 stopped,   0 zombie
%Cpu(s):  8.3 us,  2.8 sy,  0.0 ni, 88.9 id,  0.0 wa,  0.0 hi,  0.0 si,  0.0 st
MiB Mem :   3844.2 total,    177.5 free,    556.5 used,   3110.1 buff/cache
MiB Swap:   3980.0 total,   3975.9 free,      4.1 used.   3005.9 avail Mem 

    PID USER      PR  NI    VIRT    RES    SHR S  %CPU  %MEM     TIME+ COMMAND
    937 www-data  20   0   26028  20328   4156 S  13.0   0.5  44:44.63 nginx

top - 14:32:41 up 9 days, 22:46,  1 user,  load average: 0.21, 0.46, 0.52
Tasks: 204 total,   1 running, 203 sleeping,   0 stopped,   0 zombie
%Cpu(s):  1.9 us,  2.8 sy,  0.0 ni, 95.4 id,  0.0 wa,  0.0 hi,  0.0 si,  0.0 st
MiB Mem :   3844.2 total,    177.5 free,    556.5 used,   3110.1 buff/cache
MiB Swap:   3980.0 total,   3975.9 free,      4.1 used.   3005.9 avail Mem 

    PID USER      PR  NI    VIRT    RES    SHR S  %CPU  %MEM     TIME+ COMMAND
    937 www-data  20   0   26028  20328   4156 S   0.0   0.5  44:44.63 nginx

top - 14:32:41 up 9 days, 22:46,  1 user,  load average: 0.21, 0.46, 0.52
Tasks: 204 total,   1 running, 203 sleeping,   0 stopped,   0 zombie
%Cpu(s): 10.3 us,  1.9 sy,  0.0 ni, 87.9 id,  0.0 wa,  0.0 hi,  0.0 si,  0.0 st
MiB Mem :   3844.2 total,    177.5 free,    556.5 used,   3110.1 buff/cache
MiB Swap:   3980.0 total,   3975.9 free,      4.1 used.   3005.9 avail Mem 

    PID USER      PR  NI    VIRT    RES    SHR S  %CPU  %MEM     TIME+ COMMAND
    937 www-data  20   0   26028  20328   4156 S  14.8   0.5  44:44.71 nginx

top - 14:32:42 up 9 days, 22:46,  1 user,  load average: 0.21, 0.46, 0.52
Tasks: 204 total,   2 running, 202 sleeping,   0 stopped,   0 zombie
%Cpu(s):  0.9 us,  2.8 sy,  0.0 ni, 96.3 id,  0.0 wa,  0.0 hi,  0.0 si,  0.0 st
MiB Mem :   3844.2 total,    177.5 free,    556.5 used,   3110.1 buff/cache
MiB Swap:   3980.0 total,   3975.9 free,      4.1 used.   3005.9 avail Mem 

    PID USER      PR  NI    VIRT    RES    SHR S  %CPU  %MEM     TIME+ COMMAND
    937 www-data  20   0   26028  20328   4156 S   1.9   0.5  44:44.72 nginx

top - 14:32:42 up 9 days, 22:46,  1 user,  load average: 0.21, 0.46, 0.52
Tasks: 204 total,   1 running, 203 sleeping,   0 stopped,   0 zombie
%Cpu(s):  8.2 us,  3.6 sy,  0.9 ni, 87.3 id,  0.0 wa,  0.0 hi,  0.0 si,  0.0 st
MiB Mem :   3844.2 total,    177.5 free,    556.5 used,   3110.1 buff/cache
MiB Swap:   3980.0 total,   3975.9 free,      4.1 used.   3005.9 avail Mem 

    PID USER      PR  NI    VIRT    RES    SHR S  %CPU  %MEM     TIME+ COMMAND
    937 www-data  20   0   26028  20328   4156 S  12.7   0.5  44:44.79 nginx

top - 14:32:43 up 9 days, 22:46,  1 user,  load average: 0.21, 0.46, 0.52
Tasks: 205 total,   1 running, 204 sleeping,   0 stopped,   0 zombie
%Cpu(s):  9.7 us, 13.6 sy, 11.7 ni, 50.5 id, 14.6 wa,  0.0 hi,  0.0 si,  0.0 st
MiB Mem :   3844.2 total,    177.5 free,    556.5 used,   3110.1 buff/cache
MiB Swap:   3980.0 total,   3975.9 free,      4.1 used.   3005.9 avail Mem 

    PID USER      PR  NI    VIRT    RES    SHR S  %CPU  %MEM     TIME+ COMMAND
    937 www-data  20   0   26028  20328   4156 S   0.0   0.5  44:44.79 nginx

top - 14:32:43 up 9 days, 22:46,  1 user,  load average: 0.21, 0.46, 0.52
Tasks: 205 total,   1 running, 204 sleeping,   0 stopped,   0 zombie
%Cpu(s):  3.7 us,  4.6 sy,  0.0 ni, 91.7 id,  0.0 wa,  0.0 hi,  0.0 si,  0.0 st
MiB Mem :   3844.2 total,    177.5 free,    556.5 used,   3110.1 buff/cache
MiB Swap:   3980.0 total,   3975.9 free,      4.1 used.   3005.9 avail Mem 

    PID USER      PR  NI    VIRT    RES    SHR S  %CPU  %MEM     TIME+ COMMAND
    937 www-data  20   0   26028  20328   4156 S   3.8   0.5  44:44.81 nginx

top - 14:32:44 up 9 days, 22:46,  1 user,  load average: 0.21, 0.46, 0.52
Tasks: 205 total,   1 running, 204 sleeping,   0 stopped,   0 zombie
%Cpu(s):  6.5 us,  3.7 sy,  0.0 ni, 89.8 id,  0.0 wa,  0.0 hi,  0.0 si,  0.0 st
MiB Mem :   3844.2 total,    177.5 free,    556.5 used,   3110.1 buff/cache
MiB Swap:   3980.0 total,   3975.9 free,      4.1 used.   3005.9 avail Mem 

    PID USER      PR  NI    VIRT    RES    SHR S  %CPU  %MEM     TIME+ COMMAND
    937 www-data  20   0   26028  20328   4156 S  14.5   0.5  44:44.89 nginx

top - 14:32:44 up 9 days, 22:46,  1 user,  load average: 0.19, 0.45, 0.52
Tasks: 205 total,   1 running, 204 sleeping,   0 stopped,   0 zombie
%Cpu(s):  1.9 us,  2.8 sy,  0.0 ni, 95.4 id,  0.0 wa,  0.0 hi,  0.0 si,  0.0 st
MiB Mem :   3844.2 total,    177.5 free,    556.5 used,   3110.1 buff/cache
MiB Swap:   3980.0 total,   3975.9 free,      4.1 used.   3005.9 avail Mem 

    PID USER      PR  NI    VIRT    RES    SHR S  %CPU  %MEM     TIME+ COMMAND
    937 www-data  20   0   26028  20328   4156 S   0.0   0.5  44:44.89 nginx

top - 14:32:45 up 9 days, 22:46,  1 user,  load average: 0.19, 0.45, 0.52
Tasks: 205 total,   1 running, 204 sleeping,   0 stopped,   0 zombie
%Cpu(s):  8.5 us,  1.9 sy,  0.0 ni, 89.6 id,  0.0 wa,  0.0 hi,  0.0 si,  0.0 st
MiB Mem :   3844.2 total,    177.5 free,    556.5 used,   3110.1 buff/cache
MiB Swap:   3980.0 total,   3975.9 free,      4.1 used.   3005.9 avail Mem 

    PID USER      PR  NI    VIRT    RES    SHR S  %CPU  %MEM     TIME+ COMMAND
    937 www-data  20   0   26028  20328   4156 S  12.7   0.5  44:44.96 nginx

top - 14:32:45 up 9 days, 22:46,  1 user,  load average: 0.19, 0.45, 0.52
Tasks: 205 total,   1 running, 204 sleeping,   0 stopped,   0 zombie
%Cpu(s):  0.9 us,  2.8 sy,  0.0 ni, 96.3 id,  0.0 wa,  0.0 hi,  0.0 si,  0.0 st
MiB Mem :   3844.2 total,    177.5 free,    556.5 used,   3110.1 buff/cache
MiB Swap:   3980.0 total,   3975.9 free,      4.1 used.   3005.9 avail Mem 

    PID USER      PR  NI    VIRT    RES    SHR S  %CPU  %MEM     TIME+ COMMAND
    937 www-data  20   0   26028  20328   4156 S   0.0   0.5  44:44.96 nginx

top - 14:32:46 up 9 days, 22:46,  1 user,  load average: 0.19, 0.45, 0.52
Tasks: 205 total,   1 running, 204 sleeping,   0 stopped,   0 zombie
%Cpu(s):  8.4 us,  1.9 sy,  0.0 ni, 89.7 id,  0.0 wa,  0.0 hi,  0.0 si,  0.0 st
MiB Mem :   3844.2 total,    177.5 free,    556.5 used,   3110.1 buff/cache
MiB Swap:   3980.0 total,   3975.9 free,      4.1 used.   3005.9 avail Mem 

    PID USER      PR  NI    VIRT    RES    SHR S  %CPU  %MEM     TIME+ COMMAND
    937 www-data  20   0   26028  20328   4156 S  14.8   0.5  44:45.04 nginx

top - 14:32:47 up 9 days, 22:46,  1 user,  load average: 0.19, 0.45, 0.52
Tasks: 205 total,   1 running, 204 sleeping,   0 stopped,   0 zombie
%Cpu(s):  0.9 us,  3.7 sy,  0.0 ni, 95.4 id,  0.0 wa,  0.0 hi,  0.0 si,  0.0 st
MiB Mem :   3844.2 total,    177.5 free,    556.5 used,   3110.1 buff/cache
MiB Swap:   3980.0 total,   3975.9 free,      4.1 used.   3005.9 avail Mem 

    PID USER      PR  NI    VIRT    RES    SHR S  %CPU  %MEM     TIME+ COMMAND
    937 www-data  20   0   26028  20328   4156 S   0.0   0.5  44:45.04 nginx

top - 14:32:47 up 9 days, 22:46,  1 user,  load average: 0.19, 0.45, 0.52
Tasks: 205 total,   1 running, 204 sleeping,   0 stopped,   0 zombie
%Cpu(s):  9.3 us,  1.9 sy,  0.0 ni, 88.9 id,  0.0 wa,  0.0 hi,  0.0 si,  0.0 st
MiB Mem :   3844.2 total,    177.5 free,    556.5 used,   3110.1 buff/cache
MiB Swap:   3980.0 total,   3975.9 free,      4.1 used.   3005.9 avail Mem 

    PID USER      PR  NI    VIRT    RES    SHR S  %CPU  %MEM     TIME+ COMMAND
    937 www-data  20   0   26028  20328   4156 S  13.0   0.5  44:45.11 nginx

top - 14:32:48 up 9 days, 22:46,  1 user,  load average: 0.19, 0.45, 0.52
Tasks: 205 total,   1 running, 204 sleeping,   0 stopped,   0 zombie
%Cpu(s):  4.6 us,  8.3 sy,  3.7 ni, 67.0 id, 16.5 wa,  0.0 hi,  0.0 si,  0.0 st
MiB Mem :   3844.2 total,    176.8 free,    557.3 used,   3110.1 buff/cache
MiB Swap:   3980.0 total,   3975.9 free,      4.1 used.   3005.2 avail Mem 

    PID USER      PR  NI    VIRT    RES    SHR S  %CPU  %MEM     TIME+ COMMAND
    937 www-data  20   0   26028  20328   4156 S   0.0   0.5  44:45.11 nginx

top - 14:32:48 up 9 days, 22:46,  1 user,  load average: 0.19, 0.45, 0.52
Tasks: 205 total,   1 running, 204 sleeping,   0 stopped,   0 zombie
%Cpu(s):  8.4 us,  2.8 sy,  0.0 ni, 88.8 id,  0.0 wa,  0.0 hi,  0.0 si,  0.0 st
MiB Mem :   3844.2 total,    176.8 free,    557.3 used,   3110.1 buff/cache
MiB Swap:   3980.0 total,   3975.9 free,      4.1 used.   3005.2 avail Mem 

    PID USER      PR  NI    VIRT    RES    SHR S  %CPU  %MEM     TIME+ COMMAND
    937 www-data  20   0   26028  20328   4156 S  14.5   0.5  44:45.19 nginx

top - 14:32:49 up 9 days, 22:46,  1 user,  load average: 0.19, 0.45, 0.52
Tasks: 205 total,   1 running, 204 sleeping,   0 stopped,   0 zombie
%Cpu(s):  1.8 us,  2.8 sy,  0.0 ni, 95.4 id,  0.0 wa,  0.0 hi,  0.0 si,  0.0 st
MiB Mem :   3844.2 total,    176.8 free,    557.3 used,   3110.1 buff/cache
MiB Swap:   3980.0 total,   3975.9 free,      4.1 used.   3005.2 avail Mem 

    PID USER      PR  NI    VIRT    RES    SHR S  %CPU  %MEM     TIME+ COMMAND
    937 www-data  20   0   26028  20328   4156 S   0.0   0.5  44:45.19 nginx

top - 14:32:49 up 9 days, 22:46,  1 user,  load average: 0.17, 0.45, 0.51
Tasks: 205 total,   1 running, 204 sleeping,   0 stopped,   0 zombie
%Cpu(s):  8.5 us,  1.9 sy,  0.0 ni, 89.6 id,  0.0 wa,  0.0 hi,  0.0 si,  0.0 st
MiB Mem :   3844.2 total,    176.8 free,    557.3 used,   3110.1 buff/cache
MiB Swap:   3980.0 total,   3975.9 free,      4.1 used.   3005.2 avail Mem 

    PID USER      PR  NI    VIRT    RES    SHR S  %CPU  %MEM     TIME+ COMMAND
    937 www-data  20   0   26028  20328   4156 S  13.0   0.5  44:45.26 nginx

top - 14:32:50 up 9 days, 22:46,  1 user,  load average: 0.17, 0.45, 0.51
Tasks: 205 total,   2 running, 203 sleeping,   0 stopped,   0 zombie
%Cpu(s):  8.3 us,  2.8 sy,  0.0 ni, 89.0 id,  0.0 wa,  0.0 hi,  0.0 si,  0.0 st
MiB Mem :   3844.2 total,    176.8 free,    557.3 used,   3110.1 buff/cache
MiB Swap:   3980.0 total,   3975.9 free,      4.1 used.   3005.2 avail Mem 

    PID USER      PR  NI    VIRT    RES    SHR S  %CPU  %MEM     TIME+ COMMAND
    937 www-data  20   0   26028  20328   4156 R   7.3   0.5  44:45.30 nginx

top - 14:32:50 up 9 days, 22:46,  1 user,  load average: 0.17, 0.45, 0.51
Tasks: 205 total,   1 running, 204 sleeping,   0 stopped,   0 zombie
%Cpu(s):  0.9 us,  3.7 sy,  0.0 ni, 95.4 id,  0.0 wa,  0.0 hi,  0.0 si,  0.0 st
MiB Mem :   3844.2 total,    176.8 free,    557.3 used,   3110.1 buff/cache
MiB Swap:   3980.0 total,   3975.9 free,      4.1 used.   3005.2 avail Mem 

    PID USER      PR  NI    VIRT    RES    SHR S  %CPU  %MEM     TIME+ COMMAND
    937 www-data  20   0   26028  20328   4156 S   5.6   0.5  44:45.33 nginx

top - 14:32:51 up 9 days, 22:46,  1 user,  load average: 0.17, 0.45, 0.51
Tasks: 205 total,   1 running, 204 sleeping,   0 stopped,   0 zombie
%Cpu(s):  8.3 us,  2.8 sy,  0.0 ni, 88.9 id,  0.0 wa,  0.0 hi,  0.0 si,  0.0 st
MiB Mem :   3844.2 total,    176.8 free,    557.3 used,   3110.1 buff/cache
MiB Swap:   3980.0 total,   3975.9 free,      4.1 used.   3005.2 avail Mem 

    PID USER      PR  NI    VIRT    RES    SHR S  %CPU  %MEM     TIME+ COMMAND
    937 www-data  20   0   26028  20328   4156 S  14.8   0.5  44:45.41 nginx

top - 14:32:51 up 9 days, 22:46,  1 user,  load average: 0.17, 0.45, 0.51
Tasks: 205 total,   1 running, 204 sleeping,   0 stopped,   0 zombie
%Cpu(s):  0.9 us,  3.7 sy,  0.0 ni, 95.4 id,  0.0 wa,  0.0 hi,  0.0 si,  0.0 st
MiB Mem :   3844.2 total,    176.8 free,    557.3 used,   3110.1 buff/cache
MiB Swap:   3980.0 total,   3975.9 free,      4.1 used.   3005.2 avail Mem 

    PID USER      PR  NI    VIRT    RES    SHR S  %CPU  %MEM     TIME+ COMMAND
    937 www-data  20   0   26028  20328   4156 S   0.0   0.5  44:45.41 nginx

top - 14:32:52 up 9 days, 22:46,  1 user,  load average: 0.17, 0.45, 0.51
Tasks: 205 total,   1 running, 204 sleeping,   0 stopped,   0 zombie
%Cpu(s):  7.5 us,  3.7 sy,  0.0 ni, 88.8 id,  0.0 wa,  0.0 hi,  0.0 si,  0.0 st
MiB Mem :   3844.2 total,    176.8 free,    557.3 used,   3110.1 buff/cache
MiB Swap:   3980.0 total,   3975.9 free,      4.1 used.   3005.2 avail Mem 

    PID USER      PR  NI    VIRT    RES    SHR S  %CPU  %MEM     TIME+ COMMAND
    937 www-data  20   0   26028  20328   4156 S  14.5   0.5  44:45.49 nginx

top - 14:32:53 up 9 days, 22:46,  1 user,  load average: 0.17, 0.45, 0.51
Tasks: 205 total,   2 running, 203 sleeping,   0 stopped,   0 zombie
%Cpu(s): 17.5 us,  4.9 sy,  0.0 ni, 68.9 id,  8.7 wa,  0.0 hi,  0.0 si,  0.0 st
MiB Mem :   3844.2 total,    176.8 free,    557.3 used,   3110.1 buff/cache
MiB Swap:   3980.0 total,   3975.9 free,      4.1 used.   3005.2 avail Mem 

    PID USER      PR  NI    VIRT    RES    SHR S  %CPU  %MEM     TIME+ COMMAND
    937 www-data  20   0   26028  20328   4156 R  24.1   0.5  44:45.62 nginx

top - 14:32:53 up 9 days, 22:46,  1 user,  load average: 0.17, 0.45, 0.51
Tasks: 204 total,   2 running, 202 sleeping,   0 stopped,   0 zombie
%Cpu(s): 46.3 us,  6.5 sy,  3.7 ni, 38.0 id,  4.6 wa,  0.0 hi,  0.9 si,  0.0 st
MiB Mem :   3844.2 total,    176.8 free,    557.3 used,   3110.1 buff/cache
MiB Swap:   3980.0 total,   3975.9 free,      4.1 used.   3005.2 avail Mem 

    PID USER      PR  NI    VIRT    RES    SHR S  %CPU  %MEM     TIME+ COMMAND
    937 www-data  20   0   26028  20328   4156 R  92.5   0.5  44:46.11 nginx

top - 14:32:54 up 9 days, 22:46,  1 user,  load average: 0.17, 0.45, 0.51
Tasks: 204 total,   2 running, 202 sleeping,   0 stopped,   0 zombie
%Cpu(s): 40.7 us,  3.7 sy,  0.0 ni, 55.6 id,  0.0 wa,  0.0 hi,  0.0 si,  0.0 st
MiB Mem :   3844.2 total,    176.8 free,    557.3 used,   3110.1 buff/cache
MiB Swap:   3980.0 total,   3975.9 free,      4.1 used.   3005.2 avail Mem 

    PID USER      PR  NI    VIRT    RES    SHR S  %CPU  %MEM     TIME+ COMMAND
    937 www-data  20   0   26028  20328   4156 R  74.1   0.5  44:46.51 nginx

top - 14:32:54 up 9 days, 22:46,  1 user,  load average: 0.16, 0.44, 0.51
Tasks: 204 total,   2 running, 202 sleeping,   0 stopped,   0 zombie
%Cpu(s): 35.2 us,  3.8 sy,  0.0 ni, 61.0 id,  0.0 wa,  0.0 hi,  0.0 si,  0.0 st
MiB Mem :   3844.2 total,    176.8 free,    557.3 used,   3110.1 buff/cache
MiB Swap:   3980.0 total,   3975.9 free,      4.1 used.   3005.2 avail Mem 

    PID USER      PR  NI    VIRT    RES    SHR S  %CPU  %MEM     TIME+ COMMAND
    937 www-data  20   0   26028  20328   4156 R  70.4   0.5  44:46.89 nginx

top - 14:32:55 up 9 days, 22:46,  1 user,  load average: 0.16, 0.44, 0.51
Tasks: 204 total,   2 running, 202 sleeping,   0 stopped,   0 zombie
%Cpu(s): 35.9 us,  1.9 sy,  0.0 ni, 62.1 id,  0.0 wa,  0.0 hi,  0.0 si,  0.0 st
MiB Mem :   3844.2 total,    176.8 free,    557.3 used,   3110.1 buff/cache
MiB Swap:   3980.0 total,   3975.9 free,      4.1 used.   3005.2 avail Mem 

    PID USER      PR  NI    VIRT    RES    SHR S  %CPU  %MEM     TIME+ COMMAND
    937 www-data  20   0   26028  20328   4156 R  69.1   0.5  44:47.27 nginx

top - 14:32:55 up 9 days, 22:46,  1 user,  load average: 0.16, 0.44, 0.51
Tasks: 204 total,   2 running, 202 sleeping,   0 stopped,   0 zombie
%Cpu(s): 50.0 us,  5.7 sy,  0.0 ni, 44.3 id,  0.0 wa,  0.0 hi,  0.0 si,  0.0 st
MiB Mem :   3844.2 total,    176.8 free,    557.3 used,   3110.1 buff/cache
MiB Swap:   3980.0 total,   3975.9 free,      4.1 used.   3005.2 avail Mem 

    PID USER      PR  NI    VIRT    RES    SHR S  %CPU  %MEM     TIME+ COMMAND
    937 www-data  20   0   26028  20328   4156 R 100.0   0.5  44:47.79 nginx

top - 14:32:56 up 9 days, 22:46,  1 user,  load average: 0.16, 0.44, 0.51
Tasks: 204 total,   2 running, 202 sleeping,   0 stopped,   0 zombie
%Cpu(s): 43.5 us,  2.8 sy,  0.0 ni, 52.8 id,  0.0 wa,  0.0 hi,  0.9 si,  0.0 st
MiB Mem :   3844.2 total,    176.8 free,    557.3 used,   3110.1 buff/cache
MiB Swap:   3980.0 total,   3975.9 free,      4.1 used.   3005.2 avail Mem 

    PID USER      PR  NI    VIRT    RES    SHR S  %CPU  %MEM     TIME+ COMMAND
    937 www-data  20   0   26028  20328   4156 R  87.0   0.5  44:48.26 nginx

top - 14:32:56 up 9 days, 22:46,  1 user,  load average: 0.16, 0.44, 0.51
Tasks: 204 total,   2 running, 202 sleeping,   0 stopped,   0 zombie
%Cpu(s): 47.7 us,  4.7 sy,  0.0 ni, 39.3 id,  6.5 wa,  0.0 hi,  1.9 si,  0.0 st
MiB Mem :   3844.2 total,    176.8 free,    557.3 used,   3110.1 buff/cache
MiB Swap:   3980.0 total,   3975.9 free,      4.1 used.   3005.2 avail Mem 

    PID USER      PR  NI    VIRT    RES    SHR S  %CPU  %MEM     TIME+ COMMAND
    937 www-data  20   0   26028  20328   4156 R  96.3   0.5  44:48.78 nginx

top - 14:32:57 up 9 days, 22:46,  1 user,  load average: 0.16, 0.44, 0.51
Tasks: 204 total,   2 running, 202 sleeping,   0 stopped,   0 zombie
%Cpu(s): 47.7 us,  3.7 sy,  0.0 ni, 47.7 id,  0.0 wa,  0.0 hi,  0.9 si,  0.0 st
MiB Mem :   3844.2 total,    176.8 free,    557.2 used,   3110.2 buff/cache
MiB Swap:   3980.0 total,   3975.9 free,      4.1 used.   3005.2 avail Mem 

    PID USER      PR  NI    VIRT    RES    SHR S  %CPU  %MEM     TIME+ COMMAND
    937 www-data  20   0   26028  20328   4156 R  90.7   0.5  44:49.27 nginx

top - 14:32:57 up 9 days, 22:46,  1 user,  load average: 0.16, 0.44, 0.51
Tasks: 204 total,   1 running, 203 sleeping,   0 stopped,   0 zombie
%Cpu(s):  2.8 us,  3.7 sy,  0.0 ni, 93.5 id,  0.0 wa,  0.0 hi,  0.0 si,  0.0 st
MiB Mem :   3844.2 total,    176.8 free,    557.2 used,   3110.2 buff/cache
MiB Swap:   3980.0 total,   3975.9 free,      4.1 used.   3005.2 avail Mem 

    PID USER      PR  NI    VIRT    RES    SHR S  %CPU  %MEM     TIME+ COMMAND
    937 www-data  20   0   26028  20328   4156 S   9.1   0.5  44:49.32 nginx

top - 14:32:58 up 9 days, 22:46,  1 user,  load average: 0.16, 0.44, 0.51
Tasks: 205 total,   1 running, 204 sleeping,   0 stopped,   0 zombie
%Cpu(s):  9.5 us, 12.4 sy, 15.2 ni, 47.6 id, 15.2 wa,  0.0 hi,  0.0 si,  0.0 st
MiB Mem :   3844.2 total,    176.8 free,    557.2 used,   3110.2 buff/cache
MiB Swap:   3980.0 total,   3975.9 free,      4.1 used.   3005.2 avail Mem 

    PID USER      PR  NI    VIRT    RES    SHR S  %CPU  %MEM     TIME+ COMMAND
    937 www-data  20   0   26028  20328   4156 S   9.3   0.5  44:49.37 nginx

top - 14:32:58 up 9 days, 22:46,  1 user,  load average: 0.16, 0.44, 0.51
Tasks: 205 total,   1 running, 204 sleeping,   0 stopped,   0 zombie
%Cpu(s):  1.9 us,  1.9 sy,  0.0 ni, 96.2 id,  0.0 wa,  0.0 hi,  0.0 si,  0.0 st
MiB Mem :   3844.2 total,    176.8 free,    557.2 used,   3110.2 buff/cache
MiB Swap:   3980.0 total,   3975.9 free,      4.1 used.   3005.2 avail Mem 

    PID USER      PR  NI    VIRT    RES    SHR S  %CPU  %MEM     TIME+ COMMAND
    937 www-data  20   0   26028  20328   4156 S   0.0   0.5  44:49.37 nginx

top - 14:32:59 up 9 days, 22:46,  1 user,  load average: 0.16, 0.44, 0.51
Tasks: 205 total,   1 running, 204 sleeping,   0 stopped,   0 zombie
%Cpu(s):  8.3 us,  2.8 sy,  0.0 ni, 88.9 id,  0.0 wa,  0.0 hi,  0.0 si,  0.0 st
MiB Mem :   3844.2 total,    176.8 free,    557.2 used,   3110.2 buff/cache
MiB Swap:   3980.0 total,   3975.9 free,      4.1 used.   3005.2 avail Mem 

    PID USER      PR  NI    VIRT    RES    SHR S  %CPU  %MEM     TIME+ COMMAND
    937 www-data  20   0   26028  20328   4156 S  13.0   0.5  44:49.44 nginx

top - 14:33:00 up 9 days, 22:46,  1 user,  load average: 0.15, 0.43, 0.51
Tasks: 205 total,   1 running, 204 sleeping,   0 stopped,   0 zombie
%Cpu(s):  0.9 us,  3.7 sy,  0.0 ni, 95.4 id,  0.0 wa,  0.0 hi,  0.0 si,  0.0 st
MiB Mem :   3844.2 total,    176.8 free,    557.2 used,   3110.2 buff/cache
MiB Swap:   3980.0 total,   3975.9 free,      4.1 used.   3005.2 avail Mem 

    PID USER      PR  NI    VIRT    RES    SHR S  %CPU  %MEM     TIME+ COMMAND
    937 www-data  20   0   26028  20328   4156 S   0.0   0.5  44:49.44 nginx

top - 14:33:00 up 9 days, 22:46,  1 user,  load average: 0.15, 0.43, 0.51
Tasks: 205 total,   1 running, 204 sleeping,   0 stopped,   0 zombie
%Cpu(s):  9.2 us,  2.8 sy,  0.0 ni, 88.1 id,  0.0 wa,  0.0 hi,  0.0 si,  0.0 st
MiB Mem :   3844.2 total,    176.8 free,    557.2 used,   3110.2 buff/cache
MiB Swap:   3980.0 total,   3975.9 free,      4.1 used.   3005.2 avail Mem 

    PID USER      PR  NI    VIRT    RES    SHR S  %CPU  %MEM     TIME+ COMMAND
    937 www-data  20   0   26028  20328   4156 S  14.8   0.5  44:49.52 nginx

top - 14:33:01 up 9 days, 22:46,  1 user,  load average: 0.15, 0.43, 0.51
Tasks: 205 total,   1 running, 204 sleeping,   0 stopped,   0 zombie
%Cpu(s):  0.0 us,  3.7 sy,  0.0 ni, 96.3 id,  0.0 wa,  0.0 hi,  0.0 si,  0.0 st
MiB Mem :   3844.2 total,    176.8 free,    557.2 used,   3110.2 buff/cache
MiB Swap:   3980.0 total,   3975.9 free,      4.1 used.   3005.2 avail Mem 

    PID USER      PR  NI    VIRT    RES    SHR S  %CPU  %MEM     TIME+ COMMAND
    937 www-data  20   0   26028  20328   4156 S   0.0   0.5  44:49.52 nginx

top - 14:33:01 up 9 days, 22:46,  1 user,  load average: 0.15, 0.43, 0.51
Tasks: 205 total,   1 running, 204 sleeping,   0 stopped,   0 zombie
%Cpu(s):  7.5 us,  3.7 sy,  0.0 ni, 88.8 id,  0.0 wa,  0.0 hi,  0.0 si,  0.0 st
MiB Mem :   3844.2 total,    176.8 free,    557.2 used,   3110.2 buff/cache
MiB Swap:   3980.0 total,   3975.9 free,      4.1 used.   3005.2 avail Mem 

    PID USER      PR  NI    VIRT    RES    SHR S  %CPU  %MEM     TIME+ COMMAND
    937 www-data  20   0   26028  20328   4156 S  12.7   0.5  44:49.59 nginx

top - 14:33:02 up 9 days, 22:46,  1 user,  load average: 0.15, 0.43, 0.51
Tasks: 205 total,   1 running, 204 sleeping,   0 stopped,   0 zombie
%Cpu(s):  1.8 us,  3.6 sy,  0.0 ni, 94.5 id,  0.0 wa,  0.0 hi,  0.0 si,  0.0 st
MiB Mem :   3844.2 total,    176.8 free,    557.2 used,   3110.2 buff/cache
MiB Swap:   3980.0 total,   3975.9 free,      4.1 used.   3005.2 avail Mem 

    PID USER      PR  NI    VIRT    RES    SHR S  %CPU  %MEM     TIME+ COMMAND
    937 www-data  20   0   26028  20328   4156 S   0.0   0.5  44:49.59 nginx

top - 14:33:02 up 9 days, 22:46,  1 user,  load average: 0.15, 0.43, 0.51
Tasks: 205 total,   1 running, 204 sleeping,   0 stopped,   0 zombie
%Cpu(s):  7.5 us,  2.8 sy,  0.0 ni, 89.6 id,  0.0 wa,  0.0 hi,  0.0 si,  0.0 st
MiB Mem :   3844.2 total,    176.8 free,    557.2 used,   3110.2 buff/cache
MiB Swap:   3980.0 total,   3975.9 free,      4.1 used.   3005.2 avail Mem 

    PID USER      PR  NI    VIRT    RES    SHR S  %CPU  %MEM     TIME+ COMMAND
    937 www-data  20   0   26028  20328   4156 S  14.8   0.5  44:49.67 nginx

top - 14:33:03 up 9 days, 22:46,  1 user,  load average: 0.15, 0.43, 0.51
Tasks: 205 total,   3 running, 202 sleeping,   0 stopped,   0 zombie
%Cpu(s):  7.5 us,  8.4 sy,  3.7 ni, 67.3 id, 13.1 wa,  0.0 hi,  0.0 si,  0.0 st
MiB Mem :   3844.2 total,    176.8 free,    557.2 used,   3110.2 buff/cache
MiB Swap:   3980.0 total,   3975.9 free,      4.1 used.   3005.2 avail Mem 

    PID USER      PR  NI    VIRT    RES    SHR S  %CPU  %MEM     TIME+ COMMAND
    937 www-data  20   0   26028  20328   4156 R   3.6   0.5  44:49.69 nginx

top - 14:33:03 up 9 days, 22:46,  1 user,  load average: 0.15, 0.43, 0.51
Tasks: 205 total,   1 running, 204 sleeping,   0 stopped,   0 zombie
%Cpu(s):  4.6 us,  2.8 sy,  0.0 ni, 92.6 id,  0.0 wa,  0.0 hi,  0.0 si,  0.0 st
MiB Mem :   3844.2 total,    176.8 free,    557.2 used,   3110.2 buff/cache
MiB Swap:   3980.0 total,   3975.9 free,      4.1 used.   3005.2 avail Mem 

    PID USER      PR  NI    VIRT    RES    SHR S  %CPU  %MEM     TIME+ COMMAND
    937 www-data  20   0   26028  20328   4156 S   9.3   0.5  44:49.74 nginx

top - 14:33:04 up 9 days, 22:46,  1 user,  load average: 0.15, 0.43, 0.51
Tasks: 205 total,   1 running, 204 sleeping,   0 stopped,   0 zombie
%Cpu(s): 10.1 us,  1.8 sy,  0.0 ni, 88.1 id,  0.0 wa,  0.0 hi,  0.0 si,  0.0 st
MiB Mem :   3844.2 total,    176.8 free,    557.2 used,   3110.2 buff/cache
MiB Swap:   3980.0 total,   3975.9 free,      4.1 used.   3005.2 avail Mem 

    PID USER      PR  NI    VIRT    RES    SHR S  %CPU  %MEM     TIME+ COMMAND
    937 www-data  20   0   26028  20328   4156 S  14.8   0.5  44:49.82 nginx

top - 14:33:04 up 9 days, 22:46,  1 user,  load average: 0.14, 0.42, 0.51
Tasks: 205 total,   1 running, 204 sleeping,   0 stopped,   0 zombie
%Cpu(s):  0.0 us,  4.6 sy,  0.0 ni, 95.4 id,  0.0 wa,  0.0 hi,  0.0 si,  0.0 st
MiB Mem :   3844.2 total,    176.8 free,    557.2 used,   3110.2 buff/cache
MiB Swap:   3980.0 total,   3975.9 free,      4.1 used.   3005.2 avail Mem 

    PID USER      PR  NI    VIRT    RES    SHR S  %CPU  %MEM     TIME+ COMMAND
    937 www-data  20   0   26028  20328   4156 S   0.0   0.5  44:49.82 nginx

top - 14:33:05 up 9 days, 22:46,  1 user,  load average: 0.14, 0.42, 0.51
Tasks: 205 total,   1 running, 204 sleeping,   0 stopped,   0 zombie
%Cpu(s):  8.4 us,  2.8 sy,  0.0 ni, 88.8 id,  0.0 wa,  0.0 hi,  0.0 si,  0.0 st
MiB Mem :   3844.2 total,    176.8 free,    557.2 used,   3110.2 buff/cache
MiB Swap:   3980.0 total,   3975.9 free,      4.1 used.   3005.2 avail Mem 

    PID USER      PR  NI    VIRT    RES    SHR S  %CPU  %MEM     TIME+ COMMAND
    937 www-data  20   0   26028  20328   4156 S  12.7   0.5  44:49.89 nginx

top - 14:33:06 up 9 days, 22:46,  1 user,  load average: 0.14, 0.42, 0.51
Tasks: 205 total,   1 running, 204 sleeping,   0 stopped,   0 zombie
%Cpu(s):  0.9 us,  2.8 sy,  0.0 ni, 96.3 id,  0.0 wa,  0.0 hi,  0.0 si,  0.0 st
MiB Mem :   3844.2 total,    176.8 free,    557.2 used,   3110.2 buff/cache
MiB Swap:   3980.0 total,   3975.9 free,      4.1 used.   3005.2 avail Mem 

    PID USER      PR  NI    VIRT    RES    SHR S  %CPU  %MEM     TIME+ COMMAND
    937 www-data  20   0   26028  20328   4156 S   0.0   0.5  44:49.89 nginx

top - 14:33:06 up 9 days, 22:46,  1 user,  load average: 0.14, 0.42, 0.51
Tasks: 205 total,   1 running, 204 sleeping,   0 stopped,   0 zombie
%Cpu(s): 13.0 us,  1.9 sy,  0.0 ni, 85.2 id,  0.0 wa,  0.0 hi,  0.0 si,  0.0 st
MiB Mem :   3844.2 total,    176.8 free,    557.2 used,   3110.2 buff/cache
MiB Swap:   3980.0 total,   3975.9 free,      4.1 used.   3005.2 avail Mem 

    PID USER      PR  NI    VIRT    RES    SHR S  %CPU  %MEM     TIME+ COMMAND
    937 www-data  20   0   26028  20328   4156 S  14.8   0.5  44:49.97 nginx

top - 14:33:07 up 9 days, 22:46,  1 user,  load average: 0.14, 0.42, 0.51
Tasks: 205 total,   1 running, 204 sleeping,   0 stopped,   0 zombie
%Cpu(s):  1.9 us,  2.8 sy,  0.0 ni, 95.4 id,  0.0 wa,  0.0 hi,  0.0 si,  0.0 st
MiB Mem :   3844.2 total,    176.8 free,    557.2 used,   3110.2 buff/cache
MiB Swap:   3980.0 total,   3975.9 free,      4.1 used.   3005.2 avail Mem 

    PID USER      PR  NI    VIRT    RES    SHR S  %CPU  %MEM     TIME+ COMMAND
    937 www-data  20   0   26028  20328   4156 S   0.0   0.5  44:49.97 nginx

top - 14:33:07 up 9 days, 22:46,  1 user,  load average: 0.14, 0.42, 0.51
Tasks: 205 total,   1 running, 204 sleeping,   0 stopped,   0 zombie
%Cpu(s):  7.5 us,  1.9 sy,  0.0 ni, 90.7 id,  0.0 wa,  0.0 hi,  0.0 si,  0.0 st
MiB Mem :   3844.2 total,    176.8 free,    557.2 used,   3110.2 buff/cache
MiB Swap:   3980.0 total,   3975.9 free,      4.1 used.   3005.2 avail Mem 

    PID USER      PR  NI    VIRT    RES    SHR S  %CPU  %MEM     TIME+ COMMAND
    937 www-data  20   0   26028  20328   4156 S  11.1   0.5  44:50.03 nginx

top - 14:33:08 up 9 days, 22:46,  1 user,  load average: 0.14, 0.42, 0.51
Tasks: 205 total,   1 running, 204 sleeping,   0 stopped,   0 zombie
%Cpu(s):  2.8 us,  7.3 sy,  1.8 ni, 79.8 id,  8.3 wa,  0.0 hi,  0.0 si,  0.0 st
MiB Mem :   3844.2 total,    176.8 free,    557.2 used,   3110.2 buff/cache
MiB Swap:   3980.0 total,   3975.9 free,      4.1 used.   3005.2 avail Mem 

    PID USER      PR  NI    VIRT    RES    SHR S  %CPU  %MEM     TIME+ COMMAND
    937 www-data  20   0   26028  20328   4156 S   0.0   0.5  44:50.03 nginx

top - 14:33:08 up 9 days, 22:46,  1 user,  load average: 0.14, 0.42, 0.51
Tasks: 204 total,   1 running, 203 sleeping,   0 stopped,   0 zombie
%Cpu(s):  6.5 us,  3.7 sy,  1.9 ni, 82.4 id,  4.6 wa,  0.0 hi,  0.9 si,  0.0 st
MiB Mem :   3844.2 total,    176.8 free,    557.2 used,   3110.2 buff/cache
MiB Swap:   3980.0 total,   3975.9 free,      4.1 used.   3005.2 avail Mem 

    PID USER      PR  NI    VIRT    RES    SHR S  %CPU  %MEM     TIME+ COMMAND
    937 www-data  20   0   26028  20328   4156 S   3.6   0.5  44:50.05 nginx

top - 14:33:09 up 9 days, 22:46,  1 user,  load average: 0.14, 0.42, 0.51
Tasks: 204 total,   1 running, 203 sleeping,   0 stopped,   0 zombie
%Cpu(s):  2.8 us,  2.8 sy,  0.0 ni, 94.4 id,  0.0 wa,  0.0 hi,  0.0 si,  0.0 st
MiB Mem :   3844.2 total,    176.8 free,    557.2 used,   3110.2 buff/cache
MiB Swap:   3980.0 total,   3975.9 free,      4.1 used.   3005.3 avail Mem 

    PID USER      PR  NI    VIRT    RES    SHR S  %CPU  %MEM     TIME+ COMMAND
    937 www-data  20   0   26028  20328   4156 S   0.0   0.5  44:50.05 nginx

top - 14:33:09 up 9 days, 22:46,  1 user,  load average: 0.12, 0.42, 0.50
Tasks: 204 total,   1 running, 203 sleeping,   0 stopped,   0 zombie
%Cpu(s):  2.8 us,  1.9 sy,  0.0 ni, 95.3 id,  0.0 wa,  0.0 hi,  0.0 si,  0.0 st
MiB Mem :   3844.2 total,    176.8 free,    557.2 used,   3110.2 buff/cache
MiB Swap:   3980.0 total,   3975.9 free,      4.1 used.   3005.3 avail Mem 

    PID USER      PR  NI    VIRT    RES    SHR S  %CPU  %MEM     TIME+ COMMAND
    937 www-data  20   0   26028  20328   4156 S   7.3   0.5  44:50.09 nginx

top - 14:33:10 up 9 days, 22:46,  1 user,  load average: 0.12, 0.42, 0.50
Tasks: 204 total,   2 running, 202 sleeping,   0 stopped,   0 zombie
%Cpu(s):  9.4 us,  0.9 sy,  0.0 ni, 89.6 id,  0.0 wa,  0.0 hi,  0.0 si,  0.0 st
MiB Mem :   3844.2 total,    176.8 free,    557.2 used,   3110.2 buff/cache
MiB Swap:   3980.0 total,   3975.9 free,      4.1 used.   3005.3 avail Mem 

    PID USER      PR  NI    VIRT    RES    SHR S  %CPU  %MEM     TIME+ COMMAND
    937 www-data  20   0   26028  20328   4156 R  13.0   0.5  44:50.16 nginx

top - 14:33:10 up 9 days, 22:46,  1 user,  load average: 0.12, 0.42, 0.50
Tasks: 204 total,   1 running, 203 sleeping,   0 stopped,   0 zombie
%Cpu(s):  0.0 us,  3.7 sy,  0.0 ni, 96.3 id,  0.0 wa,  0.0 hi,  0.0 si,  0.0 st
MiB Mem :   3844.2 total,    176.8 free,    557.2 used,   3110.2 buff/cache
MiB Swap:   3980.0 total,   3975.9 free,      4.1 used.   3005.3 avail Mem 

    PID USER      PR  NI    VIRT    RES    SHR S  %CPU  %MEM     TIME+ COMMAND
    937 www-data  20   0   26028  20328   4156 S   0.0   0.5  44:50.16 nginx

top - 14:33:11 up 9 days, 22:46,  1 user,  load average: 0.12, 0.42, 0.50
Tasks: 204 total,   1 running, 203 sleeping,   0 stopped,   0 zombie
%Cpu(s):  7.5 us,  2.8 sy,  0.0 ni, 89.7 id,  0.0 wa,  0.0 hi,  0.0 si,  0.0 st
MiB Mem :   3844.2 total,    176.8 free,    557.2 used,   3110.2 buff/cache
MiB Swap:   3980.0 total,   3975.9 free,      4.1 used.   3005.3 avail Mem 

    PID USER      PR  NI    VIRT    RES    SHR S  %CPU  %MEM     TIME+ COMMAND
    937 www-data  20   0   26028  20328   4156 S  14.8   0.5  44:50.24 nginx

top - 14:33:12 up 9 days, 22:46,  1 user,  load average: 0.12, 0.42, 0.50
Tasks: 204 total,   1 running, 203 sleeping,   0 stopped,   0 zombie
%Cpu(s):  0.9 us,  3.7 sy,  0.0 ni, 95.4 id,  0.0 wa,  0.0 hi,  0.0 si,  0.0 st
MiB Mem :   3844.2 total,    176.8 free,    557.2 used,   3110.2 buff/cache
MiB Swap:   3980.0 total,   3975.9 free,      4.1 used.   3005.3 avail Mem 

    PID USER      PR  NI    VIRT    RES    SHR S  %CPU  %MEM     TIME+ COMMAND
    937 www-data  20   0   26028  20328   4156 S   0.0   0.5  44:50.24 nginx

top - 14:33:12 up 9 days, 22:46,  1 user,  load average: 0.12, 0.42, 0.50
Tasks: 204 total,   1 running, 203 sleeping,   0 stopped,   0 zombie
%Cpu(s):  8.4 us,  2.8 sy,  0.0 ni, 88.8 id,  0.0 wa,  0.0 hi,  0.0 si,  0.0 st
MiB Mem :   3844.2 total,    176.8 free,    557.2 used,   3110.2 buff/cache
MiB Swap:   3980.0 total,   3975.9 free,      4.1 used.   3005.3 avail Mem 

    PID USER      PR  NI    VIRT    RES    SHR S  %CPU  %MEM     TIME+ COMMAND
    937 www-data  20   0   26028  20328   4156 S  13.0   0.5  44:50.31 nginx

top - 14:33:13 up 9 days, 22:46,  1 user,  load average: 0.12, 0.42, 0.50
Tasks: 204 total,   1 running, 203 sleeping,   0 stopped,   0 zombie
%Cpu(s):  1.9 us,  2.8 sy,  0.0 ni, 95.4 id,  0.0 wa,  0.0 hi,  0.0 si,  0.0 st
MiB Mem :   3844.2 total,    176.8 free,    557.2 used,   3110.2 buff/cache
MiB Swap:   3980.0 total,   3975.9 free,      4.1 used.   3005.3 avail Mem 

    PID USER      PR  NI    VIRT    RES    SHR S  %CPU  %MEM     TIME+ COMMAND
    937 www-data  20   0   26028  20328   4156 S   0.0   0.5  44:50.31 nginx

top - 14:33:13 up 9 days, 22:46,  1 user,  load average: 0.12, 0.42, 0.50
Tasks: 204 total,   1 running, 203 sleeping,   0 stopped,   0 zombie
%Cpu(s):  2.9 us,  7.6 sy,  0.0 ni, 34.3 id, 55.2 wa,  0.0 hi,  0.0 si,  0.0 st
MiB Mem :   3844.2 total,    176.8 free,    557.2 used,   3110.2 buff/cache
MiB Swap:   3980.0 total,   3975.9 free,      4.1 used.   3005.3 avail Mem 

    PID USER      PR  NI    VIRT    RES    SHR S  %CPU  %MEM     TIME+ COMMAND
    937 www-data  20   0   26028  20328   4156 S   0.0   0.5  44:50.31 nginx
