top - 14:27:19 up 9 days, 22:41,  1 user,  load average: 1.06, 0.95, 0.65
Tasks: 204 total,   1 running, 203 sleeping,   0 stopped,   0 zombie
%Cpu(s):  0.0 us, 10.5 sy,  0.0 ni, 89.5 id,  0.0 wa,  0.0 hi,  0.0 si,  0.0 st
MiB Mem :   3844.2 total,    189.0 free,    546.2 used,   3109.0 buff/cache
MiB Swap:   3980.0 total,   3975.9 free,      4.1 used.   3016.3 avail Mem 

    PID USER      PR  NI    VIRT    RES    SHR S  %CPU  %MEM     TIME+ COMMAND
    937 www-data  20   0   26028  20328   4156 S   0.0   0.5  44:03.06 nginx

top - 14:27:20 up 9 days, 22:41,  1 user,  load average: 1.06, 0.95, 0.65
Tasks: 204 total,   1 running, 203 sleeping,   0 stopped,   0 zombie
%Cpu(s):  1.0 us,  1.0 sy,  0.0 ni, 98.1 id,  0.0 wa,  0.0 hi,  0.0 si,  0.0 st
MiB Mem :   3844.2 total,    189.0 free,    546.2 used,   3109.0 buff/cache
MiB Swap:   3980.0 total,   3975.9 free,      4.1 used.   3016.3 avail Mem 

    PID USER      PR  NI    VIRT    RES    SHR S  %CPU  %MEM     TIME+ COMMAND
    937 www-data  20   0   26028  20328   4156 S   0.0   0.5  44:03.06 nginx

top - 14:27:20 up 9 days, 22:41,  1 user,  load average: 1.06, 0.95, 0.65
Tasks: 204 total,   1 running, 203 sleeping,   0 stopped,   0 zombie
%Cpu(s):  1.0 us,  2.9 sy,  0.0 ni, 96.2 id,  0.0 wa,  0.0 hi,  0.0 si,  0.0 st
MiB Mem :   3844.2 total,    189.0 free,    546.2 used,   3109.0 buff/cache
MiB Swap:   3980.0 total,   3975.9 free,      4.1 used.   3016.3 avail Mem 

    PID USER      PR  NI    VIRT    RES    SHR S  %CPU  %MEM     TIME+ COMMAND
    937 www-data  20   0   26028  20328   4156 S   0.0   0.5  44:03.06 nginx

top - 14:27:21 up 9 days, 22:41,  1 user,  load average: 1.06, 0.95, 0.65
Tasks: 204 total,   1 running, 203 sleeping,   0 stopped,   0 zombie
%Cpu(s):  0.9 us,  1.9 sy,  0.0 ni, 97.2 id,  0.0 wa,  0.0 hi,  0.0 si,  0.0 st
MiB Mem :   3844.2 total,    189.0 free,    546.2 used,   3109.0 buff/cache
MiB Swap:   3980.0 total,   3975.9 free,      4.1 used.   3016.3 avail Mem 

    PID USER      PR  NI    VIRT    RES    SHR S  %CPU  %MEM     TIME+ COMMAND
    937 www-data  20   0   26028  20328   4156 S   0.0   0.5  44:03.06 nginx

top - 14:27:21 up 9 days, 22:41,  1 user,  load average: 1.06, 0.95, 0.65
Tasks: 204 total,   1 running, 203 sleeping,   0 stopped,   0 zombie
%Cpu(s):  1.9 us,  2.9 sy,  0.0 ni, 95.2 id,  0.0 wa,  0.0 hi,  0.0 si,  0.0 st
MiB Mem :   3844.2 total,    189.0 free,    546.2 used,   3109.0 buff/cache
MiB Swap:   3980.0 total,   3975.9 free,      4.1 used.   3016.3 avail Mem 

    PID USER      PR  NI    VIRT    RES    SHR S  %CPU  %MEM     TIME+ COMMAND
    937 www-data  20   0   26028  20328   4156 S   0.0   0.5  44:03.06 nginx

top - 14:27:22 up 9 days, 22:41,  1 user,  load average: 1.06, 0.95, 0.65
Tasks: 204 total,   2 running, 202 sleeping,   0 stopped,   0 zombie
%Cpu(s):  0.9 us,  1.9 sy,  0.0 ni, 97.2 id,  0.0 wa,  0.0 hi,  0.0 si,  0.0 st
MiB Mem :   3844.2 total,    189.0 free,    546.2 used,   3109.0 buff/cache
MiB Swap:   3980.0 total,   3975.9 free,      4.1 used.   3016.3 avail Mem 

    PID USER      PR  NI    VIRT    RES    SHR S  %CPU  %MEM     TIME+ COMMAND
    937 www-data  20   0   26028  20328   4156 S   0.0   0.5  44:03.06 nginx

top - 14:27:22 up 9 days, 22:41,  1 user,  load average: 1.06, 0.95, 0.65
Tasks: 204 total,   1 running, 203 sleeping,   0 stopped,   0 zombie
%Cpu(s):  2.8 us,  2.8 sy,  0.0 ni, 94.3 id,  0.0 wa,  0.0 hi,  0.0 si,  0.0 st
MiB Mem :   3844.2 total,    189.0 free,    546.2 used,   3109.0 buff/cache
MiB Swap:   3980.0 total,   3975.9 free,      4.1 used.   3016.3 avail Mem 

    PID USER      PR  NI    VIRT    RES    SHR S  %CPU  %MEM     TIME+ COMMAND

top - 14:27:23 up 9 days, 22:41,  1 user,  load average: 1.06, 0.95, 0.65
Tasks: 204 total,   1 running, 203 sleeping,   0 stopped,   0 zombie
%Cpu(s):  0.0 us,  3.7 sy,  0.0 ni, 96.3 id,  0.0 wa,  0.0 hi,  0.0 si,  0.0 st
MiB Mem :   3844.2 total,    189.0 free,    546.2 used,   3109.0 buff/cache
MiB Swap:   3980.0 total,   3975.9 free,      4.1 used.   3016.3 avail Mem 

    PID USER      PR  NI    VIRT    RES    SHR S  %CPU  %MEM     TIME+ COMMAND
    937 www-data  20   0   26028  20328   4156 S   0.0   0.5  44:03.08 nginx

top - 14:27:23 up 9 days, 22:41,  1 user,  load average: 1.06, 0.95, 0.65
Tasks: 204 total,   1 running, 203 sleeping,   0 stopped,   0 zombie
%Cpu(s):  5.7 us,  5.7 sy,  0.0 ni, 87.7 id,  0.0 wa,  0.0 hi,  0.9 si,  0.0 st
MiB Mem :   3844.2 total,    189.0 free,    546.2 used,   3109.0 buff/cache
MiB Swap:   3980.0 total,   3975.9 free,      4.1 used.   3016.3 avail Mem 

    PID USER      PR  NI    VIRT    RES    SHR S  %CPU  %MEM     TIME+ COMMAND

top - 14:27:24 up 9 days, 22:41,  1 user,  load average: 1.06, 0.95, 0.65
Tasks: 205 total,   1 running, 204 sleeping,   0 stopped,   0 zombie
%Cpu(s):  7.5 us, 15.0 sy, 10.3 ni, 52.3 id, 15.0 wa,  0.0 hi,  0.0 si,  0.0 st
MiB Mem :   3844.2 total,    189.0 free,    546.2 used,   3109.0 buff/cache
MiB Swap:   3980.0 total,   3975.9 free,      4.1 used.   3016.3 avail Mem 

    PID USER      PR  NI    VIRT    RES    SHR S  %CPU  %MEM     TIME+ COMMAND
    937 www-data  20   0   26028  20328   4156 S   0.0   0.5  44:03.12 nginx

top - 14:27:24 up 9 days, 22:41,  1 user,  load average: 1.05, 0.95, 0.65
Tasks: 205 total,   1 running, 204 sleeping,   0 stopped,   0 zombie
%Cpu(s):  6.5 us,  3.7 sy,  0.0 ni, 89.7 id,  0.0 wa,  0.0 hi,  0.0 si,  0.0 st
MiB Mem :   3844.2 total,    189.0 free,    546.2 used,   3109.0 buff/cache
MiB Swap:   3980.0 total,   3975.9 free,      4.1 used.   3016.3 avail Mem 

    PID USER      PR  NI    VIRT    RES    SHR S  %CPU  %MEM     TIME+ COMMAND

top - 14:27:25 up 9 days, 22:41,  1 user,  load average: 1.05, 0.95, 0.65
Tasks: 205 total,   1 running, 204 sleeping,   0 stopped,   0 zombie
%Cpu(s):  1.8 us,  3.7 sy,  0.0 ni, 94.5 id,  0.0 wa,  0.0 hi,  0.0 si,  0.0 st
MiB Mem :   3844.2 total,    185.5 free,    549.6 used,   3109.0 buff/cache
MiB Swap:   3980.0 total,   3975.9 free,      4.1 used.   3012.9 avail Mem 

    PID USER      PR  NI    VIRT    RES    SHR S  %CPU  %MEM     TIME+ COMMAND
    937 www-data  20   0   26028  20328   4156 S   0.0   0.5  44:03.18 nginx

top - 14:27:25 up 9 days, 22:41,  1 user,  load average: 1.05, 0.95, 0.65
Tasks: 205 total,   1 running, 204 sleeping,   0 stopped,   0 zombie
%Cpu(s):  7.5 us,  2.8 sy,  0.0 ni, 89.7 id,  0.0 wa,  0.0 hi,  0.0 si,  0.0 st
MiB Mem :   3844.2 total,    185.5 free,    549.6 used,   3109.0 buff/cache
MiB Swap:   3980.0 total,   3975.9 free,      4.1 used.   3012.9 avail Mem 

    PID USER      PR  NI    VIRT    RES    SHR S  %CPU  %MEM     TIME+ COMMAND

top - 14:27:26 up 9 days, 22:41,  1 user,  load average: 1.05, 0.95, 0.65
Tasks: 205 total,   1 running, 204 sleeping,   0 stopped,   0 zombie
%Cpu(s):  1.9 us,  2.8 sy,  0.0 ni, 95.4 id,  0.0 wa,  0.0 hi,  0.0 si,  0.0 st
MiB Mem :   3844.2 total,    185.5 free,    549.6 used,   3109.0 buff/cache
MiB Swap:   3980.0 total,   3975.9 free,      4.1 used.   3012.9 avail Mem 

    PID USER      PR  NI    VIRT    RES    SHR S  %CPU  %MEM     TIME+ COMMAND
    937 www-data  20   0   26028  20328   4156 S   0.0   0.5  44:03.26 nginx

top - 14:27:27 up 9 days, 22:41,  1 user,  load average: 1.05, 0.95, 0.65
Tasks: 205 total,   1 running, 204 sleeping,   0 stopped,   0 zombie
%Cpu(s):  9.3 us,  1.9 sy,  0.0 ni, 88.9 id,  0.0 wa,  0.0 hi,  0.0 si,  0.0 st
MiB Mem :   3844.2 total,    185.5 free,    549.6 used,   3109.0 buff/cache
MiB Swap:   3980.0 total,   3975.9 free,      4.1 used.   3012.9 avail Mem 

    PID USER      PR  NI    VIRT    RES    SHR S  %CPU  %MEM     TIME+ COMMAND

top - 14:27:27 up 9 days, 22:41,  1 user,  load average: 1.05, 0.95, 0.65
Tasks: 205 total,   2 running, 203 sleeping,   0 stopped,   0 zombie
%Cpu(s):  8.3 us,  1.9 sy,  0.0 ni, 89.8 id,  0.0 wa,  0.0 hi,  0.0 si,  0.0 st
MiB Mem :   3844.2 total,    185.5 free,    549.6 used,   3109.0 buff/cache
MiB Swap:   3980.0 total,   3975.9 free,      4.1 used.   3012.9 avail Mem 

    PID USER      PR  NI    VIRT    RES    SHR S  %CPU  %MEM     TIME+ COMMAND

top - 14:27:28 up 9 days, 22:41,  1 user,  load average: 1.05, 0.95, 0.65
Tasks: 205 total,   1 running, 204 sleeping,   0 stopped,   0 zombie
%Cpu(s):  0.9 us,  2.8 sy,  0.0 ni, 96.3 id,  0.0 wa,  0.0 hi,  0.0 si,  0.0 st
MiB Mem :   3844.2 total,    185.5 free,    549.6 used,   3109.0 buff/cache
MiB Swap:   3980.0 total,   3975.9 free,      4.1 used.   3012.9 avail Mem 

    PID USER      PR  NI    VIRT    RES    SHR S  %CPU  %MEM     TIME+ COMMAND

top - 14:27:28 up 9 days, 22:41,  1 user,  load average: 1.05, 0.95, 0.65
Tasks: 205 total,   1 running, 204 sleeping,   0 stopped,   0 zombie
%Cpu(s):  8.3 us,  3.7 sy,  0.0 ni, 88.0 id,  0.0 wa,  0.0 hi,  0.0 si,  0.0 st
MiB Mem :   3844.2 total,    185.5 free,    549.6 used,   3109.0 buff/cache
MiB Swap:   3980.0 total,   3975.9 free,      4.1 used.   3012.9 avail Mem 

    PID USER      PR  NI    VIRT    RES    SHR S  %CPU  %MEM     TIME+ COMMAND

top - 14:27:29 up 9 days, 22:41,  1 user,  load average: 1.05, 0.95, 0.65
Tasks: 205 total,   1 running, 204 sleeping,   0 stopped,   0 zombie
%Cpu(s):  3.7 us,  8.4 sy,  2.8 ni, 71.0 id, 14.0 wa,  0.0 hi,  0.0 si,  0.0 st
MiB Mem :   3844.2 total,    185.5 free,    549.6 used,   3109.0 buff/cache
MiB Swap:   3980.0 total,   3975.9 free,      4.1 used.   3012.9 avail Mem 

    PID USER      PR  NI    VIRT    RES    SHR S  %CPU  %MEM     TIME+ COMMAND
    937 www-data  20   0   26028  20328   4156 S   0.0   0.5  44:03.49 nginx

top - 14:27:29 up 9 days, 22:41,  1 user,  load average: 0.97, 0.93, 0.65
Tasks: 205 total,   1 running, 204 sleeping,   0 stopped,   0 zombie
%Cpu(s):  9.3 us,  2.8 sy,  0.0 ni, 88.0 id,  0.0 wa,  0.0 hi,  0.0 si,  0.0 st
MiB Mem :   3844.2 total,    185.5 free,    549.6 used,   3109.0 buff/cache
MiB Swap:   3980.0 total,   3975.9 free,      4.1 used.   3012.9 avail Mem 

    PID USER      PR  NI    VIRT    RES    SHR S  %CPU  %MEM     TIME+ COMMAND

top - 14:27:30 up 9 days, 22:41,  1 user,  load average: 0.97, 0.93, 0.65
Tasks: 205 total,   1 running, 204 sleeping,   0 stopped,   0 zombie
%Cpu(s):  6.4 us,  3.7 sy,  0.0 ni, 89.9 id,  0.0 wa,  0.0 hi,  0.0 si,  0.0 st
MiB Mem :   3844.2 total,    185.5 free,    549.6 used,   3109.0 buff/cache
MiB Swap:   3980.0 total,   3975.9 free,      4.1 used.   3012.9 avail Mem 

    PID USER      PR  NI    VIRT    RES    SHR S  %CPU  %MEM     TIME+ COMMAND
    937 www-data  20   0   26028  20328   4156 S   0.0   0.5  44:03.57 nginx

top - 14:27:30 up 9 days, 22:41,  1 user,  load average: 0.97, 0.93, 0.65
Tasks: 205 total,   1 running, 204 sleeping,   0 stopped,   0 zombie
%Cpu(s):  9.3 us,  1.9 sy,  0.0 ni, 88.8 id,  0.0 wa,  0.0 hi,  0.0 si,  0.0 st
MiB Mem :   3844.2 total,    185.5 free,    549.6 used,   3109.0 buff/cache
MiB Swap:   3980.0 total,   3975.9 free,      4.1 used.   3012.9 avail Mem 

    PID USER      PR  NI    VIRT    RES    SHR S  %CPU  %MEM     TIME+ COMMAND

top - 14:27:31 up 9 days, 22:41,  1 user,  load average: 0.97, 0.93, 0.65
Tasks: 205 total,   1 running, 204 sleeping,   0 stopped,   0 zombie
%Cpu(s):  0.9 us,  2.8 sy,  0.0 ni, 96.3 id,  0.0 wa,  0.0 hi,  0.0 si,  0.0 st
MiB Mem :   3844.2 total,    184.6 free,    550.6 used,   3109.1 buff/cache
MiB Swap:   3980.0 total,   3975.9 free,      4.1 used.   3011.9 avail Mem 

    PID USER      PR  NI    VIRT    RES    SHR S  %CPU  %MEM     TIME+ COMMAND
    937 www-data  20   0   26028  20328   4156 S   0.0   0.5  44:03.64 nginx

top - 14:27:31 up 9 days, 22:41,  1 user,  load average: 0.97, 0.93, 0.65
Tasks: 205 total,   1 running, 204 sleeping,   0 stopped,   0 zombie
%Cpu(s):  8.3 us,  2.8 sy,  0.0 ni, 88.9 id,  0.0 wa,  0.0 hi,  0.0 si,  0.0 st
MiB Mem :   3844.2 total,    184.6 free,    550.6 used,   3109.1 buff/cache
MiB Swap:   3980.0 total,   3975.9 free,      4.1 used.   3011.9 avail Mem 

    PID USER      PR  NI    VIRT    RES    SHR S  %CPU  %MEM     TIME+ COMMAND

top - 14:27:32 up 9 days, 22:41,  1 user,  load average: 0.97, 0.93, 0.65
Tasks: 205 total,   1 running, 204 sleeping,   0 stopped,   0 zombie
%Cpu(s):  1.9 us,  2.8 sy,  0.0 ni, 95.4 id,  0.0 wa,  0.0 hi,  0.0 si,  0.0 st
MiB Mem :   3844.2 total,    184.6 free,    550.6 used,   3109.1 buff/cache
MiB Swap:   3980.0 total,   3975.9 free,      4.1 used.   3011.9 avail Mem 

    PID USER      PR  NI    VIRT    RES    SHR S  %CPU  %MEM     TIME+ COMMAND
    937 www-data  20   0   26028  20328   4156 S   0.0   0.5  44:03.72 nginx

top - 14:27:33 up 9 days, 22:41,  1 user,  load average: 0.97, 0.93, 0.65
Tasks: 205 total,   1 running, 204 sleeping,   0 stopped,   0 zombie
%Cpu(s):  7.4 us,  3.7 sy,  0.0 ni, 88.9 id,  0.0 wa,  0.0 hi,  0.0 si,  0.0 st
MiB Mem :   3844.2 total,    184.6 free,    550.6 used,   3109.1 buff/cache
MiB Swap:   3980.0 total,   3975.9 free,      4.1 used.   3011.9 avail Mem 

    PID USER      PR  NI    VIRT    RES    SHR S  %CPU  %MEM     TIME+ COMMAND

top - 14:27:33 up 9 days, 22:41,  1 user,  load average: 0.97, 0.93, 0.65
Tasks: 205 total,   2 running, 203 sleeping,   0 stopped,   0 zombie
%Cpu(s):  5.6 us,  2.8 sy,  0.0 ni, 91.7 id,  0.0 wa,  0.0 hi,  0.0 si,  0.0 st
MiB Mem :   3844.2 total,    184.6 free,    550.6 used,   3109.1 buff/cache
MiB Swap:   3980.0 total,   3975.9 free,      4.1 used.   3011.9 avail Mem 

    PID USER      PR  NI    VIRT    RES    SHR S  %CPU  %MEM     TIME+ COMMAND

top - 14:27:34 up 9 days, 22:41,  1 user,  load average: 0.97, 0.93, 0.65
Tasks: 205 total,   1 running, 204 sleeping,   0 stopped,   0 zombie
%Cpu(s):  3.7 us, 10.2 sy,  0.0 ni, 71.3 id, 13.9 wa,  0.0 hi,  0.9 si,  0.0 st
MiB Mem :   3844.2 total,    184.6 free,    550.6 used,   3109.1 buff/cache
MiB Swap:   3980.0 total,   3975.9 free,      4.1 used.   3011.9 avail Mem 

    PID USER      PR  NI    VIRT    RES    SHR S  %CPU  %MEM     TIME+ COMMAND

top - 14:27:34 up 9 days, 22:41,  1 user,  load average: 0.89, 0.92, 0.64
Tasks: 204 total,   1 running, 203 sleeping,   0 stopped,   0 zombie
%Cpu(s):  9.3 us,  5.6 sy,  4.7 ni, 75.7 id,  4.7 wa,  0.0 hi,  0.0 si,  0.0 st
MiB Mem :   3844.2 total,    184.6 free,    550.6 used,   3109.1 buff/cache
MiB Swap:   3980.0 total,   3975.9 free,      4.1 used.   3011.9 avail Mem 

    PID USER      PR  NI    VIRT    RES    SHR S  %CPU  %MEM     TIME+ COMMAND

top - 14:27:35 up 9 days, 22:41,  1 user,  load average: 0.89, 0.92, 0.64
Tasks: 204 total,   1 running, 203 sleeping,   0 stopped,   0 zombie
%Cpu(s):  1.9 us,  2.8 sy,  0.0 ni, 95.4 id,  0.0 wa,  0.0 hi,  0.0 si,  0.0 st
MiB Mem :   3844.2 total,    184.6 free,    550.6 used,   3109.1 buff/cache
MiB Swap:   3980.0 total,   3975.9 free,      4.1 used.   3011.9 avail Mem 

    PID USER      PR  NI    VIRT    RES    SHR S  %CPU  %MEM     TIME+ COMMAND
    937 www-data  20   0   26028  20328   4156 S   0.0   0.5  44:03.95 nginx

top - 14:27:35 up 9 days, 22:41,  1 user,  load average: 0.89, 0.92, 0.64
Tasks: 204 total,   1 running, 203 sleeping,   0 stopped,   0 zombie
%Cpu(s):  7.5 us,  3.7 sy,  0.0 ni, 88.8 id,  0.0 wa,  0.0 hi,  0.0 si,  0.0 st
MiB Mem :   3844.2 total,    184.6 free,    550.6 used,   3109.1 buff/cache
MiB Swap:   3980.0 total,   3975.9 free,      4.1 used.   3011.9 avail Mem 

    PID USER      PR  NI    VIRT    RES    SHR S  %CPU  %MEM     TIME+ COMMAND

top - 14:27:36 up 9 days, 22:41,  1 user,  load average: 0.89, 0.92, 0.64
Tasks: 204 total,   1 running, 203 sleeping,   0 stopped,   0 zombie
%Cpu(s):  0.9 us,  1.9 sy,  0.0 ni, 97.2 id,  0.0 wa,  0.0 hi,  0.0 si,  0.0 st
MiB Mem :   3844.2 total,    184.6 free,    550.6 used,   3109.1 buff/cache
MiB Swap:   3980.0 total,   3975.9 free,      4.1 used.   3011.9 avail Mem 

    PID USER      PR  NI    VIRT    RES    SHR S  %CPU  %MEM     TIME+ COMMAND
    937 www-data  20   0   26028  20328   4156 S   0.0   0.5  44:04.02 nginx

top - 14:27:36 up 9 days, 22:41,  1 user,  load average: 0.89, 0.92, 0.64
Tasks: 204 total,   1 running, 203 sleeping,   0 stopped,   0 zombie
%Cpu(s):  8.4 us,  2.8 sy,  0.0 ni, 88.8 id,  0.0 wa,  0.0 hi,  0.0 si,  0.0 st
MiB Mem :   3844.2 total,    184.6 free,    550.6 used,   3109.1 buff/cache
MiB Swap:   3980.0 total,   3975.9 free,      4.1 used.   3011.9 avail Mem 

    PID USER      PR  NI    VIRT    RES    SHR S  %CPU  %MEM     TIME+ COMMAND

top - 14:27:37 up 9 days, 22:41,  1 user,  load average: 0.89, 0.92, 0.64
Tasks: 204 total,   1 running, 203 sleeping,   0 stopped,   0 zombie
%Cpu(s):  0.9 us,  3.7 sy,  0.0 ni, 95.4 id,  0.0 wa,  0.0 hi,  0.0 si,  0.0 st
MiB Mem :   3844.2 total,    184.6 free,    550.6 used,   3109.1 buff/cache
MiB Swap:   3980.0 total,   3975.9 free,      4.1 used.   3011.9 avail Mem 

    PID USER      PR  NI    VIRT    RES    SHR S  %CPU  %MEM     TIME+ COMMAND

top - 14:27:37 up 9 days, 22:41,  1 user,  load average: 0.89, 0.92, 0.64
Tasks: 204 total,   1 running, 203 sleeping,   0 stopped,   0 zombie
%Cpu(s):  8.3 us,  2.8 sy,  0.0 ni, 88.9 id,  0.0 wa,  0.0 hi,  0.0 si,  0.0 st
MiB Mem :   3844.2 total,    184.6 free,    550.6 used,   3109.1 buff/cache
MiB Swap:   3980.0 total,   3975.9 free,      4.1 used.   3011.9 avail Mem 

    PID USER      PR  NI    VIRT    RES    SHR S  %CPU  %MEM     TIME+ COMMAND

top - 14:27:38 up 9 days, 22:41,  1 user,  load average: 0.89, 0.92, 0.64
Tasks: 204 total,   1 running, 203 sleeping,   0 stopped,   0 zombie
%Cpu(s):  0.9 us,  2.8 sy,  0.0 ni, 96.3 id,  0.0 wa,  0.0 hi,  0.0 si,  0.0 st
MiB Mem :   3844.2 total,    184.6 free,    550.6 used,   3109.1 buff/cache
MiB Swap:   3980.0 total,   3975.9 free,      4.1 used.   3011.9 avail Mem 

    PID USER      PR  NI    VIRT    RES    SHR S  %CPU  %MEM     TIME+ COMMAND
    937 www-data  20   0   26028  20328   4156 S   0.0   0.5  44:04.17 nginx

top - 14:27:39 up 9 days, 22:41,  1 user,  load average: 0.89, 0.92, 0.64
Tasks: 204 total,   1 running, 203 sleeping,   0 stopped,   0 zombie
%Cpu(s):  8.7 us,  3.8 sy,  0.0 ni, 87.5 id,  0.0 wa,  0.0 hi,  0.0 si,  0.0 st
MiB Mem :   3844.2 total,    184.6 free,    550.6 used,   3109.1 buff/cache
MiB Swap:   3980.0 total,   3975.9 free,      4.1 used.   3011.9 avail Mem 

    PID USER      PR  NI    VIRT    RES    SHR S  %CPU  %MEM     TIME+ COMMAND

top - 14:27:39 up 9 days, 22:41,  1 user,  load average: 0.90, 0.92, 0.65
Tasks: 205 total,   3 running, 202 sleeping,   0 stopped,   0 zombie
%Cpu(s):  5.9 us, 11.8 sy, 11.8 ni, 47.1 id, 23.5 wa,  0.0 hi,  0.0 si,  0.0 st
MiB Mem :   3844.2 total,    184.6 free,    550.6 used,   3109.1 buff/cache
MiB Swap:   3980.0 total,   3975.9 free,      4.1 used.   3011.9 avail Mem 

    PID USER      PR  NI    VIRT    RES    SHR S  %CPU  %MEM     TIME+ COMMAND
    937 www-data  20   0   26028  20328   4156 S   0.0   0.5  44:04.24 nginx

top - 14:27:40 up 9 days, 22:41,  1 user,  load average: 0.90, 0.92, 0.65
Tasks: 205 total,   1 running, 204 sleeping,   0 stopped,   0 zombie
%Cpu(s):  4.9 us,  2.0 sy,  0.0 ni, 93.1 id,  0.0 wa,  0.0 hi,  0.0 si,  0.0 st
MiB Mem :   3844.2 total,    183.3 free,    551.8 used,   3109.1 buff/cache
MiB Swap:   3980.0 total,   3975.9 free,      4.1 used.   3010.7 avail Mem 

    PID USER      PR  NI    VIRT    RES    SHR S  %CPU  %MEM     TIME+ COMMAND

top - 14:27:40 up 9 days, 22:41,  1 user,  load average: 0.90, 0.92, 0.65
Tasks: 205 total,   2 running, 203 sleeping,   0 stopped,   0 zombie
%Cpu(s):  4.7 us,  2.8 sy,  0.0 ni, 91.6 id,  0.9 wa,  0.0 hi,  0.0 si,  0.0 st
MiB Mem :   3844.2 total,    183.3 free,    551.8 used,   3109.1 buff/cache
MiB Swap:   3980.0 total,   3975.9 free,      4.1 used.   3010.7 avail Mem 

    PID USER      PR  NI    VIRT    RES    SHR S  %CPU  %MEM     TIME+ COMMAND
    937 www-data  20   0   26028  20328   4156 R   0.0   0.5  44:04.29 nginx

top - 14:27:41 up 9 days, 22:41,  1 user,  load average: 0.90, 0.92, 0.65
Tasks: 205 total,   1 running, 204 sleeping,   0 stopped,   0 zombie
%Cpu(s):  5.6 us,  1.9 sy,  0.0 ni, 92.6 id,  0.0 wa,  0.0 hi,  0.0 si,  0.0 st
MiB Mem :   3844.2 total,    183.3 free,    551.8 used,   3109.1 buff/cache
MiB Swap:   3980.0 total,   3975.9 free,      4.1 used.   3010.7 avail Mem 

    PID USER      PR  NI    VIRT    RES    SHR S  %CPU  %MEM     TIME+ COMMAND

top - 14:27:41 up 9 days, 22:41,  1 user,  load average: 0.90, 0.92, 0.65
Tasks: 206 total,   1 running, 205 sleeping,   0 stopped,   0 zombie
%Cpu(s): 20.8 us, 10.4 sy,  0.0 ni, 67.0 id,  1.9 wa,  0.0 hi,  0.0 si,  0.0 st
MiB Mem :   3844.2 total,    183.3 free,    551.8 used,   3109.1 buff/cache
MiB Swap:   3980.0 total,   3975.9 free,      4.1 used.   3010.7 avail Mem 

    PID USER      PR  NI    VIRT    RES    SHR S  %CPU  %MEM     TIME+ COMMAND

top - 14:27:42 up 9 days, 22:41,  1 user,  load average: 0.90, 0.92, 0.65
Tasks: 206 total,   1 running, 205 sleeping,   0 stopped,   0 zombie
%Cpu(s): 13.9 us,  7.4 sy,  0.0 ni, 78.7 id,  0.0 wa,  0.0 hi,  0.0 si,  0.0 st
MiB Mem :   3844.2 total,    183.3 free,    551.8 used,   3109.1 buff/cache
MiB Swap:   3980.0 total,   3975.9 free,      4.1 used.   3010.7 avail Mem 

    PID USER      PR  NI    VIRT    RES    SHR S  %CPU  %MEM     TIME+ COMMAND

top - 14:27:42 up 9 days, 22:41,  1 user,  load average: 0.90, 0.92, 0.65
Tasks: 206 total,   1 running, 205 sleeping,   0 stopped,   0 zombie
%Cpu(s):  7.5 us,  1.9 sy,  0.0 ni, 90.7 id,  0.0 wa,  0.0 hi,  0.0 si,  0.0 st
MiB Mem :   3844.2 total,    183.3 free,    551.8 used,   3109.1 buff/cache
MiB Swap:   3980.0 total,   3975.9 free,      4.1 used.   3010.7 avail Mem 

    PID USER      PR  NI    VIRT    RES    SHR S  %CPU  %MEM     TIME+ COMMAND

top - 14:27:43 up 9 days, 22:41,  1 user,  load average: 0.90, 0.92, 0.65
Tasks: 206 total,   1 running, 205 sleeping,   0 stopped,   0 zombie
%Cpu(s):  1.9 us,  3.7 sy,  0.0 ni, 94.4 id,  0.0 wa,  0.0 hi,  0.0 si,  0.0 st
MiB Mem :   3844.2 total,    181.9 free,    553.2 used,   3109.2 buff/cache
MiB Swap:   3980.0 total,   3975.9 free,      4.1 used.   3009.3 avail Mem 

    PID USER      PR  NI    VIRT    RES    SHR S  %CPU  %MEM     TIME+ COMMAND
    937 www-data  20   0   26028  20328   4156 S   0.0   0.5  44:04.46 nginx

top - 14:27:43 up 9 days, 22:41,  1 user,  load average: 0.90, 0.92, 0.65
Tasks: 206 total,   1 running, 205 sleeping,   0 stopped,   0 zombie
%Cpu(s):  8.3 us,  3.7 sy,  0.0 ni, 88.0 id,  0.0 wa,  0.0 hi,  0.0 si,  0.0 st
MiB Mem :   3844.2 total,    181.9 free,    553.2 used,   3109.2 buff/cache
MiB Swap:   3980.0 total,   3975.9 free,      4.1 used.   3009.3 avail Mem 

    PID USER      PR  NI    VIRT    RES    SHR S  %CPU  %MEM     TIME+ COMMAND

top - 14:27:44 up 9 days, 22:41,  1 user,  load average: 0.90, 0.92, 0.65
Tasks: 206 total,   1 running, 205 sleeping,   0 stopped,   0 zombie
%Cpu(s):  1.9 us, 11.2 sy,  2.8 ni, 67.3 id, 16.8 wa,  0.0 hi,  0.0 si,  0.0 st
MiB Mem :   3844.2 total,    181.9 free,    553.2 used,   3109.2 buff/cache
MiB Swap:   3980.0 total,   3975.9 free,      4.1 used.   3009.3 avail Mem 

    PID USER      PR  NI    VIRT    RES    SHR S  %CPU  %MEM     TIME+ COMMAND
    937 www-data  20   0   26028  20328   4156 S   0.0   0.5  44:04.55 nginx

top - 14:27:44 up 9 days, 22:41,  1 user,  load average: 0.91, 0.92, 0.65
Tasks: 206 total,   1 running, 205 sleeping,   0 stopped,   0 zombie
%Cpu(s):  8.3 us,  3.7 sy,  0.0 ni, 88.0 id,  0.0 wa,  0.0 hi,  0.0 si,  0.0 st
MiB Mem :   3844.2 total,    181.9 free,    553.2 used,   3109.2 buff/cache
MiB Swap:   3980.0 total,   3975.9 free,      4.1 used.   3009.3 avail Mem 

    PID USER      PR  NI    VIRT    RES    SHR S  %CPU  %MEM     TIME+ COMMAND

top - 14:27:45 up 9 days, 22:41,  1 user,  load average: 0.91, 0.92, 0.65
Tasks: 206 total,   1 running, 205 sleeping,   0 stopped,   0 zombie
%Cpu(s):  1.9 us,  1.9 sy,  0.0 ni, 96.3 id,  0.0 wa,  0.0 hi,  0.0 si,  0.0 st
MiB Mem :   3844.2 total,    181.9 free,    553.2 used,   3109.2 buff/cache
MiB Swap:   3980.0 total,   3975.9 free,      4.1 used.   3009.3 avail Mem 

    PID USER      PR  NI    VIRT    RES    SHR S  %CPU  %MEM     TIME+ COMMAND
    937 www-data  20   0   26028  20328   4156 S   0.0   0.5  44:04.62 nginx

top - 14:27:46 up 9 days, 22:41,  1 user,  load average: 0.91, 0.92, 0.65
Tasks: 206 total,   1 running, 205 sleeping,   0 stopped,   0 zombie
%Cpu(s):  8.3 us,  1.9 sy,  0.0 ni, 89.8 id,  0.0 wa,  0.0 hi,  0.0 si,  0.0 st
MiB Mem :   3844.2 total,    181.9 free,    553.2 used,   3109.2 buff/cache
MiB Swap:   3980.0 total,   3975.9 free,      4.1 used.   3009.3 avail Mem 

    PID USER      PR  NI    VIRT    RES    SHR S  %CPU  %MEM     TIME+ COMMAND

top - 14:27:46 up 9 days, 22:41,  1 user,  load average: 0.91, 0.92, 0.65
Tasks: 206 total,   1 running, 205 sleeping,   0 stopped,   0 zombie
%Cpu(s):  1.9 us,  2.8 sy,  0.0 ni, 95.4 id,  0.0 wa,  0.0 hi,  0.0 si,  0.0 st
MiB Mem :   3844.2 total,    181.9 free,    553.2 used,   3109.2 buff/cache
MiB Swap:   3980.0 total,   3975.9 free,      4.1 used.   3009.3 avail Mem 

    PID USER      PR  NI    VIRT    RES    SHR S  %CPU  %MEM     TIME+ COMMAND
    937 www-data  20   0   26028  20328   4156 S   0.0   0.5  44:04.69 nginx

top - 14:27:47 up 9 days, 22:41,  1 user,  load average: 0.91, 0.92, 0.65
Tasks: 206 total,   1 running, 205 sleeping,   0 stopped,   0 zombie
%Cpu(s):  2.8 us,  4.6 sy,  0.0 ni, 92.7 id,  0.0 wa,  0.0 hi,  0.0 si,  0.0 st
MiB Mem :   3844.2 total,    181.9 free,    553.2 used,   3109.2 buff/cache
MiB Swap:   3980.0 total,   3975.9 free,      4.1 used.   3009.3 avail Mem 

    PID USER      PR  NI    VIRT    RES    SHR S  %CPU  %MEM     TIME+ COMMAND

top - 14:27:47 up 9 days, 22:41,  1 user,  load average: 0.91, 0.92, 0.65
Tasks: 206 total,   1 running, 205 sleeping,   0 stopped,   0 zombie
%Cpu(s):  8.4 us,  1.9 sy,  0.0 ni, 89.7 id,  0.0 wa,  0.0 hi,  0.0 si,  0.0 st
MiB Mem :   3844.2 total,    181.9 free,    553.2 used,   3109.2 buff/cache
MiB Swap:   3980.0 total,   3975.9 free,      4.1 used.   3009.3 avail Mem 

    PID USER      PR  NI    VIRT    RES    SHR S  %CPU  %MEM     TIME+ COMMAND

top - 14:27:48 up 9 days, 22:41,  1 user,  load average: 0.91, 0.92, 0.65
Tasks: 206 total,   1 running, 205 sleeping,   0 stopped,   0 zombie
%Cpu(s):  0.9 us,  3.7 sy,  0.0 ni, 95.4 id,  0.0 wa,  0.0 hi,  0.0 si,  0.0 st
MiB Mem :   3844.2 total,    181.9 free,    553.2 used,   3109.2 buff/cache
MiB Swap:   3980.0 total,   3975.9 free,      4.1 used.   3009.3 avail Mem 

    PID USER      PR  NI    VIRT    RES    SHR S  %CPU  %MEM     TIME+ COMMAND
    937 www-data  20   0   26028  20328   4156 S   0.0   0.5  44:04.80 nginx

top - 14:27:48 up 9 days, 22:41,  1 user,  load average: 0.91, 0.92, 0.65
Tasks: 206 total,   1 running, 205 sleeping,   0 stopped,   0 zombie
%Cpu(s):  8.3 us,  2.8 sy,  0.0 ni, 88.9 id,  0.0 wa,  0.0 hi,  0.0 si,  0.0 st
MiB Mem :   3844.2 total,    181.9 free,    553.2 used,   3109.2 buff/cache
MiB Swap:   3980.0 total,   3975.9 free,      4.1 used.   3009.3 avail Mem 

    PID USER      PR  NI    VIRT    RES    SHR S  %CPU  %MEM     TIME+ COMMAND

top - 14:27:49 up 9 days, 22:41,  1 user,  load average: 0.91, 0.92, 0.65
Tasks: 206 total,   1 running, 205 sleeping,   0 stopped,   0 zombie
%Cpu(s):  3.6 us,  8.2 sy,  0.9 ni, 80.0 id,  7.3 wa,  0.0 hi,  0.0 si,  0.0 st
MiB Mem :   3844.2 total,    181.1 free,    553.9 used,   3109.2 buff/cache
MiB Swap:   3980.0 total,   3975.9 free,      4.1 used.   3008.5 avail Mem 

    PID USER      PR  NI    VIRT    RES    SHR S  %CPU  %MEM     TIME+ COMMAND
    937 www-data  20   0   26028  20328   4156 S   0.0   0.5  44:04.87 nginx

top - 14:27:49 up 9 days, 22:41,  1 user,  load average: 0.83, 0.90, 0.64
Tasks: 206 total,   1 running, 205 sleeping,   0 stopped,   0 zombie
%Cpu(s):  7.5 us,  5.6 sy,  0.9 ni, 84.1 id,  1.9 wa,  0.0 hi,  0.0 si,  0.0 st
MiB Mem :   3844.2 total,    181.1 free,    553.9 used,   3109.2 buff/cache
MiB Swap:   3980.0 total,   3975.9 free,      4.1 used.   3008.5 avail Mem 

    PID USER      PR  NI    VIRT    RES    SHR S  %CPU  %MEM     TIME+ COMMAND

top - 14:27:50 up 9 days, 22:41,  1 user,  load average: 0.83, 0.90, 0.64
Tasks: 205 total,   1 running, 204 sleeping,   0 stopped,   0 zombie
%Cpu(s):  1.9 us,  6.7 sy,  0.0 ni, 91.4 id,  0.0 wa,  0.0 hi,  0.0 si,  0.0 st
MiB Mem :   3844.2 total,    181.1 free,    553.9 used,   3109.2 buff/cache
MiB Swap:   3980.0 total,   3975.9 free,      4.1 used.   3008.5 avail Mem 

    PID USER      PR  NI    VIRT    RES    SHR S  %CPU  %MEM     TIME+ COMMAND
    937 www-data  20   0   26028  20328   4156 S   0.0   0.5  44:04.95 nginx

top - 14:27:50 up 9 days, 22:41,  1 user,  load average: 0.83, 0.90, 0.64
Tasks: 205 total,   1 running, 204 sleeping,   0 stopped,   0 zombie
%Cpu(s):  7.4 us,  3.7 sy,  0.0 ni, 88.9 id,  0.0 wa,  0.0 hi,  0.0 si,  0.0 st
MiB Mem :   3844.2 total,    181.1 free,    553.9 used,   3109.2 buff/cache
MiB Swap:   3980.0 total,   3975.9 free,      4.1 used.   3008.5 avail Mem 

    PID USER      PR  NI    VIRT    RES    SHR S  %CPU  %MEM     TIME+ COMMAND

top - 14:27:51 up 9 days, 22:41,  1 user,  load average: 0.83, 0.90, 0.64
Tasks: 205 total,   1 running, 204 sleeping,   0 stopped,   0 zombie
%Cpu(s):  0.9 us,  2.8 sy,  0.0 ni, 96.3 id,  0.0 wa,  0.0 hi,  0.0 si,  0.0 st
MiB Mem :   3844.2 total,    181.1 free,    553.9 used,   3109.2 buff/cache
MiB Swap:   3980.0 total,   3975.9 free,      4.1 used.   3008.5 avail Mem 

    PID USER      PR  NI    VIRT    RES    SHR S  %CPU  %MEM     TIME+ COMMAND
    937 www-data  20   0   26028  20328   4156 S   0.0   0.5  44:05.02 nginx

top - 14:27:52 up 9 days, 22:41,  1 user,  load average: 0.83, 0.90, 0.64
Tasks: 204 total,   1 running, 203 sleeping,   0 stopped,   0 zombie
%Cpu(s): 13.0 us,  2.8 sy,  0.0 ni, 84.3 id,  0.0 wa,  0.0 hi,  0.0 si,  0.0 st
MiB Mem :   3844.2 total,    181.1 free,    553.9 used,   3109.2 buff/cache
MiB Swap:   3980.0 total,   3975.9 free,      4.1 used.   3008.5 avail Mem 

    PID USER      PR  NI    VIRT    RES    SHR S  %CPU  %MEM     TIME+ COMMAND

top - 14:27:52 up 9 days, 22:41,  1 user,  load average: 0.83, 0.90, 0.64
Tasks: 204 total,   1 running, 203 sleeping,   0 stopped,   0 zombie
%Cpu(s):  2.8 us,  1.9 sy,  0.0 ni, 95.4 id,  0.0 wa,  0.0 hi,  0.0 si,  0.0 st
MiB Mem :   3844.2 total,    181.1 free,    553.9 used,   3109.2 buff/cache
MiB Swap:   3980.0 total,   3975.9 free,      4.1 used.   3008.6 avail Mem 

    PID USER      PR  NI    VIRT    RES    SHR S  %CPU  %MEM     TIME+ COMMAND
    937 www-data  20   0   26028  20328   4156 S   0.0   0.5  44:05.12 nginx

top - 14:27:53 up 9 days, 22:41,  1 user,  load average: 0.83, 0.90, 0.64
Tasks: 204 total,   1 running, 203 sleeping,   0 stopped,   0 zombie
%Cpu(s):  5.5 us,  3.7 sy,  0.0 ni, 90.8 id,  0.0 wa,  0.0 hi,  0.0 si,  0.0 st
MiB Mem :   3844.2 total,    181.1 free,    553.9 used,   3109.2 buff/cache
MiB Swap:   3980.0 total,   3975.9 free,      4.1 used.   3008.6 avail Mem 

    PID USER      PR  NI    VIRT    RES    SHR S  %CPU  %MEM     TIME+ COMMAND

top - 14:27:53 up 9 days, 22:41,  1 user,  load average: 0.83, 0.90, 0.64
Tasks: 204 total,   2 running, 202 sleeping,   0 stopped,   0 zombie
%Cpu(s):  4.8 us,  1.9 sy,  0.0 ni, 93.3 id,  0.0 wa,  0.0 hi,  0.0 si,  0.0 st
MiB Mem :   3844.2 total,    181.1 free,    553.9 used,   3109.2 buff/cache
MiB Swap:   3980.0 total,   3975.9 free,      4.1 used.   3008.6 avail Mem 

    PID USER      PR  NI    VIRT    RES    SHR S  %CPU  %MEM     TIME+ COMMAND

top - 14:27:54 up 9 days, 22:41,  1 user,  load average: 0.83, 0.90, 0.64
Tasks: 204 total,   2 running, 202 sleeping,   0 stopped,   0 zombie
%Cpu(s): 12.1 us,  2.8 sy,  0.0 ni, 85.0 id,  0.0 wa,  0.0 hi,  0.0 si,  0.0 st
MiB Mem :   3844.2 total,    181.1 free,    553.9 used,   3109.2 buff/cache
MiB Swap:   3980.0 total,   3975.9 free,      4.1 used.   3008.6 avail Mem 

    PID USER      PR  NI    VIRT    RES    SHR S  %CPU  %MEM     TIME+ COMMAND

top - 14:27:54 up 9 days, 22:41,  1 user,  load average: 0.85, 0.91, 0.65
Tasks: 205 total,   1 running, 204 sleeping,   0 stopped,   0 zombie
%Cpu(s):  8.3 us, 16.7 sy, 12.0 ni, 47.2 id, 14.8 wa,  0.0 hi,  0.9 si,  0.0 st
MiB Mem :   3844.2 total,    181.1 free,    553.9 used,   3109.2 buff/cache
MiB Swap:   3980.0 total,   3975.9 free,      4.1 used.   3008.6 avail Mem 

    PID USER      PR  NI    VIRT    RES    SHR S  %CPU  %MEM     TIME+ COMMAND

top - 14:27:55 up 9 days, 22:41,  1 user,  load average: 0.85, 0.91, 0.65
Tasks: 205 total,   1 running, 204 sleeping,   0 stopped,   0 zombie
%Cpu(s):  0.9 us,  3.7 sy,  0.0 ni, 95.3 id,  0.0 wa,  0.0 hi,  0.0 si,  0.0 st
MiB Mem :   3844.2 total,    181.1 free,    553.9 used,   3109.2 buff/cache
MiB Swap:   3980.0 total,   3975.9 free,      4.1 used.   3008.6 avail Mem 

    PID USER      PR  NI    VIRT    RES    SHR S  %CPU  %MEM     TIME+ COMMAND

top - 14:27:55 up 9 days, 22:41,  1 user,  load average: 0.85, 0.91, 0.65
Tasks: 205 total,   1 running, 204 sleeping,   0 stopped,   0 zombie
%Cpu(s):  8.3 us,  2.8 sy,  0.0 ni, 89.0 id,  0.0 wa,  0.0 hi,  0.0 si,  0.0 st
MiB Mem :   3844.2 total,    181.1 free,    553.9 used,   3109.2 buff/cache
MiB Swap:   3980.0 total,   3975.9 free,      4.1 used.   3008.6 avail Mem 

    PID USER      PR  NI    VIRT    RES    SHR S  %CPU  %MEM     TIME+ COMMAND

top - 14:27:56 up 9 days, 22:41,  1 user,  load average: 0.85, 0.91, 0.65
Tasks: 205 total,   1 running, 204 sleeping,   0 stopped,   0 zombie
%Cpu(s):  0.9 us,  3.7 sy,  0.0 ni, 95.3 id,  0.0 wa,  0.0 hi,  0.0 si,  0.0 st
MiB Mem :   3844.2 total,    181.1 free,    553.9 used,   3109.2 buff/cache
MiB Swap:   3980.0 total,   3975.9 free,      4.1 used.   3008.6 avail Mem 

    PID USER      PR  NI    VIRT    RES    SHR S  %CPU  %MEM     TIME+ COMMAND
    937 www-data  20   0   26028  20328   4156 S   0.0   0.5  44:05.32 nginx

top - 14:27:56 up 9 days, 22:41,  1 user,  load average: 0.85, 0.91, 0.65
Tasks: 205 total,   1 running, 204 sleeping,   0 stopped,   0 zombie
%Cpu(s):  7.4 us,  5.6 sy,  0.0 ni, 69.4 id, 17.6 wa,  0.0 hi,  0.0 si,  0.0 st
MiB Mem :   3844.2 total,    181.1 free,    553.9 used,   3109.2 buff/cache
MiB Swap:   3980.0 total,   3975.9 free,      4.1 used.   3008.6 avail Mem 

    PID USER      PR  NI    VIRT    RES    SHR S  %CPU  %MEM     TIME+ COMMAND

top - 14:27:57 up 9 days, 22:41,  1 user,  load average: 0.85, 0.91, 0.65
Tasks: 205 total,   1 running, 204 sleeping,   0 stopped,   0 zombie
%Cpu(s):  2.8 us,  1.9 sy,  0.0 ni, 95.4 id,  0.0 wa,  0.0 hi,  0.0 si,  0.0 st
MiB Mem :   3844.2 total,    181.1 free,    553.9 used,   3109.2 buff/cache
MiB Swap:   3980.0 total,   3975.9 free,      4.1 used.   3008.6 avail Mem 

    PID USER      PR  NI    VIRT    RES    SHR S  %CPU  %MEM     TIME+ COMMAND
    937 www-data  20   0   26028  20328   4156 S   0.0   0.5  44:05.39 nginx

top - 14:27:57 up 9 days, 22:41,  1 user,  load average: 0.85, 0.91, 0.65
Tasks: 205 total,   1 running, 204 sleeping,   0 stopped,   0 zombie
%Cpu(s):  8.3 us,  1.9 sy,  0.0 ni, 88.9 id,  0.0 wa,  0.0 hi,  0.9 si,  0.0 st
MiB Mem :   3844.2 total,    181.1 free,    553.9 used,   3109.2 buff/cache
MiB Swap:   3980.0 total,   3975.9 free,      4.1 used.   3008.6 avail Mem 

    PID USER      PR  NI    VIRT    RES    SHR S  %CPU  %MEM     TIME+ COMMAND

top - 14:27:58 up 9 days, 22:41,  1 user,  load average: 0.85, 0.91, 0.65
Tasks: 205 total,   1 running, 204 sleeping,   0 stopped,   0 zombie
%Cpu(s):  0.9 us,  3.7 sy,  0.0 ni, 95.4 id,  0.0 wa,  0.0 hi,  0.0 si,  0.0 st
MiB Mem :   3844.2 total,    181.1 free,    553.9 used,   3109.2 buff/cache
MiB Swap:   3980.0 total,   3975.9 free,      4.1 used.   3008.6 avail Mem 

    PID USER      PR  NI    VIRT    RES    SHR S  %CPU  %MEM     TIME+ COMMAND
    937 www-data  20   0   26028  20328   4156 S   0.0   0.5  44:05.47 nginx

top - 14:27:59 up 9 days, 22:41,  1 user,  load average: 0.85, 0.91, 0.65
Tasks: 205 total,   1 running, 204 sleeping,   0 stopped,   0 zombie
%Cpu(s):  7.4 us,  2.8 sy,  0.0 ni, 89.8 id,  0.0 wa,  0.0 hi,  0.0 si,  0.0 st
MiB Mem :   3844.2 total,    181.1 free,    553.9 used,   3109.2 buff/cache
MiB Swap:   3980.0 total,   3975.9 free,      4.1 used.   3008.6 avail Mem 

    PID USER      PR  NI    VIRT    RES    SHR S  %CPU  %MEM     TIME+ COMMAND

top - 14:27:59 up 9 days, 22:41,  1 user,  load average: 0.94, 0.92, 0.65
Tasks: 205 total,   2 running, 203 sleeping,   0 stopped,   0 zombie
%Cpu(s):  6.5 us,  7.5 sy,  2.8 ni, 68.2 id, 15.0 wa,  0.0 hi,  0.0 si,  0.0 st
MiB Mem :   3844.2 total,    181.1 free,    553.9 used,   3109.2 buff/cache
MiB Swap:   3980.0 total,   3975.9 free,      4.1 used.   3008.6 avail Mem 

    PID USER      PR  NI    VIRT    RES    SHR S  %CPU  %MEM     TIME+ COMMAND
    937 www-data  20   0   26028  20328   4156 R   0.0   0.5  44:05.54 nginx

top - 14:28:00 up 9 days, 22:41,  1 user,  load average: 0.94, 0.92, 0.65
Tasks: 205 total,   1 running, 204 sleeping,   0 stopped,   0 zombie
%Cpu(s):  5.6 us,  3.7 sy,  0.0 ni, 90.7 id,  0.0 wa,  0.0 hi,  0.0 si,  0.0 st
MiB Mem :   3844.2 total,    181.1 free,    553.9 used,   3109.2 buff/cache
MiB Swap:   3980.0 total,   3975.9 free,      4.1 used.   3008.6 avail Mem 

    PID USER      PR  NI    VIRT    RES    SHR S  %CPU  %MEM     TIME+ COMMAND

top - 14:28:00 up 9 days, 22:41,  1 user,  load average: 0.94, 0.92, 0.65
Tasks: 205 total,   1 running, 204 sleeping,   0 stopped,   0 zombie
%Cpu(s):  7.5 us,  2.8 sy,  0.0 ni, 89.7 id,  0.0 wa,  0.0 hi,  0.0 si,  0.0 st
MiB Mem :   3844.2 total,    181.1 free,    553.9 used,   3109.2 buff/cache
MiB Swap:   3980.0 total,   3975.9 free,      4.1 used.   3008.6 avail Mem 

    PID USER      PR  NI    VIRT    RES    SHR S  %CPU  %MEM     TIME+ COMMAND

top - 14:28:01 up 9 days, 22:41,  1 user,  load average: 0.94, 0.92, 0.65
Tasks: 205 total,   1 running, 204 sleeping,   0 stopped,   0 zombie
%Cpu(s):  1.9 us,  2.8 sy,  0.0 ni, 95.4 id,  0.0 wa,  0.0 hi,  0.0 si,  0.0 st
MiB Mem :   3844.2 total,    181.1 free,    553.9 used,   3109.2 buff/cache
MiB Swap:   3980.0 total,   3975.9 free,      4.1 used.   3008.6 avail Mem 

    PID USER      PR  NI    VIRT    RES    SHR S  %CPU  %MEM     TIME+ COMMAND
    937 www-data  20   0   26028  20328   4156 S   0.0   0.5  44:05.69 nginx

top - 14:28:01 up 9 days, 22:41,  1 user,  load average: 0.94, 0.92, 0.65
Tasks: 205 total,   2 running, 203 sleeping,   0 stopped,   0 zombie
%Cpu(s): 20.4 us,  3.7 sy,  0.0 ni, 64.8 id, 11.1 wa,  0.0 hi,  0.0 si,  0.0 st
MiB Mem :   3844.2 total,    181.1 free,    553.9 used,   3109.2 buff/cache
MiB Swap:   3980.0 total,   3975.9 free,      4.1 used.   3008.6 avail Mem 

    PID USER      PR  NI    VIRT    RES    SHR S  %CPU  %MEM     TIME+ COMMAND

top - 14:28:02 up 9 days, 22:41,  1 user,  load average: 0.94, 0.92, 0.65
Tasks: 205 total,   1 running, 204 sleeping,   0 stopped,   0 zombie
%Cpu(s):  6.5 us,  3.7 sy,  0.0 ni, 89.8 id,  0.0 wa,  0.0 hi,  0.0 si,  0.0 st
MiB Mem :   3844.2 total,    181.1 free,    553.9 used,   3109.2 buff/cache
MiB Swap:   3980.0 total,   3975.9 free,      4.1 used.   3008.6 avail Mem 

    PID USER      PR  NI    VIRT    RES    SHR S  %CPU  %MEM     TIME+ COMMAND
    937 www-data  20   0   26028  20328   4156 S   0.0   0.5  44:05.72 nginx

top - 14:28:02 up 9 days, 22:41,  1 user,  load average: 0.94, 0.92, 0.65
Tasks: 205 total,   1 running, 204 sleeping,   0 stopped,   0 zombie
%Cpu(s):  8.3 us,  2.8 sy,  0.0 ni, 88.9 id,  0.0 wa,  0.0 hi,  0.0 si,  0.0 st
MiB Mem :   3844.2 total,    181.1 free,    553.9 used,   3109.2 buff/cache
MiB Swap:   3980.0 total,   3975.9 free,      4.1 used.   3008.6 avail Mem 

    PID USER      PR  NI    VIRT    RES    SHR S  %CPU  %MEM     TIME+ COMMAND

top - 14:28:03 up 9 days, 22:41,  1 user,  load average: 0.94, 0.92, 0.65
Tasks: 205 total,   1 running, 204 sleeping,   0 stopped,   0 zombie
%Cpu(s):  2.8 us,  1.9 sy,  0.0 ni, 95.4 id,  0.0 wa,  0.0 hi,  0.0 si,  0.0 st
MiB Mem :   3844.2 total,    181.1 free,    553.9 used,   3109.2 buff/cache
MiB Swap:   3980.0 total,   3975.9 free,      4.1 used.   3008.6 avail Mem 

    PID USER      PR  NI    VIRT    RES    SHR S  %CPU  %MEM     TIME+ COMMAND
    937 www-data  20   0   26028  20328   4156 S   0.0   0.5  44:05.79 nginx

top - 14:28:03 up 9 days, 22:41,  1 user,  load average: 0.94, 0.92, 0.65
Tasks: 205 total,   1 running, 204 sleeping,   0 stopped,   0 zombie
%Cpu(s):  8.3 us,  2.8 sy,  0.0 ni, 88.9 id,  0.0 wa,  0.0 hi,  0.0 si,  0.0 st
MiB Mem :   3844.2 total,    181.1 free,    553.9 used,   3109.2 buff/cache
MiB Swap:   3980.0 total,   3975.9 free,      4.1 used.   3008.6 avail Mem 

    PID USER      PR  NI    VIRT    RES    SHR S  %CPU  %MEM     TIME+ COMMAND

top - 14:28:04 up 9 days, 22:41,  1 user,  load average: 1.02, 0.94, 0.66
Tasks: 205 total,   1 running, 204 sleeping,   0 stopped,   0 zombie
%Cpu(s):  4.6 us,  7.4 sy,  0.0 ni, 75.0 id, 13.0 wa,  0.0 hi,  0.0 si,  0.0 st
MiB Mem :   3844.2 total,    181.1 free,    553.9 used,   3109.2 buff/cache
MiB Swap:   3980.0 total,   3975.9 free,      4.1 used.   3008.6 avail Mem 

    PID USER      PR  NI    VIRT    RES    SHR S  %CPU  %MEM     TIME+ COMMAND
    937 www-data  20   0   26028  20328   4156 S   0.0   0.5  44:05.87 nginx

top - 14:28:05 up 9 days, 22:41,  1 user,  load average: 1.02, 0.94, 0.66
Tasks: 205 total,   1 running, 204 sleeping,   0 stopped,   0 zombie
%Cpu(s):  8.3 us,  3.7 sy,  1.9 ni, 84.3 id,  1.9 wa,  0.0 hi,  0.0 si,  0.0 st
MiB Mem :   3844.2 total,    181.1 free,    553.9 used,   3109.2 buff/cache
MiB Swap:   3980.0 total,   3975.9 free,      4.1 used.   3008.6 avail Mem 

    PID USER      PR  NI    VIRT    RES    SHR S  %CPU  %MEM     TIME+ COMMAND

top - 14:28:05 up 9 days, 22:41,  1 user,  load average: 1.02, 0.94, 0.66
Tasks: 204 total,   1 running, 203 sleeping,   0 stopped,   0 zombie
%Cpu(s):  1.9 us,  7.6 sy,  0.0 ni, 90.5 id,  0.0 wa,  0.0 hi,  0.0 si,  0.0 st
MiB Mem :   3844.2 total,    181.1 free,    553.9 used,   3109.2 buff/cache
MiB Swap:   3980.0 total,   3975.9 free,      4.1 used.   3008.6 avail Mem 

    PID USER      PR  NI    VIRT    RES    SHR S  %CPU  %MEM     TIME+ COMMAND
    937 www-data  20   0   26028  20328   4156 S   0.0   0.5  44:05.93 nginx

top - 14:28:06 up 9 days, 22:41,  1 user,  load average: 1.02, 0.94, 0.66
Tasks: 204 total,   1 running, 203 sleeping,   0 stopped,   0 zombie
%Cpu(s): 12.8 us,  3.7 sy,  0.0 ni, 83.5 id,  0.0 wa,  0.0 hi,  0.0 si,  0.0 st
MiB Mem :   3844.2 total,    181.1 free,    553.9 used,   3109.2 buff/cache
MiB Swap:   3980.0 total,   3975.9 free,      4.1 used.   3008.6 avail Mem 

    PID USER      PR  NI    VIRT    RES    SHR S  %CPU  %MEM     TIME+ COMMAND

top - 14:28:06 up 9 days, 22:41,  1 user,  load average: 1.02, 0.94, 0.66
Tasks: 204 total,   1 running, 203 sleeping,   0 stopped,   0 zombie
%Cpu(s):  7.5 us,  3.7 sy,  0.0 ni, 88.8 id,  0.0 wa,  0.0 hi,  0.0 si,  0.0 st
MiB Mem :   3844.2 total,    181.1 free,    553.9 used,   3109.2 buff/cache
MiB Swap:   3980.0 total,   3975.9 free,      4.1 used.   3008.6 avail Mem 

    PID USER      PR  NI    VIRT    RES    SHR S  %CPU  %MEM     TIME+ COMMAND

top - 14:28:07 up 9 days, 22:41,  1 user,  load average: 1.02, 0.94, 0.66
Tasks: 204 total,   1 running, 203 sleeping,   0 stopped,   0 zombie
%Cpu(s):  2.8 us,  1.8 sy,  0.0 ni, 95.4 id,  0.0 wa,  0.0 hi,  0.0 si,  0.0 st
MiB Mem :   3844.2 total,    181.1 free,    553.9 used,   3109.2 buff/cache
MiB Swap:   3980.0 total,   3975.9 free,      4.1 used.   3008.6 avail Mem 

    PID USER      PR  NI    VIRT    RES    SHR S  %CPU  %MEM     TIME+ COMMAND
    937 www-data  20   0   26028  20328   4156 S   0.0   0.5  44:06.08 nginx

top - 14:28:07 up 9 days, 22:41,  1 user,  load average: 1.02, 0.94, 0.66
Tasks: 204 total,   1 running, 203 sleeping,   0 stopped,   0 zombie
%Cpu(s):  9.2 us,  2.8 sy,  0.0 ni, 88.1 id,  0.0 wa,  0.0 hi,  0.0 si,  0.0 st
MiB Mem :   3844.2 total,    181.1 free,    553.9 used,   3109.2 buff/cache
MiB Swap:   3980.0 total,   3975.9 free,      4.1 used.   3008.6 avail Mem 

    PID USER      PR  NI    VIRT    RES    SHR S  %CPU  %MEM     TIME+ COMMAND

top - 14:28:08 up 9 days, 22:41,  1 user,  load average: 1.02, 0.94, 0.66
Tasks: 204 total,   1 running, 203 sleeping,   0 stopped,   0 zombie
%Cpu(s):  0.9 us,  2.8 sy,  0.0 ni, 96.3 id,  0.0 wa,  0.0 hi,  0.0 si,  0.0 st
MiB Mem :   3844.2 total,    181.1 free,    553.9 used,   3109.2 buff/cache
MiB Swap:   3980.0 total,   3975.9 free,      4.1 used.   3008.6 avail Mem 

    PID USER      PR  NI    VIRT    RES    SHR S  %CPU  %MEM     TIME+ COMMAND
    937 www-data  20   0   26028  20328   4156 S   0.0   0.5  44:06.17 nginx

top - 14:28:08 up 9 days, 22:41,  1 user,  load average: 1.02, 0.94, 0.66
Tasks: 204 total,   1 running, 203 sleeping,   0 stopped,   0 zombie
%Cpu(s):  7.4 us,  3.7 sy,  0.0 ni, 88.9 id,  0.0 wa,  0.0 hi,  0.0 si,  0.0 st
MiB Mem :   3844.2 total,    181.1 free,    553.9 used,   3109.2 buff/cache
MiB Swap:   3980.0 total,   3975.9 free,      4.1 used.   3008.6 avail Mem 

    PID USER      PR  NI    VIRT    RES    SHR S  %CPU  %MEM     TIME+ COMMAND

top - 14:28:09 up 9 days, 22:41,  1 user,  load average: 1.02, 0.94, 0.66
Tasks: 207 total,   2 running, 205 sleeping,   0 stopped,   0 zombie
%Cpu(s):  1.9 us,  6.7 sy,  0.0 ni, 91.3 id,  0.0 wa,  0.0 hi,  0.0 si,  0.0 st
MiB Mem :   3844.2 total,    181.1 free,    553.9 used,   3109.2 buff/cache
MiB Swap:   3980.0 total,   3975.9 free,      4.1 used.   3008.6 avail Mem 

    PID USER      PR  NI    VIRT    RES    SHR S  %CPU  %MEM     TIME+ COMMAND
    937 www-data  20   0   26028  20328   4156 S   0.0   0.5  44:06.24 nginx

top - 14:28:09 up 9 days, 22:41,  1 user,  load average: 1.10, 0.96, 0.67
Tasks: 205 total,   1 running, 204 sleeping,   0 stopped,   0 zombie
%Cpu(s): 10.3 us, 14.0 sy,  9.3 ni, 55.1 id, 11.2 wa,  0.0 hi,  0.0 si,  0.0 st
MiB Mem :   3844.2 total,    181.1 free,    553.9 used,   3109.2 buff/cache
MiB Swap:   3980.0 total,   3975.9 free,      4.1 used.   3008.6 avail Mem 

    PID USER      PR  NI    VIRT    RES    SHR S  %CPU  %MEM     TIME+ COMMAND

top - 14:28:10 up 9 days, 22:41,  1 user,  load average: 1.10, 0.96, 0.67
Tasks: 205 total,   1 running, 204 sleeping,   0 stopped,   0 zombie
%Cpu(s):  0.9 us,  2.8 sy,  0.0 ni, 96.3 id,  0.0 wa,  0.0 hi,  0.0 si,  0.0 st
MiB Mem :   3844.2 total,    181.1 free,    553.9 used,   3109.2 buff/cache
MiB Swap:   3980.0 total,   3975.9 free,      4.1 used.   3008.6 avail Mem 

    PID USER      PR  NI    VIRT    RES    SHR S  %CPU  %MEM     TIME+ COMMAND
    937 www-data  20   0   26028  20328   4156 S   0.0   0.5  44:06.27 nginx

top - 14:28:11 up 9 days, 22:41,  1 user,  load average: 1.10, 0.96, 0.67
Tasks: 205 total,   1 running, 204 sleeping,   0 stopped,   0 zombie
%Cpu(s):  7.4 us,  2.8 sy,  0.0 ni, 89.8 id,  0.0 wa,  0.0 hi,  0.0 si,  0.0 st
MiB Mem :   3844.2 total,    181.1 free,    553.9 used,   3109.2 buff/cache
MiB Swap:   3980.0 total,   3975.9 free,      4.1 used.   3008.6 avail Mem 

    PID USER      PR  NI    VIRT    RES    SHR S  %CPU  %MEM     TIME+ COMMAND

top - 14:28:11 up 9 days, 22:41,  1 user,  load average: 1.10, 0.96, 0.67
Tasks: 205 total,   1 running, 204 sleeping,   0 stopped,   0 zombie
%Cpu(s):  0.9 us,  2.8 sy,  0.0 ni, 96.3 id,  0.0 wa,  0.0 hi,  0.0 si,  0.0 st
MiB Mem :   3844.2 total,    181.1 free,    553.9 used,   3109.2 buff/cache
MiB Swap:   3980.0 total,   3975.9 free,      4.1 used.   3008.6 avail Mem 

    PID USER      PR  NI    VIRT    RES    SHR S  %CPU  %MEM     TIME+ COMMAND
    937 www-data  20   0   26028  20328   4156 S   0.0   0.5  44:06.33 nginx

top - 14:28:12 up 9 days, 22:41,  1 user,  load average: 1.10, 0.96, 0.67
Tasks: 205 total,   1 running, 204 sleeping,   0 stopped,   0 zombie
%Cpu(s):  7.4 us,  3.7 sy,  0.0 ni, 88.9 id,  0.0 wa,  0.0 hi,  0.0 si,  0.0 st
MiB Mem :   3844.2 total,    181.1 free,    553.9 used,   3109.2 buff/cache
MiB Swap:   3980.0 total,   3975.9 free,      4.1 used.   3008.6 avail Mem 

    PID USER      PR  NI    VIRT    RES    SHR S  %CPU  %MEM     TIME+ COMMAND

top - 14:28:12 up 9 days, 22:41,  1 user,  load average: 1.10, 0.96, 0.67
Tasks: 205 total,   1 running, 204 sleeping,   0 stopped,   0 zombie
%Cpu(s):  1.9 us,  2.8 sy,  0.0 ni, 95.4 id,  0.0 wa,  0.0 hi,  0.0 si,  0.0 st
MiB Mem :   3844.2 total,    181.1 free,    553.9 used,   3109.2 buff/cache
MiB Swap:   3980.0 total,   3975.9 free,      4.1 used.   3008.6 avail Mem 

    PID USER      PR  NI    VIRT    RES    SHR S  %CPU  %MEM     TIME+ COMMAND
    937 www-data  20   0   26028  20328   4156 S   0.0   0.5  44:06.40 nginx
