top - 14:19:29 up 9 days, 22:33,  1 user,  load average: 0.83, 0.59, 0.41
Tasks: 209 total,   2 running, 207 sleeping,   0 stopped,   0 zombie
%Cpu(s): 51.3 us,  7.7 sy,  0.0 ni, 41.0 id,  0.0 wa,  0.0 hi,  0.0 si,  0.0 st
MiB Mem :   3844.2 total,    170.6 free,    569.7 used,   3103.9 buff/cache
MiB Swap:   3980.0 total,   3975.9 free,      4.1 used.   2992.7 avail Mem 

    PID USER      PR  NI    VIRT    RES    SHR S  %CPU  %MEM     TIME+ COMMAND
    937 www-data  20   0   26028  20328   4156 R  83.3   0.5  38:38.29 nginx

top - 14:19:30 up 9 days, 22:33,  1 user,  load average: 0.83, 0.59, 0.41
Tasks: 209 total,   1 running, 208 sleeping,   0 stopped,   0 zombie
%Cpu(s): 40.4 us,  1.0 sy,  0.0 ni, 57.7 id,  0.0 wa,  0.0 hi,  1.0 si,  0.0 st
MiB Mem :   3844.2 total,    170.6 free,    569.7 used,   3103.9 buff/cache
MiB Swap:   3980.0 total,   3975.9 free,      4.1 used.   2992.7 avail Mem 

    PID USER      PR  NI    VIRT    RES    SHR S  %CPU  %MEM     TIME+ COMMAND
    937 www-data  20   0   26028  20328   4156 S  78.8   0.5  38:38.70 nginx

top - 14:19:30 up 9 days, 22:33,  1 user,  load average: 0.83, 0.59, 0.41
Tasks: 209 total,   2 running, 207 sleeping,   0 stopped,   0 zombie
%Cpu(s): 43.3 us,  2.9 sy,  0.0 ni, 52.9 id,  0.0 wa,  0.0 hi,  1.0 si,  0.0 st
MiB Mem :   3844.2 total,    170.6 free,    569.7 used,   3103.9 buff/cache
MiB Swap:   3980.0 total,   3975.9 free,      4.1 used.   2992.7 avail Mem 

    PID USER      PR  NI    VIRT    RES    SHR S  %CPU  %MEM     TIME+ COMMAND
    937 www-data  20   0   26028  20328   4156 R  84.6   0.5  38:39.14 nginx

top - 14:19:31 up 9 days, 22:33,  1 user,  load average: 0.83, 0.59, 0.41
Tasks: 209 total,   1 running, 208 sleeping,   0 stopped,   0 zombie
%Cpu(s): 43.4 us,  2.8 sy,  0.0 ni, 53.8 id,  0.0 wa,  0.0 hi,  0.0 si,  0.0 st
MiB Mem :   3844.2 total,    170.6 free,    569.7 used,   3103.9 buff/cache
MiB Swap:   3980.0 total,   3975.9 free,      4.1 used.   2992.7 avail Mem 

    PID USER      PR  NI    VIRT    RES    SHR S  %CPU  %MEM     TIME+ COMMAND
    937 www-data  20   0   26028  20328   4156 S  84.9   0.5  38:39.59 nginx

top - 14:19:31 up 9 days, 22:33,  1 user,  load average: 0.83, 0.59, 0.41
Tasks: 209 total,   2 running, 207 sleeping,   0 stopped,   0 zombie
%Cpu(s): 42.9 us,  3.8 sy,  0.0 ni, 53.3 id,  0.0 wa,  0.0 hi,  0.0 si,  0.0 st
MiB Mem :   3844.2 total,    170.6 free,    569.7 used,   3103.9 buff/cache
MiB Swap:   3980.0 total,   3975.9 free,      4.1 used.   2992.7 avail Mem 

    PID USER      PR  NI    VIRT    RES    SHR S  %CPU  %MEM     TIME+ COMMAND
    937 www-data  20   0   26028  20328   4156 R  88.7   0.5  38:40.06 nginx

top - 14:19:32 up 9 days, 22:33,  1 user,  load average: 0.83, 0.59, 0.41
Tasks: 209 total,   2 running, 207 sleeping,   0 stopped,   0 zombie
%Cpu(s): 43.8 us,  2.9 sy,  0.0 ni, 53.3 id,  0.0 wa,  0.0 hi,  0.0 si,  0.0 st
MiB Mem :   3844.2 total,    170.6 free,    569.7 used,   3103.9 buff/cache
MiB Swap:   3980.0 total,   3975.9 free,      4.1 used.   2992.8 avail Mem 

    PID USER      PR  NI    VIRT    RES    SHR S  %CPU  %MEM     TIME+ COMMAND
    937 www-data  20   0   26028  20328   4156 R  83.3   0.5  38:40.51 nginx

top - 14:19:32 up 9 days, 22:33,  1 user,  load average: 0.83, 0.59, 0.41
Tasks: 209 total,   2 running, 207 sleeping,   0 stopped,   0 zombie
%Cpu(s): 38.7 us,  2.8 sy,  0.0 ni, 58.5 id,  0.0 wa,  0.0 hi,  0.0 si,  0.0 st
MiB Mem :   3844.2 total,    170.6 free,    569.7 used,   3103.9 buff/cache
MiB Swap:   3980.0 total,   3975.9 free,      4.1 used.   2992.8 avail Mem 

    PID USER      PR  NI    VIRT    RES    SHR S  %CPU  %MEM     TIME+ COMMAND
    937 www-data  20   0   26028  20328   4156 R  74.1   0.5  38:40.91 nginx

top - 14:19:33 up 9 days, 22:33,  1 user,  load average: 0.83, 0.59, 0.41
Tasks: 210 total,   3 running, 207 sleeping,   0 stopped,   0 zombie
%Cpu(s): 50.0 us,  7.7 sy,  2.9 ni, 24.0 id, 14.4 wa,  0.0 hi,  1.0 si,  0.0 st
MiB Mem :   3844.2 total,    170.6 free,    569.7 used,   3103.9 buff/cache
MiB Swap:   3980.0 total,   3975.9 free,      4.1 used.   2992.8 avail Mem 

    PID USER      PR  NI    VIRT    RES    SHR S  %CPU  %MEM     TIME+ COMMAND
    937 www-data  20   0   26028  20328   4156 R  88.7   0.5  38:41.38 nginx

top - 14:19:33 up 9 days, 22:33,  1 user,  load average: 0.83, 0.59, 0.41
Tasks: 210 total,   2 running, 208 sleeping,   0 stopped,   0 zombie
%Cpu(s): 44.3 us,  4.7 sy,  6.6 ni, 43.4 id,  0.9 wa,  0.0 hi,  0.0 si,  0.0 st
MiB Mem :   3844.2 total,    170.6 free,    569.7 used,   3103.9 buff/cache
MiB Swap:   3980.0 total,   3975.9 free,      4.1 used.   2992.8 avail Mem 

    PID USER      PR  NI    VIRT    RES    SHR S  %CPU  %MEM     TIME+ COMMAND
    937 www-data  20   0   26028  20328   4156 R  81.5   0.5  38:41.82 nginx

top - 14:19:34 up 9 days, 22:33,  1 user,  load average: 0.84, 0.60, 0.41
Tasks: 210 total,   2 running, 208 sleeping,   0 stopped,   0 zombie
%Cpu(s): 36.9 us,  2.9 sy,  0.0 ni, 59.2 id,  0.0 wa,  0.0 hi,  1.0 si,  0.0 st
MiB Mem :   3844.2 total,    170.6 free,    569.7 used,   3103.9 buff/cache
MiB Swap:   3980.0 total,   3975.9 free,      4.1 used.   2992.8 avail Mem 

    PID USER      PR  NI    VIRT    RES    SHR S  %CPU  %MEM     TIME+ COMMAND
    937 www-data  20   0   26028  20328   4156 R  74.1   0.5  38:42.22 nginx

top - 14:19:34 up 9 days, 22:33,  1 user,  load average: 0.84, 0.60, 0.41
Tasks: 210 total,   2 running, 208 sleeping,   0 stopped,   0 zombie
%Cpu(s): 50.0 us,  3.8 sy,  0.0 ni, 46.2 id,  0.0 wa,  0.0 hi,  0.0 si,  0.0 st
MiB Mem :   3844.2 total,    170.6 free,    569.7 used,   3103.9 buff/cache
MiB Swap:   3980.0 total,   3975.9 free,      4.1 used.   2992.8 avail Mem 

    PID USER      PR  NI    VIRT    RES    SHR S  %CPU  %MEM     TIME+ COMMAND
    937 www-data  20   0   26028  20328   4156 R 100.0   0.5  38:42.75 nginx

top - 14:19:35 up 9 days, 22:33,  1 user,  load average: 0.84, 0.60, 0.41
Tasks: 210 total,   2 running, 208 sleeping,   0 stopped,   0 zombie
%Cpu(s): 41.1 us,  2.8 sy,  0.0 ni, 56.1 id,  0.0 wa,  0.0 hi,  0.0 si,  0.0 st
MiB Mem :   3844.2 total,    168.1 free,    572.1 used,   3104.0 buff/cache
MiB Swap:   3980.0 total,   3975.9 free,      4.1 used.   2990.3 avail Mem 

    PID USER      PR  NI    VIRT    RES    SHR S  %CPU  %MEM     TIME+ COMMAND
    937 www-data  20   0   26028  20328   4156 S  79.6   0.5  38:43.18 nginx

top - 14:19:36 up 9 days, 22:33,  1 user,  load average: 0.84, 0.60, 0.41
Tasks: 210 total,   2 running, 208 sleeping,   0 stopped,   0 zombie
%Cpu(s): 45.3 us,  2.8 sy,  0.0 ni, 51.9 id,  0.0 wa,  0.0 hi,  0.0 si,  0.0 st
MiB Mem :   3844.2 total,    168.1 free,    572.1 used,   3104.0 buff/cache
MiB Swap:   3980.0 total,   3975.9 free,      4.1 used.   2990.3 avail Mem 

    PID USER      PR  NI    VIRT    RES    SHR S  %CPU  %MEM     TIME+ COMMAND
    937 www-data  20   0   26028  20328   4156 R  83.6   0.5  38:43.64 nginx

top - 14:19:36 up 9 days, 22:33,  1 user,  load average: 0.84, 0.60, 0.41
Tasks: 210 total,   2 running, 208 sleeping,   0 stopped,   0 zombie
%Cpu(s): 41.7 us,  3.7 sy,  0.0 ni, 52.8 id,  0.0 wa,  0.0 hi,  1.9 si,  0.0 st
MiB Mem :   3844.2 total,    168.1 free,    572.1 used,   3104.0 buff/cache
MiB Swap:   3980.0 total,   3975.9 free,      4.1 used.   2990.3 avail Mem 

    PID USER      PR  NI    VIRT    RES    SHR S  %CPU  %MEM     TIME+ COMMAND
    937 www-data  20   0   26028  20328   4156 R  83.3   0.5  38:44.09 nginx

top - 14:19:37 up 9 days, 22:33,  1 user,  load average: 0.84, 0.60, 0.41
Tasks: 210 total,   2 running, 208 sleeping,   0 stopped,   0 zombie
%Cpu(s): 42.1 us,  3.7 sy,  0.0 ni, 54.2 id,  0.0 wa,  0.0 hi,  0.0 si,  0.0 st
MiB Mem :   3844.2 total,    168.1 free,    572.1 used,   3104.0 buff/cache
MiB Swap:   3980.0 total,   3975.9 free,      4.1 used.   2990.3 avail Mem 

    PID USER      PR  NI    VIRT    RES    SHR S  %CPU  %MEM     TIME+ COMMAND
    937 www-data  20   0   26028  20328   4156 R  83.3   0.5  38:44.54 nginx

top - 14:19:37 up 9 days, 22:33,  1 user,  load average: 0.84, 0.60, 0.41
Tasks: 210 total,   2 running, 208 sleeping,   0 stopped,   0 zombie
%Cpu(s): 46.7 us,  3.7 sy,  0.0 ni, 48.6 id,  0.0 wa,  0.0 hi,  0.9 si,  0.0 st
MiB Mem :   3844.2 total,    168.1 free,    572.1 used,   3104.0 buff/cache
MiB Swap:   3980.0 total,   3975.9 free,      4.1 used.   2990.3 avail Mem 

    PID USER      PR  NI    VIRT    RES    SHR S  %CPU  %MEM     TIME+ COMMAND
    937 www-data  20   0   26028  20328   4156 R  90.9   0.5  38:45.04 nginx

top - 14:19:38 up 9 days, 22:33,  1 user,  load average: 0.84, 0.60, 0.41
Tasks: 210 total,   2 running, 208 sleeping,   0 stopped,   0 zombie
%Cpu(s): 46.1 us,  5.9 sy,  0.0 ni, 42.2 id,  5.9 wa,  0.0 hi,  0.0 si,  0.0 st
MiB Mem :   3844.2 total,    166.7 free,    573.5 used,   3104.0 buff/cache
MiB Swap:   3980.0 total,   3975.9 free,      4.1 used.   2988.9 avail Mem 

    PID USER      PR  NI    VIRT    RES    SHR S  %CPU  %MEM     TIME+ COMMAND
    937 www-data  20   0   26028  20328   4156 R  83.3   0.5  38:45.49 nginx

top - 14:19:38 up 9 days, 22:33,  1 user,  load average: 0.84, 0.60, 0.41
Tasks: 210 total,   1 running, 209 sleeping,   0 stopped,   0 zombie
%Cpu(s): 36.4 us,  4.7 sy,  0.9 ni, 54.2 id,  2.8 wa,  0.0 hi,  0.9 si,  0.0 st
MiB Mem :   3844.2 total,    166.7 free,    573.5 used,   3104.0 buff/cache
MiB Swap:   3980.0 total,   3975.9 free,      4.1 used.   2988.9 avail Mem 

    PID USER      PR  NI    VIRT    RES    SHR S  %CPU  %MEM     TIME+ COMMAND
    937 www-data  20   0   26028  20328   4156 S  75.5   0.5  38:45.89 nginx

top - 14:19:39 up 9 days, 22:33,  1 user,  load average: 0.86, 0.61, 0.41
Tasks: 210 total,   2 running, 208 sleeping,   0 stopped,   0 zombie
%Cpu(s): 50.0 us,  3.7 sy,  0.0 ni, 45.4 id,  0.0 wa,  0.0 hi,  0.9 si,  0.0 st
MiB Mem :   3844.2 total,    166.7 free,    573.5 used,   3104.0 buff/cache
MiB Swap:   3980.0 total,   3975.9 free,      4.1 used.   2988.9 avail Mem 

    PID USER      PR  NI    VIRT    RES    SHR S  %CPU  %MEM     TIME+ COMMAND
    937 www-data  20   0   26028  20328   4156 R  98.1   0.5  38:46.42 nginx

top - 14:19:39 up 9 days, 22:33,  1 user,  load average: 0.86, 0.61, 0.41
Tasks: 210 total,   2 running, 208 sleeping,   0 stopped,   0 zombie
%Cpu(s): 45.4 us,  3.7 sy,  0.0 ni, 50.9 id,  0.0 wa,  0.0 hi,  0.0 si,  0.0 st
MiB Mem :   3844.2 total,    166.7 free,    573.5 used,   3104.0 buff/cache
MiB Swap:   3980.0 total,   3975.9 free,      4.1 used.   2988.9 avail Mem 

    PID USER      PR  NI    VIRT    RES    SHR S  %CPU  %MEM     TIME+ COMMAND
    937 www-data  20   0   26028  20328   4156 R  89.1   0.5  38:46.91 nginx

top - 14:19:40 up 9 days, 22:33,  1 user,  load average: 0.86, 0.61, 0.41
Tasks: 210 total,   2 running, 208 sleeping,   0 stopped,   0 zombie
%Cpu(s): 38.5 us,  3.7 sy,  0.0 ni, 56.9 id,  0.0 wa,  0.0 hi,  0.9 si,  0.0 st
MiB Mem :   3844.2 total,    166.7 free,    573.5 used,   3104.0 buff/cache
MiB Swap:   3980.0 total,   3975.9 free,      4.1 used.   2988.9 avail Mem 

    PID USER      PR  NI    VIRT    RES    SHR S  %CPU  %MEM     TIME+ COMMAND
    937 www-data  20   0   26028  20328   4156 R  74.1   0.5  38:47.31 nginx

top - 14:19:40 up 9 days, 22:33,  1 user,  load average: 0.86, 0.61, 0.41
Tasks: 210 total,   2 running, 208 sleeping,   0 stopped,   0 zombie
%Cpu(s): 48.6 us,  1.9 sy,  0.0 ni, 49.5 id,  0.0 wa,  0.0 hi,  0.0 si,  0.0 st
MiB Mem :   3844.2 total,    166.7 free,    573.5 used,   3104.0 buff/cache
MiB Swap:   3980.0 total,   3975.9 free,      4.1 used.   2988.9 avail Mem 

    PID USER      PR  NI    VIRT    RES    SHR S  %CPU  %MEM     TIME+ COMMAND
    937 www-data  20   0   26028  20328   4156 R  94.4   0.5  38:47.82 nginx

top - 14:19:41 up 9 days, 22:33,  1 user,  load average: 0.86, 0.61, 0.41
Tasks: 210 total,   2 running, 208 sleeping,   0 stopped,   0 zombie
%Cpu(s): 41.5 us,  3.8 sy,  0.0 ni, 54.7 id,  0.0 wa,  0.0 hi,  0.0 si,  0.0 st
MiB Mem :   3844.2 total,    166.7 free,    573.5 used,   3104.0 buff/cache
MiB Swap:   3980.0 total,   3975.9 free,      4.1 used.   2988.9 avail Mem 

    PID USER      PR  NI    VIRT    RES    SHR S  %CPU  %MEM     TIME+ COMMAND
    937 www-data  20   0   26028  20328   4156 R  81.8   0.5  38:48.27 nginx

top - 14:19:42 up 9 days, 22:33,  1 user,  load average: 0.86, 0.61, 0.41
Tasks: 210 total,   2 running, 208 sleeping,   0 stopped,   0 zombie
%Cpu(s): 43.0 us,  3.7 sy,  0.0 ni, 53.3 id,  0.0 wa,  0.0 hi,  0.0 si,  0.0 st
MiB Mem :   3844.2 total,    166.7 free,    573.5 used,   3104.0 buff/cache
MiB Swap:   3980.0 total,   3975.9 free,      4.1 used.   2988.9 avail Mem 

    PID USER      PR  NI    VIRT    RES    SHR S  %CPU  %MEM     TIME+ COMMAND
    937 www-data  20   0   26028  20328   4156 R  83.3   0.5  38:48.72 nginx

top - 14:19:42 up 9 days, 22:33,  1 user,  load average: 0.86, 0.61, 0.41
Tasks: 210 total,   1 running, 209 sleeping,   0 stopped,   0 zombie
%Cpu(s): 39.3 us,  4.7 sy,  0.0 ni, 56.1 id,  0.0 wa,  0.0 hi,  0.0 si,  0.0 st
MiB Mem :   3844.2 total,    166.7 free,    573.5 used,   3104.0 buff/cache
MiB Swap:   3980.0 total,   3975.9 free,      4.1 used.   2988.9 avail Mem 

    PID USER      PR  NI    VIRT    RES    SHR S  %CPU  %MEM     TIME+ COMMAND
    937 www-data  20   0   26028  20328   4156 S  85.2   0.5  38:49.18 nginx

top - 14:19:43 up 9 days, 22:33,  1 user,  load average: 0.86, 0.61, 0.41
Tasks: 210 total,   2 running, 208 sleeping,   0 stopped,   0 zombie
%Cpu(s): 46.3 us,  2.8 sy,  0.0 ni, 50.9 id,  0.0 wa,  0.0 hi,  0.0 si,  0.0 st
MiB Mem :   3844.2 total,    166.7 free,    573.5 used,   3104.0 buff/cache
MiB Swap:   3980.0 total,   3975.9 free,      4.1 used.   2988.9 avail Mem 

    PID USER      PR  NI    VIRT    RES    SHR S  %CPU  %MEM     TIME+ COMMAND
    937 www-data  20   0   26028  20328   4156 R  83.6   0.5  38:49.64 nginx

top - 14:19:43 up 9 days, 22:33,  1 user,  load average: 0.86, 0.61, 0.41
Tasks: 209 total,   3 running, 206 sleeping,   0 stopped,   0 zombie
%Cpu(s): 43.5 us,  8.3 sy,  0.9 ni, 38.0 id,  7.4 wa,  0.0 hi,  1.9 si,  0.0 st
MiB Mem :   3844.2 total,    166.7 free,    573.5 used,   3104.0 buff/cache
MiB Swap:   3980.0 total,   3975.9 free,      4.1 used.   2988.9 avail Mem 

    PID USER      PR  NI    VIRT    RES    SHR S  %CPU  %MEM     TIME+ COMMAND
    937 www-data  20   0   26028  20328   4156 R  75.9   0.5  38:50.05 nginx

top - 14:19:44 up 9 days, 22:33,  1 user,  load average: 0.87, 0.61, 0.42
Tasks: 209 total,   2 running, 207 sleeping,   0 stopped,   0 zombie
%Cpu(s): 44.4 us,  3.7 sy,  0.0 ni, 50.9 id,  0.0 wa,  0.0 hi,  0.9 si,  0.0 st
MiB Mem :   3844.2 total,    190.6 free,    549.5 used,   3104.1 buff/cache
MiB Swap:   3980.0 total,   3975.9 free,      4.1 used.   3012.9 avail Mem 

    PID USER      PR  NI    VIRT    RES    SHR S  %CPU  %MEM     TIME+ COMMAND
    937 www-data  20   0   26028  20328   4156 R  89.1   0.5  38:50.54 nginx

top - 14:19:44 up 9 days, 22:33,  1 user,  load average: 0.87, 0.61, 0.42
Tasks: 209 total,   2 running, 207 sleeping,   0 stopped,   0 zombie
%Cpu(s): 43.5 us,  4.6 sy,  0.0 ni, 50.9 id,  0.0 wa,  0.0 hi,  0.9 si,  0.0 st
MiB Mem :   3844.2 total,    190.6 free,    549.5 used,   3104.1 buff/cache
MiB Swap:   3980.0 total,   3975.9 free,      4.1 used.   3012.9 avail Mem 

    PID USER      PR  NI    VIRT    RES    SHR S  %CPU  %MEM     TIME+ COMMAND
    937 www-data  20   0   26028  20328   4156 R  88.9   0.5  38:51.02 nginx

top - 14:19:45 up 9 days, 22:33,  1 user,  load average: 0.87, 0.61, 0.42
Tasks: 209 total,   1 running, 208 sleeping,   0 stopped,   0 zombie
%Cpu(s): 47.2 us,  2.8 sy,  0.0 ni, 50.0 id,  0.0 wa,  0.0 hi,  0.0 si,  0.0 st
MiB Mem :   3844.2 total,    190.6 free,    549.5 used,   3104.1 buff/cache
MiB Swap:   3980.0 total,   3975.9 free,      4.1 used.   3012.9 avail Mem 

    PID USER      PR  NI    VIRT    RES    SHR S  %CPU  %MEM     TIME+ COMMAND
    937 www-data  20   0   26028  20328   4156 S  89.1   0.5  38:51.51 nginx

top - 14:19:45 up 9 days, 22:33,  1 user,  load average: 0.87, 0.61, 0.42
Tasks: 209 total,   3 running, 206 sleeping,   0 stopped,   0 zombie
%Cpu(s): 37.9 us,  1.9 sy,  0.0 ni, 60.2 id,  0.0 wa,  0.0 hi,  0.0 si,  0.0 st
MiB Mem :   3844.2 total,    190.6 free,    549.5 used,   3104.1 buff/cache
MiB Swap:   3980.0 total,   3975.9 free,      4.1 used.   3012.9 avail Mem 

    PID USER      PR  NI    VIRT    RES    SHR S  %CPU  %MEM     TIME+ COMMAND
    937 www-data  20   0   26028  20328   4156 R  74.1   0.5  38:51.91 nginx

top - 14:19:46 up 9 days, 22:33,  1 user,  load average: 0.87, 0.61, 0.42
Tasks: 209 total,   2 running, 207 sleeping,   0 stopped,   0 zombie
%Cpu(s): 48.1 us,  4.6 sy,  0.0 ni, 45.4 id,  0.0 wa,  0.0 hi,  1.9 si,  0.0 st
MiB Mem :   3844.2 total,    190.6 free,    549.5 used,   3104.1 buff/cache
MiB Swap:   3980.0 total,   3975.9 free,      4.1 used.   3012.9 avail Mem 

    PID USER      PR  NI    VIRT    RES    SHR S  %CPU  %MEM     TIME+ COMMAND
    937 www-data  20   0   26028  20328   4156 R 100.0   0.5  38:52.43 nginx

top - 14:19:46 up 9 days, 22:33,  1 user,  load average: 0.87, 0.61, 0.42
Tasks: 209 total,   2 running, 207 sleeping,   0 stopped,   0 zombie
%Cpu(s): 38.3 us,  2.8 sy,  0.0 ni, 58.9 id,  0.0 wa,  0.0 hi,  0.0 si,  0.0 st
MiB Mem :   3844.2 total,    190.6 free,    549.5 used,   3104.1 buff/cache
MiB Swap:   3980.0 total,   3975.9 free,      4.1 used.   3012.9 avail Mem 

    PID USER      PR  NI    VIRT    RES    SHR S  %CPU  %MEM     TIME+ COMMAND
    937 www-data  20   0   26028  20328   4156 R  76.4   0.5  38:52.85 nginx

top - 14:19:47 up 9 days, 22:33,  1 user,  load average: 0.87, 0.61, 0.42
Tasks: 209 total,   2 running, 207 sleeping,   0 stopped,   0 zombie
%Cpu(s): 41.1 us,  3.7 sy,  0.0 ni, 55.1 id,  0.0 wa,  0.0 hi,  0.0 si,  0.0 st
MiB Mem :   3844.2 total,    190.6 free,    549.5 used,   3104.1 buff/cache
MiB Swap:   3980.0 total,   3975.9 free,      4.1 used.   3012.9 avail Mem 

    PID USER      PR  NI    VIRT    RES    SHR S  %CPU  %MEM     TIME+ COMMAND
    937 www-data  20   0   26028  20328   4156 R  77.8   0.5  38:53.27 nginx

top - 14:19:47 up 9 days, 22:33,  1 user,  load average: 0.87, 0.61, 0.42
Tasks: 209 total,   2 running, 207 sleeping,   0 stopped,   0 zombie
%Cpu(s): 52.3 us,  1.9 sy,  0.0 ni, 45.8 id,  0.0 wa,  0.0 hi,  0.0 si,  0.0 st
MiB Mem :   3844.2 total,    190.6 free,    549.5 used,   3104.1 buff/cache
MiB Swap:   3980.0 total,   3975.9 free,      4.1 used.   3012.9 avail Mem 

    PID USER      PR  NI    VIRT    RES    SHR S  %CPU  %MEM     TIME+ COMMAND
    937 www-data  20   0   26028  20328   4156 R 100.0   0.5  38:53.82 nginx

top - 14:19:48 up 9 days, 22:33,  1 user,  load average: 0.87, 0.61, 0.42
Tasks: 210 total,   2 running, 208 sleeping,   0 stopped,   0 zombie
%Cpu(s): 43.3 us, 11.5 sy,  3.8 ni, 25.0 id, 15.4 wa,  0.0 hi,  1.0 si,  0.0 st
MiB Mem :   3844.2 total,    190.6 free,    549.5 used,   3104.1 buff/cache
MiB Swap:   3980.0 total,   3975.9 free,      4.1 used.   3012.9 avail Mem 

    PID USER      PR  NI    VIRT    RES    SHR S  %CPU  %MEM     TIME+ COMMAND
    937 www-data  20   0   26028  20328   4156 S  72.7   0.5  38:54.22 nginx

top - 14:19:49 up 9 days, 22:33,  1 user,  load average: 0.80, 0.60, 0.42
Tasks: 210 total,   2 running, 208 sleeping,   0 stopped,   0 zombie
%Cpu(s): 35.8 us,  4.7 sy,  7.5 ni, 51.9 id,  0.0 wa,  0.0 hi,  0.0 si,  0.0 st
MiB Mem :   3844.2 total,    190.6 free,    549.5 used,   3104.1 buff/cache
MiB Swap:   3980.0 total,   3975.9 free,      4.1 used.   3012.9 avail Mem 

    PID USER      PR  NI    VIRT    RES    SHR S  %CPU  %MEM     TIME+ COMMAND
    937 www-data  20   0   26028  20328   4156 R  65.4   0.5  38:54.56 nginx

top - 14:19:49 up 9 days, 22:33,  1 user,  load average: 0.80, 0.60, 0.42
Tasks: 210 total,   2 running, 208 sleeping,   0 stopped,   0 zombie
%Cpu(s): 49.5 us,  3.0 sy,  0.0 ni, 47.5 id,  0.0 wa,  0.0 hi,  0.0 si,  0.0 st
MiB Mem :   3844.2 total,    190.6 free,    549.5 used,   3104.1 buff/cache
MiB Swap:   3980.0 total,   3975.9 free,      4.1 used.   3012.9 avail Mem 

    PID USER      PR  NI    VIRT    RES    SHR S  %CPU  %MEM     TIME+ COMMAND
    937 www-data  20   0   26028  20328   4156 R  96.3   0.5  38:55.08 nginx

top - 14:19:50 up 9 days, 22:33,  1 user,  load average: 0.80, 0.60, 0.42
Tasks: 210 total,   2 running, 208 sleeping,   0 stopped,   0 zombie
%Cpu(s): 52.8 us,  1.9 sy,  0.0 ni, 45.4 id,  0.0 wa,  0.0 hi,  0.0 si,  0.0 st
MiB Mem :   3844.2 total,    185.2 free,    554.9 used,   3104.1 buff/cache
MiB Swap:   3980.0 total,   3975.9 free,      4.1 used.   3007.6 avail Mem 

    PID USER      PR  NI    VIRT    RES    SHR S  %CPU  %MEM     TIME+ COMMAND
    937 www-data  20   0   26028  20328   4156 R 100.0   0.5  38:55.61 nginx

top - 14:19:50 up 9 days, 22:33,  1 user,  load average: 0.80, 0.60, 0.42
Tasks: 210 total,   2 running, 208 sleeping,   0 stopped,   0 zombie
%Cpu(s): 49.5 us,  3.7 sy,  0.0 ni, 45.9 id,  0.0 wa,  0.0 hi,  0.9 si,  0.0 st
MiB Mem :   3844.2 total,    185.2 free,    554.9 used,   3104.1 buff/cache
MiB Swap:   3980.0 total,   3975.9 free,      4.1 used.   3007.6 avail Mem 

    PID USER      PR  NI    VIRT    RES    SHR S  %CPU  %MEM     TIME+ COMMAND
    937 www-data  20   0   26028  20328   4156 R  98.2   0.5  38:56.15 nginx

top - 14:19:51 up 9 days, 22:33,  1 user,  load average: 0.80, 0.60, 0.42
Tasks: 210 total,   2 running, 208 sleeping,   0 stopped,   0 zombie
%Cpu(s): 26.7 us,  1.9 sy,  0.0 ni, 71.4 id,  0.0 wa,  0.0 hi,  0.0 si,  0.0 st
MiB Mem :   3844.2 total,    185.2 free,    554.9 used,   3104.1 buff/cache
MiB Swap:   3980.0 total,   3975.9 free,      4.1 used.   3007.6 avail Mem 

    PID USER      PR  NI    VIRT    RES    SHR S  %CPU  %MEM     TIME+ COMMAND
    937 www-data  20   0   26028  20328   4156 R  50.0   0.5  38:56.42 nginx

top - 14:19:51 up 9 days, 22:33,  1 user,  load average: 0.80, 0.60, 0.42
Tasks: 210 total,   2 running, 208 sleeping,   0 stopped,   0 zombie
%Cpu(s): 44.3 us,  3.8 sy,  0.0 ni, 50.9 id,  0.0 wa,  0.0 hi,  0.9 si,  0.0 st
MiB Mem :   3844.2 total,    185.2 free,    554.9 used,   3104.1 buff/cache
MiB Swap:   3980.0 total,   3975.9 free,      4.1 used.   3007.6 avail Mem 

    PID USER      PR  NI    VIRT    RES    SHR S  %CPU  %MEM     TIME+ COMMAND
    937 www-data  20   0   26028  20328   4156 R  90.6   0.5  38:56.90 nginx

top - 14:19:52 up 9 days, 22:33,  1 user,  load average: 0.80, 0.60, 0.42
Tasks: 210 total,   2 running, 208 sleeping,   0 stopped,   0 zombie
%Cpu(s): 50.5 us,  3.7 sy,  0.0 ni, 45.8 id,  0.0 wa,  0.0 hi,  0.0 si,  0.0 st
MiB Mem :   3844.2 total,    185.2 free,    554.9 used,   3104.1 buff/cache
MiB Swap:   3980.0 total,   3975.9 free,      4.1 used.   3007.6 avail Mem 

    PID USER      PR  NI    VIRT    RES    SHR S  %CPU  %MEM     TIME+ COMMAND
    937 www-data  20   0   26028  20328   4156 R 100.0   0.5  38:57.44 nginx

top - 14:19:52 up 9 days, 22:33,  1 user,  load average: 0.80, 0.60, 0.42
Tasks: 210 total,   2 running, 208 sleeping,   0 stopped,   0 zombie
%Cpu(s): 51.9 us,  1.9 sy,  0.0 ni, 45.4 id,  0.0 wa,  0.0 hi,  0.9 si,  0.0 st
MiB Mem :   3844.2 total,    185.2 free,    554.9 used,   3104.1 buff/cache
MiB Swap:   3980.0 total,   3975.9 free,      4.1 used.   3007.6 avail Mem 

    PID USER      PR  NI    VIRT    RES    SHR S  %CPU  %MEM     TIME+ COMMAND
    937 www-data  20   0   26028  20328   4156 R  98.2   0.5  38:57.98 nginx

top - 14:19:53 up 9 days, 22:33,  1 user,  load average: 0.80, 0.60, 0.42
Tasks: 210 total,   2 running, 208 sleeping,   0 stopped,   0 zombie
%Cpu(s): 47.6 us,  5.8 sy,  0.0 ni, 44.7 id,  1.9 wa,  0.0 hi,  0.0 si,  0.0 st
MiB Mem :   3844.2 total,    183.4 free,    556.5 used,   3104.2 buff/cache
MiB Swap:   3980.0 total,   3975.9 free,      4.1 used.   3005.9 avail Mem 

    PID USER      PR  NI    VIRT    RES    SHR S  %CPU  %MEM     TIME+ COMMAND
    937 www-data  20   0   26028  20328   4156 R  88.9   0.5  38:58.46 nginx

top - 14:19:53 up 9 days, 22:33,  1 user,  load average: 0.80, 0.60, 0.42
Tasks: 210 total,   1 running, 209 sleeping,   0 stopped,   0 zombie
%Cpu(s): 25.2 us,  3.7 sy,  1.9 ni, 59.8 id,  8.4 wa,  0.0 hi,  0.9 si,  0.0 st
MiB Mem :   3844.2 total,    183.4 free,    556.5 used,   3104.2 buff/cache
MiB Swap:   3980.0 total,   3975.9 free,      4.1 used.   3005.9 avail Mem 

    PID USER      PR  NI    VIRT    RES    SHR S  %CPU  %MEM     TIME+ COMMAND
    937 www-data  20   0   26028  20328   4156 S  53.8   0.5  38:58.74 nginx

top - 14:19:54 up 9 days, 22:33,  1 user,  load average: 0.81, 0.61, 0.42
Tasks: 210 total,   2 running, 208 sleeping,   0 stopped,   0 zombie
%Cpu(s): 41.1 us,  1.9 sy,  0.0 ni, 57.0 id,  0.0 wa,  0.0 hi,  0.0 si,  0.0 st
MiB Mem :   3844.2 total,    183.4 free,    556.5 used,   3104.2 buff/cache
MiB Swap:   3980.0 total,   3975.9 free,      4.1 used.   3005.9 avail Mem 

    PID USER      PR  NI    VIRT    RES    SHR S  %CPU  %MEM     TIME+ COMMAND
    937 www-data  20   0   26028  20328   4156 R  72.2   0.5  38:59.13 nginx

top - 14:19:54 up 9 days, 22:33,  1 user,  load average: 0.81, 0.61, 0.42
Tasks: 210 total,   2 running, 208 sleeping,   0 stopped,   0 zombie
%Cpu(s): 50.5 us,  3.7 sy,  0.0 ni, 45.0 id,  0.0 wa,  0.0 hi,  0.9 si,  0.0 st
MiB Mem :   3844.2 total,    183.4 free,    556.5 used,   3104.2 buff/cache
MiB Swap:   3980.0 total,   3975.9 free,      4.1 used.   3005.9 avail Mem 

    PID USER      PR  NI    VIRT    RES    SHR S  %CPU  %MEM     TIME+ COMMAND
    937 www-data  20   0   26028  20328   4156 R 100.0   0.5  38:59.67 nginx

top - 14:19:55 up 9 days, 22:33,  1 user,  load average: 0.81, 0.61, 0.42
Tasks: 210 total,   2 running, 208 sleeping,   0 stopped,   0 zombie
%Cpu(s): 50.0 us,  2.8 sy,  0.0 ni, 45.3 id,  0.0 wa,  0.0 hi,  1.9 si,  0.0 st
MiB Mem :   3844.2 total,    183.4 free,    556.5 used,   3104.2 buff/cache
MiB Swap:   3980.0 total,   3975.9 free,      4.1 used.   3005.9 avail Mem 

    PID USER      PR  NI    VIRT    RES    SHR S  %CPU  %MEM     TIME+ COMMAND
    937 www-data  20   0   26028  20328   4156 R 100.0   0.5  39:00.22 nginx

top - 14:19:56 up 9 days, 22:33,  1 user,  load average: 0.81, 0.61, 0.42
Tasks: 210 total,   2 running, 208 sleeping,   0 stopped,   0 zombie
%Cpu(s): 50.5 us,  3.7 sy,  0.0 ni, 45.8 id,  0.0 wa,  0.0 hi,  0.0 si,  0.0 st
MiB Mem :   3844.2 total,    183.4 free,    556.5 used,   3104.2 buff/cache
MiB Swap:   3980.0 total,   3975.9 free,      4.1 used.   3005.9 avail Mem 

    PID USER      PR  NI    VIRT    RES    SHR S  %CPU  %MEM     TIME+ COMMAND
    937 www-data  20   0   26028  20328   4156 R 100.0   0.5  39:00.76 nginx

top - 14:19:56 up 9 days, 22:33,  1 user,  load average: 0.81, 0.61, 0.42
Tasks: 210 total,   2 running, 208 sleeping,   0 stopped,   0 zombie
%Cpu(s): 40.7 us,  4.6 sy,  0.0 ni, 53.7 id,  0.0 wa,  0.0 hi,  0.9 si,  0.0 st
MiB Mem :   3844.2 total,    183.4 free,    556.5 used,   3104.2 buff/cache
MiB Swap:   3980.0 total,   3975.9 free,      4.1 used.   3005.9 avail Mem 

    PID USER      PR  NI    VIRT    RES    SHR S  %CPU  %MEM     TIME+ COMMAND
    937 www-data  20   0   26028  20328   4156 R  83.3   0.5  39:01.21 nginx

top - 14:19:57 up 9 days, 22:33,  1 user,  load average: 0.81, 0.61, 0.42
Tasks: 210 total,   2 running, 208 sleeping,   0 stopped,   0 zombie
%Cpu(s): 40.7 us,  1.9 sy,  0.0 ni, 57.4 id,  0.0 wa,  0.0 hi,  0.0 si,  0.0 st
MiB Mem :   3844.2 total,    183.4 free,    556.5 used,   3104.2 buff/cache
MiB Swap:   3980.0 total,   3975.9 free,      4.1 used.   3005.9 avail Mem 

    PID USER      PR  NI    VIRT    RES    SHR S  %CPU  %MEM     TIME+ COMMAND
    937 www-data  20   0   26028  20328   4156 R  74.5   0.5  39:01.62 nginx

top - 14:19:57 up 9 days, 22:33,  1 user,  load average: 0.81, 0.61, 0.42
Tasks: 210 total,   2 running, 208 sleeping,   0 stopped,   0 zombie
%Cpu(s): 47.7 us,  2.8 sy,  0.0 ni, 49.5 id,  0.0 wa,  0.0 hi,  0.0 si,  0.0 st
MiB Mem :   3844.2 total,    183.4 free,    556.5 used,   3104.2 buff/cache
MiB Swap:   3980.0 total,   3975.9 free,      4.1 used.   3005.9 avail Mem 

    PID USER      PR  NI    VIRT    RES    SHR S  %CPU  %MEM     TIME+ COMMAND
    937 www-data  20   0   26028  20328   4156 R  92.6   0.5  39:02.12 nginx

top - 14:19:58 up 9 days, 22:33,  1 user,  load average: 0.81, 0.61, 0.42
Tasks: 210 total,   2 running, 208 sleeping,   0 stopped,   0 zombie
%Cpu(s): 45.4 us,  2.8 sy,  0.0 ni, 51.9 id,  0.0 wa,  0.0 hi,  0.0 si,  0.0 st
MiB Mem :   3844.2 total,    183.4 free,    556.5 used,   3104.2 buff/cache
MiB Swap:   3980.0 total,   3975.9 free,      4.1 used.   3005.9 avail Mem 

    PID USER      PR  NI    VIRT    RES    SHR S  %CPU  %MEM     TIME+ COMMAND
    937 www-data  20   0   26028  20328   4156 R  90.7   0.5  39:02.61 nginx

top - 14:19:58 up 9 days, 22:33,  1 user,  load average: 0.81, 0.61, 0.42
Tasks: 210 total,   2 running, 208 sleeping,   0 stopped,   0 zombie
%Cpu(s): 41.3 us,  7.3 sy,  2.8 ni, 34.9 id, 12.8 wa,  0.0 hi,  0.9 si,  0.0 st
MiB Mem :   3844.2 total,    183.4 free,    556.5 used,   3104.2 buff/cache
MiB Swap:   3980.0 total,   3975.9 free,      4.1 used.   3005.9 avail Mem 

    PID USER      PR  NI    VIRT    RES    SHR S  %CPU  %MEM     TIME+ COMMAND
    937 www-data  20   0   26028  20328   4156 R  72.2   0.5  39:03.00 nginx

top - 14:19:59 up 9 days, 22:33,  1 user,  load average: 0.83, 0.62, 0.42
Tasks: 208 total,   2 running, 206 sleeping,   0 stopped,   0 zombie
%Cpu(s): 40.6 us,  3.8 sy,  0.0 ni, 55.7 id,  0.0 wa,  0.0 hi,  0.0 si,  0.0 st
MiB Mem :   3844.2 total,    183.4 free,    556.4 used,   3104.3 buff/cache
MiB Swap:   3980.0 total,   3975.9 free,      4.1 used.   3006.0 avail Mem 

    PID USER      PR  NI    VIRT    RES    SHR S  %CPU  %MEM     TIME+ COMMAND
    937 www-data  20   0   26028  20328   4156 R  80.0   0.5  39:03.44 nginx

top - 14:19:59 up 9 days, 22:33,  1 user,  load average: 0.83, 0.62, 0.42
Tasks: 208 total,   2 running, 206 sleeping,   0 stopped,   0 zombie
%Cpu(s): 50.5 us,  1.9 sy,  0.0 ni, 45.6 id,  1.0 wa,  0.0 hi,  1.0 si,  0.0 st
MiB Mem :   3844.2 total,    183.4 free,    556.4 used,   3104.3 buff/cache
MiB Swap:   3980.0 total,   3975.9 free,      4.1 used.   3006.0 avail Mem 

    PID USER      PR  NI    VIRT    RES    SHR S  %CPU  %MEM     TIME+ COMMAND
    937 www-data  20   0   26028  20328   4156 R  98.1   0.5  39:03.97 nginx

top - 14:20:00 up 9 days, 22:33,  1 user,  load average: 0.83, 0.62, 0.42
Tasks: 208 total,   2 running, 206 sleeping,   0 stopped,   0 zombie
%Cpu(s): 47.6 us,  1.0 sy,  0.0 ni, 51.5 id,  0.0 wa,  0.0 hi,  0.0 si,  0.0 st
MiB Mem :   3844.2 total,    183.4 free,    556.4 used,   3104.3 buff/cache
MiB Swap:   3980.0 total,   3975.9 free,      4.1 used.   3006.0 avail Mem 

    PID USER      PR  NI    VIRT    RES    SHR S  %CPU  %MEM     TIME+ COMMAND
    937 www-data  20   0   26028  20328   4156 R  88.5   0.5  39:04.43 nginx

top - 14:20:00 up 9 days, 22:33,  1 user,  load average: 0.83, 0.62, 0.42
Tasks: 208 total,   1 running, 207 sleeping,   0 stopped,   0 zombie
%Cpu(s): 40.0 us,  3.8 sy,  0.0 ni, 56.2 id,  0.0 wa,  0.0 hi,  0.0 si,  0.0 st
MiB Mem :   3844.2 total,    183.4 free,    556.4 used,   3104.3 buff/cache
MiB Swap:   3980.0 total,   3975.9 free,      4.1 used.   3006.0 avail Mem 

    PID USER      PR  NI    VIRT    RES    SHR S  %CPU  %MEM     TIME+ COMMAND
    937 www-data  20   0   26028  20328   4156 S  82.7   0.5  39:04.86 nginx

top - 14:20:01 up 9 days, 22:33,  1 user,  load average: 0.83, 0.62, 0.42
Tasks: 208 total,   3 running, 205 sleeping,   0 stopped,   0 zombie
%Cpu(s): 39.8 us,  2.9 sy,  0.0 ni, 57.3 id,  0.0 wa,  0.0 hi,  0.0 si,  0.0 st
MiB Mem :   3844.2 total,    183.4 free,    556.4 used,   3104.3 buff/cache
MiB Swap:   3980.0 total,   3975.9 free,      4.1 used.   3006.0 avail Mem 

    PID USER      PR  NI    VIRT    RES    SHR S  %CPU  %MEM     TIME+ COMMAND
    937 www-data  20   0   26028  20328   4156 R  75.9   0.5  39:05.27 nginx

top - 14:20:01 up 9 days, 22:33,  1 user,  load average: 0.83, 0.62, 0.42
Tasks: 208 total,   2 running, 206 sleeping,   0 stopped,   0 zombie
%Cpu(s): 47.2 us,  1.9 sy,  0.0 ni, 50.9 id,  0.0 wa,  0.0 hi,  0.0 si,  0.0 st
MiB Mem :   3844.2 total,    183.4 free,    556.4 used,   3104.3 buff/cache
MiB Swap:   3980.0 total,   3975.9 free,      4.1 used.   3006.0 avail Mem 

    PID USER      PR  NI    VIRT    RES    SHR S  %CPU  %MEM     TIME+ COMMAND
    937 www-data  20   0   26028  20328   4156 R  94.2   0.5  39:05.76 nginx

top - 14:20:02 up 9 days, 22:33,  1 user,  load average: 0.83, 0.62, 0.42
Tasks: 208 total,   2 running, 206 sleeping,   0 stopped,   0 zombie
%Cpu(s): 44.4 us,  3.7 sy,  0.0 ni, 51.9 id,  0.0 wa,  0.0 hi,  0.0 si,  0.0 st
MiB Mem :   3844.2 total,    183.4 free,    556.4 used,   3104.3 buff/cache
MiB Swap:   3980.0 total,   3975.9 free,      4.1 used.   3006.0 avail Mem 

    PID USER      PR  NI    VIRT    RES    SHR S  %CPU  %MEM     TIME+ COMMAND
    937 www-data  20   0   26028  20328   4156 R  83.6   0.5  39:06.22 nginx

top - 14:20:03 up 9 days, 22:33,  1 user,  load average: 0.83, 0.62, 0.42
Tasks: 208 total,   1 running, 207 sleeping,   0 stopped,   0 zombie
%Cpu(s): 38.9 us,  2.8 sy,  0.0 ni, 57.4 id,  0.0 wa,  0.0 hi,  0.9 si,  0.0 st
MiB Mem :   3844.2 total,    183.4 free,    556.4 used,   3104.3 buff/cache
MiB Swap:   3980.0 total,   3975.9 free,      4.1 used.   3006.0 avail Mem 

    PID USER      PR  NI    VIRT    RES    SHR S  %CPU  %MEM     TIME+ COMMAND
    937 www-data  20   0   26028  20328   4156 S  77.8   0.5  39:06.64 nginx

top - 14:20:03 up 9 days, 22:33,  1 user,  load average: 0.83, 0.62, 0.42
Tasks: 208 total,   3 running, 205 sleeping,   0 stopped,   0 zombie
%Cpu(s): 42.6 us,  8.3 sy,  0.9 ni, 37.0 id, 11.1 wa,  0.0 hi,  0.0 si,  0.0 st
MiB Mem :   3844.2 total,    183.4 free,    556.4 used,   3104.3 buff/cache
MiB Swap:   3980.0 total,   3975.9 free,      4.1 used.   3006.0 avail Mem 

    PID USER      PR  NI    VIRT    RES    SHR S  %CPU  %MEM     TIME+ COMMAND
    937 www-data  20   0   26028  20328   4156 R  79.6   0.5  39:07.07 nginx

top - 14:20:04 up 9 days, 22:33,  1 user,  load average: 0.84, 0.62, 0.43
Tasks: 210 total,   2 running, 208 sleeping,   0 stopped,   0 zombie
%Cpu(s): 54.2 us,  8.4 sy,  9.3 ni, 28.0 id,  0.0 wa,  0.0 hi,  0.0 si,  0.0 st
MiB Mem :   3844.2 total,    183.4 free,    556.4 used,   3104.3 buff/cache
MiB Swap:   3980.0 total,   3975.9 free,      4.1 used.   3006.0 avail Mem 

    PID USER      PR  NI    VIRT    RES    SHR S  %CPU  %MEM     TIME+ COMMAND
    937 www-data  20   0   26028  20328   4156 R  96.4   0.5  39:07.60 nginx

top - 14:20:04 up 9 days, 22:33,  1 user,  load average: 0.84, 0.62, 0.43
Tasks: 210 total,   3 running, 207 sleeping,   0 stopped,   0 zombie
%Cpu(s): 50.9 us,  2.8 sy,  0.0 ni, 46.3 id,  0.0 wa,  0.0 hi,  0.0 si,  0.0 st
MiB Mem :   3844.2 total,    183.4 free,    556.4 used,   3104.3 buff/cache
MiB Swap:   3980.0 total,   3975.9 free,      4.1 used.   3006.0 avail Mem 

    PID USER      PR  NI    VIRT    RES    SHR S  %CPU  %MEM     TIME+ COMMAND
    937 www-data  20   0   26028  20328   4156 R  98.1   0.5  39:08.13 nginx

top - 14:20:05 up 9 days, 22:33,  1 user,  load average: 0.84, 0.62, 0.43
Tasks: 210 total,   1 running, 209 sleeping,   0 stopped,   0 zombie
%Cpu(s): 34.0 us,  1.9 sy,  0.0 ni, 64.2 id,  0.0 wa,  0.0 hi,  0.0 si,  0.0 st
MiB Mem :   3844.2 total,    183.4 free,    556.4 used,   3104.4 buff/cache
MiB Swap:   3980.0 total,   3975.9 free,      4.1 used.   3006.0 avail Mem 

    PID USER      PR  NI    VIRT    RES    SHR S  %CPU  %MEM     TIME+ COMMAND
    937 www-data  20   0   26028  20328   4156 S  67.3   0.5  39:08.50 nginx

top - 14:20:05 up 9 days, 22:33,  1 user,  load average: 0.84, 0.62, 0.43
Tasks: 210 total,   2 running, 208 sleeping,   0 stopped,   0 zombie
%Cpu(s): 43.1 us,  2.8 sy,  0.0 ni, 54.1 id,  0.0 wa,  0.0 hi,  0.0 si,  0.0 st
MiB Mem :   3844.2 total,    183.4 free,    556.4 used,   3104.4 buff/cache
MiB Swap:   3980.0 total,   3975.9 free,      4.1 used.   3006.0 avail Mem 

    PID USER      PR  NI    VIRT    RES    SHR S  %CPU  %MEM     TIME+ COMMAND
    937 www-data  20   0   26028  20328   4156 R  75.9   0.5  39:08.91 nginx

top - 14:20:06 up 9 days, 22:33,  1 user,  load average: 0.84, 0.62, 0.43
Tasks: 210 total,   2 running, 208 sleeping,   0 stopped,   0 zombie
%Cpu(s): 50.0 us,  4.6 sy,  0.0 ni, 45.4 id,  0.0 wa,  0.0 hi,  0.0 si,  0.0 st
MiB Mem :   3844.2 total,    183.4 free,    556.4 used,   3104.4 buff/cache
MiB Swap:   3980.0 total,   3975.9 free,      4.1 used.   3006.0 avail Mem 

    PID USER      PR  NI    VIRT    RES    SHR S  %CPU  %MEM     TIME+ COMMAND
    937 www-data  20   0   26028  20328   4156 R 100.0   0.5  39:09.46 nginx

top - 14:20:06 up 9 days, 22:33,  1 user,  load average: 0.84, 0.62, 0.43
Tasks: 210 total,   2 running, 208 sleeping,   0 stopped,   0 zombie
%Cpu(s): 50.9 us,  2.8 sy,  0.0 ni, 46.2 id,  0.0 wa,  0.0 hi,  0.0 si,  0.0 st
MiB Mem :   3844.2 total,    183.4 free,    556.4 used,   3104.4 buff/cache
MiB Swap:   3980.0 total,   3975.9 free,      4.1 used.   3006.0 avail Mem 

    PID USER      PR  NI    VIRT    RES    SHR S  %CPU  %MEM     TIME+ COMMAND
    937 www-data  20   0   26028  20328   4156 R 100.0   0.5  39:10.00 nginx

top - 14:20:07 up 9 days, 22:33,  1 user,  load average: 0.84, 0.62, 0.43
Tasks: 210 total,   2 running, 208 sleeping,   0 stopped,   0 zombie
%Cpu(s): 42.1 us,  3.7 sy,  0.0 ni, 54.2 id,  0.0 wa,  0.0 hi,  0.0 si,  0.0 st
MiB Mem :   3844.2 total,    183.4 free,    556.4 used,   3104.4 buff/cache
MiB Swap:   3980.0 total,   3975.9 free,      4.1 used.   3006.0 avail Mem 

    PID USER      PR  NI    VIRT    RES    SHR S  %CPU  %MEM     TIME+ COMMAND
    937 www-data  20   0   26028  20328   4156 R  81.8   0.5  39:10.45 nginx

top - 14:20:07 up 9 days, 22:33,  1 user,  load average: 0.84, 0.62, 0.43
Tasks: 210 total,   1 running, 209 sleeping,   0 stopped,   0 zombie
%Cpu(s): 38.7 us,  2.8 sy,  0.0 ni, 58.5 id,  0.0 wa,  0.0 hi,  0.0 si,  0.0 st
MiB Mem :   3844.2 total,    183.4 free,    556.4 used,   3104.4 buff/cache
MiB Swap:   3980.0 total,   3975.9 free,      4.1 used.   3006.0 avail Mem 

    PID USER      PR  NI    VIRT    RES    SHR S  %CPU  %MEM     TIME+ COMMAND
    937 www-data  20   0   26028  20328   4156 S  79.6   0.5  39:10.88 nginx

top - 14:20:08 up 9 days, 22:33,  1 user,  load average: 0.84, 0.62, 0.43
Tasks: 213 total,   3 running, 210 sleeping,   0 stopped,   0 zombie
%Cpu(s): 46.2 us,  2.9 sy,  0.0 ni, 51.0 id,  0.0 wa,  0.0 hi,  0.0 si,  0.0 st
MiB Mem :   3844.2 total,    183.4 free,    556.3 used,   3104.4 buff/cache
MiB Swap:   3980.0 total,   3975.9 free,      4.1 used.   3006.1 avail Mem 

    PID USER      PR  NI    VIRT    RES    SHR S  %CPU  %MEM     TIME+ COMMAND
    937 www-data  20   0   26028  20328   4156 R  81.8   0.5  39:11.33 nginx

top - 14:20:09 up 9 days, 22:33,  1 user,  load average: 0.84, 0.62, 0.43
Tasks: 210 total,   2 running, 208 sleeping,   0 stopped,   0 zombie
%Cpu(s): 47.2 us,  5.6 sy,  1.9 ni, 31.5 id, 13.0 wa,  0.0 hi,  0.9 si,  0.0 st
MiB Mem :   3844.2 total,    183.4 free,    556.3 used,   3104.4 buff/cache
MiB Swap:   3980.0 total,   3975.9 free,      4.1 used.   3006.1 avail Mem 

    PID USER      PR  NI    VIRT    RES    SHR S  %CPU  %MEM     TIME+ COMMAND
    937 www-data  20   0   26028  20328   4156 R  96.2   0.5  39:11.83 nginx

top - 14:20:09 up 9 days, 22:33,  1 user,  load average: 0.78, 0.61, 0.42
Tasks: 210 total,   2 running, 208 sleeping,   0 stopped,   0 zombie
%Cpu(s): 47.7 us,  1.9 sy,  0.0 ni, 50.5 id,  0.0 wa,  0.0 hi,  0.0 si,  0.0 st
MiB Mem :   3844.2 total,    183.4 free,    556.3 used,   3104.4 buff/cache
MiB Swap:   3980.0 total,   3975.9 free,      4.1 used.   3006.1 avail Mem 

    PID USER      PR  NI    VIRT    RES    SHR S  %CPU  %MEM     TIME+ COMMAND
    937 www-data  20   0   26028  20328   4156 R  87.3   0.5  39:12.31 nginx

top - 14:20:10 up 9 days, 22:33,  1 user,  load average: 0.78, 0.61, 0.42
Tasks: 210 total,   1 running, 209 sleeping,   0 stopped,   0 zombie
%Cpu(s): 42.1 us,  4.7 sy,  0.0 ni, 53.3 id,  0.0 wa,  0.0 hi,  0.0 si,  0.0 st
MiB Mem :   3844.2 total,    183.4 free,    556.3 used,   3104.4 buff/cache
MiB Swap:   3980.0 total,   3975.9 free,      4.1 used.   3006.1 avail Mem 

    PID USER      PR  NI    VIRT    RES    SHR S  %CPU  %MEM     TIME+ COMMAND
    937 www-data  20   0   26028  20328   4156 S  85.2   0.5  39:12.77 nginx

top - 14:20:10 up 9 days, 22:33,  1 user,  load average: 0.78, 0.61, 0.42
Tasks: 210 total,   2 running, 208 sleeping,   0 stopped,   0 zombie
%Cpu(s): 35.8 us,  3.7 sy,  0.0 ni, 59.6 id,  0.0 wa,  0.0 hi,  0.9 si,  0.0 st
MiB Mem :   3844.2 total,    183.4 free,    556.3 used,   3104.4 buff/cache
MiB Swap:   3980.0 total,   3975.9 free,      4.1 used.   3006.1 avail Mem 

    PID USER      PR  NI    VIRT    RES    SHR S  %CPU  %MEM     TIME+ COMMAND
    937 www-data  20   0   26028  20328   4156 R  68.5   0.5  39:13.14 nginx

top - 14:20:11 up 9 days, 22:33,  1 user,  load average: 0.78, 0.61, 0.42
Tasks: 210 total,   2 running, 208 sleeping,   0 stopped,   0 zombie
%Cpu(s): 48.6 us,  3.7 sy,  0.0 ni, 47.7 id,  0.0 wa,  0.0 hi,  0.0 si,  0.0 st
MiB Mem :   3844.2 total,    183.2 free,    556.6 used,   3104.4 buff/cache
MiB Swap:   3980.0 total,   3975.9 free,      4.1 used.   3005.8 avail Mem 

    PID USER      PR  NI    VIRT    RES    SHR S  %CPU  %MEM     TIME+ COMMAND
    937 www-data  20   0   26028  20328   4156 R  96.4   0.5  39:13.67 nginx

top - 14:20:11 up 9 days, 22:33,  1 user,  load average: 0.78, 0.61, 0.42
Tasks: 210 total,   2 running, 208 sleeping,   0 stopped,   0 zombie
%Cpu(s): 46.7 us,  1.9 sy,  0.0 ni, 51.4 id,  0.0 wa,  0.0 hi,  0.0 si,  0.0 st
MiB Mem :   3844.2 total,    183.2 free,    556.6 used,   3104.4 buff/cache
MiB Swap:   3980.0 total,   3975.9 free,      4.1 used.   3005.8 avail Mem 

    PID USER      PR  NI    VIRT    RES    SHR S  %CPU  %MEM     TIME+ COMMAND
    937 www-data  20   0   26028  20328   4156 R  87.0   0.5  39:14.14 nginx

top - 14:20:12 up 9 days, 22:33,  1 user,  load average: 0.78, 0.61, 0.42
Tasks: 210 total,   2 running, 208 sleeping,   0 stopped,   0 zombie
%Cpu(s): 42.7 us,  1.9 sy,  0.0 ni, 55.3 id,  0.0 wa,  0.0 hi,  0.0 si,  0.0 st
MiB Mem :   3844.2 total,    183.2 free,    556.6 used,   3104.4 buff/cache
MiB Swap:   3980.0 total,   3975.9 free,      4.1 used.   3005.8 avail Mem 

    PID USER      PR  NI    VIRT    RES    SHR S  %CPU  %MEM     TIME+ COMMAND
    937 www-data  20   0   26028  20328   4156 R  79.6   0.5  39:14.57 nginx

top - 14:20:12 up 9 days, 22:33,  1 user,  load average: 0.78, 0.61, 0.42
Tasks: 210 total,   2 running, 208 sleeping,   0 stopped,   0 zombie
%Cpu(s): 44.4 us,  3.7 sy,  0.0 ni, 50.9 id,  0.0 wa,  0.0 hi,  0.9 si,  0.0 st
MiB Mem :   3844.2 total,    183.2 free,    556.6 used,   3104.4 buff/cache
MiB Swap:   3980.0 total,   3975.9 free,      4.1 used.   3005.8 avail Mem 

    PID USER      PR  NI    VIRT    RES    SHR S  %CPU  %MEM     TIME+ COMMAND
    937 www-data  20   0   26028  20328   4156 R  90.4   0.5  39:15.04 nginx

top - 14:20:13 up 9 days, 22:33,  1 user,  load average: 0.78, 0.61, 0.42
Tasks: 210 total,   1 running, 209 sleeping,   0 stopped,   0 zombie
%Cpu(s): 43.0 us,  2.8 sy,  0.0 ni, 54.2 id,  0.0 wa,  0.0 hi,  0.0 si,  0.0 st
MiB Mem :   3844.2 total,    183.2 free,    556.6 used,   3104.4 buff/cache
MiB Swap:   3980.0 total,   3975.9 free,      4.1 used.   3005.8 avail Mem 

    PID USER      PR  NI    VIRT    RES    SHR S  %CPU  %MEM     TIME+ COMMAND
    937 www-data  20   0   26028  20328   4156 S  81.5   0.5  39:15.48 nginx

top - 14:20:13 up 9 days, 22:33,  1 user,  load average: 0.78, 0.61, 0.42
Tasks: 210 total,   3 running, 207 sleeping,   0 stopped,   0 zombie
%Cpu(s): 42.5 us,  9.4 sy,  1.9 ni, 34.9 id, 11.3 wa,  0.0 hi,  0.0 si,  0.0 st
MiB Mem :   3844.2 total,    183.2 free,    556.6 used,   3104.4 buff/cache
MiB Swap:   3980.0 total,   3975.9 free,      4.1 used.   3005.8 avail Mem 

    PID USER      PR  NI    VIRT    RES    SHR S  %CPU  %MEM     TIME+ COMMAND
    937 www-data  20   0   26028  20328   4156 R  79.6   0.5  39:15.91 nginx

top - 14:20:14 up 9 days, 22:33,  1 user,  load average: 0.79, 0.62, 0.43
Tasks: 209 total,   2 running, 207 sleeping,   0 stopped,   0 zombie
%Cpu(s): 49.0 us,  2.9 sy,  1.9 ni, 46.2 id,  0.0 wa,  0.0 hi,  0.0 si,  0.0 st
MiB Mem :   3844.2 total,    183.2 free,    556.5 used,   3104.4 buff/cache
MiB Swap:   3980.0 total,   3975.9 free,      4.1 used.   3005.9 avail Mem 

    PID USER      PR  NI    VIRT    RES    SHR S  %CPU  %MEM     TIME+ COMMAND
    937 www-data  20   0   26028  20328   4156 R  92.7   0.5  39:16.42 nginx

top - 14:20:14 up 9 days, 22:33,  1 user,  load average: 0.79, 0.62, 0.43
Tasks: 209 total,   2 running, 207 sleeping,   0 stopped,   0 zombie
%Cpu(s): 44.0 us,  3.7 sy,  0.0 ni, 51.4 id,  0.0 wa,  0.0 hi,  0.9 si,  0.0 st
MiB Mem :   3844.2 total,    183.2 free,    556.5 used,   3104.4 buff/cache
MiB Swap:   3980.0 total,   3975.9 free,      4.1 used.   3005.9 avail Mem 

    PID USER      PR  NI    VIRT    RES    SHR S  %CPU  %MEM     TIME+ COMMAND
    937 www-data  20   0   26028  20328   4156 R  90.4   0.5  39:16.89 nginx

top - 14:20:15 up 9 days, 22:33,  1 user,  load average: 0.79, 0.62, 0.43
Tasks: 209 total,   2 running, 207 sleeping,   0 stopped,   0 zombie
%Cpu(s): 41.5 us,  3.8 sy,  0.0 ni, 53.8 id,  0.0 wa,  0.0 hi,  0.9 si,  0.0 st
MiB Mem :   3844.2 total,    183.2 free,    556.5 used,   3104.4 buff/cache
MiB Swap:   3980.0 total,   3975.9 free,      4.1 used.   3005.9 avail Mem 

    PID USER      PR  NI    VIRT    RES    SHR S  %CPU  %MEM     TIME+ COMMAND
    937 www-data  20   0   26028  20328   4156 R  81.5   0.5  39:17.33 nginx

top - 14:20:16 up 9 days, 22:33,  1 user,  load average: 0.79, 0.62, 0.43
Tasks: 208 total,   2 running, 206 sleeping,   0 stopped,   0 zombie
%Cpu(s): 35.2 us,  2.8 sy,  0.0 ni, 61.1 id,  0.0 wa,  0.0 hi,  0.9 si,  0.0 st
MiB Mem :   3844.2 total,    183.2 free,    556.5 used,   3104.4 buff/cache
MiB Swap:   3980.0 total,   3975.9 free,      4.1 used.   3005.9 avail Mem 

    PID USER      PR  NI    VIRT    RES    SHR S  %CPU  %MEM     TIME+ COMMAND
    937 www-data  20   0   26028  20328   4156 R  65.5   0.5  39:17.69 nginx

top - 14:20:16 up 9 days, 22:33,  1 user,  load average: 0.79, 0.62, 0.43
Tasks: 208 total,   2 running, 206 sleeping,   0 stopped,   0 zombie
%Cpu(s): 50.0 us,  3.8 sy,  0.0 ni, 46.2 id,  0.0 wa,  0.0 hi,  0.0 si,  0.0 st
MiB Mem :   3844.2 total,    183.2 free,    556.5 used,   3104.4 buff/cache
MiB Swap:   3980.0 total,   3975.9 free,      4.1 used.   3005.9 avail Mem 

    PID USER      PR  NI    VIRT    RES    SHR S  %CPU  %MEM     TIME+ COMMAND
    937 www-data  20   0   26028  20328   4156 R 100.0   0.5  39:18.23 nginx

top - 14:20:17 up 9 days, 22:33,  1 user,  load average: 0.79, 0.62, 0.43
Tasks: 208 total,   2 running, 206 sleeping,   0 stopped,   0 zombie
%Cpu(s): 47.2 us,  4.6 sy,  0.0 ni, 47.2 id,  0.0 wa,  0.0 hi,  0.9 si,  0.0 st
MiB Mem :   3844.2 total,    183.2 free,    556.5 used,   3104.5 buff/cache
MiB Swap:   3980.0 total,   3975.9 free,      4.1 used.   3005.9 avail Mem 

    PID USER      PR  NI    VIRT    RES    SHR S  %CPU  %MEM     TIME+ COMMAND
    937 www-data  20   0   26028  20328   4156 R  98.1   0.5  39:18.76 nginx

top - 14:20:17 up 9 days, 22:34,  1 user,  load average: 0.79, 0.62, 0.43
Tasks: 208 total,   2 running, 206 sleeping,   0 stopped,   0 zombie
%Cpu(s): 35.2 us,  2.9 sy,  0.0 ni, 61.0 id,  0.0 wa,  0.0 hi,  1.0 si,  0.0 st
MiB Mem :   3844.2 total,    183.2 free,    556.5 used,   3104.5 buff/cache
MiB Swap:   3980.0 total,   3975.9 free,      4.1 used.   3005.9 avail Mem 

    PID USER      PR  NI    VIRT    RES    SHR S  %CPU  %MEM     TIME+ COMMAND
    937 www-data  20   0   26028  20328   4156 R  72.2   0.5  39:19.15 nginx

top - 14:20:18 up 9 days, 22:34,  1 user,  load average: 0.79, 0.62, 0.43
Tasks: 208 total,   2 running, 206 sleeping,   0 stopped,   0 zombie
%Cpu(s): 41.0 us,  1.0 sy,  0.0 ni, 58.0 id,  0.0 wa,  0.0 hi,  0.0 si,  0.0 st
MiB Mem :   3844.2 total,    183.2 free,    556.5 used,   3104.5 buff/cache
MiB Swap:   3980.0 total,   3975.9 free,      4.1 used.   3005.9 avail Mem 

    PID USER      PR  NI    VIRT    RES    SHR S  %CPU  %MEM     TIME+ COMMAND
    937 www-data  20   0   26028  20328   4156 R  81.1   0.5  39:19.58 nginx

top - 14:20:18 up 9 days, 22:34,  1 user,  load average: 0.79, 0.62, 0.43
Tasks: 208 total,   2 running, 206 sleeping,   0 stopped,   0 zombie
%Cpu(s): 47.6 us,  7.6 sy,  0.0 ni, 44.8 id,  0.0 wa,  0.0 hi,  0.0 si,  0.0 st
MiB Mem :   3844.2 total,    183.2 free,    556.5 used,   3104.5 buff/cache
MiB Swap:   3980.0 total,   3975.9 free,      4.1 used.   3005.9 avail Mem 

    PID USER      PR  NI    VIRT    RES    SHR S  %CPU  %MEM     TIME+ COMMAND
    937 www-data  20   0   26028  20328   4156 R  90.4   0.5  39:20.05 nginx

top - 14:20:19 up 9 days, 22:34,  1 user,  load average: 0.89, 0.64, 0.44
Tasks: 209 total,   2 running, 207 sleeping,   0 stopped,   0 zombie
%Cpu(s): 51.4 us,  9.2 sy, 11.0 ni, 27.5 id,  0.9 wa,  0.0 hi,  0.0 si,  0.0 st
MiB Mem :   3844.2 total,    183.2 free,    556.5 used,   3104.5 buff/cache
MiB Swap:   3980.0 total,   3975.9 free,      4.1 used.   3005.9 avail Mem 

    PID USER      PR  NI    VIRT    RES    SHR S  %CPU  %MEM     TIME+ COMMAND
    937 www-data  20   0   26028  20328   4156 R  87.0   0.5  39:20.52 nginx

top - 14:20:19 up 9 days, 22:34,  1 user,  load average: 0.89, 0.64, 0.44
Tasks: 209 total,   2 running, 207 sleeping,   0 stopped,   0 zombie
%Cpu(s): 38.7 us,  1.9 sy,  0.0 ni, 59.4 id,  0.0 wa,  0.0 hi,  0.0 si,  0.0 st
MiB Mem :   3844.2 total,    183.2 free,    556.5 used,   3104.5 buff/cache
MiB Swap:   3980.0 total,   3975.9 free,      4.1 used.   3005.9 avail Mem 

    PID USER      PR  NI    VIRT    RES    SHR S  %CPU  %MEM     TIME+ COMMAND
    937 www-data  20   0   26028  20328   4156 R  75.9   0.5  39:20.93 nginx

top - 14:20:20 up 9 days, 22:34,  1 user,  load average: 0.89, 0.64, 0.44
Tasks: 209 total,   2 running, 207 sleeping,   0 stopped,   0 zombie
%Cpu(s): 43.4 us,  3.8 sy,  0.0 ni, 51.9 id,  0.0 wa,  0.0 hi,  0.9 si,  0.0 st
MiB Mem :   3844.2 total,    177.1 free,    562.6 used,   3104.5 buff/cache
MiB Swap:   3980.0 total,   3975.9 free,      4.1 used.   2999.8 avail Mem 

    PID USER      PR  NI    VIRT    RES    SHR S  %CPU  %MEM     TIME+ COMMAND
    937 www-data  20   0   26028  20328   4156 R  83.6   0.5  39:21.39 nginx

top - 14:20:20 up 9 days, 22:34,  1 user,  load average: 0.89, 0.64, 0.44
Tasks: 209 total,   2 running, 207 sleeping,   0 stopped,   0 zombie
%Cpu(s): 43.9 us,  3.7 sy,  0.0 ni, 52.3 id,  0.0 wa,  0.0 hi,  0.0 si,  0.0 st
MiB Mem :   3844.2 total,    177.1 free,    562.6 used,   3104.5 buff/cache
MiB Swap:   3980.0 total,   3975.9 free,      4.1 used.   2999.8 avail Mem 

    PID USER      PR  NI    VIRT    RES    SHR S  %CPU  %MEM     TIME+ COMMAND
    937 www-data  20   0   26028  20328   4156 R  85.2   0.5  39:21.85 nginx

top - 14:20:21 up 9 days, 22:34,  1 user,  load average: 0.89, 0.64, 0.44
Tasks: 209 total,   2 running, 207 sleeping,   0 stopped,   0 zombie
%Cpu(s): 41.7 us,  4.6 sy,  0.0 ni, 52.8 id,  0.0 wa,  0.0 hi,  0.9 si,  0.0 st
MiB Mem :   3844.2 total,    177.1 free,    562.6 used,   3104.5 buff/cache
MiB Swap:   3980.0 total,   3975.9 free,      4.1 used.   2999.8 avail Mem 

    PID USER      PR  NI    VIRT    RES    SHR S  %CPU  %MEM     TIME+ COMMAND
    937 www-data  20   0   26028  20328   4156 R  85.2   0.5  39:22.31 nginx

top - 14:20:21 up 9 days, 22:34,  1 user,  load average: 0.89, 0.64, 0.44
Tasks: 209 total,   2 running, 207 sleeping,   0 stopped,   0 zombie
%Cpu(s): 43.9 us,  4.7 sy,  0.0 ni, 51.4 id,  0.0 wa,  0.0 hi,  0.0 si,  0.0 st
MiB Mem :   3844.2 total,    177.1 free,    562.6 used,   3104.5 buff/cache
MiB Swap:   3980.0 total,   3975.9 free,      4.1 used.   2999.8 avail Mem 

    PID USER      PR  NI    VIRT    RES    SHR S  %CPU  %MEM     TIME+ COMMAND
    937 www-data  20   0   26028  20328   4156 R  85.5   0.5  39:22.78 nginx

top - 14:20:22 up 9 days, 22:34,  1 user,  load average: 0.89, 0.64, 0.44
Tasks: 209 total,   2 running, 207 sleeping,   0 stopped,   0 zombie
%Cpu(s): 38.3 us,  1.9 sy,  0.0 ni, 59.8 id,  0.0 wa,  0.0 hi,  0.0 si,  0.0 st
MiB Mem :   3844.2 total,    177.1 free,    562.6 used,   3104.5 buff/cache
MiB Swap:   3980.0 total,   3975.9 free,      4.1 used.   2999.8 avail Mem 

    PID USER      PR  NI    VIRT    RES    SHR S  %CPU  %MEM     TIME+ COMMAND
    937 www-data  20   0   26028  20328   4156 R  74.1   0.5  39:23.18 nginx

top - 14:20:23 up 9 days, 22:34,  1 user,  load average: 0.89, 0.64, 0.44
Tasks: 209 total,   2 running, 207 sleeping,   0 stopped,   0 zombie
%Cpu(s): 42.1 us,  2.8 sy,  0.0 ni, 55.1 id,  0.0 wa,  0.0 hi,  0.0 si,  0.0 st
MiB Mem :   3844.2 total,    177.1 free,    562.5 used,   3104.6 buff/cache
MiB Swap:   3980.0 total,   3975.9 free,      4.1 used.   2999.9 avail Mem 

    PID USER      PR  NI    VIRT    RES    SHR S  %CPU  %MEM     TIME+ COMMAND
    937 www-data  20   0   26028  20328   4156 R  77.8   0.5  39:23.60 nginx

top - 14:20:23 up 9 days, 22:34,  1 user,  load average: 0.89, 0.64, 0.44
Tasks: 209 total,   2 running, 207 sleeping,   0 stopped,   0 zombie
%Cpu(s): 46.3 us,  4.6 sy,  0.0 ni, 48.1 id,  0.0 wa,  0.0 hi,  0.9 si,  0.0 st
MiB Mem :   3844.2 total,    177.1 free,    562.5 used,   3104.6 buff/cache
MiB Swap:   3980.0 total,   3975.9 free,      4.1 used.   2999.9 avail Mem 

    PID USER      PR  NI    VIRT    RES    SHR S  %CPU  %MEM     TIME+ COMMAND
    937 www-data  20   0   26028  20328   4156 R  90.9   0.5  39:24.10 nginx

top - 14:20:24 up 9 days, 22:34,  1 user,  load average: 0.90, 0.65, 0.44
Tasks: 209 total,   2 running, 207 sleeping,   0 stopped,   0 zombie
%Cpu(s): 40.8 us,  6.1 sy,  0.0 ni, 38.8 id, 14.3 wa,  0.0 hi,  0.0 si,  0.0 st
MiB Mem :   3844.2 total,    177.1 free,    562.5 used,   3104.6 buff/cache
MiB Swap:   3980.0 total,   3975.9 free,      4.1 used.   2999.9 avail Mem 

    PID USER      PR  NI    VIRT    RES    SHR S  %CPU  %MEM     TIME+ COMMAND
    937 www-data  20   0   26028  20328   4156 R  74.1   0.5  39:24.50 nginx

top - 14:20:24 up 9 days, 22:34,  1 user,  load average: 0.90, 0.65, 0.44
Tasks: 209 total,   2 running, 207 sleeping,   0 stopped,   0 zombie
%Cpu(s): 42.2 us,  2.0 sy,  0.0 ni, 54.9 id,  0.0 wa,  0.0 hi,  1.0 si,  0.0 st
MiB Mem :   3844.2 total,    177.1 free,    562.5 used,   3104.6 buff/cache
MiB Swap:   3980.0 total,   3975.9 free,      4.1 used.   2999.9 avail Mem 

    PID USER      PR  NI    VIRT    RES    SHR S  %CPU  %MEM     TIME+ COMMAND
    937 www-data  20   0   26028  20328   4156 R  84.6   0.5  39:24.94 nginx
