top - 14:58:19 up 9 days, 23:12,  1 user,  load average: 0.16, 0.23, 0.32
Tasks: 204 total,   1 running, 203 sleeping,   0 stopped,   0 zombie
%Cpu(s):  2.6 us, 10.3 sy,  0.0 ni, 87.2 id,  0.0 wa,  0.0 hi,  0.0 si,  0.0 st
MiB Mem :   3844.2 total,    169.0 free,    561.2 used,   3113.9 buff/cache
MiB Swap:   3980.0 total,   3975.9 free,      4.1 used.   3001.2 avail Mem 

    PID USER      PR  NI    VIRT    RES    SHR S  %CPU  %MEM     TIME+ COMMAND
    937 www-data  20   0   26028  20328   4156 S   0.0   0.5  48:45.27 nginx

top - 14:58:19 up 9 days, 23:12,  1 user,  load average: 0.16, 0.23, 0.32
Tasks: 204 total,   1 running, 203 sleeping,   0 stopped,   0 zombie
%Cpu(s):  0.0 us,  1.9 sy,  0.0 ni, 98.1 id,  0.0 wa,  0.0 hi,  0.0 si,  0.0 st
MiB Mem :   3844.2 total,    169.0 free,    561.2 used,   3113.9 buff/cache
MiB Swap:   3980.0 total,   3975.9 free,      4.1 used.   3001.2 avail Mem 

    PID USER      PR  NI    VIRT    RES    SHR S  %CPU  %MEM     TIME+ COMMAND
    937 www-data  20   0   26028  20328   4156 S   0.0   0.5  48:45.27 nginx

top - 14:58:20 up 9 days, 23:12,  1 user,  load average: 0.16, 0.23, 0.32
Tasks: 204 total,   2 running, 202 sleeping,   0 stopped,   0 zombie
%Cpu(s):  1.0 us,  1.9 sy,  0.0 ni, 97.1 id,  0.0 wa,  0.0 hi,  0.0 si,  0.0 st
MiB Mem :   3844.2 total,    169.0 free,    561.2 used,   3113.9 buff/cache
MiB Swap:   3980.0 total,   3975.9 free,      4.1 used.   3001.2 avail Mem 

    PID USER      PR  NI    VIRT    RES    SHR S  %CPU  %MEM     TIME+ COMMAND
    937 www-data  20   0   26028  20328   4156 S   0.0   0.5  48:45.27 nginx

top - 14:58:20 up 9 days, 23:12,  1 user,  load average: 0.16, 0.23, 0.32
Tasks: 204 total,   1 running, 203 sleeping,   0 stopped,   0 zombie
%Cpu(s):  0.9 us,  1.9 sy,  0.0 ni, 97.2 id,  0.0 wa,  0.0 hi,  0.0 si,  0.0 st
MiB Mem :   3844.2 total,    169.0 free,    561.2 used,   3113.9 buff/cache
MiB Swap:   3980.0 total,   3975.9 free,      4.1 used.   3001.2 avail Mem 

    PID USER      PR  NI    VIRT    RES    SHR S  %CPU  %MEM     TIME+ COMMAND
    937 www-data  20   0   26028  20328   4156 S   0.0   0.5  48:45.27 nginx

top - 14:58:21 up 9 days, 23:12,  1 user,  load average: 0.15, 0.23, 0.32
Tasks: 204 total,   1 running, 203 sleeping,   0 stopped,   0 zombie
%Cpu(s):  0.0 us,  3.8 sy,  0.0 ni, 96.2 id,  0.0 wa,  0.0 hi,  0.0 si,  0.0 st
MiB Mem :   3844.2 total,    169.0 free,    561.2 used,   3113.9 buff/cache
MiB Swap:   3980.0 total,   3975.9 free,      4.1 used.   3001.2 avail Mem 

    PID USER      PR  NI    VIRT    RES    SHR S  %CPU  %MEM     TIME+ COMMAND
    937 www-data  20   0   26028  20328   4156 S   0.0   0.5  48:45.27 nginx

top - 14:58:21 up 9 days, 23:12,  1 user,  load average: 0.15, 0.23, 0.32
Tasks: 204 total,   1 running, 203 sleeping,   0 stopped,   0 zombie
%Cpu(s):  1.9 us,  3.8 sy,  0.0 ni, 94.3 id,  0.0 wa,  0.0 hi,  0.0 si,  0.0 st
MiB Mem :   3844.2 total,    169.0 free,    561.2 used,   3113.9 buff/cache
MiB Swap:   3980.0 total,   3975.9 free,      4.1 used.   3001.2 avail Mem 

    PID USER      PR  NI    VIRT    RES    SHR S  %CPU  %MEM     TIME+ COMMAND
    937 www-data  20   0   26028  20328   4156 S   0.0   0.5  48:45.27 nginx

top - 14:58:22 up 9 days, 23:12,  1 user,  load average: 0.15, 0.23, 0.32
Tasks: 204 total,   1 running, 203 sleeping,   0 stopped,   0 zombie
%Cpu(s):  1.9 us,  3.8 sy,  2.9 ni, 74.3 id, 17.1 wa,  0.0 hi,  0.0 si,  0.0 st
MiB Mem :   3844.2 total,    167.8 free,    562.4 used,   3113.9 buff/cache
MiB Swap:   3980.0 total,   3975.9 free,      4.1 used.   3000.0 avail Mem 

    PID USER      PR  NI    VIRT    RES    SHR S  %CPU  %MEM     TIME+ COMMAND
    937 www-data  20   0   26028  20328   4156 S   0.0   0.5  48:45.27 nginx

top - 14:58:22 up 9 days, 23:12,  1 user,  load average: 0.15, 0.23, 0.32
Tasks: 204 total,   1 running, 203 sleeping,   0 stopped,   0 zombie
%Cpu(s):  0.9 us,  2.8 sy,  0.0 ni, 96.2 id,  0.0 wa,  0.0 hi,  0.0 si,  0.0 st
MiB Mem :   3844.2 total,    167.8 free,    562.4 used,   3113.9 buff/cache
MiB Swap:   3980.0 total,   3975.9 free,      4.1 used.   3000.0 avail Mem 

    PID USER      PR  NI    VIRT    RES    SHR S  %CPU  %MEM     TIME+ COMMAND
    937 www-data  20   0   26028  20328   4156 S   0.0   0.5  48:45.27 nginx

top - 14:58:23 up 9 days, 23:12,  1 user,  load average: 0.15, 0.23, 0.32
Tasks: 204 total,   2 running, 202 sleeping,   0 stopped,   0 zombie
%Cpu(s):  1.9 us,  1.9 sy,  0.0 ni, 96.3 id,  0.0 wa,  0.0 hi,  0.0 si,  0.0 st
MiB Mem :   3844.2 total,    167.8 free,    562.4 used,   3113.9 buff/cache
MiB Swap:   3980.0 total,   3975.9 free,      4.1 used.   3000.0 avail Mem 

    PID USER      PR  NI    VIRT    RES    SHR S  %CPU  %MEM     TIME+ COMMAND
    937 www-data  20   0   26028  20328   4156 S   0.0   0.5  48:45.27 nginx

top - 14:58:23 up 9 days, 23:12,  1 user,  load average: 0.15, 0.23, 0.32
Tasks: 204 total,   1 running, 203 sleeping,   0 stopped,   0 zombie
%Cpu(s):  0.9 us,  3.7 sy,  0.0 ni, 95.4 id,  0.0 wa,  0.0 hi,  0.0 si,  0.0 st
MiB Mem :   3844.2 total,    167.8 free,    562.4 used,   3113.9 buff/cache
MiB Swap:   3980.0 total,   3975.9 free,      4.1 used.   3000.0 avail Mem 

    PID USER      PR  NI    VIRT    RES    SHR S  %CPU  %MEM     TIME+ COMMAND
    937 www-data  20   0   26028  20328   4156 S   0.0   0.5  48:45.27 nginx

top - 14:58:24 up 9 days, 23:12,  1 user,  load average: 0.15, 0.23, 0.32
Tasks: 204 total,   1 running, 203 sleeping,   0 stopped,   0 zombie
%Cpu(s):  1.9 us,  2.8 sy,  0.0 ni, 95.4 id,  0.0 wa,  0.0 hi,  0.0 si,  0.0 st
MiB Mem :   3844.2 total,    167.8 free,    562.4 used,   3113.9 buff/cache
MiB Swap:   3980.0 total,   3975.9 free,      4.1 used.   3000.0 avail Mem 

    PID USER      PR  NI    VIRT    RES    SHR S  %CPU  %MEM     TIME+ COMMAND
    937 www-data  20   0   26028  20328   4156 S   0.0   0.5  48:45.27 nginx

top - 14:58:24 up 9 days, 23:12,  1 user,  load average: 0.15, 0.23, 0.32
Tasks: 204 total,   1 running, 203 sleeping,   0 stopped,   0 zombie
%Cpu(s):  7.4 us,  3.7 sy,  0.0 ni, 88.9 id,  0.0 wa,  0.0 hi,  0.0 si,  0.0 st
MiB Mem :   3844.2 total,    167.8 free,    562.4 used,   3113.9 buff/cache
MiB Swap:   3980.0 total,   3975.9 free,      4.1 used.   3000.0 avail Mem 

    PID USER      PR  NI    VIRT    RES    SHR S  %CPU  %MEM     TIME+ COMMAND

top - 14:58:25 up 9 days, 23:12,  1 user,  load average: 0.15, 0.23, 0.32
Tasks: 204 total,   1 running, 203 sleeping,   0 stopped,   0 zombie
%Cpu(s):  3.7 us,  0.9 sy,  0.0 ni, 95.3 id,  0.0 wa,  0.0 hi,  0.0 si,  0.0 st
MiB Mem :   3844.2 total,    167.8 free,    562.4 used,   3114.0 buff/cache
MiB Swap:   3980.0 total,   3975.9 free,      4.1 used.   3000.0 avail Mem 

    PID USER      PR  NI    VIRT    RES    SHR S  %CPU  %MEM     TIME+ COMMAND
    937 www-data  20   0   26028  20328   4156 S   0.0   0.5  48:45.34 nginx

top - 14:58:26 up 9 days, 23:12,  1 user,  load average: 0.14, 0.22, 0.32
Tasks: 204 total,   1 running, 203 sleeping,   0 stopped,   0 zombie
%Cpu(s):  0.9 us,  2.8 sy,  0.0 ni, 96.3 id,  0.0 wa,  0.0 hi,  0.0 si,  0.0 st
MiB Mem :   3844.2 total,    167.8 free,    562.4 used,   3114.0 buff/cache
MiB Swap:   3980.0 total,   3975.9 free,      4.1 used.   3000.0 avail Mem 

    PID USER      PR  NI    VIRT    RES    SHR S  %CPU  %MEM     TIME+ COMMAND
    937 www-data  20   0   26028  20328   4156 S   0.0   0.5  48:45.34 nginx

top - 14:58:26 up 9 days, 23:12,  1 user,  load average: 0.14, 0.22, 0.32
Tasks: 204 total,   1 running, 203 sleeping,   0 stopped,   0 zombie
%Cpu(s):  0.9 us,  4.6 sy,  0.0 ni, 94.5 id,  0.0 wa,  0.0 hi,  0.0 si,  0.0 st
MiB Mem :   3844.2 total,    167.8 free,    562.4 used,   3114.0 buff/cache
MiB Swap:   3980.0 total,   3975.9 free,      4.1 used.   3000.0 avail Mem 

    PID USER      PR  NI    VIRT    RES    SHR S  %CPU  %MEM     TIME+ COMMAND
    937 www-data  20   0   26028  20328   4156 S   0.0   0.5  48:45.34 nginx

top - 14:58:27 up 9 days, 23:12,  1 user,  load average: 0.14, 0.22, 0.32
Tasks: 204 total,   2 running, 202 sleeping,   0 stopped,   0 zombie
%Cpu(s):  2.8 us,  7.5 sy,  4.7 ni, 64.5 id, 20.6 wa,  0.0 hi,  0.0 si,  0.0 st
MiB Mem :   3844.2 total,    167.8 free,    562.4 used,   3114.0 buff/cache
MiB Swap:   3980.0 total,   3975.9 free,      4.1 used.   3000.0 avail Mem 

    PID USER      PR  NI    VIRT    RES    SHR S  %CPU  %MEM     TIME+ COMMAND
    937 www-data  20   0   26028  20328   4156 S   0.0   0.5  48:45.34 nginx

top - 14:58:27 up 9 days, 23:12,  1 user,  load average: 0.14, 0.22, 0.32
Tasks: 203 total,   1 running, 202 sleeping,   0 stopped,   0 zombie
%Cpu(s):  1.9 us,  5.6 sy,  0.9 ni, 91.6 id,  0.0 wa,  0.0 hi,  0.0 si,  0.0 st
MiB Mem :   3844.2 total,    167.8 free,    562.4 used,   3114.0 buff/cache
MiB Swap:   3980.0 total,   3975.9 free,      4.1 used.   3000.0 avail Mem 

    PID USER      PR  NI    VIRT    RES    SHR S  %CPU  %MEM     TIME+ COMMAND
    937 www-data  20   0   26028  20328   4156 S   0.0   0.5  48:45.34 nginx

top - 14:58:28 up 9 days, 23:12,  1 user,  load average: 0.14, 0.22, 0.32
Tasks: 203 total,   1 running, 202 sleeping,   0 stopped,   0 zombie
%Cpu(s):  0.9 us,  2.8 sy,  0.0 ni, 96.3 id,  0.0 wa,  0.0 hi,  0.0 si,  0.0 st
MiB Mem :   3844.2 total,    167.8 free,    562.4 used,   3114.0 buff/cache
MiB Swap:   3980.0 total,   3975.9 free,      4.1 used.   3000.0 avail Mem 

    PID USER      PR  NI    VIRT    RES    SHR S  %CPU  %MEM     TIME+ COMMAND
    937 www-data  20   0   26028  20328   4156 S   0.0   0.5  48:45.34 nginx

top - 14:58:28 up 9 days, 23:12,  1 user,  load average: 0.14, 0.22, 0.32
Tasks: 203 total,   1 running, 202 sleeping,   0 stopped,   0 zombie
%Cpu(s):  1.8 us,  3.6 sy,  0.0 ni, 94.5 id,  0.0 wa,  0.0 hi,  0.0 si,  0.0 st
MiB Mem :   3844.2 total,    167.8 free,    562.4 used,   3114.0 buff/cache
MiB Swap:   3980.0 total,   3975.9 free,      4.1 used.   3000.0 avail Mem 

    PID USER      PR  NI    VIRT    RES    SHR S  %CPU  %MEM     TIME+ COMMAND
    937 www-data  20   0   26028  20328   4156 S   0.0   0.5  48:45.34 nginx

top - 14:58:29 up 9 days, 23:12,  1 user,  load average: 0.14, 0.22, 0.32
Tasks: 203 total,   1 running, 202 sleeping,   0 stopped,   0 zombie
%Cpu(s):  0.0 us,  3.7 sy,  0.0 ni, 96.3 id,  0.0 wa,  0.0 hi,  0.0 si,  0.0 st
MiB Mem :   3844.2 total,    167.8 free,    562.4 used,   3114.0 buff/cache
MiB Swap:   3980.0 total,   3975.9 free,      4.1 used.   3000.0 avail Mem 

    PID USER      PR  NI    VIRT    RES    SHR S  %CPU  %MEM     TIME+ COMMAND
    937 www-data  20   0   26028  20328   4156 S   0.0   0.5  48:45.34 nginx

top - 14:58:29 up 9 days, 23:12,  1 user,  load average: 0.14, 0.22, 0.32
Tasks: 203 total,   1 running, 202 sleeping,   0 stopped,   0 zombie
%Cpu(s):  0.9 us,  3.7 sy,  0.0 ni, 95.4 id,  0.0 wa,  0.0 hi,  0.0 si,  0.0 st
MiB Mem :   3844.2 total,    167.8 free,    562.4 used,   3114.0 buff/cache
MiB Swap:   3980.0 total,   3975.9 free,      4.1 used.   3000.0 avail Mem 

    PID USER      PR  NI    VIRT    RES    SHR S  %CPU  %MEM     TIME+ COMMAND
    937 www-data  20   0   26028  20328   4156 S   0.0   0.5  48:45.34 nginx

top - 14:58:30 up 9 days, 23:12,  1 user,  load average: 0.14, 0.22, 0.32
Tasks: 203 total,   1 running, 202 sleeping,   0 stopped,   0 zombie
%Cpu(s):  2.8 us,  0.9 sy,  0.0 ni, 96.3 id,  0.0 wa,  0.0 hi,  0.0 si,  0.0 st
MiB Mem :   3844.2 total,    167.8 free,    562.4 used,   3114.0 buff/cache
MiB Swap:   3980.0 total,   3975.9 free,      4.1 used.   3000.0 avail Mem 

    PID USER      PR  NI    VIRT    RES    SHR S  %CPU  %MEM     TIME+ COMMAND
    937 www-data  20   0   26028  20328   4156 S   0.0   0.5  48:45.34 nginx

top - 14:58:30 up 9 days, 23:12,  1 user,  load average: 0.12, 0.22, 0.32
Tasks: 203 total,   1 running, 202 sleeping,   0 stopped,   0 zombie
%Cpu(s):  0.9 us,  2.8 sy,  0.0 ni, 96.3 id,  0.0 wa,  0.0 hi,  0.0 si,  0.0 st
MiB Mem :   3844.2 total,    167.8 free,    562.4 used,   3114.0 buff/cache
MiB Swap:   3980.0 total,   3975.9 free,      4.1 used.   3000.0 avail Mem 

    PID USER      PR  NI    VIRT    RES    SHR S  %CPU  %MEM     TIME+ COMMAND
    937 www-data  20   0   26028  20328   4156 S   0.0   0.5  48:45.34 nginx

top - 14:58:31 up 9 days, 23:12,  1 user,  load average: 0.12, 0.22, 0.32
Tasks: 203 total,   1 running, 202 sleeping,   0 stopped,   0 zombie
%Cpu(s):  6.5 us,  3.7 sy,  0.0 ni, 89.8 id,  0.0 wa,  0.0 hi,  0.0 si,  0.0 st
MiB Mem :   3844.2 total,    167.8 free,    562.4 used,   3114.0 buff/cache
MiB Swap:   3980.0 total,   3975.9 free,      4.1 used.   3000.0 avail Mem 

    PID USER      PR  NI    VIRT    RES    SHR S  %CPU  %MEM     TIME+ COMMAND

top - 14:58:32 up 9 days, 23:12,  1 user,  load average: 0.12, 0.22, 0.32
Tasks: 203 total,   1 running, 202 sleeping,   0 stopped,   0 zombie
%Cpu(s):  9.4 us,  6.6 sy,  0.9 ni, 69.8 id, 13.2 wa,  0.0 hi,  0.0 si,  0.0 st
MiB Mem :   3844.2 total,    167.8 free,    562.4 used,   3114.0 buff/cache
MiB Swap:   3980.0 total,   3975.9 free,      4.1 used.   3000.0 avail Mem 

    PID USER      PR  NI    VIRT    RES    SHR S  %CPU  %MEM     TIME+ COMMAND

top - 14:58:32 up 9 days, 23:12,  1 user,  load average: 0.12, 0.22, 0.32
Tasks: 204 total,   1 running, 203 sleeping,   0 stopped,   0 zombie
%Cpu(s):  4.9 us,  7.8 sy, 11.7 ni, 75.7 id,  0.0 wa,  0.0 hi,  0.0 si,  0.0 st
MiB Mem :   3844.2 total,    167.8 free,    562.4 used,   3114.0 buff/cache
MiB Swap:   3980.0 total,   3975.9 free,      4.1 used.   3000.0 avail Mem 

    PID USER      PR  NI    VIRT    RES    SHR S  %CPU  %MEM     TIME+ COMMAND
    937 www-data  20   0   26028  20328   4156 S   0.0   0.5  48:45.47 nginx

top - 14:58:33 up 9 days, 23:12,  1 user,  load average: 0.12, 0.22, 0.32
Tasks: 204 total,   2 running, 202 sleeping,   0 stopped,   0 zombie
%Cpu(s):  1.8 us,  2.7 sy,  0.9 ni, 93.6 id,  0.9 wa,  0.0 hi,  0.0 si,  0.0 st
MiB Mem :   3844.2 total,    167.8 free,    562.4 used,   3114.0 buff/cache
MiB Swap:   3980.0 total,   3975.9 free,      4.1 used.   3000.0 avail Mem 

    PID USER      PR  NI    VIRT    RES    SHR S  %CPU  %MEM     TIME+ COMMAND
    937 www-data  20   0   26028  20328   4156 S   0.0   0.5  48:45.47 nginx

top - 14:58:33 up 9 days, 23:12,  1 user,  load average: 0.12, 0.22, 0.32
Tasks: 204 total,   1 running, 203 sleeping,   0 stopped,   0 zombie
%Cpu(s):  1.9 us,  2.8 sy,  0.0 ni, 95.4 id,  0.0 wa,  0.0 hi,  0.0 si,  0.0 st
MiB Mem :   3844.2 total,    167.8 free,    562.4 used,   3114.0 buff/cache
MiB Swap:   3980.0 total,   3975.9 free,      4.1 used.   3000.0 avail Mem 

    PID USER      PR  NI    VIRT    RES    SHR S  %CPU  %MEM     TIME+ COMMAND
    937 www-data  20   0   26028  20328   4156 S   0.0   0.5  48:45.47 nginx

top - 14:58:34 up 9 days, 23:12,  1 user,  load average: 0.12, 0.22, 0.32
Tasks: 204 total,   1 running, 203 sleeping,   0 stopped,   0 zombie
%Cpu(s):  0.9 us,  3.7 sy,  0.0 ni, 95.4 id,  0.0 wa,  0.0 hi,  0.0 si,  0.0 st
MiB Mem :   3844.2 total,    167.8 free,    562.4 used,   3114.0 buff/cache
MiB Swap:   3980.0 total,   3975.9 free,      4.1 used.   3000.0 avail Mem 

    PID USER      PR  NI    VIRT    RES    SHR S  %CPU  %MEM     TIME+ COMMAND
    937 www-data  20   0   26028  20328   4156 S   0.0   0.5  48:45.47 nginx

top - 14:58:34 up 9 days, 23:12,  1 user,  load average: 0.12, 0.22, 0.32
Tasks: 204 total,   1 running, 203 sleeping,   0 stopped,   0 zombie
%Cpu(s):  1.9 us,  2.8 sy,  0.0 ni, 95.4 id,  0.0 wa,  0.0 hi,  0.0 si,  0.0 st
MiB Mem :   3844.2 total,    167.8 free,    562.4 used,   3114.0 buff/cache
MiB Swap:   3980.0 total,   3975.9 free,      4.1 used.   3000.0 avail Mem 

    PID USER      PR  NI    VIRT    RES    SHR S  %CPU  %MEM     TIME+ COMMAND
    937 www-data  20   0   26028  20328   4156 S   0.0   0.5  48:45.47 nginx

top - 14:58:35 up 9 days, 23:12,  1 user,  load average: 0.12, 0.22, 0.32
Tasks: 204 total,   1 running, 203 sleeping,   0 stopped,   0 zombie
%Cpu(s):  0.9 us,  1.9 sy,  0.0 ni, 97.2 id,  0.0 wa,  0.0 hi,  0.0 si,  0.0 st
MiB Mem :   3844.2 total,    167.8 free,    562.4 used,   3114.0 buff/cache
MiB Swap:   3980.0 total,   3975.9 free,      4.1 used.   3000.0 avail Mem 

    PID USER      PR  NI    VIRT    RES    SHR S  %CPU  %MEM     TIME+ COMMAND
    937 www-data  20   0   26028  20328   4156 S   0.0   0.5  48:45.47 nginx

top - 14:58:35 up 9 days, 23:12,  1 user,  load average: 0.12, 0.22, 0.32
Tasks: 204 total,   1 running, 203 sleeping,   0 stopped,   0 zombie
%Cpu(s):  2.8 us,  2.8 sy,  0.0 ni, 94.5 id,  0.0 wa,  0.0 hi,  0.0 si,  0.0 st
MiB Mem :   3844.2 total,    167.8 free,    562.4 used,   3114.0 buff/cache
MiB Swap:   3980.0 total,   3975.9 free,      4.1 used.   3000.0 avail Mem 

    PID USER      PR  NI    VIRT    RES    SHR S  %CPU  %MEM     TIME+ COMMAND
    937 www-data  20   0   26028  20328   4156 S   0.0   0.5  48:45.47 nginx

top - 14:58:36 up 9 days, 23:12,  1 user,  load average: 0.11, 0.21, 0.31
Tasks: 204 total,   1 running, 203 sleeping,   0 stopped,   0 zombie
%Cpu(s):  5.6 us,  3.7 sy,  0.0 ni, 90.7 id,  0.0 wa,  0.0 hi,  0.0 si,  0.0 st
MiB Mem :   3844.2 total,    167.8 free,    562.4 used,   3114.0 buff/cache
MiB Swap:   3980.0 total,   3975.9 free,      4.1 used.   3000.0 avail Mem 

    PID USER      PR  NI    VIRT    RES    SHR S  %CPU  %MEM     TIME+ COMMAND
    937 www-data  20   0   26028  20328   4156 S   0.0   0.5  48:45.47 nginx

top - 14:58:36 up 9 days, 23:12,  1 user,  load average: 0.11, 0.21, 0.31
Tasks: 207 total,   2 running, 205 sleeping,   0 stopped,   0 zombie
%Cpu(s):  1.9 us,  3.8 sy,  0.0 ni, 94.2 id,  0.0 wa,  0.0 hi,  0.0 si,  0.0 st
MiB Mem :   3844.2 total,    167.8 free,    562.4 used,   3114.0 buff/cache
MiB Swap:   3980.0 total,   3975.9 free,      4.1 used.   3000.0 avail Mem 

    PID USER      PR  NI    VIRT    RES    SHR S  %CPU  %MEM     TIME+ COMMAND
    937 www-data  20   0   26028  20328   4156 S   0.0   0.5  48:45.47 nginx

top - 14:58:37 up 9 days, 23:12,  1 user,  load average: 0.11, 0.21, 0.31
Tasks: 204 total,   1 running, 203 sleeping,   0 stopped,   0 zombie
%Cpu(s):  1.0 us,  6.7 sy,  1.9 ni, 75.0 id, 15.4 wa,  0.0 hi,  0.0 si,  0.0 st
MiB Mem :   3844.2 total,    167.8 free,    562.4 used,   3114.0 buff/cache
MiB Swap:   3980.0 total,   3975.9 free,      4.1 used.   3000.0 avail Mem 

    PID USER      PR  NI    VIRT    RES    SHR S  %CPU  %MEM     TIME+ COMMAND
    937 www-data  20   0   26028  20328   4156 S   0.0   0.5  48:45.47 nginx

top - 14:58:37 up 9 days, 23:12,  1 user,  load average: 0.11, 0.21, 0.31
Tasks: 204 total,   1 running, 203 sleeping,   0 stopped,   0 zombie
%Cpu(s):  0.9 us,  3.7 sy,  0.0 ni, 95.4 id,  0.0 wa,  0.0 hi,  0.0 si,  0.0 st
MiB Mem :   3844.2 total,    167.8 free,    562.4 used,   3114.0 buff/cache
MiB Swap:   3980.0 total,   3975.9 free,      4.1 used.   3000.0 avail Mem 

    PID USER      PR  NI    VIRT    RES    SHR S  %CPU  %MEM     TIME+ COMMAND
    937 www-data  20   0   26028  20328   4156 S   0.0   0.5  48:45.47 nginx

top - 14:58:38 up 9 days, 23:12,  1 user,  load average: 0.11, 0.21, 0.31
Tasks: 204 total,   2 running, 202 sleeping,   0 stopped,   0 zombie
%Cpu(s):  5.8 us,  1.9 sy,  0.0 ni, 92.3 id,  0.0 wa,  0.0 hi,  0.0 si,  0.0 st
MiB Mem :   3844.2 total,    167.8 free,    562.4 used,   3114.0 buff/cache
MiB Swap:   3980.0 total,   3975.9 free,      4.1 used.   3000.0 avail Mem 

    PID USER      PR  NI    VIRT    RES    SHR S  %CPU  %MEM     TIME+ COMMAND

top - 14:58:39 up 9 days, 23:12,  1 user,  load average: 0.11, 0.21, 0.31
Tasks: 204 total,   1 running, 203 sleeping,   0 stopped,   0 zombie
%Cpu(s):  0.9 us,  2.8 sy,  0.0 ni, 96.3 id,  0.0 wa,  0.0 hi,  0.0 si,  0.0 st
MiB Mem :   3844.2 total,    167.8 free,    562.4 used,   3114.0 buff/cache
MiB Swap:   3980.0 total,   3975.9 free,      4.1 used.   3000.0 avail Mem 

    PID USER      PR  NI    VIRT    RES    SHR S  %CPU  %MEM     TIME+ COMMAND

top - 14:58:39 up 9 days, 23:12,  1 user,  load average: 0.11, 0.21, 0.31
Tasks: 204 total,   1 running, 203 sleeping,   0 stopped,   0 zombie
%Cpu(s):  0.9 us,  3.7 sy,  0.0 ni, 95.4 id,  0.0 wa,  0.0 hi,  0.0 si,  0.0 st
MiB Mem :   3844.2 total,    167.8 free,    562.4 used,   3114.0 buff/cache
MiB Swap:   3980.0 total,   3975.9 free,      4.1 used.   3000.0 avail Mem 

    PID USER      PR  NI    VIRT    RES    SHR S  %CPU  %MEM     TIME+ COMMAND
    937 www-data  20   0   26028  20328   4156 S   0.0   0.5  48:45.53 nginx

top - 14:58:40 up 9 days, 23:12,  1 user,  load average: 0.11, 0.21, 0.31
Tasks: 204 total,   1 running, 203 sleeping,   0 stopped,   0 zombie
%Cpu(s):  0.9 us,  2.8 sy,  0.0 ni, 96.3 id,  0.0 wa,  0.0 hi,  0.0 si,  0.0 st
MiB Mem :   3844.2 total,    167.8 free,    562.4 used,   3114.0 buff/cache
MiB Swap:   3980.0 total,   3975.9 free,      4.1 used.   3000.0 avail Mem 

    PID USER      PR  NI    VIRT    RES    SHR S  %CPU  %MEM     TIME+ COMMAND
    937 www-data  20   0   26028  20328   4156 S   0.0   0.5  48:45.53 nginx

top - 14:58:40 up 9 days, 23:12,  1 user,  load average: 0.11, 0.21, 0.31
Tasks: 204 total,   1 running, 203 sleeping,   0 stopped,   0 zombie
%Cpu(s):  1.8 us,  2.8 sy,  0.0 ni, 95.4 id,  0.0 wa,  0.0 hi,  0.0 si,  0.0 st
MiB Mem :   3844.2 total,    167.8 free,    562.4 used,   3114.0 buff/cache
MiB Swap:   3980.0 total,   3975.9 free,      4.1 used.   3000.0 avail Mem 

    PID USER      PR  NI    VIRT    RES    SHR S  %CPU  %MEM     TIME+ COMMAND
    937 www-data  20   0   26028  20328   4156 S   0.0   0.5  48:45.53 nginx

top - 14:58:41 up 9 days, 23:12,  1 user,  load average: 0.10, 0.21, 0.31
Tasks: 204 total,   1 running, 203 sleeping,   0 stopped,   0 zombie
%Cpu(s):  2.8 us,  0.9 sy,  0.0 ni, 96.3 id,  0.0 wa,  0.0 hi,  0.0 si,  0.0 st
MiB Mem :   3844.2 total,    167.8 free,    562.4 used,   3114.0 buff/cache
MiB Swap:   3980.0 total,   3975.9 free,      4.1 used.   3000.0 avail Mem 

    PID USER      PR  NI    VIRT    RES    SHR S  %CPU  %MEM     TIME+ COMMAND
    937 www-data  20   0   26028  20328   4156 S   0.0   0.5  48:45.53 nginx

top - 14:58:41 up 9 days, 23:12,  1 user,  load average: 0.10, 0.21, 0.31
Tasks: 204 total,   1 running, 203 sleeping,   0 stopped,   0 zombie
%Cpu(s):  0.9 us,  2.8 sy,  0.0 ni, 96.3 id,  0.0 wa,  0.0 hi,  0.0 si,  0.0 st
MiB Mem :   3844.2 total,    167.8 free,    562.4 used,   3114.0 buff/cache
MiB Swap:   3980.0 total,   3975.9 free,      4.1 used.   3000.0 avail Mem 

    PID USER      PR  NI    VIRT    RES    SHR S  %CPU  %MEM     TIME+ COMMAND
    937 www-data  20   0   26028  20328   4156 S   0.0   0.5  48:45.53 nginx

top - 14:58:42 up 9 days, 23:12,  1 user,  load average: 0.10, 0.21, 0.31
Tasks: 204 total,   2 running, 201 sleeping,   0 stopped,   1 zombie
%Cpu(s):  4.8 us,  7.6 sy,  3.8 ni, 64.8 id, 19.0 wa,  0.0 hi,  0.0 si,  0.0 st
MiB Mem :   3844.2 total,    167.8 free,    562.4 used,   3114.0 buff/cache
MiB Swap:   3980.0 total,   3975.9 free,      4.1 used.   3000.0 avail Mem 

    PID USER      PR  NI    VIRT    RES    SHR S  %CPU  %MEM     TIME+ COMMAND
    937 www-data  20   0   26028  20328   4156 S   0.0   0.5  48:45.53 nginx

top - 14:58:42 up 9 days, 23:12,  1 user,  load average: 0.10, 0.21, 0.31
Tasks: 203 total,   1 running, 202 sleeping,   0 stopped,   0 zombie
%Cpu(s):  1.9 us,  2.8 sy,  0.0 ni, 95.3 id,  0.0 wa,  0.0 hi,  0.0 si,  0.0 st
MiB Mem :   3844.2 total,    167.8 free,    562.4 used,   3114.0 buff/cache
MiB Swap:   3980.0 total,   3975.9 free,      4.1 used.   3000.0 avail Mem 

    PID USER      PR  NI    VIRT    RES    SHR S  %CPU  %MEM     TIME+ COMMAND
    937 www-data  20   0   26028  20328   4156 S   0.0   0.5  48:45.53 nginx

top - 14:58:43 up 9 days, 23:12,  1 user,  load average: 0.10, 0.21, 0.31
Tasks: 203 total,   1 running, 202 sleeping,   0 stopped,   0 zombie
%Cpu(s):  3.7 us,  2.8 sy,  0.0 ni, 93.6 id,  0.0 wa,  0.0 hi,  0.0 si,  0.0 st
MiB Mem :   3844.2 total,    167.8 free,    562.4 used,   3114.0 buff/cache
MiB Swap:   3980.0 total,   3975.9 free,      4.1 used.   3000.1 avail Mem 

    PID USER      PR  NI    VIRT    RES    SHR S  %CPU  %MEM     TIME+ COMMAND
    937 www-data  20   0   26028  20328   4156 S   0.0   0.5  48:45.53 nginx

top - 14:58:43 up 9 days, 23:12,  1 user,  load average: 0.10, 0.21, 0.31
Tasks: 203 total,   1 running, 202 sleeping,   0 stopped,   0 zombie
%Cpu(s):  0.9 us,  2.8 sy,  0.0 ni, 96.3 id,  0.0 wa,  0.0 hi,  0.0 si,  0.0 st
MiB Mem :   3844.2 total,    167.8 free,    562.4 used,   3114.0 buff/cache
MiB Swap:   3980.0 total,   3975.9 free,      4.1 used.   3000.1 avail Mem 

    PID USER      PR  NI    VIRT    RES    SHR S  %CPU  %MEM     TIME+ COMMAND
    937 www-data  20   0   26028  20328   4156 S   0.0   0.5  48:45.53 nginx

top - 14:58:44 up 9 days, 23:12,  1 user,  load average: 0.10, 0.21, 0.31
Tasks: 203 total,   1 running, 202 sleeping,   0 stopped,   0 zombie
%Cpu(s):  5.6 us,  3.7 sy,  0.0 ni, 90.7 id,  0.0 wa,  0.0 hi,  0.0 si,  0.0 st
MiB Mem :   3844.2 total,    167.8 free,    562.4 used,   3114.0 buff/cache
MiB Swap:   3980.0 total,   3975.9 free,      4.1 used.   3000.1 avail Mem 

    PID USER      PR  NI    VIRT    RES    SHR S  %CPU  %MEM     TIME+ COMMAND

top - 14:58:45 up 9 days, 23:12,  1 user,  load average: 0.10, 0.21, 0.31
Tasks: 203 total,   1 running, 202 sleeping,   0 stopped,   0 zombie
%Cpu(s): 10.0 us,  3.6 sy,  0.0 ni, 86.4 id,  0.0 wa,  0.0 hi,  0.0 si,  0.0 st
MiB Mem :   3844.2 total,    167.8 free,    562.4 used,   3114.0 buff/cache
MiB Swap:   3980.0 total,   3975.9 free,      4.1 used.   3000.1 avail Mem 

    PID USER      PR  NI    VIRT    RES    SHR S  %CPU  %MEM     TIME+ COMMAND

top - 14:58:45 up 9 days, 23:12,  1 user,  load average: 0.10, 0.21, 0.31
Tasks: 203 total,   1 running, 202 sleeping,   0 stopped,   0 zombie
%Cpu(s):  0.9 us,  3.7 sy,  0.0 ni, 95.4 id,  0.0 wa,  0.0 hi,  0.0 si,  0.0 st
MiB Mem :   3844.2 total,    167.8 free,    562.4 used,   3114.0 buff/cache
MiB Swap:   3980.0 total,   3975.9 free,      4.1 used.   3000.1 avail Mem 

    PID USER      PR  NI    VIRT    RES    SHR S  %CPU  %MEM     TIME+ COMMAND
    937 www-data  20   0   26028  20328   4156 S   0.0   0.5  48:45.67 nginx

top - 14:58:46 up 9 days, 23:12,  1 user,  load average: 0.10, 0.21, 0.31
Tasks: 203 total,   1 running, 202 sleeping,   0 stopped,   0 zombie
%Cpu(s):  0.9 us,  2.8 sy,  0.0 ni, 96.3 id,  0.0 wa,  0.0 hi,  0.0 si,  0.0 st
MiB Mem :   3844.2 total,    167.8 free,    562.4 used,   3114.0 buff/cache
MiB Swap:   3980.0 total,   3975.9 free,      4.1 used.   3000.1 avail Mem 

    PID USER      PR  NI    VIRT    RES    SHR S  %CPU  %MEM     TIME+ COMMAND
    937 www-data  20   0   26028  20328   4156 S   0.0   0.5  48:45.67 nginx

top - 14:58:46 up 9 days, 23:12,  1 user,  load average: 0.10, 0.21, 0.31
Tasks: 203 total,   1 running, 202 sleeping,   0 stopped,   0 zombie
%Cpu(s):  1.9 us,  2.8 sy,  0.0 ni, 95.4 id,  0.0 wa,  0.0 hi,  0.0 si,  0.0 st
MiB Mem :   3844.2 total,    167.8 free,    562.4 used,   3114.0 buff/cache
MiB Swap:   3980.0 total,   3975.9 free,      4.1 used.   3000.1 avail Mem 

    PID USER      PR  NI    VIRT    RES    SHR S  %CPU  %MEM     TIME+ COMMAND
    937 www-data  20   0   26028  20328   4156 S   0.0   0.5  48:45.67 nginx

top - 14:58:47 up 9 days, 23:12,  1 user,  load average: 0.10, 0.21, 0.31
Tasks: 203 total,   1 running, 202 sleeping,   0 stopped,   0 zombie
%Cpu(s):  4.5 us,  9.1 sy,  0.9 ni, 71.8 id, 12.7 wa,  0.0 hi,  0.9 si,  0.0 st
MiB Mem :   3844.2 total,    167.8 free,    562.4 used,   3114.0 buff/cache
MiB Swap:   3980.0 total,   3975.9 free,      4.1 used.   3000.1 avail Mem 

    PID USER      PR  NI    VIRT    RES    SHR S  %CPU  %MEM     TIME+ COMMAND
    937 www-data  20   0   26028  20328   4156 S   0.0   0.5  48:45.67 nginx

top - 14:58:47 up 9 days, 23:12,  1 user,  load average: 0.10, 0.21, 0.31
Tasks: 204 total,   1 running, 203 sleeping,   0 stopped,   0 zombie
%Cpu(s):  5.6 us,  9.3 sy, 12.0 ni, 73.1 id,  0.0 wa,  0.0 hi,  0.0 si,  0.0 st
MiB Mem :   3844.2 total,    167.8 free,    562.4 used,   3114.0 buff/cache
MiB Swap:   3980.0 total,   3975.9 free,      4.1 used.   3000.1 avail Mem 

    PID USER      PR  NI    VIRT    RES    SHR S  %CPU  %MEM     TIME+ COMMAND
    937 www-data  20   0   26028  20328   4156 S   0.0   0.5  48:45.67 nginx

top - 14:58:48 up 9 days, 23:12,  1 user,  load average: 0.10, 0.21, 0.31
Tasks: 204 total,   1 running, 203 sleeping,   0 stopped,   0 zombie
%Cpu(s):  0.9 us,  3.7 sy,  0.0 ni, 94.4 id,  0.9 wa,  0.0 hi,  0.0 si,  0.0 st
MiB Mem :   3844.2 total,    167.8 free,    562.4 used,   3114.0 buff/cache
MiB Swap:   3980.0 total,   3975.9 free,      4.1 used.   3000.1 avail Mem 

    PID USER      PR  NI    VIRT    RES    SHR S  %CPU  %MEM     TIME+ COMMAND
    937 www-data  20   0   26028  20328   4156 S   0.0   0.5  48:45.67 nginx

top - 14:58:48 up 9 days, 23:12,  1 user,  load average: 0.10, 0.21, 0.31
Tasks: 204 total,   1 running, 203 sleeping,   0 stopped,   0 zombie
%Cpu(s):  0.0 us,  4.7 sy,  0.0 ni, 95.3 id,  0.0 wa,  0.0 hi,  0.0 si,  0.0 st
MiB Mem :   3844.2 total,    167.8 free,    562.4 used,   3114.0 buff/cache
MiB Swap:   3980.0 total,   3975.9 free,      4.1 used.   3000.1 avail Mem 

    PID USER      PR  NI    VIRT    RES    SHR S  %CPU  %MEM     TIME+ COMMAND
    937 www-data  20   0   26028  20328   4156 S   0.0   0.5  48:45.67 nginx

top - 14:58:49 up 9 days, 23:12,  1 user,  load average: 0.10, 0.21, 0.31
Tasks: 204 total,   1 running, 203 sleeping,   0 stopped,   0 zombie
%Cpu(s):  2.8 us,  2.8 sy,  0.0 ni, 94.5 id,  0.0 wa,  0.0 hi,  0.0 si,  0.0 st
MiB Mem :   3844.2 total,    167.8 free,    562.4 used,   3114.0 buff/cache
MiB Swap:   3980.0 total,   3975.9 free,      4.1 used.   3000.1 avail Mem 

    PID USER      PR  NI    VIRT    RES    SHR S  %CPU  %MEM     TIME+ COMMAND
    937 www-data  20   0   26028  20328   4156 S   0.0   0.5  48:45.67 nginx

top - 14:58:49 up 9 days, 23:12,  1 user,  load average: 0.10, 0.21, 0.31
Tasks: 204 total,   1 running, 203 sleeping,   0 stopped,   0 zombie
%Cpu(s):  0.9 us,  3.7 sy,  0.0 ni, 95.4 id,  0.0 wa,  0.0 hi,  0.0 si,  0.0 st
MiB Mem :   3844.2 total,    167.8 free,    562.4 used,   3114.0 buff/cache
MiB Swap:   3980.0 total,   3975.9 free,      4.1 used.   3000.1 avail Mem 

    PID USER      PR  NI    VIRT    RES    SHR S  %CPU  %MEM     TIME+ COMMAND
    937 www-data  20   0   26028  20328   4156 S   0.0   0.5  48:45.67 nginx

top - 14:58:50 up 9 days, 23:12,  1 user,  load average: 0.10, 0.21, 0.31
Tasks: 204 total,   1 running, 203 sleeping,   0 stopped,   0 zombie
%Cpu(s):  0.9 us,  2.8 sy,  0.0 ni, 96.3 id,  0.0 wa,  0.0 hi,  0.0 si,  0.0 st
MiB Mem :   3844.2 total,    167.8 free,    562.4 used,   3114.0 buff/cache
MiB Swap:   3980.0 total,   3975.9 free,      4.1 used.   3000.1 avail Mem 

    PID USER      PR  NI    VIRT    RES    SHR S  %CPU  %MEM     TIME+ COMMAND
    937 www-data  20   0   26028  20328   4156 S   0.0   0.5  48:45.67 nginx

top - 14:58:51 up 9 days, 23:12,  1 user,  load average: 0.09, 0.20, 0.31
Tasks: 204 total,   1 running, 203 sleeping,   0 stopped,   0 zombie
%Cpu(s):  2.7 us,  2.7 sy,  0.0 ni, 94.5 id,  0.0 wa,  0.0 hi,  0.0 si,  0.0 st
MiB Mem :   3844.2 total,    167.8 free,    562.4 used,   3114.0 buff/cache
MiB Swap:   3980.0 total,   3975.9 free,      4.1 used.   3000.1 avail Mem 

    PID USER      PR  NI    VIRT    RES    SHR S  %CPU  %MEM     TIME+ COMMAND
    937 www-data  20   0   26028  20328   4156 S   0.0   0.5  48:45.67 nginx

top - 14:58:51 up 9 days, 23:12,  1 user,  load average: 0.09, 0.20, 0.31
Tasks: 204 total,   1 running, 203 sleeping,   0 stopped,   0 zombie
%Cpu(s):  1.9 us,  2.8 sy,  0.0 ni, 95.4 id,  0.0 wa,  0.0 hi,  0.0 si,  0.0 st
MiB Mem :   3844.2 total,    167.8 free,    562.4 used,   3114.0 buff/cache
MiB Swap:   3980.0 total,   3975.9 free,      4.1 used.   3000.1 avail Mem 

    PID USER      PR  NI    VIRT    RES    SHR S  %CPU  %MEM     TIME+ COMMAND
    937 www-data  20   0   26028  20328   4156 S   0.0   0.5  48:45.67 nginx

top - 14:58:52 up 9 days, 23:12,  1 user,  load average: 0.09, 0.20, 0.31
Tasks: 203 total,   1 running, 202 sleeping,   0 stopped,   0 zombie
%Cpu(s):  2.9 us,  5.8 sy,  0.0 ni, 90.3 id,  1.0 wa,  0.0 hi,  0.0 si,  0.0 st
MiB Mem :   3844.2 total,    167.8 free,    562.4 used,   3114.0 buff/cache
MiB Swap:   3980.0 total,   3975.9 free,      4.1 used.   3000.1 avail Mem 

    PID USER      PR  NI    VIRT    RES    SHR S  %CPU  %MEM     TIME+ COMMAND
    937 www-data  20   0   26028  20328   4156 S   0.0   0.5  48:45.67 nginx

top - 14:58:52 up 9 days, 23:12,  1 user,  load average: 0.09, 0.20, 0.31
Tasks: 204 total,   1 running, 203 sleeping,   0 stopped,   0 zombie
%Cpu(s):  2.8 us,  1.9 sy,  1.9 ni, 80.2 id, 13.2 wa,  0.0 hi,  0.0 si,  0.0 st
MiB Mem :   3844.2 total,    167.8 free,    562.4 used,   3114.0 buff/cache
MiB Swap:   3980.0 total,   3975.9 free,      4.1 used.   3000.1 avail Mem 

    PID USER      PR  NI    VIRT    RES    SHR S  %CPU  %MEM     TIME+ COMMAND
    937 www-data  20   0   26028  20328   4156 S   0.0   0.5  48:45.67 nginx

top - 14:58:53 up 9 days, 23:12,  1 user,  load average: 0.09, 0.20, 0.31
Tasks: 204 total,   1 running, 203 sleeping,   0 stopped,   0 zombie
%Cpu(s):  0.0 us,  3.7 sy,  0.0 ni, 96.3 id,  0.0 wa,  0.0 hi,  0.0 si,  0.0 st
MiB Mem :   3844.2 total,    167.8 free,    562.4 used,   3114.0 buff/cache
MiB Swap:   3980.0 total,   3975.9 free,      4.1 used.   3000.1 avail Mem 

    PID USER      PR  NI    VIRT    RES    SHR S  %CPU  %MEM     TIME+ COMMAND
    937 www-data  20   0   26028  20328   4156 S   0.0   0.5  48:45.67 nginx

top - 14:58:53 up 9 days, 23:12,  1 user,  load average: 0.09, 0.20, 0.31
Tasks: 204 total,   1 running, 203 sleeping,   0 stopped,   0 zombie
%Cpu(s):  1.9 us,  2.8 sy,  0.0 ni, 95.4 id,  0.0 wa,  0.0 hi,  0.0 si,  0.0 st
MiB Mem :   3844.2 total,    167.8 free,    562.4 used,   3114.0 buff/cache
MiB Swap:   3980.0 total,   3975.9 free,      4.1 used.   3000.1 avail Mem 

    PID USER      PR  NI    VIRT    RES    SHR S  %CPU  %MEM     TIME+ COMMAND
    937 www-data  20   0   26028  20328   4156 S   0.0   0.5  48:45.67 nginx

top - 14:58:54 up 9 days, 23:12,  1 user,  load average: 0.09, 0.20, 0.31
Tasks: 204 total,   1 running, 203 sleeping,   0 stopped,   0 zombie
%Cpu(s):  0.0 us,  3.7 sy,  0.0 ni, 96.3 id,  0.0 wa,  0.0 hi,  0.0 si,  0.0 st
MiB Mem :   3844.2 total,    167.8 free,    562.4 used,   3114.0 buff/cache
MiB Swap:   3980.0 total,   3975.9 free,      4.1 used.   3000.1 avail Mem 

    PID USER      PR  NI    VIRT    RES    SHR S  %CPU  %MEM     TIME+ COMMAND
    937 www-data  20   0   26028  20328   4156 S   0.0   0.5  48:45.67 nginx

top - 14:58:54 up 9 days, 23:12,  1 user,  load average: 0.09, 0.20, 0.31
Tasks: 204 total,   1 running, 203 sleeping,   0 stopped,   0 zombie
%Cpu(s):  0.9 us,  3.7 sy,  0.0 ni, 95.4 id,  0.0 wa,  0.0 hi,  0.0 si,  0.0 st
MiB Mem :   3844.2 total,    167.8 free,    562.4 used,   3114.0 buff/cache
MiB Swap:   3980.0 total,   3975.9 free,      4.1 used.   3000.1 avail Mem 

    PID USER      PR  NI    VIRT    RES    SHR S  %CPU  %MEM     TIME+ COMMAND
    937 www-data  20   0   26028  20328   4156 S   0.0   0.5  48:45.67 nginx

top - 14:58:55 up 9 days, 23:12,  1 user,  load average: 0.09, 0.20, 0.31
Tasks: 204 total,   1 running, 203 sleeping,   0 stopped,   0 zombie
%Cpu(s):  0.9 us,  3.7 sy,  0.0 ni, 95.4 id,  0.0 wa,  0.0 hi,  0.0 si,  0.0 st
MiB Mem :   3844.2 total,    167.8 free,    562.4 used,   3114.0 buff/cache
MiB Swap:   3980.0 total,   3975.9 free,      4.1 used.   3000.1 avail Mem 

    PID USER      PR  NI    VIRT    RES    SHR S  %CPU  %MEM     TIME+ COMMAND
    937 www-data  20   0   26028  20328   4156 S   0.0   0.5  48:45.67 nginx

top - 14:58:55 up 9 days, 23:12,  1 user,  load average: 0.16, 0.22, 0.31
Tasks: 204 total,   1 running, 203 sleeping,   0 stopped,   0 zombie
%Cpu(s):  0.9 us,  2.8 sy,  0.0 ni, 96.3 id,  0.0 wa,  0.0 hi,  0.0 si,  0.0 st
MiB Mem :   3844.2 total,    167.8 free,    562.4 used,   3114.0 buff/cache
MiB Swap:   3980.0 total,   3975.9 free,      4.1 used.   3000.1 avail Mem 

    PID USER      PR  NI    VIRT    RES    SHR S  %CPU  %MEM     TIME+ COMMAND
    937 www-data  20   0   26028  20328   4156 S   0.0   0.5  48:45.67 nginx

top - 14:58:56 up 9 days, 23:12,  1 user,  load average: 0.16, 0.22, 0.31
Tasks: 204 total,   1 running, 203 sleeping,   0 stopped,   0 zombie
%Cpu(s):  0.9 us,  2.8 sy,  0.0 ni, 96.3 id,  0.0 wa,  0.0 hi,  0.0 si,  0.0 st
MiB Mem :   3844.2 total,    167.8 free,    562.4 used,   3114.0 buff/cache
MiB Swap:   3980.0 total,   3975.9 free,      4.1 used.   3000.1 avail Mem 

    PID USER      PR  NI    VIRT    RES    SHR S  %CPU  %MEM     TIME+ COMMAND
    937 www-data  20   0   26028  20328   4156 S   0.0   0.5  48:45.67 nginx

top - 14:58:57 up 9 days, 23:12,  1 user,  load average: 0.16, 0.22, 0.31
Tasks: 204 total,   1 running, 203 sleeping,   0 stopped,   0 zombie
%Cpu(s):  0.9 us,  2.8 sy,  0.0 ni, 96.3 id,  0.0 wa,  0.0 hi,  0.0 si,  0.0 st
MiB Mem :   3844.2 total,    167.8 free,    562.4 used,   3114.0 buff/cache
MiB Swap:   3980.0 total,   3975.9 free,      4.1 used.   3000.1 avail Mem 

    PID USER      PR  NI    VIRT    RES    SHR S  %CPU  %MEM     TIME+ COMMAND
    937 www-data  20   0   26028  20328   4156 S   0.0   0.5  48:45.67 nginx

top - 14:58:57 up 9 days, 23:12,  1 user,  load average: 0.16, 0.22, 0.31
Tasks: 203 total,   1 running, 202 sleeping,   0 stopped,   0 zombie
%Cpu(s):  6.5 us,  9.3 sy,  1.9 ni, 71.0 id, 11.2 wa,  0.0 hi,  0.0 si,  0.0 st
MiB Mem :   3844.2 total,    167.8 free,    562.4 used,   3114.0 buff/cache
MiB Swap:   3980.0 total,   3975.9 free,      4.1 used.   3000.1 avail Mem 

    PID USER      PR  NI    VIRT    RES    SHR S  %CPU  %MEM     TIME+ COMMAND
    937 www-data  20   0   26028  20328   4156 S   0.0   0.5  48:45.67 nginx

top - 14:58:58 up 9 days, 23:12,  1 user,  load average: 0.16, 0.22, 0.31
Tasks: 203 total,   1 running, 202 sleeping,   0 stopped,   0 zombie
%Cpu(s):  0.0 us,  3.7 sy,  0.0 ni, 96.3 id,  0.0 wa,  0.0 hi,  0.0 si,  0.0 st
MiB Mem :   3844.2 total,    167.8 free,    562.4 used,   3114.0 buff/cache
MiB Swap:   3980.0 total,   3975.9 free,      4.1 used.   3000.1 avail Mem 

    PID USER      PR  NI    VIRT    RES    SHR S  %CPU  %MEM     TIME+ COMMAND
    937 www-data  20   0   26028  20328   4156 S   0.0   0.5  48:45.67 nginx

top - 14:58:58 up 9 days, 23:12,  1 user,  load average: 0.16, 0.22, 0.31
Tasks: 203 total,   1 running, 202 sleeping,   0 stopped,   0 zombie
%Cpu(s):  1.0 us,  1.9 sy,  0.0 ni, 97.1 id,  0.0 wa,  0.0 hi,  0.0 si,  0.0 st
MiB Mem :   3844.2 total,    167.8 free,    562.4 used,   3114.0 buff/cache
MiB Swap:   3980.0 total,   3975.9 free,      4.1 used.   3000.1 avail Mem 

    PID USER      PR  NI    VIRT    RES    SHR S  %CPU  %MEM     TIME+ COMMAND
    937 www-data  20   0   26028  20328   4156 S   0.0   0.5  48:45.67 nginx

top - 14:58:59 up 9 days, 23:12,  1 user,  load average: 0.16, 0.22, 0.31
Tasks: 203 total,   1 running, 202 sleeping,   0 stopped,   0 zombie
%Cpu(s):  0.9 us,  3.7 sy,  0.0 ni, 89.0 id,  5.5 wa,  0.0 hi,  0.9 si,  0.0 st
MiB Mem :   3844.2 total,    167.8 free,    562.4 used,   3114.0 buff/cache
MiB Swap:   3980.0 total,   3975.9 free,      4.1 used.   3000.1 avail Mem 

    PID USER      PR  NI    VIRT    RES    SHR S  %CPU  %MEM     TIME+ COMMAND
    937 www-data  20   0   26028  20328   4156 S   0.0   0.5  48:45.67 nginx

top - 14:58:59 up 9 days, 23:12,  1 user,  load average: 0.16, 0.22, 0.31
Tasks: 203 total,   1 running, 202 sleeping,   0 stopped,   0 zombie
%Cpu(s):  0.9 us,  3.7 sy,  0.0 ni, 95.3 id,  0.0 wa,  0.0 hi,  0.0 si,  0.0 st
MiB Mem :   3844.2 total,    167.8 free,    562.4 used,   3114.0 buff/cache
MiB Swap:   3980.0 total,   3975.9 free,      4.1 used.   3000.1 avail Mem 

    PID USER      PR  NI    VIRT    RES    SHR S  %CPU  %MEM     TIME+ COMMAND
    937 www-data  20   0   26028  20328   4156 S   0.0   0.5  48:45.67 nginx

top - 14:59:00 up 9 days, 23:12,  1 user,  load average: 0.16, 0.22, 0.31
Tasks: 203 total,   1 running, 202 sleeping,   0 stopped,   0 zombie
%Cpu(s): 17.6 us,  2.8 sy,  0.0 ni, 79.6 id,  0.0 wa,  0.0 hi,  0.0 si,  0.0 st
MiB Mem :   3844.2 total,    167.8 free,    562.4 used,   3114.0 buff/cache
MiB Swap:   3980.0 total,   3975.9 free,      4.1 used.   3000.1 avail Mem 

    PID USER      PR  NI    VIRT    RES    SHR S  %CPU  %MEM     TIME+ COMMAND

top - 14:59:00 up 9 days, 23:12,  1 user,  load average: 0.16, 0.22, 0.31
Tasks: 203 total,   1 running, 202 sleeping,   0 stopped,   0 zombie
%Cpu(s):  1.0 us,  1.9 sy,  0.0 ni, 97.1 id,  0.0 wa,  0.0 hi,  0.0 si,  0.0 st
MiB Mem :   3844.2 total,    167.8 free,    562.4 used,   3114.0 buff/cache
MiB Swap:   3980.0 total,   3975.9 free,      4.1 used.   3000.1 avail Mem 

    PID USER      PR  NI    VIRT    RES    SHR S  %CPU  %MEM     TIME+ COMMAND
    937 www-data  20   0   26028  20328   4156 S   0.0   0.5  48:45.79 nginx

top - 14:59:01 up 9 days, 23:12,  1 user,  load average: 0.15, 0.21, 0.31
Tasks: 203 total,   2 running, 201 sleeping,   0 stopped,   0 zombie
%Cpu(s):  0.9 us,  3.7 sy,  0.0 ni, 95.4 id,  0.0 wa,  0.0 hi,  0.0 si,  0.0 st
MiB Mem :   3844.2 total,    167.8 free,    562.4 used,   3114.0 buff/cache
MiB Swap:   3980.0 total,   3975.9 free,      4.1 used.   3000.1 avail Mem 

    PID USER      PR  NI    VIRT    RES    SHR S  %CPU  %MEM     TIME+ COMMAND
    937 www-data  20   0   26028  20328   4156 S   0.0   0.5  48:45.79 nginx

top - 14:59:01 up 9 days, 23:12,  1 user,  load average: 0.15, 0.21, 0.31
Tasks: 203 total,   1 running, 202 sleeping,   0 stopped,   0 zombie
%Cpu(s):  0.9 us,  2.8 sy,  0.0 ni, 96.3 id,  0.0 wa,  0.0 hi,  0.0 si,  0.0 st
MiB Mem :   3844.2 total,    167.8 free,    562.4 used,   3114.0 buff/cache
MiB Swap:   3980.0 total,   3975.9 free,      4.1 used.   3000.1 avail Mem 

    PID USER      PR  NI    VIRT    RES    SHR S  %CPU  %MEM     TIME+ COMMAND
    937 www-data  20   0   26028  20328   4156 S   0.0   0.5  48:45.79 nginx

top - 14:59:02 up 9 days, 23:12,  1 user,  load average: 0.15, 0.21, 0.31
Tasks: 203 total,   2 running, 201 sleeping,   0 stopped,   0 zombie
%Cpu(s):  2.8 us,  8.5 sy,  0.9 ni, 73.6 id, 14.2 wa,  0.0 hi,  0.0 si,  0.0 st
MiB Mem :   3844.2 total,    167.8 free,    562.4 used,   3114.0 buff/cache
MiB Swap:   3980.0 total,   3975.9 free,      4.1 used.   3000.1 avail Mem 

    PID USER      PR  NI    VIRT    RES    SHR S  %CPU  %MEM     TIME+ COMMAND
    937 www-data  20   0   26028  20328   4156 S   0.0   0.5  48:45.79 nginx

top - 14:59:02 up 9 days, 23:12,  1 user,  load average: 0.15, 0.21, 0.31
Tasks: 204 total,   1 running, 203 sleeping,   0 stopped,   0 zombie
%Cpu(s):  5.5 us, 13.8 sy, 11.0 ni, 67.9 id,  1.8 wa,  0.0 hi,  0.0 si,  0.0 st
MiB Mem :   3844.2 total,    167.8 free,    562.4 used,   3114.0 buff/cache
MiB Swap:   3980.0 total,   3975.9 free,      4.1 used.   3000.1 avail Mem 

    PID USER      PR  NI    VIRT    RES    SHR S  %CPU  %MEM     TIME+ COMMAND
    937 www-data  20   0   26028  20328   4156 S   0.0   0.5  48:45.79 nginx

top - 14:59:03 up 9 days, 23:12,  1 user,  load average: 0.15, 0.21, 0.31
Tasks: 204 total,   1 running, 203 sleeping,   0 stopped,   0 zombie
%Cpu(s):  2.8 us,  1.8 sy,  0.0 ni, 95.4 id,  0.0 wa,  0.0 hi,  0.0 si,  0.0 st
MiB Mem :   3844.2 total,    167.8 free,    562.4 used,   3114.0 buff/cache
MiB Swap:   3980.0 total,   3975.9 free,      4.1 used.   3000.1 avail Mem 

    PID USER      PR  NI    VIRT    RES    SHR S  %CPU  %MEM     TIME+ COMMAND
    937 www-data  20   0   26028  20328   4156 S   0.0   0.5  48:45.79 nginx

top - 14:59:04 up 9 days, 23:12,  1 user,  load average: 0.15, 0.21, 0.31
Tasks: 204 total,   2 running, 202 sleeping,   0 stopped,   0 zombie
%Cpu(s):  2.8 us,  0.9 sy,  0.0 ni, 96.3 id,  0.0 wa,  0.0 hi,  0.0 si,  0.0 st
MiB Mem :   3844.2 total,    166.8 free,    563.3 used,   3114.0 buff/cache
MiB Swap:   3980.0 total,   3975.9 free,      4.1 used.   2999.1 avail Mem 

    PID USER      PR  NI    VIRT    RES    SHR S  %CPU  %MEM     TIME+ COMMAND
    937 www-data  20   0   26028  20328   4156 S   0.0   0.5  48:45.79 nginx

top - 14:59:04 up 9 days, 23:12,  1 user,  load average: 0.15, 0.21, 0.31
Tasks: 204 total,   1 running, 203 sleeping,   0 stopped,   0 zombie
%Cpu(s):  0.0 us,  4.6 sy,  0.0 ni, 95.4 id,  0.0 wa,  0.0 hi,  0.0 si,  0.0 st
MiB Mem :   3844.2 total,    166.8 free,    563.3 used,   3114.0 buff/cache
MiB Swap:   3980.0 total,   3975.9 free,      4.1 used.   2999.1 avail Mem 

    PID USER      PR  NI    VIRT    RES    SHR S  %CPU  %MEM     TIME+ COMMAND
    937 www-data  20   0   26028  20328   4156 S   0.0   0.5  48:45.79 nginx

top - 14:59:05 up 9 days, 23:12,  1 user,  load average: 0.15, 0.21, 0.31
Tasks: 204 total,   1 running, 203 sleeping,   0 stopped,   0 zombie
%Cpu(s):  1.8 us,  2.8 sy,  0.0 ni, 95.4 id,  0.0 wa,  0.0 hi,  0.0 si,  0.0 st
MiB Mem :   3844.2 total,    166.8 free,    563.3 used,   3114.0 buff/cache
MiB Swap:   3980.0 total,   3975.9 free,      4.1 used.   2999.1 avail Mem 

    PID USER      PR  NI    VIRT    RES    SHR S  %CPU  %MEM     TIME+ COMMAND
    937 www-data  20   0   26028  20328   4156 S   0.0   0.5  48:45.79 nginx

top - 14:59:05 up 9 days, 23:12,  1 user,  load average: 0.15, 0.21, 0.31
Tasks: 204 total,   1 running, 203 sleeping,   0 stopped,   0 zombie
%Cpu(s):  1.9 us,  2.8 sy,  0.0 ni, 95.4 id,  0.0 wa,  0.0 hi,  0.0 si,  0.0 st
MiB Mem :   3844.2 total,    166.8 free,    563.3 used,   3114.0 buff/cache
MiB Swap:   3980.0 total,   3975.9 free,      4.1 used.   2999.1 avail Mem 

    PID USER      PR  NI    VIRT    RES    SHR S  %CPU  %MEM     TIME+ COMMAND
    937 www-data  20   0   26028  20328   4156 S   0.0   0.5  48:45.79 nginx

top - 14:59:06 up 9 days, 23:12,  1 user,  load average: 0.14, 0.21, 0.31
Tasks: 204 total,   1 running, 203 sleeping,   0 stopped,   0 zombie
%Cpu(s):  1.8 us,  2.8 sy,  0.0 ni, 95.4 id,  0.0 wa,  0.0 hi,  0.0 si,  0.0 st
MiB Mem :   3844.2 total,    166.8 free,    563.3 used,   3114.0 buff/cache
MiB Swap:   3980.0 total,   3975.9 free,      4.1 used.   2999.1 avail Mem 

    PID USER      PR  NI    VIRT    RES    SHR S  %CPU  %MEM     TIME+ COMMAND
    937 www-data  20   0   26028  20328   4156 S   0.0   0.5  48:45.79 nginx

top - 14:59:06 up 9 days, 23:12,  1 user,  load average: 0.14, 0.21, 0.31
Tasks: 204 total,   1 running, 203 sleeping,   0 stopped,   0 zombie
%Cpu(s):  2.8 us,  1.9 sy,  0.0 ni, 95.4 id,  0.0 wa,  0.0 hi,  0.0 si,  0.0 st
MiB Mem :   3844.2 total,    166.8 free,    563.3 used,   3114.0 buff/cache
MiB Swap:   3980.0 total,   3975.9 free,      4.1 used.   2999.1 avail Mem 

    PID USER      PR  NI    VIRT    RES    SHR S  %CPU  %MEM     TIME+ COMMAND
    937 www-data  20   0   26028  20328   4156 S   0.0   0.5  48:45.79 nginx

top - 14:59:07 up 9 days, 23:12,  1 user,  load average: 0.14, 0.21, 0.31
Tasks: 203 total,   1 running, 202 sleeping,   0 stopped,   0 zombie
%Cpu(s):  2.8 us,  7.5 sy,  0.9 ni, 88.7 id,  0.0 wa,  0.0 hi,  0.0 si,  0.0 st
MiB Mem :   3844.2 total,    166.3 free,    563.8 used,   3114.0 buff/cache
MiB Swap:   3980.0 total,   3975.9 free,      4.1 used.   2998.6 avail Mem 

    PID USER      PR  NI    VIRT    RES    SHR S  %CPU  %MEM     TIME+ COMMAND
    937 www-data  20   0   26028  20328   4156 S   0.0   0.5  48:45.79 nginx

top - 14:59:07 up 9 days, 23:12,  1 user,  load average: 0.14, 0.21, 0.31
Tasks: 204 total,   1 running, 203 sleeping,   0 stopped,   0 zombie
%Cpu(s):  2.8 us,  1.9 sy,  1.9 ni, 79.4 id, 14.0 wa,  0.0 hi,  0.0 si,  0.0 st
MiB Mem :   3844.2 total,    166.3 free,    563.8 used,   3114.0 buff/cache
MiB Swap:   3980.0 total,   3975.9 free,      4.1 used.   2998.6 avail Mem 

    PID USER      PR  NI    VIRT    RES    SHR S  %CPU  %MEM     TIME+ COMMAND
    937 www-data  20   0   26028  20328   4156 S   0.0   0.5  48:45.79 nginx

top - 14:59:08 up 9 days, 23:12,  1 user,  load average: 0.14, 0.21, 0.31
Tasks: 204 total,   1 running, 203 sleeping,   0 stopped,   0 zombie
%Cpu(s):  0.9 us,  2.8 sy,  0.0 ni, 96.3 id,  0.0 wa,  0.0 hi,  0.0 si,  0.0 st
MiB Mem :   3844.2 total,    166.3 free,    563.8 used,   3114.0 buff/cache
MiB Swap:   3980.0 total,   3975.9 free,      4.1 used.   2998.6 avail Mem 

    PID USER      PR  NI    VIRT    RES    SHR S  %CPU  %MEM     TIME+ COMMAND
    937 www-data  20   0   26028  20328   4156 S   0.0   0.5  48:45.79 nginx

top - 14:59:08 up 9 days, 23:12,  1 user,  load average: 0.14, 0.21, 0.31
Tasks: 204 total,   1 running, 203 sleeping,   0 stopped,   0 zombie
%Cpu(s):  0.9 us,  3.7 sy,  0.0 ni, 95.4 id,  0.0 wa,  0.0 hi,  0.0 si,  0.0 st
MiB Mem :   3844.2 total,    166.3 free,    563.8 used,   3114.0 buff/cache
MiB Swap:   3980.0 total,   3975.9 free,      4.1 used.   2998.6 avail Mem 

    PID USER      PR  NI    VIRT    RES    SHR S  %CPU  %MEM     TIME+ COMMAND
    937 www-data  20   0   26028  20328   4156 S   0.0   0.5  48:45.79 nginx

top - 14:59:09 up 9 days, 23:12,  1 user,  load average: 0.14, 0.21, 0.31
Tasks: 204 total,   1 running, 203 sleeping,   0 stopped,   0 zombie
%Cpu(s):  1.9 us,  2.8 sy,  0.0 ni, 95.4 id,  0.0 wa,  0.0 hi,  0.0 si,  0.0 st
MiB Mem :   3844.2 total,    166.3 free,    563.8 used,   3114.0 buff/cache
MiB Swap:   3980.0 total,   3975.9 free,      4.1 used.   2998.6 avail Mem 

    PID USER      PR  NI    VIRT    RES    SHR S  %CPU  %MEM     TIME+ COMMAND
    937 www-data  20   0   26028  20328   4156 S   0.0   0.5  48:45.79 nginx

top - 14:59:10 up 9 days, 23:12,  1 user,  load average: 0.14, 0.21, 0.31
Tasks: 204 total,   1 running, 203 sleeping,   0 stopped,   0 zombie
%Cpu(s):  0.9 us,  3.7 sy,  0.0 ni, 95.4 id,  0.0 wa,  0.0 hi,  0.0 si,  0.0 st
MiB Mem :   3844.2 total,    166.3 free,    563.8 used,   3114.0 buff/cache
MiB Swap:   3980.0 total,   3975.9 free,      4.1 used.   2998.6 avail Mem 

    PID USER      PR  NI    VIRT    RES    SHR S  %CPU  %MEM     TIME+ COMMAND
    937 www-data  20   0   26028  20328   4156 S   0.0   0.5  48:45.79 nginx

top - 14:59:10 up 9 days, 23:12,  1 user,  load average: 0.14, 0.21, 0.31
Tasks: 204 total,   1 running, 203 sleeping,   0 stopped,   0 zombie
%Cpu(s):  2.8 us,  0.9 sy,  0.0 ni, 96.3 id,  0.0 wa,  0.0 hi,  0.0 si,  0.0 st
MiB Mem :   3844.2 total,    166.3 free,    563.8 used,   3114.0 buff/cache
MiB Swap:   3980.0 total,   3975.9 free,      4.1 used.   2998.6 avail Mem 

    PID USER      PR  NI    VIRT    RES    SHR S  %CPU  %MEM     TIME+ COMMAND
    937 www-data  20   0   26028  20328   4156 S   0.0   0.5  48:45.79 nginx

top - 14:59:11 up 9 days, 23:12,  1 user,  load average: 0.12, 0.20, 0.31
Tasks: 204 total,   1 running, 203 sleeping,   0 stopped,   0 zombie
%Cpu(s):  0.9 us,  2.8 sy,  0.0 ni, 96.3 id,  0.0 wa,  0.0 hi,  0.0 si,  0.0 st
MiB Mem :   3844.2 total,    166.3 free,    563.8 used,   3114.0 buff/cache
MiB Swap:   3980.0 total,   3975.9 free,      4.1 used.   2998.6 avail Mem 

    PID USER      PR  NI    VIRT    RES    SHR S  %CPU  %MEM     TIME+ COMMAND
    937 www-data  20   0   26028  20328   4156 S   0.0   0.5  48:45.79 nginx

top - 14:59:11 up 9 days, 23:12,  1 user,  load average: 0.12, 0.20, 0.31
Tasks: 204 total,   1 running, 203 sleeping,   0 stopped,   0 zombie
%Cpu(s):  1.9 us,  2.8 sy,  0.0 ni, 95.4 id,  0.0 wa,  0.0 hi,  0.0 si,  0.0 st
MiB Mem :   3844.2 total,    166.3 free,    563.8 used,   3114.0 buff/cache
MiB Swap:   3980.0 total,   3975.9 free,      4.1 used.   2998.6 avail Mem 

    PID USER      PR  NI    VIRT    RES    SHR S  %CPU  %MEM     TIME+ COMMAND
    937 www-data  20   0   26028  20328   4156 S   0.0   0.5  48:45.79 nginx

top - 14:59:12 up 9 days, 23:12,  1 user,  load average: 0.12, 0.20, 0.31
Tasks: 204 total,   1 running, 203 sleeping,   0 stopped,   0 zombie
%Cpu(s):  3.7 us,  2.8 sy,  0.0 ni, 93.5 id,  0.0 wa,  0.0 hi,  0.0 si,  0.0 st
MiB Mem :   3844.2 total,    166.3 free,    563.8 used,   3114.0 buff/cache
MiB Swap:   3980.0 total,   3975.9 free,      4.1 used.   2998.6 avail Mem 

    PID USER      PR  NI    VIRT    RES    SHR S  %CPU  %MEM     TIME+ COMMAND

top - 14:59:12 up 9 days, 23:12,  1 user,  load average: 0.12, 0.20, 0.31
Tasks: 204 total,   1 running, 203 sleeping,   0 stopped,   0 zombie
%Cpu(s):  3.8 us,  7.6 sy,  2.9 ni, 70.5 id, 15.2 wa,  0.0 hi,  0.0 si,  0.0 st
MiB Mem :   3844.2 total,    166.3 free,    563.8 used,   3114.0 buff/cache
MiB Swap:   3980.0 total,   3975.9 free,      4.1 used.   2998.6 avail Mem 

    PID USER      PR  NI    VIRT    RES    SHR S  %CPU  %MEM     TIME+ COMMAND
    937 www-data  20   0   26028  20328   4156 S   0.0   0.5  48:45.82 nginx

top - 14:59:13 up 9 days, 23:12,  1 user,  load average: 0.12, 0.20, 0.31
Tasks: 203 total,   2 running, 201 sleeping,   0 stopped,   0 zombie
%Cpu(s):  2.7 us,  4.5 sy,  0.9 ni, 91.8 id,  0.0 wa,  0.0 hi,  0.0 si,  0.0 st
MiB Mem :   3844.2 total,    165.8 free,    564.3 used,   3114.0 buff/cache
MiB Swap:   3980.0 total,   3975.9 free,      4.1 used.   2998.1 avail Mem 

    PID USER      PR  NI    VIRT    RES    SHR S  %CPU  %MEM     TIME+ COMMAND
    937 www-data  20   0   26028  20328   4156 S   0.0   0.5  48:45.82 nginx

top - 14:59:13 up 9 days, 23:12,  1 user,  load average: 0.12, 0.20, 0.31
Tasks: 203 total,   1 running, 202 sleeping,   0 stopped,   0 zombie
%Cpu(s):  0.0 us,  3.8 sy,  0.0 ni, 96.2 id,  0.0 wa,  0.0 hi,  0.0 si,  0.0 st
MiB Mem :   3844.2 total,    165.8 free,    564.3 used,   3114.0 buff/cache
MiB Swap:   3980.0 total,   3975.9 free,      4.1 used.   2998.1 avail Mem 

    PID USER      PR  NI    VIRT    RES    SHR S  %CPU  %MEM     TIME+ COMMAND
    937 www-data  20   0   26028  20328   4156 S   0.0   0.5  48:45.82 nginx

top - 14:59:14 up 9 days, 23:12,  1 user,  load average: 0.12, 0.20, 0.31
Tasks: 203 total,   1 running, 202 sleeping,   0 stopped,   0 zombie
%Cpu(s):  8.3 us,  2.8 sy,  0.0 ni, 88.9 id,  0.0 wa,  0.0 hi,  0.0 si,  0.0 st
MiB Mem :   3844.2 total,    165.8 free,    564.3 used,   3114.0 buff/cache
MiB Swap:   3980.0 total,   3975.9 free,      4.1 used.   2998.1 avail Mem 

    PID USER      PR  NI    VIRT    RES    SHR S  %CPU  %MEM     TIME+ COMMAND

top - 14:59:14 up 9 days, 23:12,  1 user,  load average: 0.12, 0.20, 0.31
Tasks: 203 total,   1 running, 202 sleeping,   0 stopped,   0 zombie
%Cpu(s):  1.9 us,  1.9 sy,  0.0 ni, 96.3 id,  0.0 wa,  0.0 hi,  0.0 si,  0.0 st
MiB Mem :   3844.2 total,    165.8 free,    564.3 used,   3114.0 buff/cache
MiB Swap:   3980.0 total,   3975.9 free,      4.1 used.   2998.1 avail Mem 

    PID USER      PR  NI    VIRT    RES    SHR S  %CPU  %MEM     TIME+ COMMAND
    937 www-data  20   0   26028  20328   4156 S   0.0   0.5  48:45.89 nginx

top - 14:59:15 up 9 days, 23:12,  1 user,  load average: 0.12, 0.20, 0.31
Tasks: 203 total,   1 running, 202 sleeping,   0 stopped,   0 zombie
%Cpu(s):  0.9 us,  3.7 sy,  0.0 ni, 95.4 id,  0.0 wa,  0.0 hi,  0.0 si,  0.0 st
MiB Mem :   3844.2 total,    165.8 free,    564.3 used,   3114.0 buff/cache
MiB Swap:   3980.0 total,   3975.9 free,      4.1 used.   2998.1 avail Mem 

    PID USER      PR  NI    VIRT    RES    SHR S  %CPU  %MEM     TIME+ COMMAND
    937 www-data  20   0   26028  20328   4156 S   0.0   0.5  48:45.89 nginx

top - 14:59:16 up 9 days, 23:12,  1 user,  load average: 0.11, 0.20, 0.30
Tasks: 203 total,   1 running, 202 sleeping,   0 stopped,   0 zombie
%Cpu(s):  0.9 us,  2.8 sy,  0.0 ni, 96.3 id,  0.0 wa,  0.0 hi,  0.0 si,  0.0 st
MiB Mem :   3844.2 total,    190.0 free,    540.1 used,   3114.0 buff/cache
MiB Swap:   3980.0 total,   3975.9 free,      4.1 used.   3022.3 avail Mem 

    PID USER      PR  NI    VIRT    RES    SHR S  %CPU  %MEM     TIME+ COMMAND
    937 www-data  20   0   26028  20328   4156 S   0.0   0.5  48:45.89 nginx

top - 14:59:16 up 9 days, 23:12,  1 user,  load average: 0.11, 0.20, 0.30
Tasks: 203 total,   1 running, 202 sleeping,   0 stopped,   0 zombie
%Cpu(s):  0.9 us,  2.8 sy,  0.0 ni, 96.3 id,  0.0 wa,  0.0 hi,  0.0 si,  0.0 st
MiB Mem :   3844.2 total,    190.0 free,    540.1 used,   3114.0 buff/cache
MiB Swap:   3980.0 total,   3975.9 free,      4.1 used.   3022.3 avail Mem 

    PID USER      PR  NI    VIRT    RES    SHR S  %CPU  %MEM     TIME+ COMMAND
    937 www-data  20   0   26028  20328   4156 S   0.0   0.5  48:45.89 nginx

top - 14:59:17 up 9 days, 23:12,  1 user,  load average: 0.11, 0.20, 0.30
Tasks: 203 total,   1 running, 202 sleeping,   0 stopped,   0 zombie
%Cpu(s):  0.9 us,  3.7 sy,  0.0 ni, 95.4 id,  0.0 wa,  0.0 hi,  0.0 si,  0.0 st
MiB Mem :   3844.2 total,    190.0 free,    540.1 used,   3114.0 buff/cache
MiB Swap:   3980.0 total,   3975.9 free,      4.1 used.   3022.3 avail Mem 

    PID USER      PR  NI    VIRT    RES    SHR S  %CPU  %MEM     TIME+ COMMAND
    937 www-data  20   0   26028  20328   4156 S   0.0   0.5  48:45.89 nginx
