top - 14:21:57 up 9 days, 22:35,  1 user,  load average: 0.64, 0.67, 0.47
Tasks: 209 total,   2 running, 207 sleeping,   0 stopped,   0 zombie
%Cpu(s): 40.5 us,  2.7 sy,  0.0 ni, 56.8 id,  0.0 wa,  0.0 hi,  0.0 si,  0.0 st
MiB Mem :   3844.2 total,    166.3 free,    573.0 used,   3104.9 buff/cache
MiB Swap:   3980.0 total,   3975.9 free,      4.1 used.   2989.4 avail Mem 

    PID USER      PR  NI    VIRT    RES    SHR S  %CPU  %MEM     TIME+ COMMAND
    937 www-data  20   0   26028  20328   4156 R  64.7   0.5  39:31.32 nginx

top - 14:21:58 up 9 days, 22:35,  1 user,  load average: 0.64, 0.67, 0.47
Tasks: 209 total,   2 running, 207 sleeping,   0 stopped,   0 zombie
%Cpu(s): 33.6 us,  4.7 sy,  0.0 ni, 60.7 id,  0.0 wa,  0.0 hi,  0.9 si,  0.0 st
MiB Mem :   3844.2 total,    166.3 free,    573.0 used,   3104.9 buff/cache
MiB Swap:   3980.0 total,   3975.9 free,      4.1 used.   2989.4 avail Mem 

    PID USER      PR  NI    VIRT    RES    SHR S  %CPU  %MEM     TIME+ COMMAND
    937 www-data  20   0   26028  20328   4156 R  67.9   0.5  39:31.68 nginx

top - 14:21:58 up 9 days, 22:35,  1 user,  load average: 0.64, 0.67, 0.47
Tasks: 209 total,   2 running, 207 sleeping,   0 stopped,   0 zombie
%Cpu(s): 33.3 us,  3.9 sy,  0.0 ni, 61.8 id,  0.0 wa,  0.0 hi,  1.0 si,  0.0 st
MiB Mem :   3844.2 total,    166.3 free,    573.0 used,   3104.9 buff/cache
MiB Swap:   3980.0 total,   3975.9 free,      4.1 used.   2989.4 avail Mem 

    PID USER      PR  NI    VIRT    RES    SHR S  %CPU  %MEM     TIME+ COMMAND
    937 www-data  20   0   26028  20328   4156 R  69.8   0.5  39:32.05 nginx

top - 14:21:59 up 9 days, 22:35,  1 user,  load average: 0.59, 0.66, 0.46
Tasks: 209 total,   1 running, 208 sleeping,   0 stopped,   0 zombie
%Cpu(s): 35.6 us,  1.9 sy,  0.0 ni, 62.5 id,  0.0 wa,  0.0 hi,  0.0 si,  0.0 st
MiB Mem :   3844.2 total,    166.3 free,    573.0 used,   3104.9 buff/cache
MiB Swap:   3980.0 total,   3975.9 free,      4.1 used.   2989.4 avail Mem 

    PID USER      PR  NI    VIRT    RES    SHR S  %CPU  %MEM     TIME+ COMMAND
    937 www-data  20   0   26028  20328   4156 S  66.0   0.5  39:32.40 nginx

top - 14:21:59 up 9 days, 22:35,  1 user,  load average: 0.59, 0.66, 0.46
Tasks: 209 total,   3 running, 206 sleeping,   0 stopped,   0 zombie
%Cpu(s): 34.3 us,  6.9 sy,  1.0 ni, 57.8 id,  0.0 wa,  0.0 hi,  0.0 si,  0.0 st
MiB Mem :   3844.2 total,    166.3 free,    573.0 used,   3104.9 buff/cache
MiB Swap:   3980.0 total,   3975.9 free,      4.1 used.   2989.4 avail Mem 

    PID USER      PR  NI    VIRT    RES    SHR S  %CPU  %MEM     TIME+ COMMAND
    937 www-data  20   0   26028  20328   4156 R  66.0   0.5  39:32.75 nginx

top - 14:22:00 up 9 days, 22:35,  1 user,  load average: 0.59, 0.66, 0.46
Tasks: 208 total,   2 running, 206 sleeping,   0 stopped,   0 zombie
%Cpu(s): 34.0 us,  7.5 sy,  0.0 ni, 31.1 id, 25.5 wa,  0.0 hi,  1.9 si,  0.0 st
MiB Mem :   3844.2 total,    166.3 free,    573.0 used,   3104.9 buff/cache
MiB Swap:   3980.0 total,   3975.9 free,      4.1 used.   2989.4 avail Mem 

    PID USER      PR  NI    VIRT    RES    SHR S  %CPU  %MEM     TIME+ COMMAND
    937 www-data  20   0   26028  20328   4156 R  65.4   0.5  39:33.09 nginx

top - 14:22:01 up 9 days, 22:35,  1 user,  load average: 0.59, 0.66, 0.46
Tasks: 208 total,   1 running, 207 sleeping,   0 stopped,   0 zombie
%Cpu(s): 35.3 us,  2.0 sy,  0.0 ni, 62.7 id,  0.0 wa,  0.0 hi,  0.0 si,  0.0 st
MiB Mem :   3844.2 total,    166.3 free,    573.0 used,   3104.9 buff/cache
MiB Swap:   3980.0 total,   3975.9 free,      4.1 used.   2989.4 avail Mem 

    PID USER      PR  NI    VIRT    RES    SHR S  %CPU  %MEM     TIME+ COMMAND
    937 www-data  20   0   26028  20328   4156 S  68.5   0.5  39:33.46 nginx

top - 14:22:01 up 9 days, 22:35,  1 user,  load average: 0.59, 0.66, 0.46
Tasks: 208 total,   2 running, 206 sleeping,   0 stopped,   0 zombie
%Cpu(s): 34.7 us,  1.0 sy,  0.0 ni, 64.3 id,  0.0 wa,  0.0 hi,  0.0 si,  0.0 st
MiB Mem :   3844.2 total,    166.3 free,    573.0 used,   3104.9 buff/cache
MiB Swap:   3980.0 total,   3975.9 free,      4.1 used.   2989.4 avail Mem 

    PID USER      PR  NI    VIRT    RES    SHR S  %CPU  %MEM     TIME+ COMMAND
    937 www-data  20   0   26028  20328   4156 R  66.7   0.5  39:33.82 nginx

top - 14:22:02 up 9 days, 22:35,  1 user,  load average: 0.59, 0.66, 0.46
Tasks: 208 total,   1 running, 207 sleeping,   0 stopped,   0 zombie
%Cpu(s): 35.6 us,  2.0 sy,  0.0 ni, 61.4 id,  0.0 wa,  0.0 hi,  1.0 si,  0.0 st
MiB Mem :   3844.2 total,    166.3 free,    573.0 used,   3104.9 buff/cache
MiB Swap:   3980.0 total,   3975.9 free,      4.1 used.   2989.4 avail Mem 

    PID USER      PR  NI    VIRT    RES    SHR S  %CPU  %MEM     TIME+ COMMAND
    937 www-data  20   0   26028  20328   4156 S  71.2   0.5  39:34.19 nginx

top - 14:22:02 up 9 days, 22:35,  1 user,  load average: 0.59, 0.66, 0.46
Tasks: 208 total,   2 running, 206 sleeping,   0 stopped,   0 zombie
%Cpu(s): 35.5 us,  3.7 sy,  0.0 ni, 60.7 id,  0.0 wa,  0.0 hi,  0.0 si,  0.0 st
MiB Mem :   3844.2 total,    166.3 free,    573.0 used,   3104.9 buff/cache
MiB Swap:   3980.0 total,   3975.9 free,      4.1 used.   2989.4 avail Mem 

    PID USER      PR  NI    VIRT    RES    SHR S  %CPU  %MEM     TIME+ COMMAND
    937 www-data  20   0   26028  20328   4156 R  67.3   0.5  39:34.54 nginx

top - 14:22:03 up 9 days, 22:35,  1 user,  load average: 0.59, 0.66, 0.46
Tasks: 208 total,   2 running, 206 sleeping,   0 stopped,   0 zombie
%Cpu(s): 34.3 us,  3.7 sy,  0.0 ni, 60.2 id,  0.0 wa,  0.0 hi,  1.9 si,  0.0 st
MiB Mem :   3844.2 total,    166.3 free,    573.0 used,   3104.9 buff/cache
MiB Swap:   3980.0 total,   3975.9 free,      4.1 used.   2989.5 avail Mem 

    PID USER      PR  NI    VIRT    RES    SHR S  %CPU  %MEM     TIME+ COMMAND
    937 www-data  20   0   26028  20328   4156 R  68.5   0.5  39:34.91 nginx

top - 14:22:03 up 9 days, 22:35,  1 user,  load average: 0.59, 0.66, 0.46
Tasks: 208 total,   1 running, 207 sleeping,   0 stopped,   0 zombie
%Cpu(s): 34.3 us,  2.8 sy,  0.0 ni, 61.1 id,  0.0 wa,  0.0 hi,  1.9 si,  0.0 st
MiB Mem :   3844.2 total,    166.3 free,    573.0 used,   3104.9 buff/cache
MiB Swap:   3980.0 total,   3975.9 free,      4.1 used.   2989.5 avail Mem 

    PID USER      PR  NI    VIRT    RES    SHR S  %CPU  %MEM     TIME+ COMMAND
    937 www-data  20   0   26028  20328   4156 S  64.8   0.5  39:35.26 nginx

top - 14:22:04 up 9 days, 22:35,  1 user,  load average: 0.62, 0.67, 0.47
Tasks: 208 total,   1 running, 207 sleeping,   0 stopped,   0 zombie
%Cpu(s): 34.6 us,  4.7 sy,  0.0 ni, 59.8 id,  0.0 wa,  0.0 hi,  0.9 si,  0.0 st
MiB Mem :   3844.2 total,    166.3 free,    573.0 used,   3104.9 buff/cache
MiB Swap:   3980.0 total,   3975.9 free,      4.1 used.   2989.5 avail Mem 

    PID USER      PR  NI    VIRT    RES    SHR S  %CPU  %MEM     TIME+ COMMAND
    937 www-data  20   0   26028  20328   4156 S  70.4   0.5  39:35.64 nginx

top - 14:22:04 up 9 days, 22:35,  1 user,  load average: 0.62, 0.67, 0.47
Tasks: 208 total,   1 running, 207 sleeping,   0 stopped,   0 zombie
%Cpu(s): 32.4 us,  3.7 sy,  0.0 ni, 62.0 id,  0.0 wa,  0.0 hi,  1.9 si,  0.0 st
MiB Mem :   3844.2 total,    166.3 free,    573.0 used,   3104.9 buff/cache
MiB Swap:   3980.0 total,   3975.9 free,      4.1 used.   2989.5 avail Mem 

    PID USER      PR  NI    VIRT    RES    SHR S  %CPU  %MEM     TIME+ COMMAND
    937 www-data  20   0   26028  20328   4156 S  66.7   0.5  39:36.00 nginx

top - 14:22:05 up 9 days, 22:35,  1 user,  load average: 0.62, 0.67, 0.47
Tasks: 209 total,   4 running, 205 sleeping,   0 stopped,   0 zombie
%Cpu(s): 35.6 us,  9.6 sy,  5.8 ni, 33.7 id, 13.5 wa,  0.0 hi,  1.9 si,  0.0 st
MiB Mem :   3844.2 total,    166.3 free,    573.0 used,   3104.9 buff/cache
MiB Swap:   3980.0 total,   3975.9 free,      4.1 used.   2989.5 avail Mem 

    PID USER      PR  NI    VIRT    RES    SHR S  %CPU  %MEM     TIME+ COMMAND
    937 www-data  20   0   26028  20328   4156 R  63.6   0.5  39:36.35 nginx

top - 14:22:05 up 9 days, 22:35,  1 user,  load average: 0.62, 0.67, 0.47
Tasks: 209 total,   3 running, 206 sleeping,   0 stopped,   0 zombie
%Cpu(s): 32.4 us,  5.7 sy,  6.7 ni, 54.3 id,  0.0 wa,  0.0 hi,  1.0 si,  0.0 st
MiB Mem :   3844.2 total,    166.3 free,    573.0 used,   3104.9 buff/cache
MiB Swap:   3980.0 total,   3975.9 free,      4.1 used.   2989.5 avail Mem 

    PID USER      PR  NI    VIRT    RES    SHR S  %CPU  %MEM     TIME+ COMMAND
    937 www-data  20   0   26028  20328   4156 R  57.7   0.5  39:36.65 nginx

top - 14:22:06 up 9 days, 22:35,  1 user,  load average: 0.62, 0.67, 0.47
Tasks: 209 total,   2 running, 207 sleeping,   0 stopped,   0 zombie
%Cpu(s): 36.2 us,  2.9 sy,  0.0 ni, 60.0 id,  0.0 wa,  0.0 hi,  1.0 si,  0.0 st
MiB Mem :   3844.2 total,    183.0 free,    556.2 used,   3105.0 buff/cache
MiB Swap:   3980.0 total,   3975.9 free,      4.1 used.   3006.2 avail Mem 

    PID USER      PR  NI    VIRT    RES    SHR S  %CPU  %MEM     TIME+ COMMAND
    937 www-data  20   0   26028  20328   4156 R  69.2   0.5  39:37.01 nginx

top - 14:22:06 up 9 days, 22:35,  1 user,  load average: 0.62, 0.67, 0.47
Tasks: 209 total,   2 running, 207 sleeping,   0 stopped,   0 zombie
%Cpu(s): 34.0 us,  2.0 sy,  0.0 ni, 63.0 id,  0.0 wa,  0.0 hi,  1.0 si,  0.0 st
MiB Mem :   3844.2 total,    183.0 free,    556.2 used,   3105.0 buff/cache
MiB Swap:   3980.0 total,   3975.9 free,      4.1 used.   3006.2 avail Mem 

    PID USER      PR  NI    VIRT    RES    SHR S  %CPU  %MEM     TIME+ COMMAND
    937 www-data  20   0   26028  20328   4156 R  63.6   0.5  39:37.36 nginx

top - 14:22:07 up 9 days, 22:35,  1 user,  load average: 0.62, 0.67, 0.47
Tasks: 209 total,   1 running, 208 sleeping,   0 stopped,   0 zombie
%Cpu(s): 35.5 us,  3.7 sy,  0.0 ni, 59.8 id,  0.0 wa,  0.0 hi,  0.9 si,  0.0 st
MiB Mem :   3844.2 total,    183.0 free,    556.2 used,   3105.0 buff/cache
MiB Swap:   3980.0 total,   3975.9 free,      4.1 used.   3006.2 avail Mem 

    PID USER      PR  NI    VIRT    RES    SHR S  %CPU  %MEM     TIME+ COMMAND
    937 www-data  20   0   26028  20328   4156 S  73.1   0.5  39:37.74 nginx

top - 14:22:07 up 9 days, 22:35,  1 user,  load average: 0.62, 0.67, 0.47
Tasks: 209 total,   2 running, 207 sleeping,   0 stopped,   0 zombie
%Cpu(s): 35.2 us,  3.8 sy,  0.0 ni, 61.0 id,  0.0 wa,  0.0 hi,  0.0 si,  0.0 st
MiB Mem :   3844.2 total,    183.0 free,    556.2 used,   3105.0 buff/cache
MiB Swap:   3980.0 total,   3975.9 free,      4.1 used.   3006.2 avail Mem 

    PID USER      PR  NI    VIRT    RES    SHR S  %CPU  %MEM     TIME+ COMMAND
    937 www-data  20   0   26028  20328   4156 R  65.5   0.5  39:38.10 nginx

top - 14:22:08 up 9 days, 22:35,  1 user,  load average: 0.62, 0.67, 0.47
Tasks: 209 total,   2 running, 207 sleeping,   0 stopped,   0 zombie
%Cpu(s): 34.9 us,  4.7 sy,  0.0 ni, 59.4 id,  0.0 wa,  0.0 hi,  0.9 si,  0.0 st
MiB Mem :   3844.2 total,    183.0 free,    556.2 used,   3105.0 buff/cache
MiB Swap:   3980.0 total,   3975.9 free,      4.1 used.   3006.2 avail Mem 

    PID USER      PR  NI    VIRT    RES    SHR S  %CPU  %MEM     TIME+ COMMAND
    937 www-data  20   0   26028  20328   4156 R  70.4   0.5  39:38.48 nginx

top - 14:22:09 up 9 days, 22:35,  1 user,  load average: 0.62, 0.67, 0.47
Tasks: 209 total,   2 running, 207 sleeping,   0 stopped,   0 zombie
%Cpu(s): 35.5 us,  3.6 sy,  0.0 ni, 59.1 id,  0.0 wa,  0.0 hi,  1.8 si,  0.0 st
MiB Mem :   3844.2 total,    182.8 free,    556.4 used,   3105.0 buff/cache
MiB Swap:   3980.0 total,   3975.9 free,      4.1 used.   3006.0 avail Mem 

    PID USER      PR  NI    VIRT    RES    SHR S  %CPU  %MEM     TIME+ COMMAND
    937 www-data  20   0   26028  20328   4156 R  66.7   0.5  39:38.84 nginx

top - 14:22:09 up 9 days, 22:35,  1 user,  load average: 0.65, 0.67, 0.47
Tasks: 209 total,   2 running, 207 sleeping,   0 stopped,   0 zombie
%Cpu(s): 35.5 us,  4.7 sy,  0.0 ni, 58.9 id,  0.0 wa,  0.0 hi,  0.9 si,  0.0 st
MiB Mem :   3844.2 total,    182.8 free,    556.4 used,   3105.0 buff/cache
MiB Swap:   3980.0 total,   3975.9 free,      4.1 used.   3006.0 avail Mem 

    PID USER      PR  NI    VIRT    RES    SHR S  %CPU  %MEM     TIME+ COMMAND
    937 www-data  20   0   26028  20328   4156 R  69.1   0.5  39:39.22 nginx

top - 14:22:10 up 9 days, 22:35,  1 user,  load average: 0.65, 0.67, 0.47
Tasks: 209 total,   2 running, 207 sleeping,   0 stopped,   0 zombie
%Cpu(s): 37.7 us,  7.5 sy,  0.0 ni, 50.0 id,  4.7 wa,  0.0 hi,  0.0 si,  0.0 st
MiB Mem :   3844.2 total,    182.8 free,    556.4 used,   3105.0 buff/cache
MiB Swap:   3980.0 total,   3975.9 free,      4.1 used.   3006.0 avail Mem 

    PID USER      PR  NI    VIRT    RES    SHR S  %CPU  %MEM     TIME+ COMMAND
    937 www-data  20   0   26028  20328   4156 R  70.4   0.5  39:39.60 nginx

top - 14:22:10 up 9 days, 22:35,  1 user,  load average: 0.65, 0.67, 0.47
Tasks: 209 total,   2 running, 207 sleeping,   0 stopped,   0 zombie
%Cpu(s): 33.3 us,  4.6 sy,  1.9 ni, 50.0 id,  8.3 wa,  0.0 hi,  1.9 si,  0.0 st
MiB Mem :   3844.2 total,    182.8 free,    556.4 used,   3105.0 buff/cache
MiB Swap:   3980.0 total,   3975.9 free,      4.1 used.   3006.0 avail Mem 

    PID USER      PR  NI    VIRT    RES    SHR S  %CPU  %MEM     TIME+ COMMAND
    937 www-data  20   0   26028  20328   4156 R  63.0   0.5  39:39.94 nginx

top - 14:22:11 up 9 days, 22:35,  1 user,  load average: 0.65, 0.67, 0.47
Tasks: 209 total,   1 running, 208 sleeping,   0 stopped,   0 zombie
%Cpu(s): 35.5 us,  3.7 sy,  0.0 ni, 59.8 id,  0.0 wa,  0.0 hi,  0.9 si,  0.0 st
MiB Mem :   3844.2 total,    182.8 free,    556.4 used,   3105.0 buff/cache
MiB Swap:   3980.0 total,   3975.9 free,      4.1 used.   3006.0 avail Mem 

    PID USER      PR  NI    VIRT    RES    SHR S  %CPU  %MEM     TIME+ COMMAND
    937 www-data  20   0   26028  20328   4156 S  69.1   0.5  39:40.32 nginx

top - 14:22:11 up 9 days, 22:35,  1 user,  load average: 0.65, 0.67, 0.47
Tasks: 209 total,   1 running, 208 sleeping,   0 stopped,   0 zombie
%Cpu(s): 34.6 us,  3.7 sy,  0.0 ni, 61.7 id,  0.0 wa,  0.0 hi,  0.0 si,  0.0 st
MiB Mem :   3844.2 total,    182.8 free,    556.4 used,   3105.0 buff/cache
MiB Swap:   3980.0 total,   3975.9 free,      4.1 used.   3006.0 avail Mem 

    PID USER      PR  NI    VIRT    RES    SHR S  %CPU  %MEM     TIME+ COMMAND
    937 www-data  20   0   26028  20328   4156 S  66.7   0.5  39:40.68 nginx

top - 14:22:12 up 9 days, 22:35,  1 user,  load average: 0.65, 0.67, 0.47
Tasks: 209 total,   1 running, 208 sleeping,   0 stopped,   0 zombie
%Cpu(s): 35.8 us,  3.8 sy,  0.0 ni, 59.4 id,  0.0 wa,  0.0 hi,  0.9 si,  0.0 st
MiB Mem :   3844.2 total,    181.3 free,    557.8 used,   3105.0 buff/cache
MiB Swap:   3980.0 total,   3975.9 free,      4.1 used.   3004.6 avail Mem 

    PID USER      PR  NI    VIRT    RES    SHR S  %CPU  %MEM     TIME+ COMMAND
    937 www-data  20   0   26028  20328   4156 S  69.1   0.5  39:41.06 nginx

top - 14:22:12 up 9 days, 22:35,  1 user,  load average: 0.65, 0.67, 0.47
Tasks: 209 total,   1 running, 208 sleeping,   0 stopped,   0 zombie
%Cpu(s): 34.0 us,  3.8 sy,  0.0 ni, 61.3 id,  0.0 wa,  0.0 hi,  0.9 si,  0.0 st
MiB Mem :   3844.2 total,    181.3 free,    557.8 used,   3105.0 buff/cache
MiB Swap:   3980.0 total,   3975.9 free,      4.1 used.   3004.6 avail Mem 

    PID USER      PR  NI    VIRT    RES    SHR S  %CPU  %MEM     TIME+ COMMAND
    937 www-data  20   0   26028  20328   4156 S  68.5   0.5  39:41.43 nginx

top - 14:22:13 up 9 days, 22:35,  1 user,  load average: 0.65, 0.67, 0.47
Tasks: 209 total,   2 running, 207 sleeping,   0 stopped,   0 zombie
%Cpu(s): 35.5 us,  3.7 sy,  0.0 ni, 59.8 id,  0.0 wa,  0.0 hi,  0.9 si,  0.0 st
MiB Mem :   3844.2 total,    181.3 free,    557.8 used,   3105.0 buff/cache
MiB Swap:   3980.0 total,   3975.9 free,      4.1 used.   3004.6 avail Mem 

    PID USER      PR  NI    VIRT    RES    SHR S  %CPU  %MEM     TIME+ COMMAND
    937 www-data  20   0   26028  20328   4156 R  65.5   0.5  39:41.79 nginx

top - 14:22:13 up 9 days, 22:35,  1 user,  load average: 0.65, 0.67, 0.47
Tasks: 209 total,   2 running, 207 sleeping,   0 stopped,   0 zombie
%Cpu(s): 35.5 us,  3.7 sy,  0.0 ni, 60.7 id,  0.0 wa,  0.0 hi,  0.0 si,  0.0 st
MiB Mem :   3844.2 total,    181.3 free,    557.8 used,   3105.0 buff/cache
MiB Swap:   3980.0 total,   3975.9 free,      4.1 used.   3004.6 avail Mem 

    PID USER      PR  NI    VIRT    RES    SHR S  %CPU  %MEM     TIME+ COMMAND
    937 www-data  20   0   26028  20328   4156 R  68.5   0.5  39:42.16 nginx

top - 14:22:14 up 9 days, 22:35,  1 user,  load average: 0.68, 0.68, 0.47
Tasks: 209 total,   2 running, 207 sleeping,   0 stopped,   0 zombie
%Cpu(s): 35.6 us,  2.0 sy,  0.0 ni, 62.4 id,  0.0 wa,  0.0 hi,  0.0 si,  0.0 st
MiB Mem :   3844.2 total,    181.3 free,    557.8 used,   3105.0 buff/cache
MiB Swap:   3980.0 total,   3975.9 free,      4.1 used.   3004.6 avail Mem 

    PID USER      PR  NI    VIRT    RES    SHR S  %CPU  %MEM     TIME+ COMMAND
    937 www-data  20   0   26028  20328   4156 R  66.7   0.5  39:42.52 nginx

top - 14:22:15 up 9 days, 22:35,  1 user,  load average: 0.68, 0.68, 0.47
Tasks: 209 total,   2 running, 207 sleeping,   0 stopped,   0 zombie
%Cpu(s): 33.3 us,  5.6 sy,  0.0 ni, 60.2 id,  0.0 wa,  0.0 hi,  0.9 si,  0.0 st
MiB Mem :   3844.2 total,    181.3 free,    557.8 used,   3105.0 buff/cache
MiB Swap:   3980.0 total,   3975.9 free,      4.1 used.   3004.6 avail Mem 

    PID USER      PR  NI    VIRT    RES    SHR S  %CPU  %MEM     TIME+ COMMAND
    937 www-data  20   0   26028  20328   4156 R  71.2   0.5  39:42.89 nginx

top - 14:22:15 up 9 days, 22:35,  1 user,  load average: 0.68, 0.68, 0.47
Tasks: 208 total,   3 running, 205 sleeping,   0 stopped,   0 zombie
%Cpu(s): 35.3 us,  8.8 sy,  3.9 ni, 38.2 id, 12.7 wa,  0.0 hi,  1.0 si,  0.0 st
MiB Mem :   3844.2 total,    180.1 free,    559.0 used,   3105.1 buff/cache
MiB Swap:   3980.0 total,   3975.9 free,      4.1 used.   3003.4 avail Mem 

    PID USER      PR  NI    VIRT    RES    SHR S  %CPU  %MEM     TIME+ COMMAND
    937 www-data  20   0   26028  20328   4156 R  60.0   0.5  39:43.22 nginx

top - 14:22:16 up 9 days, 22:35,  1 user,  load average: 0.68, 0.68, 0.47
Tasks: 208 total,   1 running, 207 sleeping,   0 stopped,   0 zombie
%Cpu(s): 34.6 us,  4.7 sy,  0.0 ni, 59.8 id,  0.0 wa,  0.0 hi,  0.9 si,  0.0 st
MiB Mem :   3844.2 total,    180.1 free,    559.0 used,   3105.1 buff/cache
MiB Swap:   3980.0 total,   3975.9 free,      4.1 used.   3003.4 avail Mem 

    PID USER      PR  NI    VIRT    RES    SHR S  %CPU  %MEM     TIME+ COMMAND
    937 www-data  20   0   26028  20328   4156 S  71.2   0.5  39:43.59 nginx

top - 14:22:16 up 9 days, 22:35,  1 user,  load average: 0.68, 0.68, 0.47
Tasks: 208 total,   2 running, 206 sleeping,   0 stopped,   0 zombie
%Cpu(s): 35.0 us,  3.9 sy,  0.0 ni, 61.2 id,  0.0 wa,  0.0 hi,  0.0 si,  0.0 st
MiB Mem :   3844.2 total,    180.1 free,    559.0 used,   3105.1 buff/cache
MiB Swap:   3980.0 total,   3975.9 free,      4.1 used.   3003.4 avail Mem 

    PID USER      PR  NI    VIRT    RES    SHR S  %CPU  %MEM     TIME+ COMMAND
    937 www-data  20   0   26028  20328   4156 R  70.4   0.5  39:43.97 nginx

top - 14:22:17 up 9 days, 22:35,  1 user,  load average: 0.68, 0.68, 0.47
Tasks: 208 total,   2 running, 206 sleeping,   0 stopped,   0 zombie
%Cpu(s): 36.9 us,  2.9 sy,  0.0 ni, 60.2 id,  0.0 wa,  0.0 hi,  0.0 si,  0.0 st
MiB Mem :   3844.2 total,    180.1 free,    559.0 used,   3105.1 buff/cache
MiB Swap:   3980.0 total,   3975.9 free,      4.1 used.   3003.4 avail Mem 

    PID USER      PR  NI    VIRT    RES    SHR S  %CPU  %MEM     TIME+ COMMAND
    937 www-data  20   0   26028  20328   4156 R  67.3   0.5  39:44.34 nginx

top - 14:22:17 up 9 days, 22:36,  1 user,  load average: 0.68, 0.68, 0.47
Tasks: 208 total,   3 running, 205 sleeping,   0 stopped,   0 zombie
%Cpu(s): 32.0 us,  2.0 sy,  0.0 ni, 65.0 id,  0.0 wa,  0.0 hi,  1.0 si,  0.0 st
MiB Mem :   3844.2 total,    180.1 free,    559.0 used,   3105.1 buff/cache
MiB Swap:   3980.0 total,   3975.9 free,      4.1 used.   3003.4 avail Mem 

    PID USER      PR  NI    VIRT    RES    SHR S  %CPU  %MEM     TIME+ COMMAND
    937 www-data  20   0   26028  20328   4156 R  65.4   0.5  39:44.68 nginx

top - 14:22:18 up 9 days, 22:36,  1 user,  load average: 0.68, 0.68, 0.47
Tasks: 208 total,   2 running, 206 sleeping,   0 stopped,   0 zombie
%Cpu(s): 38.5 us,  4.6 sy,  0.0 ni, 54.1 id,  0.0 wa,  0.0 hi,  2.8 si,  0.0 st
MiB Mem :   3844.2 total,    180.1 free,    559.0 used,   3105.1 buff/cache
MiB Swap:   3980.0 total,   3975.9 free,      4.1 used.   3003.4 avail Mem 

    PID USER      PR  NI    VIRT    RES    SHR S  %CPU  %MEM     TIME+ COMMAND
    937 www-data  20   0   26028  20328   4156 R  71.2   0.5  39:45.05 nginx

top - 14:22:18 up 9 days, 22:36,  1 user,  load average: 0.68, 0.68, 0.47
Tasks: 208 total,   2 running, 206 sleeping,   0 stopped,   0 zombie
%Cpu(s): 35.2 us,  4.6 sy,  0.0 ni, 59.3 id,  0.0 wa,  0.0 hi,  0.9 si,  0.0 st
MiB Mem :   3844.2 total,    180.1 free,    559.0 used,   3105.1 buff/cache
MiB Swap:   3980.0 total,   3975.9 free,      4.1 used.   3003.4 avail Mem 

    PID USER      PR  NI    VIRT    RES    SHR S  %CPU  %MEM     TIME+ COMMAND
    937 www-data  20   0   26028  20328   4156 R  66.7   0.5  39:45.41 nginx

top - 14:22:19 up 9 days, 22:36,  1 user,  load average: 0.70, 0.68, 0.48
Tasks: 208 total,   1 running, 207 sleeping,   0 stopped,   0 zombie
%Cpu(s): 34.0 us,  4.7 sy,  0.0 ni, 61.3 id,  0.0 wa,  0.0 hi,  0.0 si,  0.0 st
MiB Mem :   3844.2 total,    180.1 free,    559.0 used,   3105.1 buff/cache
MiB Swap:   3980.0 total,   3975.9 free,      4.1 used.   3003.4 avail Mem 

    PID USER      PR  NI    VIRT    RES    SHR S  %CPU  %MEM     TIME+ COMMAND
    937 www-data  20   0   26028  20328   4156 S  70.4   0.5  39:45.79 nginx

top - 14:22:19 up 9 days, 22:36,  1 user,  load average: 0.70, 0.68, 0.48
Tasks: 208 total,   1 running, 207 sleeping,   0 stopped,   0 zombie
%Cpu(s): 36.2 us,  2.9 sy,  0.0 ni, 61.0 id,  0.0 wa,  0.0 hi,  0.0 si,  0.0 st
MiB Mem :   3844.2 total,    180.1 free,    559.0 used,   3105.1 buff/cache
MiB Swap:   3980.0 total,   3975.9 free,      4.1 used.   3003.4 avail Mem 

    PID USER      PR  NI    VIRT    RES    SHR S  %CPU  %MEM     TIME+ COMMAND
    937 www-data  20   0   26028  20328   4156 S  65.5   0.5  39:46.15 nginx

top - 14:22:20 up 9 days, 22:36,  1 user,  load average: 0.70, 0.68, 0.48
Tasks: 208 total,   3 running, 205 sleeping,   0 stopped,   0 zombie
%Cpu(s): 38.0 us,  5.6 sy,  0.9 ni, 38.9 id, 14.8 wa,  0.0 hi,  1.9 si,  0.0 st
MiB Mem :   3844.2 total,    180.1 free,    559.0 used,   3105.1 buff/cache
MiB Swap:   3980.0 total,   3975.9 free,      4.1 used.   3003.4 avail Mem 

    PID USER      PR  NI    VIRT    RES    SHR S  %CPU  %MEM     TIME+ COMMAND
    937 www-data  20   0   26028  20328   4156 R  68.5   0.5  39:46.52 nginx

top - 14:22:20 up 9 days, 22:36,  1 user,  load average: 0.70, 0.68, 0.48
Tasks: 209 total,   2 running, 207 sleeping,   0 stopped,   0 zombie
%Cpu(s): 33.3 us,  8.8 sy, 11.8 ni, 43.1 id,  2.0 wa,  0.0 hi,  1.0 si,  0.0 st
MiB Mem :   3844.2 total,    180.1 free,    559.0 used,   3105.1 buff/cache
MiB Swap:   3980.0 total,   3975.9 free,      4.1 used.   3003.4 avail Mem 

    PID USER      PR  NI    VIRT    RES    SHR S  %CPU  %MEM     TIME+ COMMAND
    937 www-data  20   0   26028  20328   4156 R  56.4   0.5  39:46.83 nginx

top - 14:22:21 up 9 days, 22:36,  1 user,  load average: 0.70, 0.68, 0.48
Tasks: 209 total,   1 running, 208 sleeping,   0 stopped,   0 zombie
%Cpu(s): 37.1 us,  2.9 sy,  0.0 ni, 60.0 id,  0.0 wa,  0.0 hi,  0.0 si,  0.0 st
MiB Mem :   3844.2 total,    175.9 free,    563.1 used,   3105.1 buff/cache
MiB Swap:   3980.0 total,   3975.9 free,      4.1 used.   2999.3 avail Mem 

    PID USER      PR  NI    VIRT    RES    SHR S  %CPU  %MEM     TIME+ COMMAND
    937 www-data  20   0   26028  20328   4156 S  71.2   0.5  39:47.20 nginx

top - 14:22:21 up 9 days, 22:36,  1 user,  load average: 0.70, 0.68, 0.48
Tasks: 209 total,   1 running, 208 sleeping,   0 stopped,   0 zombie
%Cpu(s): 35.5 us,  2.8 sy,  0.0 ni, 60.7 id,  0.0 wa,  0.0 hi,  0.9 si,  0.0 st
MiB Mem :   3844.2 total,    175.9 free,    563.1 used,   3105.1 buff/cache
MiB Swap:   3980.0 total,   3975.9 free,      4.1 used.   2999.3 avail Mem 

    PID USER      PR  NI    VIRT    RES    SHR S  %CPU  %MEM     TIME+ COMMAND
    937 www-data  20   0   26028  20328   4156 S  66.7   0.5  39:47.56 nginx

top - 14:22:22 up 9 days, 22:36,  1 user,  load average: 0.70, 0.68, 0.48
Tasks: 209 total,   1 running, 208 sleeping,   0 stopped,   0 zombie
%Cpu(s): 34.9 us,  4.7 sy,  0.0 ni, 60.4 id,  0.0 wa,  0.0 hi,  0.0 si,  0.0 st
MiB Mem :   3844.2 total,    175.9 free,    563.1 used,   3105.1 buff/cache
MiB Swap:   3980.0 total,   3975.9 free,      4.1 used.   2999.3 avail Mem 

    PID USER      PR  NI    VIRT    RES    SHR S  %CPU  %MEM     TIME+ COMMAND
    937 www-data  20   0   26028  20328   4156 S  69.1   0.5  39:47.94 nginx

top - 14:22:23 up 9 days, 22:36,  1 user,  load average: 0.70, 0.68, 0.48
Tasks: 209 total,   2 running, 207 sleeping,   0 stopped,   0 zombie
%Cpu(s): 34.0 us,  3.8 sy,  0.0 ni, 61.3 id,  0.0 wa,  0.0 hi,  0.9 si,  0.0 st
MiB Mem :   3844.2 total,    175.9 free,    563.1 used,   3105.1 buff/cache
MiB Swap:   3980.0 total,   3975.9 free,      4.1 used.   2999.3 avail Mem 

    PID USER      PR  NI    VIRT    RES    SHR S  %CPU  %MEM     TIME+ COMMAND
    937 www-data  20   0   26028  20328   4156 R  66.7   0.5  39:48.30 nginx

top - 14:22:23 up 9 days, 22:36,  1 user,  load average: 0.70, 0.68, 0.48
Tasks: 209 total,   2 running, 207 sleeping,   0 stopped,   0 zombie
%Cpu(s): 36.2 us,  3.8 sy,  0.0 ni, 60.0 id,  0.0 wa,  0.0 hi,  0.0 si,  0.0 st
MiB Mem :   3844.2 total,    175.9 free,    563.1 used,   3105.1 buff/cache
MiB Swap:   3980.0 total,   3975.9 free,      4.1 used.   2999.3 avail Mem 

    PID USER      PR  NI    VIRT    RES    SHR S  %CPU  %MEM     TIME+ COMMAND
    937 www-data  20   0   26028  20328   4156 R  68.5   0.5  39:48.67 nginx

top - 14:22:24 up 9 days, 22:36,  1 user,  load average: 0.73, 0.69, 0.48
Tasks: 209 total,   2 running, 207 sleeping,   0 stopped,   0 zombie
%Cpu(s): 38.1 us,  1.9 sy,  0.0 ni, 59.0 id,  0.0 wa,  0.0 hi,  1.0 si,  0.0 st
MiB Mem :   3844.2 total,    175.9 free,    563.1 used,   3105.1 buff/cache
MiB Swap:   3980.0 total,   3975.9 free,      4.1 used.   2999.3 avail Mem 

    PID USER      PR  NI    VIRT    RES    SHR S  %CPU  %MEM     TIME+ COMMAND
    937 www-data  20   0   26028  20328   4156 R  72.7   0.5  39:49.07 nginx

top - 14:22:24 up 9 days, 22:36,  1 user,  load average: 0.73, 0.69, 0.48
Tasks: 209 total,   2 running, 207 sleeping,   0 stopped,   0 zombie
%Cpu(s): 32.0 us,  3.9 sy,  0.0 ni, 64.1 id,  0.0 wa,  0.0 hi,  0.0 si,  0.0 st
MiB Mem :   3844.2 total,    175.9 free,    563.1 used,   3105.1 buff/cache
MiB Swap:   3980.0 total,   3975.9 free,      4.1 used.   2999.3 avail Mem 

    PID USER      PR  NI    VIRT    RES    SHR S  %CPU  %MEM     TIME+ COMMAND
    937 www-data  20   0   26028  20328   4156 R  61.1   0.5  39:49.40 nginx

top - 14:22:25 up 9 days, 22:36,  1 user,  load average: 0.73, 0.69, 0.48
Tasks: 212 total,   4 running, 208 sleeping,   0 stopped,   0 zombie
%Cpu(s): 36.4 us,  4.0 sy,  0.0 ni, 59.6 id,  0.0 wa,  0.0 hi,  0.0 si,  0.0 st
MiB Mem :   3844.2 total,    175.9 free,    563.1 used,   3105.1 buff/cache
MiB Swap:   3980.0 total,   3975.9 free,      4.1 used.   2999.3 avail Mem 

    PID USER      PR  NI    VIRT    RES    SHR S  %CPU  %MEM     TIME+ COMMAND
    937 www-data  20   0   26028  20328   4156 R  69.2   0.5  39:49.76 nginx

top - 14:22:25 up 9 days, 22:36,  1 user,  load average: 0.73, 0.69, 0.48
Tasks: 209 total,   1 running, 208 sleeping,   0 stopped,   0 zombie
%Cpu(s): 32.0 us,  4.9 sy,  1.9 ni, 42.7 id, 17.5 wa,  0.0 hi,  1.0 si,  0.0 st
MiB Mem :   3844.2 total,    175.9 free,    563.1 used,   3105.1 buff/cache
MiB Swap:   3980.0 total,   3975.9 free,      4.1 used.   2999.3 avail Mem 

    PID USER      PR  NI    VIRT    RES    SHR S  %CPU  %MEM     TIME+ COMMAND
    937 www-data  20   0   26028  20328   4156 S  61.5   0.5  39:50.08 nginx

top - 14:22:26 up 9 days, 22:36,  1 user,  load average: 0.73, 0.69, 0.48
Tasks: 209 total,   2 running, 207 sleeping,   0 stopped,   0 zombie
%Cpu(s): 35.8 us,  3.8 sy,  0.0 ni, 60.4 id,  0.0 wa,  0.0 hi,  0.0 si,  0.0 st
MiB Mem :   3844.2 total,    175.9 free,    563.1 used,   3105.1 buff/cache
MiB Swap:   3980.0 total,   3975.9 free,      4.1 used.   2999.3 avail Mem 

    PID USER      PR  NI    VIRT    RES    SHR S  %CPU  %MEM     TIME+ COMMAND
    937 www-data  20   0   26028  20328   4156 R  67.3   0.5  39:50.43 nginx

top - 14:22:26 up 9 days, 22:36,  1 user,  load average: 0.73, 0.69, 0.48
Tasks: 209 total,   2 running, 207 sleeping,   0 stopped,   0 zombie
%Cpu(s): 35.2 us,  3.7 sy,  0.0 ni, 60.2 id,  0.0 wa,  0.0 hi,  0.9 si,  0.0 st
MiB Mem :   3844.2 total,    175.9 free,    563.1 used,   3105.1 buff/cache
MiB Swap:   3980.0 total,   3975.9 free,      4.1 used.   2999.3 avail Mem 

    PID USER      PR  NI    VIRT    RES    SHR S  %CPU  %MEM     TIME+ COMMAND
    937 www-data  20   0   26028  20328   4156 R  68.5   0.5  39:50.80 nginx

top - 14:22:27 up 9 days, 22:36,  1 user,  load average: 0.73, 0.69, 0.48
Tasks: 209 total,   1 running, 208 sleeping,   0 stopped,   0 zombie
%Cpu(s): 35.8 us,  3.8 sy,  0.0 ni, 60.4 id,  0.0 wa,  0.0 hi,  0.0 si,  0.0 st
MiB Mem :   3844.2 total,    175.4 free,    563.6 used,   3105.2 buff/cache
MiB Swap:   3980.0 total,   3975.9 free,      4.1 used.   2998.8 avail Mem 

    PID USER      PR  NI    VIRT    RES    SHR S  %CPU  %MEM     TIME+ COMMAND
    937 www-data  20   0   26028  20328   4156 S  65.5   0.5  39:51.16 nginx

top - 14:22:27 up 9 days, 22:36,  1 user,  load average: 0.73, 0.69, 0.48
Tasks: 209 total,   1 running, 208 sleeping,   0 stopped,   0 zombie
%Cpu(s): 37.1 us,  1.9 sy,  0.0 ni, 61.0 id,  0.0 wa,  0.0 hi,  0.0 si,  0.0 st
MiB Mem :   3844.2 total,    175.4 free,    563.6 used,   3105.2 buff/cache
MiB Swap:   3980.0 total,   3975.9 free,      4.1 used.   2998.8 avail Mem 

    PID USER      PR  NI    VIRT    RES    SHR S  %CPU  %MEM     TIME+ COMMAND
    937 www-data  20   0   26028  20328   4156 S  72.2   0.5  39:51.55 nginx

top - 14:22:28 up 9 days, 22:36,  1 user,  load average: 0.73, 0.69, 0.48
Tasks: 209 total,   1 running, 208 sleeping,   0 stopped,   0 zombie
%Cpu(s): 34.0 us,  3.8 sy,  0.0 ni, 61.3 id,  0.0 wa,  0.0 hi,  0.9 si,  0.0 st
MiB Mem :   3844.2 total,    175.4 free,    563.6 used,   3105.2 buff/cache
MiB Swap:   3980.0 total,   3975.9 free,      4.1 used.   2998.8 avail Mem 

    PID USER      PR  NI    VIRT    RES    SHR S  %CPU  %MEM     TIME+ COMMAND
    937 www-data  20   0   26028  20328   4156 S  65.5   0.5  39:51.91 nginx

top - 14:22:28 up 9 days, 22:36,  1 user,  load average: 0.73, 0.69, 0.48
Tasks: 209 total,   1 running, 208 sleeping,   0 stopped,   0 zombie
%Cpu(s): 33.0 us,  4.7 sy,  0.0 ni, 61.3 id,  0.0 wa,  0.0 hi,  0.9 si,  0.0 st
MiB Mem :   3844.2 total,    175.4 free,    563.6 used,   3105.2 buff/cache
MiB Swap:   3980.0 total,   3975.9 free,      4.1 used.   2998.8 avail Mem 

    PID USER      PR  NI    VIRT    RES    SHR S  %CPU  %MEM     TIME+ COMMAND
    937 www-data  20   0   26028  20328   4156 S  68.5   0.5  39:52.28 nginx

top - 14:22:29 up 9 days, 22:36,  1 user,  load average: 0.75, 0.69, 0.48
Tasks: 209 total,   2 running, 207 sleeping,   0 stopped,   0 zombie
%Cpu(s): 35.5 us,  5.6 sy,  0.0 ni, 58.9 id,  0.0 wa,  0.0 hi,  0.0 si,  0.0 st
MiB Mem :   3844.2 total,    175.4 free,    563.6 used,   3105.2 buff/cache
MiB Swap:   3980.0 total,   3975.9 free,      4.1 used.   2998.8 avail Mem 

    PID USER      PR  NI    VIRT    RES    SHR S  %CPU  %MEM     TIME+ COMMAND
    937 www-data  20   0   26028  20328   4156 R  67.3   0.5  39:52.65 nginx

top - 14:22:30 up 9 days, 22:36,  1 user,  load average: 0.75, 0.69, 0.48
Tasks: 209 total,   3 running, 206 sleeping,   0 stopped,   0 zombie
%Cpu(s): 36.4 us,  4.7 sy,  0.0 ni, 58.9 id,  0.0 wa,  0.0 hi,  0.0 si,  0.0 st
MiB Mem :   3844.2 total,    175.4 free,    563.6 used,   3105.2 buff/cache
MiB Swap:   3980.0 total,   3975.9 free,      4.1 used.   2998.9 avail Mem 

    PID USER      PR  NI    VIRT    RES    SHR S  %CPU  %MEM     TIME+ COMMAND
    937 www-data  20   0   26028  20328   4156 R  70.4   0.5  39:53.03 nginx

top - 14:22:30 up 9 days, 22:36,  1 user,  load average: 0.75, 0.69, 0.48
Tasks: 209 total,   2 running, 207 sleeping,   0 stopped,   0 zombie
%Cpu(s): 33.7 us,  5.8 sy,  3.8 ni, 36.5 id, 18.3 wa,  0.0 hi,  1.9 si,  0.0 st
MiB Mem :   3844.2 total,    175.4 free,    563.6 used,   3105.2 buff/cache
MiB Swap:   3980.0 total,   3975.9 free,      4.1 used.   2998.9 avail Mem 

    PID USER      PR  NI    VIRT    RES    SHR S  %CPU  %MEM     TIME+ COMMAND
    937 www-data  20   0   26028  20328   4156 R  58.2   0.5  39:53.35 nginx

top - 14:22:31 up 9 days, 22:36,  1 user,  load average: 0.75, 0.69, 0.48
Tasks: 209 total,   2 running, 207 sleeping,   0 stopped,   0 zombie
%Cpu(s): 35.8 us,  3.8 sy,  0.0 ni, 58.5 id,  0.0 wa,  0.0 hi,  1.9 si,  0.0 st
MiB Mem :   3844.2 total,    175.4 free,    563.6 used,   3105.2 buff/cache
MiB Swap:   3980.0 total,   3975.9 free,      4.1 used.   2998.9 avail Mem 

    PID USER      PR  NI    VIRT    RES    SHR S  %CPU  %MEM     TIME+ COMMAND
    937 www-data  20   0   26028  20328   4156 R  73.1   0.5  39:53.73 nginx

top - 14:22:31 up 9 days, 22:36,  1 user,  load average: 0.75, 0.69, 0.48
Tasks: 208 total,   2 running, 206 sleeping,   0 stopped,   0 zombie
%Cpu(s): 34.0 us,  3.9 sy,  0.0 ni, 61.2 id,  0.0 wa,  0.0 hi,  1.0 si,  0.0 st
MiB Mem :   3844.2 total,    175.4 free,    563.6 used,   3105.2 buff/cache
MiB Swap:   3980.0 total,   3975.9 free,      4.1 used.   2998.9 avail Mem 

    PID USER      PR  NI    VIRT    RES    SHR S  %CPU  %MEM     TIME+ COMMAND
    937 www-data  20   0   26028  20328   4156 R  61.1   0.5  39:54.06 nginx

top - 14:22:32 up 9 days, 22:36,  1 user,  load average: 0.75, 0.69, 0.48
Tasks: 208 total,   1 running, 207 sleeping,   0 stopped,   0 zombie
%Cpu(s): 34.6 us,  6.5 sy,  0.0 ni, 57.9 id,  0.0 wa,  0.0 hi,  0.9 si,  0.0 st
MiB Mem :   3844.2 total,    175.4 free,    563.6 used,   3105.2 buff/cache
MiB Swap:   3980.0 total,   3975.9 free,      4.1 used.   2998.9 avail Mem 

    PID USER      PR  NI    VIRT    RES    SHR S  %CPU  %MEM     TIME+ COMMAND
    937 www-data  20   0   26028  20328   4156 S  73.1   0.5  39:54.44 nginx

top - 14:22:32 up 9 days, 22:36,  1 user,  load average: 0.75, 0.69, 0.48
Tasks: 208 total,   1 running, 207 sleeping,   0 stopped,   0 zombie
%Cpu(s): 33.7 us,  3.8 sy,  0.0 ni, 62.5 id,  0.0 wa,  0.0 hi,  0.0 si,  0.0 st
MiB Mem :   3844.2 total,    175.4 free,    563.6 used,   3105.2 buff/cache
MiB Swap:   3980.0 total,   3975.9 free,      4.1 used.   2998.9 avail Mem 

    PID USER      PR  NI    VIRT    RES    SHR S  %CPU  %MEM     TIME+ COMMAND
    937 www-data  20   0   26028  20328   4156 S  68.5   0.5  39:54.81 nginx

top - 14:22:33 up 9 days, 22:36,  1 user,  load average: 0.75, 0.69, 0.48
Tasks: 208 total,   2 running, 206 sleeping,   0 stopped,   0 zombie
%Cpu(s): 35.8 us,  2.8 sy,  0.0 ni, 60.4 id,  0.0 wa,  0.0 hi,  0.9 si,  0.0 st
MiB Mem :   3844.2 total,    174.9 free,    564.0 used,   3105.2 buff/cache
MiB Swap:   3980.0 total,   3975.9 free,      4.1 used.   2998.4 avail Mem 

    PID USER      PR  NI    VIRT    RES    SHR S  %CPU  %MEM     TIME+ COMMAND
    937 www-data  20   0   26028  20328   4156 R  65.5   0.5  39:55.17 nginx

top - 14:22:33 up 9 days, 22:36,  1 user,  load average: 0.75, 0.69, 0.48
Tasks: 208 total,   2 running, 206 sleeping,   0 stopped,   0 zombie
%Cpu(s): 34.9 us,  4.7 sy,  0.0 ni, 60.4 id,  0.0 wa,  0.0 hi,  0.0 si,  0.0 st
MiB Mem :   3844.2 total,    174.9 free,    564.0 used,   3105.2 buff/cache
MiB Swap:   3980.0 total,   3975.9 free,      4.1 used.   2998.4 avail Mem 

    PID USER      PR  NI    VIRT    RES    SHR S  %CPU  %MEM     TIME+ COMMAND
    937 www-data  20   0   26028  20328   4156 R  68.5   0.5  39:55.54 nginx

top - 14:22:34 up 9 days, 22:36,  1 user,  load average: 0.77, 0.70, 0.48
Tasks: 208 total,   2 running, 206 sleeping,   0 stopped,   0 zombie
%Cpu(s): 35.8 us,  3.8 sy,  0.0 ni, 59.4 id,  0.0 wa,  0.0 hi,  0.9 si,  0.0 st
MiB Mem :   3844.2 total,    174.9 free,    564.0 used,   3105.2 buff/cache
MiB Swap:   3980.0 total,   3975.9 free,      4.1 used.   2998.4 avail Mem 

    PID USER      PR  NI    VIRT    RES    SHR S  %CPU  %MEM     TIME+ COMMAND
    937 www-data  20   0   26028  20328   4156 R  70.4   0.5  39:55.92 nginx

top - 14:22:34 up 9 days, 22:36,  1 user,  load average: 0.77, 0.70, 0.48
Tasks: 208 total,   2 running, 206 sleeping,   0 stopped,   0 zombie
%Cpu(s): 33.6 us,  4.7 sy,  0.0 ni, 61.7 id,  0.0 wa,  0.0 hi,  0.0 si,  0.0 st
MiB Mem :   3844.2 total,    174.9 free,    564.0 used,   3105.2 buff/cache
MiB Swap:   3980.0 total,   3975.9 free,      4.1 used.   2998.4 avail Mem 

    PID USER      PR  NI    VIRT    RES    SHR S  %CPU  %MEM     TIME+ COMMAND
    937 www-data  20   0   26028  20328   4156 R  63.6   0.5  39:56.27 nginx

top - 14:22:35 up 9 days, 22:36,  1 user,  load average: 0.77, 0.70, 0.48
Tasks: 208 total,   2 running, 206 sleeping,   0 stopped,   0 zombie
%Cpu(s): 36.3 us,  5.9 sy,  0.0 ni, 52.9 id,  4.9 wa,  0.0 hi,  0.0 si,  0.0 st
MiB Mem :   3844.2 total,    174.9 free,    564.0 used,   3105.2 buff/cache
MiB Swap:   3980.0 total,   3975.9 free,      4.1 used.   2998.4 avail Mem 

    PID USER      PR  NI    VIRT    RES    SHR S  %CPU  %MEM     TIME+ COMMAND
    937 www-data  20   0   26028  20328   4156 R  64.8   0.5  39:56.62 nginx

top - 14:22:35 up 9 days, 22:36,  1 user,  load average: 0.77, 0.70, 0.48
Tasks: 209 total,   3 running, 206 sleeping,   0 stopped,   0 zombie
%Cpu(s): 33.0 us,  7.8 sy, 12.6 ni, 43.7 id,  1.9 wa,  0.0 hi,  1.0 si,  0.0 st
MiB Mem :   3844.2 total,    174.9 free,    564.0 used,   3105.2 buff/cache
MiB Swap:   3980.0 total,   3975.9 free,      4.1 used.   2998.4 avail Mem 

    PID USER      PR  NI    VIRT    RES    SHR S  %CPU  %MEM     TIME+ COMMAND
    937 www-data  20   0   26028  20328   4156 R  60.0   0.5  39:56.95 nginx

top - 14:22:36 up 9 days, 22:36,  1 user,  load average: 0.77, 0.70, 0.48
Tasks: 209 total,   2 running, 207 sleeping,   0 stopped,   0 zombie
%Cpu(s): 36.2 us,  2.9 sy,  0.0 ni, 61.0 id,  0.0 wa,  0.0 hi,  0.0 si,  0.0 st
MiB Mem :   3844.2 total,    169.5 free,    569.4 used,   3105.2 buff/cache
MiB Swap:   3980.0 total,   3975.9 free,      4.1 used.   2993.0 avail Mem 

    PID USER      PR  NI    VIRT    RES    SHR S  %CPU  %MEM     TIME+ COMMAND
    937 www-data  20   0   26028  20328   4156 R  67.3   0.5  39:57.30 nginx

top - 14:22:37 up 9 days, 22:36,  1 user,  load average: 0.77, 0.70, 0.48
Tasks: 209 total,   2 running, 207 sleeping,   0 stopped,   0 zombie
%Cpu(s): 34.3 us,  3.8 sy,  0.0 ni, 61.9 id,  0.0 wa,  0.0 hi,  0.0 si,  0.0 st
MiB Mem :   3844.2 total,    169.5 free,    569.4 used,   3105.2 buff/cache
MiB Swap:   3980.0 total,   3975.9 free,      4.1 used.   2993.0 avail Mem 

    PID USER      PR  NI    VIRT    RES    SHR S  %CPU  %MEM     TIME+ COMMAND
    937 www-data  20   0   26028  20328   4156 R  68.5   0.5  39:57.67 nginx

top - 14:22:37 up 9 days, 22:36,  1 user,  load average: 0.77, 0.70, 0.48
Tasks: 209 total,   3 running, 206 sleeping,   0 stopped,   0 zombie
%Cpu(s): 34.0 us,  2.0 sy,  0.0 ni, 63.0 id,  0.0 wa,  0.0 hi,  1.0 si,  0.0 st
MiB Mem :   3844.2 total,    169.5 free,    569.4 used,   3105.2 buff/cache
MiB Swap:   3980.0 total,   3975.9 free,      4.1 used.   2993.0 avail Mem 

    PID USER      PR  NI    VIRT    RES    SHR S  %CPU  %MEM     TIME+ COMMAND
    937 www-data  20   0   26028  20328   4156 R  65.5   0.5  39:58.03 nginx

top - 14:22:38 up 9 days, 22:36,  1 user,  load average: 0.77, 0.70, 0.48
Tasks: 209 total,   2 running, 207 sleeping,   0 stopped,   0 zombie
%Cpu(s): 35.8 us,  3.8 sy,  0.0 ni, 59.4 id,  0.0 wa,  0.0 hi,  0.9 si,  0.0 st
MiB Mem :   3844.2 total,    169.5 free,    569.4 used,   3105.2 buff/cache
MiB Swap:   3980.0 total,   3975.9 free,      4.1 used.   2993.0 avail Mem 

    PID USER      PR  NI    VIRT    RES    SHR S  %CPU  %MEM     TIME+ COMMAND
    937 www-data  20   0   26028  20328   4156 R  73.1   0.5  39:58.41 nginx

top - 14:22:38 up 9 days, 22:36,  1 user,  load average: 0.77, 0.70, 0.48
Tasks: 209 total,   2 running, 207 sleeping,   0 stopped,   0 zombie
%Cpu(s): 33.3 us,  4.8 sy,  0.0 ni, 61.9 id,  0.0 wa,  0.0 hi,  0.0 si,  0.0 st
MiB Mem :   3844.2 total,    169.5 free,    569.4 used,   3105.2 buff/cache
MiB Swap:   3980.0 total,   3975.9 free,      4.1 used.   2993.0 avail Mem 

    PID USER      PR  NI    VIRT    RES    SHR S  %CPU  %MEM     TIME+ COMMAND
    937 www-data  20   0   26028  20328   4156 R  66.7   0.5  39:58.77 nginx

top - 14:22:39 up 9 days, 22:36,  1 user,  load average: 0.79, 0.70, 0.49
Tasks: 209 total,   2 running, 207 sleeping,   0 stopped,   0 zombie
%Cpu(s): 35.5 us,  4.7 sy,  0.0 ni, 58.9 id,  0.0 wa,  0.0 hi,  0.9 si,  0.0 st
MiB Mem :   3844.2 total,    169.5 free,    569.4 used,   3105.3 buff/cache
MiB Swap:   3980.0 total,   3975.9 free,      4.1 used.   2993.0 avail Mem 

    PID USER      PR  NI    VIRT    RES    SHR S  %CPU  %MEM     TIME+ COMMAND
    937 www-data  20   0   26028  20328   4156 R  70.4   0.5  39:59.15 nginx

top - 14:22:39 up 9 days, 22:36,  1 user,  load average: 0.79, 0.70, 0.49
Tasks: 209 total,   1 running, 208 sleeping,   0 stopped,   0 zombie
%Cpu(s): 34.3 us,  3.8 sy,  0.0 ni, 61.9 id,  0.0 wa,  0.0 hi,  0.0 si,  0.0 st
MiB Mem :   3844.2 total,    169.5 free,    569.4 used,   3105.3 buff/cache
MiB Swap:   3980.0 total,   3975.9 free,      4.1 used.   2993.0 avail Mem 

    PID USER      PR  NI    VIRT    RES    SHR S  %CPU  %MEM     TIME+ COMMAND
    937 www-data  20   0   26028  20328   4156 S  67.3   0.5  39:59.52 nginx

top - 14:22:40 up 9 days, 22:36,  1 user,  load average: 0.79, 0.70, 0.49
Tasks: 209 total,   2 running, 207 sleeping,   0 stopped,   0 zombie
%Cpu(s): 33.6 us,  5.6 sy,  0.0 ni, 58.9 id,  0.0 wa,  0.0 hi,  1.9 si,  0.0 st
MiB Mem :   3844.2 total,    169.5 free,    569.4 used,   3105.3 buff/cache
MiB Swap:   3980.0 total,   3975.9 free,      4.1 used.   2993.0 avail Mem 

    PID USER      PR  NI    VIRT    RES    SHR S  %CPU  %MEM     TIME+ COMMAND
    937 www-data  20   0   26028  20328   4156 R  68.5   0.5  39:59.89 nginx

top - 14:22:40 up 9 days, 22:36,  1 user,  load average: 0.79, 0.70, 0.49
Tasks: 209 total,   2 running, 207 sleeping,   0 stopped,   0 zombie
%Cpu(s): 35.0 us,  7.8 sy,  1.9 ni, 42.7 id, 12.6 wa,  0.0 hi,  0.0 si,  0.0 st
MiB Mem :   3844.2 total,    169.5 free,    569.4 used,   3105.3 buff/cache
MiB Swap:   3980.0 total,   3975.9 free,      4.1 used.   2993.0 avail Mem 

    PID USER      PR  NI    VIRT    RES    SHR S  %CPU  %MEM     TIME+ COMMAND
    937 www-data  20   0   26028  20328   4156 R  63.6   0.5  40:00.24 nginx

top - 14:22:41 up 9 days, 22:36,  1 user,  load average: 0.79, 0.70, 0.49
Tasks: 209 total,   1 running, 208 sleeping,   0 stopped,   0 zombie
%Cpu(s): 34.3 us,  3.8 sy,  0.0 ni, 61.9 id,  0.0 wa,  0.0 hi,  0.0 si,  0.0 st
MiB Mem :   3844.2 total,    169.5 free,    569.4 used,   3105.3 buff/cache
MiB Swap:   3980.0 total,   3975.9 free,      4.1 used.   2993.0 avail Mem 

    PID USER      PR  NI    VIRT    RES    SHR S  %CPU  %MEM     TIME+ COMMAND
    937 www-data  20   0   26028  20328   4156 S  69.2   0.5  40:00.60 nginx

top - 14:22:41 up 9 days, 22:36,  1 user,  load average: 0.79, 0.70, 0.49
Tasks: 209 total,   1 running, 208 sleeping,   0 stopped,   0 zombie
%Cpu(s): 35.2 us,  2.9 sy,  0.0 ni, 61.0 id,  0.0 wa,  0.0 hi,  1.0 si,  0.0 st
MiB Mem :   3844.2 total,    169.5 free,    569.4 used,   3105.3 buff/cache
MiB Swap:   3980.0 total,   3975.9 free,      4.1 used.   2993.0 avail Mem 

    PID USER      PR  NI    VIRT    RES    SHR S  %CPU  %MEM     TIME+ COMMAND
    937 www-data  20   0   26028  20328   4156 S  68.5   0.5  40:00.97 nginx

top - 14:22:42 up 9 days, 22:36,  1 user,  load average: 0.79, 0.70, 0.49
Tasks: 209 total,   3 running, 206 sleeping,   0 stopped,   0 zombie
%Cpu(s): 41.5 us,  2.8 sy,  0.0 ni, 53.8 id,  0.0 wa,  0.0 hi,  1.9 si,  0.0 st
MiB Mem :   3844.2 total,    169.0 free,    569.9 used,   3105.3 buff/cache
MiB Swap:   3980.0 total,   3975.9 free,      4.1 used.   2992.6 avail Mem 

    PID USER      PR  NI    VIRT    RES    SHR S  %CPU  %MEM     TIME+ COMMAND
    937 www-data  20   0   26028  20328   4156 R  70.4   0.5  40:01.35 nginx

top - 14:22:43 up 9 days, 22:36,  1 user,  load average: 0.79, 0.70, 0.49
Tasks: 209 total,   2 running, 207 sleeping,   0 stopped,   0 zombie
%Cpu(s): 35.8 us,  3.8 sy,  0.0 ni, 60.4 id,  0.0 wa,  0.0 hi,  0.0 si,  0.0 st
MiB Mem :   3844.2 total,    169.0 free,    569.9 used,   3105.3 buff/cache
MiB Swap:   3980.0 total,   3975.9 free,      4.1 used.   2992.6 avail Mem 

    PID USER      PR  NI    VIRT    RES    SHR S  %CPU  %MEM     TIME+ COMMAND
    937 www-data  20   0   26028  20328   4156 R  67.3   0.5  40:01.72 nginx

top - 14:22:43 up 9 days, 22:36,  1 user,  load average: 0.79, 0.70, 0.49
Tasks: 209 total,   1 running, 208 sleeping,   0 stopped,   0 zombie
%Cpu(s): 35.5 us,  2.8 sy,  0.0 ni, 59.8 id,  0.0 wa,  0.0 hi,  1.9 si,  0.0 st
MiB Mem :   3844.2 total,    169.0 free,    569.9 used,   3105.3 buff/cache
MiB Swap:   3980.0 total,   3975.9 free,      4.1 used.   2992.6 avail Mem 

    PID USER      PR  NI    VIRT    RES    SHR S  %CPU  %MEM     TIME+ COMMAND
    937 www-data  20   0   26028  20328   4156 S  70.9   0.5  40:02.11 nginx

top - 14:22:44 up 9 days, 22:36,  1 user,  load average: 0.79, 0.70, 0.49
Tasks: 209 total,   2 running, 207 sleeping,   0 stopped,   0 zombie
%Cpu(s): 34.0 us,  3.0 sy,  0.0 ni, 63.0 id,  0.0 wa,  0.0 hi,  0.0 si,  0.0 st
MiB Mem :   3844.2 total,    169.0 free,    569.9 used,   3105.3 buff/cache
MiB Swap:   3980.0 total,   3975.9 free,      4.1 used.   2992.6 avail Mem 

    PID USER      PR  NI    VIRT    RES    SHR S  %CPU  %MEM     TIME+ COMMAND
    937 www-data  20   0   26028  20328   4156 R  64.8   0.5  40:02.46 nginx

top - 14:22:44 up 9 days, 22:36,  1 user,  load average: 0.81, 0.71, 0.49
Tasks: 209 total,   1 running, 208 sleeping,   0 stopped,   0 zombie
%Cpu(s): 38.1 us,  2.9 sy,  0.0 ni, 59.0 id,  0.0 wa,  0.0 hi,  0.0 si,  0.0 st
MiB Mem :   3844.2 total,    169.0 free,    569.9 used,   3105.3 buff/cache
MiB Swap:   3980.0 total,   3975.9 free,      4.1 used.   2992.6 avail Mem 

    PID USER      PR  NI    VIRT    RES    SHR S  %CPU  %MEM     TIME+ COMMAND
    937 www-data  20   0   26028  20328   4156 S  71.2   0.5  40:02.83 nginx

top - 14:22:45 up 9 days, 22:36,  1 user,  load average: 0.81, 0.71, 0.49
Tasks: 209 total,   1 running, 208 sleeping,   0 stopped,   0 zombie
%Cpu(s): 38.5 us,  3.7 sy,  0.0 ni, 56.9 id,  0.0 wa,  0.0 hi,  0.9 si,  0.0 st
MiB Mem :   3844.2 total,    169.0 free,    569.8 used,   3105.3 buff/cache
MiB Swap:   3980.0 total,   3975.9 free,      4.1 used.   2992.6 avail Mem 

    PID USER      PR  NI    VIRT    RES    SHR S  %CPU  %MEM     TIME+ COMMAND
    937 www-data  20   0   26028  20328   4156 S  70.9   0.5  40:03.22 nginx

top - 14:22:45 up 9 days, 22:36,  1 user,  load average: 0.81, 0.71, 0.49
Tasks: 209 total,   2 running, 207 sleeping,   0 stopped,   0 zombie
%Cpu(s): 33.3 us,  6.1 sy,  0.0 ni, 40.4 id, 20.2 wa,  0.0 hi,  0.0 si,  0.0 st
MiB Mem :   3844.2 total,    169.0 free,    569.8 used,   3105.3 buff/cache
MiB Swap:   3980.0 total,   3975.9 free,      4.1 used.   2992.6 avail Mem 

    PID USER      PR  NI    VIRT    RES    SHR S  %CPU  %MEM     TIME+ COMMAND
    937 www-data  20   0   26028  20328   4156 R  59.3   0.5  40:03.54 nginx

top - 14:22:46 up 9 days, 22:36,  1 user,  load average: 0.81, 0.71, 0.49
Tasks: 209 total,   2 running, 207 sleeping,   0 stopped,   0 zombie
%Cpu(s): 35.8 us,  5.5 sy,  0.9 ni, 55.0 id,  1.8 wa,  0.0 hi,  0.9 si,  0.0 st
MiB Mem :   3844.2 total,    169.0 free,    569.8 used,   3105.3 buff/cache
MiB Swap:   3980.0 total,   3975.9 free,      4.1 used.   2992.6 avail Mem 

    PID USER      PR  NI    VIRT    RES    SHR S  %CPU  %MEM     TIME+ COMMAND
    937 www-data  20   0   26028  20328   4156 R  71.2   0.5  40:03.91 nginx

top - 14:22:46 up 9 days, 22:36,  1 user,  load average: 0.81, 0.71, 0.49
Tasks: 208 total,   1 running, 207 sleeping,   0 stopped,   0 zombie
%Cpu(s): 33.6 us,  5.6 sy,  0.9 ni, 58.9 id,  0.0 wa,  0.0 hi,  0.9 si,  0.0 st
MiB Mem :   3844.2 total,    169.0 free,    569.8 used,   3105.3 buff/cache
MiB Swap:   3980.0 total,   3975.9 free,      4.1 used.   2992.6 avail Mem 

    PID USER      PR  NI    VIRT    RES    SHR S  %CPU  %MEM     TIME+ COMMAND
    937 www-data  20   0   26028  20328   4156 S  64.8   0.5  40:04.26 nginx

top - 14:22:47 up 9 days, 22:36,  1 user,  load average: 0.81, 0.71, 0.49
Tasks: 208 total,   1 running, 207 sleeping,   0 stopped,   0 zombie
%Cpu(s): 37.1 us,  3.8 sy,  0.0 ni, 59.0 id,  0.0 wa,  0.0 hi,  0.0 si,  0.0 st
MiB Mem :   3844.2 total,    169.0 free,    569.8 used,   3105.3 buff/cache
MiB Swap:   3980.0 total,   3975.9 free,      4.1 used.   2992.6 avail Mem 

    PID USER      PR  NI    VIRT    RES    SHR S  %CPU  %MEM     TIME+ COMMAND
    937 www-data  20   0   26028  20328   4156 S  69.1   0.5  40:04.64 nginx

top - 14:22:47 up 9 days, 22:36,  1 user,  load average: 0.81, 0.71, 0.49
Tasks: 208 total,   2 running, 206 sleeping,   0 stopped,   0 zombie
%Cpu(s): 32.7 us,  2.0 sy,  0.0 ni, 64.4 id,  0.0 wa,  0.0 hi,  1.0 si,  0.0 st
MiB Mem :   3844.2 total,    169.0 free,    569.8 used,   3105.3 buff/cache
MiB Swap:   3980.0 total,   3975.9 free,      4.1 used.   2992.6 avail Mem 

    PID USER      PR  NI    VIRT    RES    SHR S  %CPU  %MEM     TIME+ COMMAND
    937 www-data  20   0   26028  20328   4156 R  64.8   0.5  40:04.99 nginx

top - 14:22:48 up 9 days, 22:36,  1 user,  load average: 0.81, 0.71, 0.49
Tasks: 208 total,   2 running, 206 sleeping,   0 stopped,   0 zombie
%Cpu(s): 33.6 us,  5.6 sy,  0.0 ni, 58.9 id,  0.0 wa,  0.0 hi,  1.9 si,  0.0 st
MiB Mem :   3844.2 total,    169.0 free,    569.8 used,   3105.3 buff/cache
MiB Swap:   3980.0 total,   3975.9 free,      4.1 used.   2992.6 avail Mem 

    PID USER      PR  NI    VIRT    RES    SHR S  %CPU  %MEM     TIME+ COMMAND
    937 www-data  20   0   26028  20328   4156 R  71.2   0.5  40:05.36 nginx

top - 14:22:48 up 9 days, 22:36,  1 user,  load average: 0.81, 0.71, 0.49
Tasks: 208 total,   2 running, 206 sleeping,   0 stopped,   0 zombie
%Cpu(s): 34.6 us,  3.8 sy,  0.0 ni, 61.5 id,  0.0 wa,  0.0 hi,  0.0 si,  0.0 st
MiB Mem :   3844.2 total,    169.0 free,    569.8 used,   3105.3 buff/cache
MiB Swap:   3980.0 total,   3975.9 free,      4.1 used.   2992.6 avail Mem 

    PID USER      PR  NI    VIRT    RES    SHR S  %CPU  %MEM     TIME+ COMMAND
    937 www-data  20   0   26028  20328   4156 R  67.3   0.5  40:05.73 nginx

top - 14:22:49 up 9 days, 22:36,  1 user,  load average: 0.82, 0.71, 0.49
Tasks: 208 total,   2 running, 206 sleeping,   0 stopped,   0 zombie
%Cpu(s): 36.1 us,  4.6 sy,  0.0 ni, 58.3 id,  0.0 wa,  0.0 hi,  0.9 si,  0.0 st
MiB Mem :   3844.2 total,    169.0 free,    569.8 used,   3105.3 buff/cache
MiB Swap:   3980.0 total,   3975.9 free,      4.1 used.   2992.6 avail Mem 

    PID USER      PR  NI    VIRT    RES    SHR S  %CPU  %MEM     TIME+ COMMAND
    937 www-data  20   0   26028  20328   4156 R  70.4   0.5  40:06.11 nginx

top - 14:22:50 up 9 days, 22:36,  1 user,  load average: 0.82, 0.71, 0.49
Tasks: 208 total,   1 running, 207 sleeping,   0 stopped,   0 zombie
%Cpu(s): 33.0 us,  4.7 sy,  0.0 ni, 61.3 id,  0.0 wa,  0.0 hi,  0.9 si,  0.0 st
MiB Mem :   3844.2 total,    169.0 free,    569.8 used,   3105.3 buff/cache
MiB Swap:   3980.0 total,   3975.9 free,      4.1 used.   2992.6 avail Mem 

    PID USER      PR  NI    VIRT    RES    SHR S  %CPU  %MEM     TIME+ COMMAND
    937 www-data  20   0   26028  20328   4156 S  67.3   0.5  40:06.48 nginx

top - 14:22:50 up 9 days, 22:36,  1 user,  load average: 0.82, 0.71, 0.49
Tasks: 208 total,   2 running, 206 sleeping,   0 stopped,   0 zombie
%Cpu(s): 35.3 us,  5.9 sy,  0.0 ni, 55.9 id,  2.0 wa,  0.0 hi,  1.0 si,  0.0 st
MiB Mem :   3844.2 total,    169.0 free,    569.8 used,   3105.3 buff/cache
MiB Swap:   3980.0 total,   3975.9 free,      4.1 used.   2992.6 avail Mem 

    PID USER      PR  NI    VIRT    RES    SHR S  %CPU  %MEM     TIME+ COMMAND
    937 www-data  20   0   26028  20328   4156 R  64.8   0.5  40:06.83 nginx

top - 14:22:51 up 9 days, 22:36,  1 user,  load average: 0.82, 0.71, 0.49
Tasks: 209 total,   2 running, 207 sleeping,   0 stopped,   0 zombie
%Cpu(s): 35.5 us, 11.2 sy, 10.3 ni, 34.6 id,  8.4 wa,  0.0 hi,  0.0 si,  0.0 st
MiB Mem :   3844.2 total,    169.0 free,    569.8 used,   3105.4 buff/cache
MiB Swap:   3980.0 total,   3975.9 free,      4.1 used.   2992.7 avail Mem 

    PID USER      PR  NI    VIRT    RES    SHR S  %CPU  %MEM     TIME+ COMMAND
    937 www-data  20   0   26028  20328   4156 R  57.7   0.5  40:07.13 nginx
