top - 14:25:26 up 9 days, 22:39,  1 user,  load average: 0.97, 0.82, 0.57
Tasks: 210 total,   2 running, 208 sleeping,   0 stopped,   0 zombie
%Cpu(s): 53.8 us, 10.3 sy,  0.0 ni, 33.3 id,  0.0 wa,  0.0 hi,  2.6 si,  0.0 st
MiB Mem :   3844.2 total,    175.9 free,    560.7 used,   3107.6 buff/cache
MiB Swap:   3980.0 total,   3975.9 free,      4.1 used.   3001.7 avail Mem 

    PID USER      PR  NI    VIRT    RES    SHR S  %CPU  %MEM     TIME+ COMMAND
    937 www-data  20   0   26028  20328   4156 R 100.0   0.5  42:28.13 nginx

top - 14:25:27 up 9 days, 22:39,  1 user,  load average: 0.97, 0.82, 0.57
Tasks: 210 total,   2 running, 208 sleeping,   0 stopped,   0 zombie
%Cpu(s): 51.5 us,  3.0 sy,  0.0 ni, 43.6 id,  0.0 wa,  0.0 hi,  2.0 si,  0.0 st
MiB Mem :   3844.2 total,    175.9 free,    560.7 used,   3107.6 buff/cache
MiB Swap:   3980.0 total,   3975.9 free,      4.1 used.   3001.7 avail Mem 

    PID USER      PR  NI    VIRT    RES    SHR S  %CPU  %MEM     TIME+ COMMAND
    937 www-data  20   0   26028  20328   4156 R  98.1   0.5  42:28.65 nginx

top - 14:25:27 up 9 days, 22:39,  1 user,  load average: 0.97, 0.82, 0.57
Tasks: 210 total,   2 running, 208 sleeping,   0 stopped,   0 zombie
%Cpu(s): 53.8 us,  6.7 sy,  1.0 ni, 23.1 id, 12.5 wa,  0.0 hi,  2.9 si,  0.0 st
MiB Mem :   3844.2 total,    175.9 free,    560.7 used,   3107.6 buff/cache
MiB Swap:   3980.0 total,   3975.9 free,      4.1 used.   3001.7 avail Mem 

    PID USER      PR  NI    VIRT    RES    SHR S  %CPU  %MEM     TIME+ COMMAND
    937 www-data  20   0   26028  20328   4156 R 100.0   0.5  42:29.18 nginx

top - 14:25:28 up 9 days, 22:39,  1 user,  load average: 0.97, 0.82, 0.57
Tasks: 210 total,   2 running, 208 sleeping,   0 stopped,   0 zombie
%Cpu(s): 51.0 us,  4.8 sy,  0.0 ni, 42.3 id,  0.0 wa,  0.0 hi,  1.9 si,  0.0 st
MiB Mem :   3844.2 total,    175.9 free,    560.7 used,   3107.6 buff/cache
MiB Swap:   3980.0 total,   3975.9 free,      4.1 used.   3001.7 avail Mem 

    PID USER      PR  NI    VIRT    RES    SHR S  %CPU  %MEM     TIME+ COMMAND
    937 www-data  20   0   26028  20328   4156 R 100.0   0.5  42:29.71 nginx

top - 14:25:28 up 9 days, 22:39,  1 user,  load average: 0.97, 0.82, 0.57
Tasks: 210 total,   2 running, 208 sleeping,   0 stopped,   0 zombie
%Cpu(s): 52.4 us,  1.9 sy,  0.0 ni, 42.7 id,  0.0 wa,  0.0 hi,  2.9 si,  0.0 st
MiB Mem :   3844.2 total,    175.9 free,    560.7 used,   3107.6 buff/cache
MiB Swap:   3980.0 total,   3975.9 free,      4.1 used.   3001.7 avail Mem 

    PID USER      PR  NI    VIRT    RES    SHR S  %CPU  %MEM     TIME+ COMMAND
    937 www-data  20   0   26028  20328   4156 R 100.0   0.5  42:30.25 nginx

top - 14:25:29 up 9 days, 22:39,  1 user,  load average: 0.97, 0.83, 0.58
Tasks: 210 total,   2 running, 208 sleeping,   0 stopped,   0 zombie
%Cpu(s): 53.4 us,  2.9 sy,  0.0 ni, 42.7 id,  0.0 wa,  0.0 hi,  1.0 si,  0.0 st
MiB Mem :   3844.2 total,    175.7 free,    560.9 used,   3107.7 buff/cache
MiB Swap:   3980.0 total,   3975.9 free,      4.1 used.   3001.6 avail Mem 

    PID USER      PR  NI    VIRT    RES    SHR S  %CPU  %MEM     TIME+ COMMAND
    937 www-data  20   0   26028  20328   4156 R 100.0   0.5  42:30.78 nginx

top - 14:25:29 up 9 days, 22:39,  1 user,  load average: 0.97, 0.83, 0.58
Tasks: 210 total,   2 running, 208 sleeping,   0 stopped,   0 zombie
%Cpu(s): 52.9 us,  2.9 sy,  0.0 ni, 42.3 id,  0.0 wa,  0.0 hi,  1.9 si,  0.0 st
MiB Mem :   3844.2 total,    175.7 free,    560.9 used,   3107.7 buff/cache
MiB Swap:   3980.0 total,   3975.9 free,      4.1 used.   3001.6 avail Mem 

    PID USER      PR  NI    VIRT    RES    SHR S  %CPU  %MEM     TIME+ COMMAND
    937 www-data  20   0   26028  20328   4156 R 100.0   0.5  42:31.32 nginx

top - 14:25:30 up 9 days, 22:39,  1 user,  load average: 0.97, 0.83, 0.58
Tasks: 210 total,   2 running, 208 sleeping,   0 stopped,   0 zombie
%Cpu(s): 51.9 us,  3.8 sy,  0.0 ni, 42.3 id,  0.0 wa,  0.0 hi,  1.9 si,  0.0 st
MiB Mem :   3844.2 total,    175.7 free,    560.9 used,   3107.7 buff/cache
MiB Swap:   3980.0 total,   3975.9 free,      4.1 used.   3001.6 avail Mem 

    PID USER      PR  NI    VIRT    RES    SHR S  %CPU  %MEM     TIME+ COMMAND
    937 www-data  20   0   26028  20328   4156 R 100.0   0.5  42:31.86 nginx

top - 14:25:31 up 9 days, 22:39,  1 user,  load average: 0.97, 0.83, 0.58
Tasks: 210 total,   2 running, 208 sleeping,   0 stopped,   0 zombie
%Cpu(s): 51.9 us,  2.8 sy,  0.0 ni, 41.5 id,  0.0 wa,  0.0 hi,  3.8 si,  0.0 st
MiB Mem :   3844.2 total,    175.7 free,    560.9 used,   3107.7 buff/cache
MiB Swap:   3980.0 total,   3975.9 free,      4.1 used.   3001.6 avail Mem 

    PID USER      PR  NI    VIRT    RES    SHR S  %CPU  %MEM     TIME+ COMMAND
    937 www-data  20   0   26028  20328   4156 R 100.0   0.5  42:32.41 nginx

top - 14:25:31 up 9 days, 22:39,  1 user,  load average: 0.97, 0.83, 0.58
Tasks: 210 total,   2 running, 208 sleeping,   0 stopped,   0 zombie
%Cpu(s): 50.5 us,  4.7 sy,  0.0 ni, 42.1 id,  0.0 wa,  0.0 hi,  2.8 si,  0.0 st
MiB Mem :   3844.2 total,    175.7 free,    560.9 used,   3107.7 buff/cache
MiB Swap:   3980.0 total,   3975.9 free,      4.1 used.   3001.6 avail Mem 

    PID USER      PR  NI    VIRT    RES    SHR S  %CPU  %MEM     TIME+ COMMAND
    937 www-data  20   0   26028  20328   4156 R  98.1   0.5  42:32.94 nginx

top - 14:25:32 up 9 days, 22:39,  1 user,  load average: 0.97, 0.83, 0.58
Tasks: 210 total,   2 running, 208 sleeping,   0 stopped,   0 zombie
%Cpu(s): 53.3 us,  1.9 sy,  0.0 ni, 41.0 id,  0.0 wa,  0.0 hi,  3.8 si,  0.0 st
MiB Mem :   3844.2 total,    175.7 free,    560.8 used,   3107.7 buff/cache
MiB Swap:   3980.0 total,   3975.9 free,      4.1 used.   3001.6 avail Mem 

    PID USER      PR  NI    VIRT    RES    SHR S  %CPU  %MEM     TIME+ COMMAND
    937 www-data  20   0   26028  20328   4156 R 100.0   0.5  42:33.49 nginx

top - 14:25:32 up 9 days, 22:39,  1 user,  load average: 0.97, 0.83, 0.58
Tasks: 210 total,   2 running, 208 sleeping,   0 stopped,   0 zombie
%Cpu(s): 53.8 us,  7.5 sy,  0.9 ni, 24.5 id, 11.3 wa,  0.0 hi,  1.9 si,  0.0 st
MiB Mem :   3844.2 total,    175.7 free,    560.8 used,   3107.7 buff/cache
MiB Swap:   3980.0 total,   3975.9 free,      4.1 used.   3001.6 avail Mem 

    PID USER      PR  NI    VIRT    RES    SHR S  %CPU  %MEM     TIME+ COMMAND
    937 www-data  20   0   26028  20328   4156 R  98.2   0.5  42:34.03 nginx

top - 14:25:33 up 9 days, 22:39,  1 user,  load average: 0.97, 0.83, 0.58
Tasks: 210 total,   3 running, 207 sleeping,   0 stopped,   0 zombie
%Cpu(s): 51.4 us,  6.5 sy,  1.9 ni, 26.2 id, 11.2 wa,  0.0 hi,  2.8 si,  0.0 st
MiB Mem :   3844.2 total,    175.7 free,    560.8 used,   3107.7 buff/cache
MiB Swap:   3980.0 total,   3975.9 free,      4.1 used.   3001.6 avail Mem 

    PID USER      PR  NI    VIRT    RES    SHR S  %CPU  %MEM     TIME+ COMMAND
    937 www-data  20   0   26028  20328   4156 R 100.0   0.5  42:34.57 nginx

top - 14:25:33 up 9 days, 22:39,  1 user,  load average: 0.97, 0.83, 0.58
Tasks: 209 total,   3 running, 206 sleeping,   0 stopped,   0 zombie
%Cpu(s): 51.9 us,  5.7 sy,  0.9 ni, 38.7 id,  0.0 wa,  0.0 hi,  2.8 si,  0.0 st
MiB Mem :   3844.2 total,    175.7 free,    560.8 used,   3107.7 buff/cache
MiB Swap:   3980.0 total,   3975.9 free,      4.1 used.   3001.6 avail Mem 

    PID USER      PR  NI    VIRT    RES    SHR S  %CPU  %MEM     TIME+ COMMAND
    937 www-data  20   0   26028  20328   4156 R  98.2   0.5  42:35.11 nginx

top - 14:25:34 up 9 days, 22:39,  1 user,  load average: 0.97, 0.83, 0.58
Tasks: 209 total,   2 running, 207 sleeping,   0 stopped,   0 zombie
%Cpu(s): 53.8 us,  1.9 sy,  0.0 ni, 42.3 id,  0.0 wa,  0.0 hi,  1.9 si,  0.0 st
MiB Mem :   3844.2 total,    175.7 free,    560.8 used,   3107.7 buff/cache
MiB Swap:   3980.0 total,   3975.9 free,      4.1 used.   3001.6 avail Mem 

    PID USER      PR  NI    VIRT    RES    SHR S  %CPU  %MEM     TIME+ COMMAND
    937 www-data  20   0   26028  20328   4156 R 100.0   0.5  42:35.66 nginx

top - 14:25:34 up 9 days, 22:39,  1 user,  load average: 1.06, 0.85, 0.58
Tasks: 209 total,   2 running, 207 sleeping,   0 stopped,   0 zombie
%Cpu(s): 53.8 us,  2.8 sy,  0.0 ni, 41.5 id,  0.0 wa,  0.0 hi,  1.9 si,  0.0 st
MiB Mem :   3844.2 total,    175.7 free,    560.8 used,   3107.7 buff/cache
MiB Swap:   3980.0 total,   3975.9 free,      4.1 used.   3001.6 avail Mem 

    PID USER      PR  NI    VIRT    RES    SHR S  %CPU  %MEM     TIME+ COMMAND
    937 www-data  20   0   26028  20328   4156 R  98.2   0.5  42:36.20 nginx

top - 14:25:35 up 9 days, 22:39,  1 user,  load average: 1.06, 0.85, 0.58
Tasks: 204 total,   3 running, 201 sleeping,   0 stopped,   0 zombie
%Cpu(s): 62.5 us,  8.7 sy,  0.0 ni, 26.9 id,  0.0 wa,  0.0 hi,  1.9 si,  0.0 st
MiB Mem :   3844.2 total,    175.2 free,    561.3 used,   3107.7 buff/cache
MiB Swap:   3980.0 total,   3975.9 free,      4.1 used.   3001.2 avail Mem 

    PID USER      PR  NI    VIRT    RES    SHR S  %CPU  %MEM     TIME+ COMMAND
    937 www-data  20   0   26028  20328   4156 R  92.6   0.5  42:36.70 nginx

top - 14:25:35 up 9 days, 22:39,  1 user,  load average: 1.06, 0.85, 0.58
Tasks: 204 total,   3 running, 201 sleeping,   0 stopped,   0 zombie
%Cpu(s): 80.4 us, 17.8 sy,  0.0 ni,  0.0 id,  0.0 wa,  0.0 hi,  1.9 si,  0.0 st
MiB Mem :   3844.2 total,    175.2 free,    561.3 used,   3107.7 buff/cache
MiB Swap:   3980.0 total,   3975.9 free,      4.1 used.   3001.2 avail Mem 

    PID USER      PR  NI    VIRT    RES    SHR S  %CPU  %MEM     TIME+ COMMAND
    937 www-data  20   0   26028  20328   4156 R  85.2   0.5  42:37.16 nginx

top - 14:25:36 up 9 days, 22:39,  1 user,  load average: 1.06, 0.85, 0.58
Tasks: 204 total,   2 running, 202 sleeping,   0 stopped,   0 zombie
%Cpu(s): 60.4 us,  7.5 sy,  0.0 ni, 30.2 id,  0.0 wa,  0.0 hi,  1.9 si,  0.0 st
MiB Mem :   3844.2 total,    175.2 free,    561.3 used,   3107.7 buff/cache
MiB Swap:   3980.0 total,   3975.9 free,      4.1 used.   3001.2 avail Mem 

    PID USER      PR  NI    VIRT    RES    SHR S  %CPU  %MEM     TIME+ COMMAND
    937 www-data  20   0   26028  20328   4156 R  98.1   0.5  42:37.68 nginx

top - 14:25:36 up 9 days, 22:39,  1 user,  load average: 1.06, 0.85, 0.58
Tasks: 204 total,   2 running, 202 sleeping,   0 stopped,   0 zombie
%Cpu(s): 50.9 us,  3.7 sy,  0.0 ni, 41.7 id,  0.0 wa,  0.0 hi,  3.7 si,  0.0 st
MiB Mem :   3844.2 total,    175.2 free,    561.3 used,   3107.7 buff/cache
MiB Swap:   3980.0 total,   3975.9 free,      4.1 used.   3001.2 avail Mem 

    PID USER      PR  NI    VIRT    RES    SHR S  %CPU  %MEM     TIME+ COMMAND
    937 www-data  20   0   26028  20328   4156 R 100.0   0.5  42:38.24 nginx

top - 14:25:37 up 9 days, 22:39,  1 user,  load average: 1.06, 0.85, 0.58
Tasks: 207 total,   3 running, 204 sleeping,   0 stopped,   0 zombie
%Cpu(s): 54.5 us,  3.0 sy,  0.0 ni, 41.6 id,  0.0 wa,  0.0 hi,  1.0 si,  0.0 st
MiB Mem :   3844.2 total,    175.2 free,    561.3 used,   3107.7 buff/cache
MiB Swap:   3980.0 total,   3975.9 free,      4.1 used.   3001.2 avail Mem 

    PID USER      PR  NI    VIRT    RES    SHR S  %CPU  %MEM     TIME+ COMMAND
    937 www-data  20   0   26028  20328   4156 R  94.5   0.5  42:38.76 nginx

top - 14:25:38 up 9 days, 22:39,  1 user,  load average: 1.06, 0.85, 0.58
Tasks: 205 total,   2 running, 203 sleeping,   0 stopped,   0 zombie
%Cpu(s): 54.1 us, 11.9 sy,  9.2 ni,  8.3 id, 13.8 wa,  0.0 hi,  2.8 si,  0.0 st
MiB Mem :   3844.2 total,    175.2 free,    561.2 used,   3107.8 buff/cache
MiB Swap:   3980.0 total,   3975.9 free,      4.1 used.   3001.2 avail Mem 

    PID USER      PR  NI    VIRT    RES    SHR S  %CPU  %MEM     TIME+ COMMAND
    937 www-data  20   0   26028  20328   4156 R 100.0   0.5  42:39.30 nginx

top - 14:25:38 up 9 days, 22:39,  1 user,  load average: 1.06, 0.85, 0.58
Tasks: 205 total,   2 running, 203 sleeping,   0 stopped,   0 zombie
%Cpu(s): 52.4 us,  3.8 sy,  0.0 ni, 41.9 id,  0.0 wa,  0.0 hi,  1.9 si,  0.0 st
MiB Mem :   3844.2 total,    175.2 free,    561.2 used,   3107.8 buff/cache
MiB Swap:   3980.0 total,   3975.9 free,      4.1 used.   3001.2 avail Mem 

    PID USER      PR  NI    VIRT    RES    SHR S  %CPU  %MEM     TIME+ COMMAND
    937 www-data  20   0   26028  20328   4156 R  98.2   0.5  42:39.84 nginx

top - 14:25:39 up 9 days, 22:39,  1 user,  load average: 1.06, 0.85, 0.58
Tasks: 205 total,   2 running, 203 sleeping,   0 stopped,   0 zombie
%Cpu(s): 51.9 us,  3.8 sy,  0.0 ni, 42.5 id,  0.0 wa,  0.0 hi,  1.9 si,  0.0 st
MiB Mem :   3844.2 total,    175.2 free,    561.2 used,   3107.8 buff/cache
MiB Swap:   3980.0 total,   3975.9 free,      4.1 used.   3001.2 avail Mem 

    PID USER      PR  NI    VIRT    RES    SHR S  %CPU  %MEM     TIME+ COMMAND
    937 www-data  20   0   26028  20328   4156 R 100.0   0.5  42:40.38 nginx

top - 14:25:39 up 9 days, 22:39,  1 user,  load average: 1.05, 0.85, 0.59
Tasks: 205 total,   2 running, 203 sleeping,   0 stopped,   0 zombie
%Cpu(s): 52.9 us,  2.9 sy,  0.0 ni, 42.3 id,  0.0 wa,  0.0 hi,  1.9 si,  0.0 st
MiB Mem :   3844.2 total,    175.2 free,    561.2 used,   3107.8 buff/cache
MiB Swap:   3980.0 total,   3975.9 free,      4.1 used.   3001.2 avail Mem 

    PID USER      PR  NI    VIRT    RES    SHR S  %CPU  %MEM     TIME+ COMMAND
    937 www-data  20   0   26028  20328   4156 R 100.0   0.5  42:40.93 nginx

top - 14:25:40 up 9 days, 22:39,  1 user,  load average: 1.05, 0.85, 0.59
Tasks: 205 total,   2 running, 203 sleeping,   0 stopped,   0 zombie
%Cpu(s): 52.4 us,  3.8 sy,  0.0 ni, 41.9 id,  0.0 wa,  0.0 hi,  1.9 si,  0.0 st
MiB Mem :   3844.2 total,    175.2 free,    561.2 used,   3107.8 buff/cache
MiB Swap:   3980.0 total,   3975.9 free,      4.1 used.   3001.2 avail Mem 

    PID USER      PR  NI    VIRT    RES    SHR S  %CPU  %MEM     TIME+ COMMAND
    937 www-data  20   0   26028  20328   4156 R 100.0   0.5  42:41.48 nginx

top - 14:25:40 up 9 days, 22:39,  1 user,  load average: 1.05, 0.85, 0.59
Tasks: 205 total,   2 running, 203 sleeping,   0 stopped,   0 zombie
%Cpu(s): 52.8 us,  2.8 sy,  0.0 ni, 42.5 id,  0.0 wa,  0.0 hi,  1.9 si,  0.0 st
MiB Mem :   3844.2 total,    175.2 free,    561.2 used,   3107.8 buff/cache
MiB Swap:   3980.0 total,   3975.9 free,      4.1 used.   3001.2 avail Mem 

    PID USER      PR  NI    VIRT    RES    SHR S  %CPU  %MEM     TIME+ COMMAND
    937 www-data  20   0   26028  20328   4156 R  98.1   0.5  42:42.01 nginx

top - 14:25:41 up 9 days, 22:39,  1 user,  load average: 1.05, 0.85, 0.59
Tasks: 205 total,   2 running, 203 sleeping,   0 stopped,   0 zombie
%Cpu(s): 52.8 us,  2.8 sy,  0.0 ni, 41.5 id,  0.0 wa,  0.0 hi,  2.8 si,  0.0 st
MiB Mem :   3844.2 total,    175.2 free,    561.2 used,   3107.8 buff/cache
MiB Swap:   3980.0 total,   3975.9 free,      4.1 used.   3001.2 avail Mem 

    PID USER      PR  NI    VIRT    RES    SHR S  %CPU  %MEM     TIME+ COMMAND
    937 www-data  20   0   26028  20328   4156 R 100.0   0.5  42:42.56 nginx

top - 14:25:41 up 9 days, 22:39,  1 user,  load average: 1.05, 0.85, 0.59
Tasks: 205 total,   2 running, 203 sleeping,   0 stopped,   0 zombie
%Cpu(s): 50.5 us,  3.8 sy,  0.0 ni, 42.9 id,  0.0 wa,  0.0 hi,  2.9 si,  0.0 st
MiB Mem :   3844.2 total,    175.2 free,    561.2 used,   3107.8 buff/cache
MiB Swap:   3980.0 total,   3975.9 free,      4.1 used.   3001.2 avail Mem 

    PID USER      PR  NI    VIRT    RES    SHR S  %CPU  %MEM     TIME+ COMMAND
    937 www-data  20   0   26028  20328   4156 R 100.0   0.5  42:43.11 nginx

top - 14:25:42 up 9 days, 22:39,  1 user,  load average: 1.05, 0.85, 0.59
Tasks: 205 total,   2 running, 203 sleeping,   0 stopped,   0 zombie
%Cpu(s): 53.3 us,  2.9 sy,  0.0 ni, 41.9 id,  0.0 wa,  0.0 hi,  1.9 si,  0.0 st
MiB Mem :   3844.2 total,    175.2 free,    561.2 used,   3107.8 buff/cache
MiB Swap:   3980.0 total,   3975.9 free,      4.1 used.   3001.2 avail Mem 

    PID USER      PR  NI    VIRT    RES    SHR S  %CPU  %MEM     TIME+ COMMAND
    937 www-data  20   0   26028  20328   4156 R  96.4   0.5  42:43.64 nginx

top - 14:25:42 up 9 days, 22:39,  1 user,  load average: 1.05, 0.85, 0.59
Tasks: 205 total,   2 running, 203 sleeping,   0 stopped,   0 zombie
%Cpu(s): 52.9 us,  9.6 sy,  1.0 ni, 19.2 id, 15.4 wa,  0.0 hi,  1.9 si,  0.0 st
MiB Mem :   3844.2 total,    175.2 free,    561.2 used,   3107.8 buff/cache
MiB Swap:   3980.0 total,   3975.9 free,      4.1 used.   3001.2 avail Mem 

    PID USER      PR  NI    VIRT    RES    SHR S  %CPU  %MEM     TIME+ COMMAND
    937 www-data  20   0   26028  20328   4156 R 100.0   0.5  42:44.18 nginx

top - 14:25:43 up 9 days, 22:39,  1 user,  load average: 1.05, 0.85, 0.59
Tasks: 205 total,   2 running, 203 sleeping,   0 stopped,   0 zombie
%Cpu(s): 51.4 us,  4.8 sy,  0.0 ni, 41.9 id,  0.0 wa,  0.0 hi,  1.9 si,  0.0 st
MiB Mem :   3844.2 total,    175.2 free,    561.2 used,   3107.8 buff/cache
MiB Swap:   3980.0 total,   3975.9 free,      4.1 used.   3001.2 avail Mem 

    PID USER      PR  NI    VIRT    RES    SHR S  %CPU  %MEM     TIME+ COMMAND
    937 www-data  20   0   26028  20328   4156 R 100.0   0.5  42:44.72 nginx

top - 14:25:44 up 9 days, 22:39,  1 user,  load average: 1.05, 0.85, 0.59
Tasks: 205 total,   2 running, 203 sleeping,   0 stopped,   0 zombie
%Cpu(s): 50.9 us,  3.8 sy,  0.0 ni, 42.5 id,  0.0 wa,  0.0 hi,  2.8 si,  0.0 st
MiB Mem :   3844.2 total,    175.2 free,    561.2 used,   3107.9 buff/cache
MiB Swap:   3980.0 total,   3975.9 free,      4.1 used.   3001.3 avail Mem 

    PID USER      PR  NI    VIRT    RES    SHR S  %CPU  %MEM     TIME+ COMMAND
    937 www-data  20   0   26028  20328   4156 R 100.0   0.5  42:45.27 nginx

top - 14:25:44 up 9 days, 22:39,  1 user,  load average: 1.05, 0.85, 0.59
Tasks: 205 total,   2 running, 203 sleeping,   0 stopped,   0 zombie
%Cpu(s): 52.8 us,  2.8 sy,  0.0 ni, 41.5 id,  0.0 wa,  0.0 hi,  2.8 si,  0.0 st
MiB Mem :   3844.2 total,    175.2 free,    561.2 used,   3107.9 buff/cache
MiB Swap:   3980.0 total,   3975.9 free,      4.1 used.   3001.3 avail Mem 

    PID USER      PR  NI    VIRT    RES    SHR S  %CPU  %MEM     TIME+ COMMAND
    937 www-data  20   0   26028  20328   4156 R  98.2   0.5  42:45.81 nginx

top - 14:25:45 up 9 days, 22:39,  1 user,  load average: 1.05, 0.85, 0.59
Tasks: 205 total,   2 running, 203 sleeping,   0 stopped,   0 zombie
%Cpu(s): 52.4 us,  3.8 sy,  0.0 ni, 41.9 id,  0.0 wa,  0.0 hi,  1.9 si,  0.0 st
MiB Mem :   3844.2 total,    175.2 free,    561.2 used,   3107.9 buff/cache
MiB Swap:   3980.0 total,   3975.9 free,      4.1 used.   3001.3 avail Mem 

    PID USER      PR  NI    VIRT    RES    SHR S  %CPU  %MEM     TIME+ COMMAND
    937 www-data  20   0   26028  20328   4156 R 100.0   0.5  42:46.35 nginx

top - 14:25:45 up 9 days, 22:39,  1 user,  load average: 1.05, 0.85, 0.59
Tasks: 205 total,   2 running, 203 sleeping,   0 stopped,   0 zombie
%Cpu(s): 51.9 us,  3.8 sy,  0.0 ni, 42.5 id,  0.0 wa,  0.0 hi,  1.9 si,  0.0 st
MiB Mem :   3844.2 total,    175.2 free,    561.2 used,   3107.9 buff/cache
MiB Swap:   3980.0 total,   3975.9 free,      4.1 used.   3001.3 avail Mem 

    PID USER      PR  NI    VIRT    RES    SHR S  %CPU  %MEM     TIME+ COMMAND
    937 www-data  20   0   26028  20328   4156 R 100.0   0.5  42:46.90 nginx

top - 14:25:46 up 9 days, 22:39,  1 user,  load average: 1.05, 0.85, 0.59
Tasks: 205 total,   2 running, 203 sleeping,   0 stopped,   0 zombie
%Cpu(s): 51.4 us,  3.8 sy,  0.0 ni, 41.9 id,  0.0 wa,  0.0 hi,  2.9 si,  0.0 st
MiB Mem :   3844.2 total,    175.2 free,    561.2 used,   3107.9 buff/cache
MiB Swap:   3980.0 total,   3975.9 free,      4.1 used.   3001.3 avail Mem 

    PID USER      PR  NI    VIRT    RES    SHR S  %CPU  %MEM     TIME+ COMMAND
    937 www-data  20   0   26028  20328   4156 R 100.0   0.5  42:47.44 nginx

top - 14:25:46 up 9 days, 22:39,  1 user,  load average: 1.05, 0.85, 0.59
Tasks: 205 total,   2 running, 203 sleeping,   0 stopped,   0 zombie
%Cpu(s): 52.8 us,  2.8 sy,  0.0 ni, 41.5 id,  0.0 wa,  0.0 hi,  2.8 si,  0.0 st
MiB Mem :   3844.2 total,    175.2 free,    561.2 used,   3107.9 buff/cache
MiB Swap:   3980.0 total,   3975.9 free,      4.1 used.   3001.3 avail Mem 

    PID USER      PR  NI    VIRT    RES    SHR S  %CPU  %MEM     TIME+ COMMAND
    937 www-data  20   0   26028  20328   4156 R 100.0   0.5  42:47.99 nginx

top - 14:25:47 up 9 days, 22:39,  1 user,  load average: 1.05, 0.85, 0.59
Tasks: 205 total,   2 running, 203 sleeping,   0 stopped,   0 zombie
%Cpu(s): 54.3 us,  1.9 sy,  0.0 ni, 41.9 id,  0.0 wa,  0.0 hi,  1.9 si,  0.0 st
MiB Mem :   3844.2 total,    175.2 free,    561.1 used,   3107.9 buff/cache
MiB Swap:   3980.0 total,   3975.9 free,      4.1 used.   3001.3 avail Mem 

    PID USER      PR  NI    VIRT    RES    SHR S  %CPU  %MEM     TIME+ COMMAND
    937 www-data  20   0   26028  20328   4156 R  98.2   0.5  42:48.53 nginx

top - 14:25:47 up 9 days, 22:39,  1 user,  load average: 1.05, 0.85, 0.59
Tasks: 205 total,   2 running, 203 sleeping,   0 stopped,   0 zombie
%Cpu(s): 50.5 us,  9.2 sy,  0.9 ni, 24.8 id, 11.9 wa,  0.0 hi,  2.8 si,  0.0 st
MiB Mem :   3844.2 total,    175.2 free,    561.1 used,   3107.9 buff/cache
MiB Swap:   3980.0 total,   3975.9 free,      4.1 used.   3001.3 avail Mem 

    PID USER      PR  NI    VIRT    RES    SHR S  %CPU  %MEM     TIME+ COMMAND
    937 www-data  20   0   26028  20328   4156 R 100.0   0.5  42:49.07 nginx

top - 14:25:48 up 9 days, 22:39,  1 user,  load average: 1.05, 0.85, 0.59
Tasks: 204 total,   2 running, 202 sleeping,   0 stopped,   0 zombie
%Cpu(s): 59.0 us,  6.7 sy,  2.9 ni, 24.8 id,  4.8 wa,  0.0 hi,  1.9 si,  0.0 st
MiB Mem :   3844.2 total,    175.2 free,    561.1 used,   3107.9 buff/cache
MiB Swap:   3980.0 total,   3975.9 free,      4.1 used.   3001.3 avail Mem 

    PID USER      PR  NI    VIRT    RES    SHR S  %CPU  %MEM     TIME+ COMMAND
    937 www-data  20   0   26028  20328   4156 R 100.0   0.5  42:49.62 nginx

top - 14:25:48 up 9 days, 22:39,  1 user,  load average: 1.05, 0.85, 0.59
Tasks: 204 total,   2 running, 202 sleeping,   0 stopped,   0 zombie
%Cpu(s): 51.4 us,  4.7 sy,  0.0 ni, 42.1 id,  0.0 wa,  0.0 hi,  1.9 si,  0.0 st
MiB Mem :   3844.2 total,    175.2 free,    561.1 used,   3107.9 buff/cache
MiB Swap:   3980.0 total,   3975.9 free,      4.1 used.   3001.3 avail Mem 

    PID USER      PR  NI    VIRT    RES    SHR S  %CPU  %MEM     TIME+ COMMAND
    937 www-data  20   0   26028  20328   4156 R 100.0   0.5  42:50.17 nginx

top - 14:25:49 up 9 days, 22:39,  1 user,  load average: 1.04, 0.85, 0.59
Tasks: 204 total,   2 running, 202 sleeping,   0 stopped,   0 zombie
%Cpu(s): 51.9 us,  3.8 sy,  0.0 ni, 40.6 id,  0.0 wa,  0.0 hi,  3.8 si,  0.0 st
MiB Mem :   3844.2 total,    175.2 free,    561.1 used,   3107.9 buff/cache
MiB Swap:   3980.0 total,   3975.9 free,      4.1 used.   3001.3 avail Mem 

    PID USER      PR  NI    VIRT    RES    SHR S  %CPU  %MEM     TIME+ COMMAND
    937 www-data  20   0   26028  20328   4156 R 100.0   0.5  42:50.71 nginx

top - 14:25:50 up 9 days, 22:39,  1 user,  load average: 1.04, 0.85, 0.59
Tasks: 204 total,   2 running, 202 sleeping,   0 stopped,   0 zombie
%Cpu(s): 50.5 us,  3.7 sy,  0.0 ni, 41.3 id,  0.0 wa,  0.0 hi,  4.6 si,  0.0 st
MiB Mem :   3844.2 total,    175.2 free,    561.1 used,   3107.9 buff/cache
MiB Swap:   3980.0 total,   3975.9 free,      4.1 used.   3001.3 avail Mem 

    PID USER      PR  NI    VIRT    RES    SHR S  %CPU  %MEM     TIME+ COMMAND
    937 www-data  20   0   26028  20328   4156 R  98.2   0.5  42:51.25 nginx

top - 14:25:50 up 9 days, 22:39,  1 user,  load average: 1.04, 0.85, 0.59
Tasks: 204 total,   2 running, 202 sleeping,   0 stopped,   0 zombie
%Cpu(s): 52.4 us,  2.9 sy,  0.0 ni, 41.9 id,  0.0 wa,  0.0 hi,  2.9 si,  0.0 st
MiB Mem :   3844.2 total,    175.2 free,    561.1 used,   3108.0 buff/cache
MiB Swap:   3980.0 total,   3975.9 free,      4.1 used.   3001.4 avail Mem 

    PID USER      PR  NI    VIRT    RES    SHR S  %CPU  %MEM     TIME+ COMMAND
    937 www-data  20   0   26028  20328   4156 R 100.0   0.5  42:51.79 nginx

top - 14:25:51 up 9 days, 22:39,  1 user,  load average: 1.04, 0.85, 0.59
Tasks: 204 total,   2 running, 202 sleeping,   0 stopped,   0 zombie
%Cpu(s): 52.8 us,  2.8 sy,  0.0 ni, 41.5 id,  0.0 wa,  0.0 hi,  2.8 si,  0.0 st
MiB Mem :   3844.2 total,    175.2 free,    561.1 used,   3108.0 buff/cache
MiB Swap:   3980.0 total,   3975.9 free,      4.1 used.   3001.4 avail Mem 

    PID USER      PR  NI    VIRT    RES    SHR S  %CPU  %MEM     TIME+ COMMAND
    937 www-data  20   0   26028  20328   4156 R 100.0   0.5  42:52.34 nginx

top - 14:25:51 up 9 days, 22:39,  1 user,  load average: 1.04, 0.85, 0.59
Tasks: 204 total,   2 running, 202 sleeping,   0 stopped,   0 zombie
%Cpu(s): 52.3 us,  2.8 sy,  0.0 ni, 42.1 id,  0.0 wa,  0.0 hi,  2.8 si,  0.0 st
MiB Mem :   3844.2 total,    175.2 free,    561.1 used,   3108.0 buff/cache
MiB Swap:   3980.0 total,   3975.9 free,      4.1 used.   3001.4 avail Mem 

    PID USER      PR  NI    VIRT    RES    SHR S  %CPU  %MEM     TIME+ COMMAND
    937 www-data  20   0   26028  20328   4156 R 100.0   0.5  42:52.89 nginx

top - 14:25:52 up 9 days, 22:39,  1 user,  load average: 1.04, 0.85, 0.59
Tasks: 204 total,   2 running, 202 sleeping,   0 stopped,   0 zombie
%Cpu(s): 52.4 us,  3.8 sy,  0.0 ni, 41.9 id,  0.0 wa,  0.0 hi,  1.9 si,  0.0 st
MiB Mem :   3844.2 total,    175.2 free,    561.1 used,   3108.0 buff/cache
MiB Swap:   3980.0 total,   3975.9 free,      4.1 used.   3001.4 avail Mem 

    PID USER      PR  NI    VIRT    RES    SHR S  %CPU  %MEM     TIME+ COMMAND
    937 www-data  20   0   26028  20328   4156 R 100.0   0.5  42:53.43 nginx

top - 14:25:52 up 9 days, 22:39,  1 user,  load average: 1.04, 0.85, 0.59
Tasks: 203 total,   3 running, 200 sleeping,   0 stopped,   0 zombie
%Cpu(s): 53.9 us,  5.9 sy,  0.0 ni, 39.2 id,  0.0 wa,  0.0 hi,  1.0 si,  0.0 st
MiB Mem :   3844.2 total,    175.2 free,    561.1 used,   3108.0 buff/cache
MiB Swap:   3980.0 total,   3975.9 free,      4.1 used.   3001.4 avail Mem 

    PID USER      PR  NI    VIRT    RES    SHR S  %CPU  %MEM     TIME+ COMMAND
    937 www-data  20   0   26028  20328   4156 R  94.5   0.5  42:53.95 nginx

top - 14:25:53 up 9 days, 22:39,  1 user,  load average: 1.04, 0.85, 0.59
Tasks: 205 total,   3 running, 202 sleeping,   0 stopped,   0 zombie
%Cpu(s): 53.3 us, 10.5 sy,  9.5 ni,  7.6 id, 16.2 wa,  0.0 hi,  2.9 si,  0.0 st
MiB Mem :   3844.2 total,    175.2 free,    561.0 used,   3108.0 buff/cache
MiB Swap:   3980.0 total,   3975.9 free,      4.1 used.   3001.4 avail Mem 

    PID USER      PR  NI    VIRT    RES    SHR S  %CPU  %MEM     TIME+ COMMAND
    937 www-data  20   0   26028  20328   4156 R 100.0   0.5  42:54.49 nginx

top - 14:25:53 up 9 days, 22:39,  1 user,  load average: 1.04, 0.85, 0.59
Tasks: 205 total,   2 running, 203 sleeping,   0 stopped,   0 zombie
%Cpu(s): 51.4 us,  4.8 sy,  0.0 ni, 41.9 id,  0.0 wa,  0.0 hi,  1.9 si,  0.0 st
MiB Mem :   3844.2 total,    175.2 free,    561.0 used,   3108.0 buff/cache
MiB Swap:   3980.0 total,   3975.9 free,      4.1 used.   3001.4 avail Mem 

    PID USER      PR  NI    VIRT    RES    SHR S  %CPU  %MEM     TIME+ COMMAND
    937 www-data  20   0   26028  20328   4156 R 100.0   0.5  42:55.03 nginx

top - 14:25:54 up 9 days, 22:39,  1 user,  load average: 1.04, 0.86, 0.59
Tasks: 205 total,   2 running, 203 sleeping,   0 stopped,   0 zombie
%Cpu(s): 50.5 us,  3.7 sy,  0.0 ni, 41.1 id,  0.0 wa,  0.0 hi,  4.7 si,  0.0 st
MiB Mem :   3844.2 total,    175.2 free,    561.0 used,   3108.0 buff/cache
MiB Swap:   3980.0 total,   3975.9 free,      4.1 used.   3001.4 avail Mem 

    PID USER      PR  NI    VIRT    RES    SHR S  %CPU  %MEM     TIME+ COMMAND
    937 www-data  20   0   26028  20328   4156 R 100.0   0.5  42:55.57 nginx

top - 14:25:54 up 9 days, 22:39,  1 user,  load average: 1.04, 0.86, 0.59
Tasks: 205 total,   2 running, 203 sleeping,   0 stopped,   0 zombie
%Cpu(s): 52.8 us,  2.8 sy,  0.0 ni, 41.5 id,  0.0 wa,  0.0 hi,  2.8 si,  0.0 st
MiB Mem :   3844.2 total,    175.2 free,    561.0 used,   3108.0 buff/cache
MiB Swap:   3980.0 total,   3975.9 free,      4.1 used.   3001.4 avail Mem 

    PID USER      PR  NI    VIRT    RES    SHR S  %CPU  %MEM     TIME+ COMMAND
    937 www-data  20   0   26028  20328   4156 R  98.2   0.5  42:56.11 nginx

top - 14:25:55 up 9 days, 22:39,  1 user,  load average: 1.04, 0.86, 0.59
Tasks: 205 total,   2 running, 203 sleeping,   0 stopped,   0 zombie
%Cpu(s): 51.9 us,  3.8 sy,  0.0 ni, 42.3 id,  0.0 wa,  0.0 hi,  1.9 si,  0.0 st
MiB Mem :   3844.2 total,    175.2 free,    561.0 used,   3108.0 buff/cache
MiB Swap:   3980.0 total,   3975.9 free,      4.1 used.   3001.4 avail Mem 

    PID USER      PR  NI    VIRT    RES    SHR S  %CPU  %MEM     TIME+ COMMAND
    937 www-data  20   0   26028  20328   4156 R 100.0   0.5  42:56.65 nginx

top - 14:25:56 up 9 days, 22:39,  1 user,  load average: 1.04, 0.86, 0.59
Tasks: 205 total,   2 running, 203 sleeping,   0 stopped,   0 zombie
%Cpu(s): 51.4 us,  4.7 sy,  0.0 ni, 41.1 id,  0.0 wa,  0.0 hi,  2.8 si,  0.0 st
MiB Mem :   3844.2 total,    175.2 free,    561.0 used,   3108.0 buff/cache
MiB Swap:   3980.0 total,   3975.9 free,      4.1 used.   3001.4 avail Mem 

    PID USER      PR  NI    VIRT    RES    SHR S  %CPU  %MEM     TIME+ COMMAND
    937 www-data  20   0   26028  20328   4156 R 100.0   0.5  42:57.20 nginx

top - 14:25:56 up 9 days, 22:39,  1 user,  load average: 1.04, 0.86, 0.59
Tasks: 205 total,   2 running, 203 sleeping,   0 stopped,   0 zombie
%Cpu(s): 52.8 us,  2.8 sy,  0.0 ni, 41.5 id,  0.0 wa,  0.0 hi,  2.8 si,  0.0 st
MiB Mem :   3844.2 total,    175.2 free,    561.0 used,   3108.1 buff/cache
MiB Swap:   3980.0 total,   3975.9 free,      4.1 used.   3001.5 avail Mem 

    PID USER      PR  NI    VIRT    RES    SHR S  %CPU  %MEM     TIME+ COMMAND
    937 www-data  20   0   26028  20328   4156 R  98.2   0.5  42:57.74 nginx

top - 14:25:57 up 9 days, 22:39,  1 user,  load average: 1.04, 0.86, 0.59
Tasks: 205 total,   2 running, 203 sleeping,   0 stopped,   0 zombie
%Cpu(s): 53.8 us,  1.9 sy,  0.0 ni, 42.3 id,  0.0 wa,  0.0 hi,  1.9 si,  0.0 st
MiB Mem :   3844.2 total,    175.2 free,    561.0 used,   3108.1 buff/cache
MiB Swap:   3980.0 total,   3975.9 free,      4.1 used.   3001.5 avail Mem 

    PID USER      PR  NI    VIRT    RES    SHR S  %CPU  %MEM     TIME+ COMMAND
    937 www-data  20   0   26028  20328   4156 R 100.0   0.5  42:58.29 nginx

top - 14:25:57 up 9 days, 22:39,  1 user,  load average: 1.04, 0.86, 0.59
Tasks: 205 total,   2 running, 203 sleeping,   0 stopped,   0 zombie
%Cpu(s): 51.9 us,  3.8 sy,  0.0 ni, 41.5 id,  0.0 wa,  0.0 hi,  2.8 si,  0.0 st
MiB Mem :   3844.2 total,    175.2 free,    561.0 used,   3108.1 buff/cache
MiB Swap:   3980.0 total,   3975.9 free,      4.1 used.   3001.5 avail Mem 

    PID USER      PR  NI    VIRT    RES    SHR S  %CPU  %MEM     TIME+ COMMAND
    937 www-data  20   0   26028  20328   4156 R  98.2   0.5  42:58.83 nginx

top - 14:25:58 up 9 days, 22:39,  1 user,  load average: 1.04, 0.86, 0.59
Tasks: 205 total,   2 running, 203 sleeping,   0 stopped,   0 zombie
%Cpu(s): 52.8 us,  8.5 sy,  1.9 ni, 21.7 id, 13.2 wa,  0.0 hi,  1.9 si,  0.0 st
MiB Mem :   3844.2 total,    175.2 free,    561.0 used,   3108.1 buff/cache
MiB Swap:   3980.0 total,   3975.9 free,      4.1 used.   3001.5 avail Mem 

    PID USER      PR  NI    VIRT    RES    SHR S  %CPU  %MEM     TIME+ COMMAND
    937 www-data  20   0   26028  20328   4156 R 100.0   0.5  42:59.38 nginx

top - 14:25:58 up 9 days, 22:39,  1 user,  load average: 1.04, 0.86, 0.59
Tasks: 205 total,   2 running, 203 sleeping,   0 stopped,   0 zombie
%Cpu(s): 52.4 us,  3.8 sy,  0.0 ni, 41.9 id,  0.0 wa,  0.0 hi,  1.9 si,  0.0 st
MiB Mem :   3844.2 total,    175.2 free,    561.0 used,   3108.1 buff/cache
MiB Swap:   3980.0 total,   3975.9 free,      4.1 used.   3001.5 avail Mem 

    PID USER      PR  NI    VIRT    RES    SHR S  %CPU  %MEM     TIME+ COMMAND
    937 www-data  20   0   26028  20328   4156 R  98.2   0.5  42:59.92 nginx

top - 14:25:59 up 9 days, 22:39,  1 user,  load average: 1.04, 0.86, 0.59
Tasks: 205 total,   2 running, 203 sleeping,   0 stopped,   0 zombie
%Cpu(s): 52.4 us,  3.8 sy,  0.0 ni, 41.9 id,  0.0 wa,  0.0 hi,  1.9 si,  0.0 st
MiB Mem :   3844.2 total,    175.2 free,    560.9 used,   3108.1 buff/cache
MiB Swap:   3980.0 total,   3975.9 free,      4.1 used.   3001.5 avail Mem 

    PID USER      PR  NI    VIRT    RES    SHR S  %CPU  %MEM     TIME+ COMMAND
    937 www-data  20   0   26028  20328   4156 R 100.0   0.5  43:00.46 nginx

top - 14:25:59 up 9 days, 22:39,  1 user,  load average: 1.04, 0.86, 0.60
Tasks: 205 total,   2 running, 203 sleeping,   0 stopped,   0 zombie
%Cpu(s): 51.4 us,  3.7 sy,  0.0 ni, 41.1 id,  0.0 wa,  0.0 hi,  3.7 si,  0.0 st
MiB Mem :   3844.2 total,    175.2 free,    560.9 used,   3108.1 buff/cache
MiB Swap:   3980.0 total,   3975.9 free,      4.1 used.   3001.5 avail Mem 

    PID USER      PR  NI    VIRT    RES    SHR S  %CPU  %MEM     TIME+ COMMAND
    937 www-data  20   0   26028  20328   4156 R 100.0   0.5  43:01.01 nginx

top - 14:26:00 up 9 days, 22:39,  1 user,  load average: 1.04, 0.86, 0.60
Tasks: 205 total,   3 running, 202 sleeping,   0 stopped,   0 zombie
%Cpu(s): 56.5 us,  2.8 sy,  0.0 ni, 36.1 id,  0.0 wa,  0.0 hi,  4.6 si,  0.0 st
MiB Mem :   3844.2 total,    175.2 free,    560.9 used,   3108.1 buff/cache
MiB Swap:   3980.0 total,   3975.9 free,      4.1 used.   3001.5 avail Mem 

    PID USER      PR  NI    VIRT    RES    SHR S  %CPU  %MEM     TIME+ COMMAND
    937 www-data  20   0   26028  20328   4156 R  96.4   0.5  43:01.54 nginx

top - 14:26:00 up 9 days, 22:39,  1 user,  load average: 1.04, 0.86, 0.60
Tasks: 205 total,   2 running, 203 sleeping,   0 stopped,   0 zombie
%Cpu(s): 52.3 us,  2.8 sy,  0.0 ni, 42.1 id,  0.0 wa,  0.0 hi,  2.8 si,  0.0 st
MiB Mem :   3844.2 total,    175.2 free,    560.9 used,   3108.1 buff/cache
MiB Swap:   3980.0 total,   3975.9 free,      4.1 used.   3001.5 avail Mem 

    PID USER      PR  NI    VIRT    RES    SHR S  %CPU  %MEM     TIME+ COMMAND
    937 www-data  20   0   26028  20328   4156 R 100.0   0.5  43:02.10 nginx

top - 14:26:01 up 9 days, 22:39,  1 user,  load average: 1.04, 0.86, 0.60
Tasks: 205 total,   2 running, 203 sleeping,   0 stopped,   0 zombie
%Cpu(s): 51.9 us,  3.8 sy,  0.0 ni, 42.3 id,  0.0 wa,  0.0 hi,  1.9 si,  0.0 st
MiB Mem :   3844.2 total,    175.2 free,    560.9 used,   3108.1 buff/cache
MiB Swap:   3980.0 total,   3975.9 free,      4.1 used.   3001.5 avail Mem 

    PID USER      PR  NI    VIRT    RES    SHR S  %CPU  %MEM     TIME+ COMMAND
    937 www-data  20   0   26028  20328   4156 R 100.0   0.5  43:02.65 nginx

top - 14:26:01 up 9 days, 22:39,  1 user,  load average: 1.04, 0.86, 0.60
Tasks: 205 total,   2 running, 203 sleeping,   0 stopped,   0 zombie
%Cpu(s): 52.9 us,  3.8 sy,  0.0 ni, 41.3 id,  0.0 wa,  0.0 hi,  1.9 si,  0.0 st
MiB Mem :   3844.2 total,    175.2 free,    560.9 used,   3108.1 buff/cache
MiB Swap:   3980.0 total,   3975.9 free,      4.1 used.   3001.5 avail Mem 

    PID USER      PR  NI    VIRT    RES    SHR S  %CPU  %MEM     TIME+ COMMAND
    937 www-data  20   0   26028  20328   4156 R 100.0   0.5  43:03.19 nginx

top - 14:26:02 up 9 days, 22:39,  1 user,  load average: 1.04, 0.86, 0.60
Tasks: 205 total,   2 running, 203 sleeping,   0 stopped,   0 zombie
%Cpu(s): 52.3 us,  2.8 sy,  0.0 ni, 42.1 id,  0.0 wa,  0.0 hi,  2.8 si,  0.0 st
MiB Mem :   3844.2 total,    174.9 free,    561.1 used,   3108.1 buff/cache
MiB Swap:   3980.0 total,   3975.9 free,      4.1 used.   3001.3 avail Mem 

    PID USER      PR  NI    VIRT    RES    SHR S  %CPU  %MEM     TIME+ COMMAND
    937 www-data  20   0   26028  20328   4156 R  98.2   0.5  43:03.73 nginx

top - 14:26:03 up 9 days, 22:39,  1 user,  load average: 1.04, 0.86, 0.60
Tasks: 205 total,   2 running, 203 sleeping,   0 stopped,   0 zombie
%Cpu(s): 53.6 us,  7.3 sy,  0.9 ni, 21.8 id, 13.6 wa,  0.0 hi,  2.7 si,  0.0 st
MiB Mem :   3844.2 total,    174.9 free,    561.1 used,   3108.1 buff/cache
MiB Swap:   3980.0 total,   3975.9 free,      4.1 used.   3001.3 avail Mem 

    PID USER      PR  NI    VIRT    RES    SHR S  %CPU  %MEM     TIME+ COMMAND
    937 www-data  20   0   26028  20328   4156 R 100.0   0.5  43:04.28 nginx

top - 14:26:03 up 9 days, 22:39,  1 user,  load average: 1.04, 0.86, 0.60
Tasks: 204 total,   2 running, 202 sleeping,   0 stopped,   0 zombie
%Cpu(s): 51.9 us,  6.5 sy,  0.9 ni, 36.1 id,  0.0 wa,  0.0 hi,  4.6 si,  0.0 st
MiB Mem :   3844.2 total,    174.9 free,    561.1 used,   3108.1 buff/cache
MiB Swap:   3980.0 total,   3975.9 free,      4.1 used.   3001.3 avail Mem 

    PID USER      PR  NI    VIRT    RES    SHR S  %CPU  %MEM     TIME+ COMMAND
    937 www-data  20   0   26028  20328   4156 R  98.2   0.5  43:04.82 nginx

top - 14:26:04 up 9 days, 22:39,  1 user,  load average: 1.04, 0.86, 0.60
Tasks: 204 total,   2 running, 202 sleeping,   0 stopped,   0 zombie
%Cpu(s): 52.4 us,  2.9 sy,  0.0 ni, 42.7 id,  0.0 wa,  0.0 hi,  1.9 si,  0.0 st
MiB Mem :   3844.2 total,    174.9 free,    561.1 used,   3108.1 buff/cache
MiB Swap:   3980.0 total,   3975.9 free,      4.1 used.   3001.3 avail Mem 

    PID USER      PR  NI    VIRT    RES    SHR S  %CPU  %MEM     TIME+ COMMAND
    937 www-data  20   0   26028  20328   4156 R 100.0   0.5  43:05.37 nginx

top - 14:26:04 up 9 days, 22:39,  1 user,  load average: 1.03, 0.86, 0.60
Tasks: 204 total,   2 running, 202 sleeping,   0 stopped,   0 zombie
%Cpu(s): 50.5 us,  5.7 sy,  0.0 ni, 41.0 id,  0.0 wa,  0.0 hi,  2.9 si,  0.0 st
MiB Mem :   3844.2 total,    174.9 free,    561.1 used,   3108.1 buff/cache
MiB Swap:   3980.0 total,   3975.9 free,      4.1 used.   3001.3 avail Mem 

    PID USER      PR  NI    VIRT    RES    SHR S  %CPU  %MEM     TIME+ COMMAND
    937 www-data  20   0   26028  20328   4156 R  98.2   0.5  43:05.91 nginx

top - 14:26:05 up 9 days, 22:39,  1 user,  load average: 1.03, 0.86, 0.60
Tasks: 204 total,   2 running, 202 sleeping,   0 stopped,   0 zombie
%Cpu(s): 51.4 us,  4.8 sy,  0.0 ni, 42.9 id,  0.0 wa,  0.0 hi,  1.0 si,  0.0 st
MiB Mem :   3844.2 total,    174.9 free,    561.1 used,   3108.2 buff/cache
MiB Swap:   3980.0 total,   3975.9 free,      4.1 used.   3001.4 avail Mem 

    PID USER      PR  NI    VIRT    RES    SHR S  %CPU  %MEM     TIME+ COMMAND
    937 www-data  20   0   26028  20328   4156 R 100.0   0.5  43:06.45 nginx

top - 14:26:05 up 9 days, 22:39,  1 user,  load average: 1.03, 0.86, 0.60
Tasks: 204 total,   2 running, 202 sleeping,   0 stopped,   0 zombie
%Cpu(s): 53.8 us,  2.9 sy,  0.0 ni, 42.3 id,  0.0 wa,  0.0 hi,  1.0 si,  0.0 st
MiB Mem :   3844.2 total,    174.9 free,    561.1 used,   3108.2 buff/cache
MiB Swap:   3980.0 total,   3975.9 free,      4.1 used.   3001.4 avail Mem 

    PID USER      PR  NI    VIRT    RES    SHR S  %CPU  %MEM     TIME+ COMMAND
    937 www-data  20   0   26028  20328   4156 R 100.0   0.5  43:07.00 nginx

top - 14:26:06 up 9 days, 22:39,  1 user,  load average: 1.03, 0.86, 0.60
Tasks: 204 total,   2 running, 202 sleeping,   0 stopped,   0 zombie
%Cpu(s): 52.4 us,  3.8 sy,  0.0 ni, 41.9 id,  0.0 wa,  0.0 hi,  1.9 si,  0.0 st
MiB Mem :   3844.2 total,    174.9 free,    561.1 used,   3108.2 buff/cache
MiB Swap:   3980.0 total,   3975.9 free,      4.1 used.   3001.4 avail Mem 

    PID USER      PR  NI    VIRT    RES    SHR S  %CPU  %MEM     TIME+ COMMAND
    937 www-data  20   0   26028  20328   4156 R 100.0   0.5  43:07.55 nginx

top - 14:26:06 up 9 days, 22:39,  1 user,  load average: 1.03, 0.86, 0.60
Tasks: 204 total,   2 running, 202 sleeping,   0 stopped,   0 zombie
%Cpu(s): 53.3 us,  2.9 sy,  0.0 ni, 41.9 id,  0.0 wa,  0.0 hi,  1.9 si,  0.0 st
MiB Mem :   3844.2 total,    174.9 free,    561.1 used,   3108.2 buff/cache
MiB Swap:   3980.0 total,   3975.9 free,      4.1 used.   3001.4 avail Mem 

    PID USER      PR  NI    VIRT    RES    SHR S  %CPU  %MEM     TIME+ COMMAND
    937 www-data  20   0   26028  20328   4156 R 100.0   0.5  43:08.09 nginx

top - 14:26:07 up 9 days, 22:39,  1 user,  load average: 1.03, 0.86, 0.60
Tasks: 204 total,   2 running, 202 sleeping,   0 stopped,   0 zombie
%Cpu(s): 51.5 us,  2.0 sy,  0.0 ni, 44.6 id,  0.0 wa,  0.0 hi,  2.0 si,  0.0 st
MiB Mem :   3844.2 total,    174.9 free,    561.1 used,   3108.2 buff/cache
MiB Swap:   3980.0 total,   3975.9 free,      4.1 used.   3001.4 avail Mem 

    PID USER      PR  NI    VIRT    RES    SHR S  %CPU  %MEM     TIME+ COMMAND
    937 www-data  20   0   26028  20328   4156 R  98.1   0.5  43:08.62 nginx

top - 14:26:07 up 9 days, 22:39,  1 user,  load average: 1.03, 0.86, 0.60
Tasks: 203 total,   2 running, 201 sleeping,   0 stopped,   0 zombie
%Cpu(s): 52.4 us,  5.8 sy,  1.0 ni, 38.8 id,  0.0 wa,  0.0 hi,  1.9 si,  0.0 st
MiB Mem :   3844.2 total,    174.9 free,    561.1 used,   3108.2 buff/cache
MiB Swap:   3980.0 total,   3975.9 free,      4.1 used.   3001.4 avail Mem 

    PID USER      PR  NI    VIRT    RES    SHR S  %CPU  %MEM     TIME+ COMMAND
    937 www-data  20   0   26028  20328   4156 R 100.0   0.5  43:09.15 nginx

top - 14:26:08 up 9 days, 22:39,  1 user,  load average: 1.03, 0.86, 0.60
Tasks: 205 total,   3 running, 202 sleeping,   0 stopped,   0 zombie
%Cpu(s): 54.8 us, 10.6 sy,  9.6 ni, 13.5 id, 10.6 wa,  0.0 hi,  1.0 si,  0.0 st
MiB Mem :   3844.2 total,    174.9 free,    561.0 used,   3108.2 buff/cache
MiB Swap:   3980.0 total,   3975.9 free,      4.1 used.   3001.4 avail Mem 

    PID USER      PR  NI    VIRT    RES    SHR S  %CPU  %MEM     TIME+ COMMAND
    937 www-data  20   0   26028  20328   4156 R  98.1   0.5  43:09.67 nginx

top - 14:26:09 up 9 days, 22:39,  1 user,  load average: 1.03, 0.86, 0.60
Tasks: 205 total,   2 running, 203 sleeping,   0 stopped,   0 zombie
%Cpu(s): 52.4 us,  3.8 sy,  0.0 ni, 42.9 id,  0.0 wa,  0.0 hi,  1.0 si,  0.0 st
MiB Mem :   3844.2 total,    174.9 free,    561.0 used,   3108.2 buff/cache
MiB Swap:   3980.0 total,   3975.9 free,      4.1 used.   3001.4 avail Mem 

    PID USER      PR  NI    VIRT    RES    SHR S  %CPU  %MEM     TIME+ COMMAND
    937 www-data  20   0   26028  20328   4156 R  98.1   0.5  43:10.20 nginx

top - 14:26:09 up 9 days, 22:39,  1 user,  load average: 1.03, 0.86, 0.60
Tasks: 205 total,   2 running, 203 sleeping,   0 stopped,   0 zombie
%Cpu(s): 53.8 us,  1.9 sy,  0.0 ni, 42.5 id,  0.0 wa,  0.0 hi,  1.9 si,  0.0 st
MiB Mem :   3844.2 total,    174.9 free,    561.0 used,   3108.2 buff/cache
MiB Swap:   3980.0 total,   3975.9 free,      4.1 used.   3001.4 avail Mem 

    PID USER      PR  NI    VIRT    RES    SHR S  %CPU  %MEM     TIME+ COMMAND
    937 www-data  20   0   26028  20328   4156 R  98.2   0.5  43:10.74 nginx

top - 14:26:10 up 9 days, 22:39,  1 user,  load average: 1.03, 0.86, 0.60
Tasks: 205 total,   2 running, 203 sleeping,   0 stopped,   0 zombie
%Cpu(s): 51.9 us,  2.8 sy,  0.0 ni, 42.5 id,  0.0 wa,  0.0 hi,  2.8 si,  0.0 st
MiB Mem :   3844.2 total,    174.9 free,    561.0 used,   3108.2 buff/cache
MiB Swap:   3980.0 total,   3975.9 free,      4.1 used.   3001.4 avail Mem 

    PID USER      PR  NI    VIRT    RES    SHR S  %CPU  %MEM     TIME+ COMMAND
    937 www-data  20   0   26028  20328   4156 R 100.0   0.5  43:11.29 nginx

top - 14:26:10 up 9 days, 22:39,  1 user,  load average: 1.03, 0.86, 0.60
Tasks: 205 total,   2 running, 203 sleeping,   0 stopped,   0 zombie
%Cpu(s): 51.9 us,  3.8 sy,  0.0 ni, 42.3 id,  0.0 wa,  0.0 hi,  1.9 si,  0.0 st
MiB Mem :   3844.2 total,    174.9 free,    561.0 used,   3108.2 buff/cache
MiB Swap:   3980.0 total,   3975.9 free,      4.1 used.   3001.4 avail Mem 

    PID USER      PR  NI    VIRT    RES    SHR S  %CPU  %MEM     TIME+ COMMAND
    937 www-data  20   0   26028  20328   4156 R  98.2   0.5  43:11.83 nginx

top - 14:26:11 up 9 days, 22:39,  1 user,  load average: 1.03, 0.86, 0.60
Tasks: 205 total,   2 running, 203 sleeping,   0 stopped,   0 zombie
%Cpu(s): 51.4 us,  3.7 sy,  0.0 ni, 42.1 id,  0.0 wa,  0.0 hi,  2.8 si,  0.0 st
MiB Mem :   3844.2 total,    174.9 free,    561.0 used,   3108.3 buff/cache
MiB Swap:   3980.0 total,   3975.9 free,      4.1 used.   3001.4 avail Mem 

    PID USER      PR  NI    VIRT    RES    SHR S  %CPU  %MEM     TIME+ COMMAND
    937 www-data  20   0   26028  20328   4156 R 100.0   0.5  43:12.38 nginx

top - 14:26:11 up 9 days, 22:39,  1 user,  load average: 1.03, 0.86, 0.60
Tasks: 205 total,   2 running, 203 sleeping,   0 stopped,   0 zombie
%Cpu(s): 52.4 us,  3.8 sy,  0.0 ni, 41.9 id,  0.0 wa,  0.0 hi,  1.9 si,  0.0 st
MiB Mem :   3844.2 total,    174.9 free,    561.0 used,   3108.3 buff/cache
MiB Swap:   3980.0 total,   3975.9 free,      4.1 used.   3001.4 avail Mem 

    PID USER      PR  NI    VIRT    RES    SHR S  %CPU  %MEM     TIME+ COMMAND
    937 www-data  20   0   26028  20328   4156 R 100.0   0.5  43:12.92 nginx

top - 14:26:12 up 9 days, 22:39,  1 user,  load average: 1.03, 0.86, 0.60
Tasks: 205 total,   2 running, 203 sleeping,   0 stopped,   0 zombie
%Cpu(s): 52.4 us,  3.8 sy,  0.0 ni, 41.9 id,  0.0 wa,  0.0 hi,  1.9 si,  0.0 st
MiB Mem :   3844.2 total,    174.9 free,    561.0 used,   3108.3 buff/cache
MiB Swap:   3980.0 total,   3975.9 free,      4.1 used.   3001.4 avail Mem 

    PID USER      PR  NI    VIRT    RES    SHR S  %CPU  %MEM     TIME+ COMMAND
    937 www-data  20   0   26028  20328   4156 R  98.2   0.5  43:13.46 nginx

top - 14:26:12 up 9 days, 22:39,  1 user,  load average: 1.03, 0.86, 0.60
Tasks: 205 total,   2 running, 203 sleeping,   0 stopped,   0 zombie
%Cpu(s): 51.9 us,  3.8 sy,  0.0 ni, 42.3 id,  0.0 wa,  0.0 hi,  1.9 si,  0.0 st
MiB Mem :   3844.2 total,    174.9 free,    561.0 used,   3108.3 buff/cache
MiB Swap:   3980.0 total,   3975.9 free,      4.1 used.   3001.4 avail Mem 

    PID USER      PR  NI    VIRT    RES    SHR S  %CPU  %MEM     TIME+ COMMAND
    937 www-data  20   0   26028  20328   4156 R 100.0   0.5  43:14.01 nginx

top - 14:26:13 up 9 days, 22:39,  1 user,  load average: 1.03, 0.86, 0.60
Tasks: 205 total,   3 running, 202 sleeping,   0 stopped,   0 zombie
%Cpu(s): 53.4 us,  6.8 sy,  1.9 ni, 18.4 id, 16.5 wa,  0.0 hi,  2.9 si,  0.0 st
MiB Mem :   3844.2 total,    174.9 free,    561.0 used,   3108.3 buff/cache
MiB Swap:   3980.0 total,   3975.9 free,      4.1 used.   3001.4 avail Mem 

    PID USER      PR  NI    VIRT    RES    SHR S  %CPU  %MEM     TIME+ COMMAND
    937 www-data  20   0   26028  20328   4156 R  98.2   0.5  43:14.55 nginx

top - 14:26:13 up 9 days, 22:39,  1 user,  load average: 1.03, 0.86, 0.60
Tasks: 205 total,   2 running, 203 sleeping,   0 stopped,   0 zombie
%Cpu(s): 51.9 us,  3.8 sy,  0.0 ni, 41.5 id,  0.0 wa,  0.0 hi,  2.8 si,  0.0 st
MiB Mem :   3844.2 total,    174.9 free,    561.0 used,   3108.3 buff/cache
MiB Swap:   3980.0 total,   3975.9 free,      4.1 used.   3001.4 avail Mem 

    PID USER      PR  NI    VIRT    RES    SHR S  %CPU  %MEM     TIME+ COMMAND
    937 www-data  20   0   26028  20328   4156 R 100.0   0.5  43:15.08 nginx

top - 14:26:14 up 9 days, 22:39,  1 user,  load average: 1.03, 0.87, 0.60
Tasks: 205 total,   2 running, 203 sleeping,   0 stopped,   0 zombie
%Cpu(s): 49.5 us,  4.7 sy,  0.0 ni, 42.1 id,  0.0 wa,  0.0 hi,  3.7 si,  0.0 st
MiB Mem :   3844.2 total,    174.9 free,    560.9 used,   3108.3 buff/cache
MiB Swap:   3980.0 total,   3975.9 free,      4.1 used.   3001.5 avail Mem 

    PID USER      PR  NI    VIRT    RES    SHR S  %CPU  %MEM     TIME+ COMMAND
    937 www-data  20   0   26028  20328   4156 R 100.0   0.5  43:15.62 nginx

top - 14:26:15 up 9 days, 22:39,  1 user,  load average: 1.03, 0.87, 0.60
Tasks: 205 total,   2 running, 203 sleeping,   0 stopped,   0 zombie
%Cpu(s): 54.3 us,  1.9 sy,  0.0 ni, 41.9 id,  0.0 wa,  0.0 hi,  1.9 si,  0.0 st
MiB Mem :   3844.2 total,    174.9 free,    560.9 used,   3108.3 buff/cache
MiB Swap:   3980.0 total,   3975.9 free,      4.1 used.   3001.5 avail Mem 

    PID USER      PR  NI    VIRT    RES    SHR S  %CPU  %MEM     TIME+ COMMAND
    937 www-data  20   0   26028  20328   4156 R  98.2   0.5  43:16.16 nginx

top - 14:26:15 up 9 days, 22:39,  1 user,  load average: 1.03, 0.87, 0.60
Tasks: 205 total,   2 running, 203 sleeping,   0 stopped,   0 zombie
%Cpu(s): 51.9 us,  3.8 sy,  0.0 ni, 40.6 id,  0.0 wa,  0.0 hi,  3.8 si,  0.0 st
MiB Mem :   3844.2 total,    174.9 free,    560.9 used,   3108.3 buff/cache
MiB Swap:   3980.0 total,   3975.9 free,      4.1 used.   3001.5 avail Mem 

    PID USER      PR  NI    VIRT    RES    SHR S  %CPU  %MEM     TIME+ COMMAND
    937 www-data  20   0   26028  20328   4156 R 100.0   0.5  43:16.71 nginx

top - 14:26:16 up 9 days, 22:39,  1 user,  load average: 1.03, 0.87, 0.60
Tasks: 205 total,   2 running, 203 sleeping,   0 stopped,   0 zombie
%Cpu(s): 51.9 us,  2.8 sy,  0.0 ni, 41.5 id,  0.0 wa,  0.0 hi,  3.8 si,  0.0 st
MiB Mem :   3844.2 total,    174.9 free,    560.9 used,   3108.3 buff/cache
MiB Swap:   3980.0 total,   3975.9 free,      4.1 used.   3001.5 avail Mem 

    PID USER      PR  NI    VIRT    RES    SHR S  %CPU  %MEM     TIME+ COMMAND
    937 www-data  20   0   26028  20328   4156 R  98.2   0.5  43:17.25 nginx

top - 14:26:16 up 9 days, 22:39,  1 user,  load average: 1.03, 0.87, 0.60
Tasks: 205 total,   2 running, 203 sleeping,   0 stopped,   0 zombie
%Cpu(s): 51.9 us,  3.7 sy,  0.0 ni, 40.7 id,  0.0 wa,  0.0 hi,  3.7 si,  0.0 st
MiB Mem :   3844.2 total,    174.9 free,    560.9 used,   3108.3 buff/cache
MiB Swap:   3980.0 total,   3975.9 free,      4.1 used.   3001.5 avail Mem 

    PID USER      PR  NI    VIRT    RES    SHR S  %CPU  %MEM     TIME+ COMMAND
    937 www-data  20   0   26028  20328   4156 R 100.0   0.5  43:17.80 nginx

top - 14:26:17 up 9 days, 22:39,  1 user,  load average: 1.03, 0.87, 0.60
Tasks: 205 total,   2 running, 203 sleeping,   0 stopped,   0 zombie
%Cpu(s): 50.5 us,  4.8 sy,  0.0 ni, 41.9 id,  0.0 wa,  0.0 hi,  2.9 si,  0.0 st
MiB Mem :   3844.2 total,    174.9 free,    560.9 used,   3108.4 buff/cache
MiB Swap:   3980.0 total,   3975.9 free,      4.1 used.   3001.5 avail Mem 

    PID USER      PR  NI    VIRT    RES    SHR S  %CPU  %MEM     TIME+ COMMAND
    937 www-data  20   0   26028  20328   4156 R  98.2   0.5  43:18.34 nginx

top - 14:26:17 up 9 days, 22:40,  1 user,  load average: 1.03, 0.87, 0.60
Tasks: 205 total,   2 running, 203 sleeping,   0 stopped,   0 zombie
%Cpu(s): 51.4 us,  3.7 sy,  0.0 ni, 42.1 id,  0.0 wa,  0.0 hi,  2.8 si,  0.0 st
MiB Mem :   3844.2 total,    174.9 free,    560.9 used,   3108.4 buff/cache
MiB Swap:   3980.0 total,   3975.9 free,      4.1 used.   3001.5 avail Mem 

    PID USER      PR  NI    VIRT    RES    SHR S  %CPU  %MEM     TIME+ COMMAND
    937 www-data  20   0   26028  20328   4156 R 100.0   0.5  43:18.89 nginx

top - 14:26:18 up 9 days, 22:40,  1 user,  load average: 1.03, 0.87, 0.60
Tasks: 205 total,   2 running, 203 sleeping,   0 stopped,   0 zombie
%Cpu(s): 53.8 us,  6.6 sy,  0.9 ni, 21.7 id, 15.1 wa,  0.0 hi,  1.9 si,  0.0 st
MiB Mem :   3844.2 total,    174.9 free,    560.9 used,   3108.4 buff/cache
MiB Swap:   3980.0 total,   3975.9 free,      4.1 used.   3001.5 avail Mem 

    PID USER      PR  NI    VIRT    RES    SHR S  %CPU  %MEM     TIME+ COMMAND
    937 www-data  20   0   26028  20328   4156 R 100.0   0.5  43:19.43 nginx

top - 14:26:18 up 9 days, 22:40,  1 user,  load average: 1.03, 0.87, 0.60
Tasks: 204 total,   3 running, 201 sleeping,   0 stopped,   0 zombie
%Cpu(s): 51.4 us,  4.7 sy,  0.9 ni, 40.2 id,  0.0 wa,  0.0 hi,  2.8 si,  0.0 st
MiB Mem :   3844.2 total,    174.9 free,    560.9 used,   3108.4 buff/cache
MiB Swap:   3980.0 total,   3975.9 free,      4.1 used.   3001.5 avail Mem 

    PID USER      PR  NI    VIRT    RES    SHR S  %CPU  %MEM     TIME+ COMMAND
    937 www-data  20   0   26028  20328   4156 R  98.2   0.5  43:19.97 nginx

top - 14:26:19 up 9 days, 22:40,  1 user,  load average: 1.03, 0.87, 0.60
Tasks: 204 total,   2 running, 202 sleeping,   0 stopped,   0 zombie
%Cpu(s): 51.4 us,  3.8 sy,  0.0 ni, 41.9 id,  0.0 wa,  0.0 hi,  2.9 si,  0.0 st
MiB Mem :   3844.2 total,    174.9 free,    560.9 used,   3108.4 buff/cache
MiB Swap:   3980.0 total,   3975.9 free,      4.1 used.   3001.5 avail Mem 

    PID USER      PR  NI    VIRT    RES    SHR S  %CPU  %MEM     TIME+ COMMAND
    937 www-data  20   0   26028  20328   4156 R 100.0   0.5  43:20.51 nginx
