top - 14:45:50 up 9 days, 22:59,  1 user,  load average: 0.38, 0.43, 0.45
Tasks: 206 total,   1 running, 205 sleeping,   0 stopped,   0 zombie
%Cpu(s):  4.8 us,  9.5 sy,  0.0 ni, 85.7 id,  0.0 wa,  0.0 hi,  0.0 si,  0.0 st
MiB Mem :   3844.2 total,    178.2 free,    553.4 used,   3112.6 buff/cache
MiB Swap:   3980.0 total,   3975.9 free,      4.1 used.   3009.1 avail Mem 

    PID USER      PR  NI    VIRT    RES    SHR S  %CPU  %MEM     TIME+ COMMAND
    937 www-data  20   0   26028  20328   4156 S   0.0   0.5  48:16.94 nginx

top - 14:45:51 up 9 days, 22:59,  1 user,  load average: 0.38, 0.43, 0.45
Tasks: 206 total,   1 running, 205 sleeping,   0 stopped,   0 zombie
%Cpu(s):  0.0 us,  1.9 sy,  0.0 ni, 98.1 id,  0.0 wa,  0.0 hi,  0.0 si,  0.0 st
MiB Mem :   3844.2 total,    178.2 free,    553.4 used,   3112.6 buff/cache
MiB Swap:   3980.0 total,   3975.9 free,      4.1 used.   3009.1 avail Mem 

    PID USER      PR  NI    VIRT    RES    SHR S  %CPU  %MEM     TIME+ COMMAND
    937 www-data  20   0   26028  20328   4156 S   0.0   0.5  48:16.94 nginx

top - 14:45:51 up 9 days, 22:59,  1 user,  load average: 0.38, 0.43, 0.45
Tasks: 206 total,   1 running, 205 sleeping,   0 stopped,   0 zombie
%Cpu(s):  0.9 us,  2.8 sy,  0.0 ni, 96.2 id,  0.0 wa,  0.0 hi,  0.0 si,  0.0 st
MiB Mem :   3844.2 total,    178.2 free,    553.4 used,   3112.6 buff/cache
MiB Swap:   3980.0 total,   3975.9 free,      4.1 used.   3009.1 avail Mem 

    PID USER      PR  NI    VIRT    RES    SHR S  %CPU  %MEM     TIME+ COMMAND
    937 www-data  20   0   26028  20328   4156 S   0.0   0.5  48:16.94 nginx

top - 14:45:52 up 9 days, 22:59,  1 user,  load average: 0.38, 0.43, 0.45
Tasks: 206 total,   1 running, 205 sleeping,   0 stopped,   0 zombie
%Cpu(s):  6.6 us,  7.5 sy,  0.9 ni, 76.4 id,  8.5 wa,  0.0 hi,  0.0 si,  0.0 st
MiB Mem :   3844.2 total,    178.2 free,    553.4 used,   3112.6 buff/cache
MiB Swap:   3980.0 total,   3975.9 free,      4.1 used.   3009.1 avail Mem 

    PID USER      PR  NI    VIRT    RES    SHR S  %CPU  %MEM     TIME+ COMMAND

top - 14:45:52 up 9 days, 22:59,  1 user,  load average: 0.38, 0.43, 0.45
Tasks: 207 total,   2 running, 205 sleeping,   0 stopped,   0 zombie
%Cpu(s): 10.9 us,  8.9 sy, 10.9 ni, 68.3 id,  1.0 wa,  0.0 hi,  0.0 si,  0.0 st
MiB Mem :   3844.2 total,    178.2 free,    553.4 used,   3112.6 buff/cache
MiB Swap:   3980.0 total,   3975.9 free,      4.1 used.   3009.1 avail Mem 

    PID USER      PR  NI    VIRT    RES    SHR S  %CPU  %MEM     TIME+ COMMAND

top - 14:45:53 up 9 days, 22:59,  1 user,  load average: 0.38, 0.43, 0.45
Tasks: 207 total,   1 running, 206 sleeping,   0 stopped,   0 zombie
%Cpu(s):  2.8 us,  2.8 sy,  0.0 ni, 94.4 id,  0.0 wa,  0.0 hi,  0.0 si,  0.0 st
MiB Mem :   3844.2 total,    176.5 free,    555.1 used,   3112.6 buff/cache
MiB Swap:   3980.0 total,   3975.9 free,      4.1 used.   3007.4 avail Mem 

    PID USER      PR  NI    VIRT    RES    SHR S  %CPU  %MEM     TIME+ COMMAND

top - 14:45:53 up 9 days, 22:59,  1 user,  load average: 0.38, 0.43, 0.45
Tasks: 207 total,   1 running, 206 sleeping,   0 stopped,   0 zombie
%Cpu(s):  8.5 us,  1.9 sy,  0.0 ni, 89.6 id,  0.0 wa,  0.0 hi,  0.0 si,  0.0 st
MiB Mem :   3844.2 total,    176.5 free,    555.1 used,   3112.6 buff/cache
MiB Swap:   3980.0 total,   3975.9 free,      4.1 used.   3007.4 avail Mem 

    PID USER      PR  NI    VIRT    RES    SHR S  %CPU  %MEM     TIME+ COMMAND

top - 14:45:54 up 9 days, 22:59,  1 user,  load average: 0.38, 0.43, 0.45
Tasks: 207 total,   1 running, 206 sleeping,   0 stopped,   0 zombie
%Cpu(s):  1.8 us,  2.8 sy,  0.0 ni, 95.4 id,  0.0 wa,  0.0 hi,  0.0 si,  0.0 st
MiB Mem :   3844.2 total,    176.5 free,    555.1 used,   3112.6 buff/cache
MiB Swap:   3980.0 total,   3975.9 free,      4.1 used.   3007.4 avail Mem 

    PID USER      PR  NI    VIRT    RES    SHR S  %CPU  %MEM     TIME+ COMMAND
    937 www-data  20   0   26028  20328   4156 S   0.0   0.5  48:17.10 nginx

top - 14:45:54 up 9 days, 22:59,  1 user,  load average: 0.38, 0.43, 0.45
Tasks: 207 total,   1 running, 206 sleeping,   0 stopped,   0 zombie
%Cpu(s):  8.5 us,  1.9 sy,  0.0 ni, 89.6 id,  0.0 wa,  0.0 hi,  0.0 si,  0.0 st
MiB Mem :   3844.2 total,    176.5 free,    555.1 used,   3112.6 buff/cache
MiB Swap:   3980.0 total,   3975.9 free,      4.1 used.   3007.4 avail Mem 

    PID USER      PR  NI    VIRT    RES    SHR S  %CPU  %MEM     TIME+ COMMAND

top - 14:45:55 up 9 days, 22:59,  1 user,  load average: 0.35, 0.42, 0.45
Tasks: 207 total,   1 running, 206 sleeping,   0 stopped,   0 zombie
%Cpu(s):  0.9 us,  3.7 sy,  0.0 ni, 95.4 id,  0.0 wa,  0.0 hi,  0.0 si,  0.0 st
MiB Mem :   3844.2 total,    176.5 free,    555.1 used,   3112.6 buff/cache
MiB Swap:   3980.0 total,   3975.9 free,      4.1 used.   3007.4 avail Mem 

    PID USER      PR  NI    VIRT    RES    SHR S  %CPU  %MEM     TIME+ COMMAND
    937 www-data  20   0   26028  20328   4156 S   0.0   0.5  48:17.17 nginx

top - 14:45:56 up 9 days, 22:59,  1 user,  load average: 0.35, 0.42, 0.45
Tasks: 207 total,   1 running, 206 sleeping,   0 stopped,   0 zombie
%Cpu(s):  7.5 us,  2.8 sy,  0.0 ni, 89.7 id,  0.0 wa,  0.0 hi,  0.0 si,  0.0 st
MiB Mem :   3844.2 total,    176.5 free,    555.1 used,   3112.6 buff/cache
MiB Swap:   3980.0 total,   3975.9 free,      4.1 used.   3007.4 avail Mem 

    PID USER      PR  NI    VIRT    RES    SHR S  %CPU  %MEM     TIME+ COMMAND

top - 14:45:56 up 9 days, 22:59,  1 user,  load average: 0.35, 0.42, 0.45
Tasks: 207 total,   1 running, 206 sleeping,   0 stopped,   0 zombie
%Cpu(s):  0.9 us,  2.8 sy,  0.0 ni, 96.3 id,  0.0 wa,  0.0 hi,  0.0 si,  0.0 st
MiB Mem :   3844.2 total,    176.5 free,    555.1 used,   3112.6 buff/cache
MiB Swap:   3980.0 total,   3975.9 free,      4.1 used.   3007.4 avail Mem 

    PID USER      PR  NI    VIRT    RES    SHR S  %CPU  %MEM     TIME+ COMMAND
    937 www-data  20   0   26028  20328   4156 S   0.0   0.5  48:17.24 nginx

top - 14:45:57 up 9 days, 22:59,  1 user,  load average: 0.35, 0.42, 0.45
Tasks: 207 total,   1 running, 206 sleeping,   0 stopped,   0 zombie
%Cpu(s):  8.4 us,  2.8 sy,  0.0 ni, 88.8 id,  0.0 wa,  0.0 hi,  0.0 si,  0.0 st
MiB Mem :   3844.2 total,    176.5 free,    555.1 used,   3112.6 buff/cache
MiB Swap:   3980.0 total,   3975.9 free,      4.1 used.   3007.4 avail Mem 

    PID USER      PR  NI    VIRT    RES    SHR S  %CPU  %MEM     TIME+ COMMAND

top - 14:45:57 up 9 days, 22:59,  1 user,  load average: 0.35, 0.42, 0.45
Tasks: 207 total,   1 running, 206 sleeping,   0 stopped,   0 zombie
%Cpu(s):  4.6 us,  6.5 sy,  2.8 ni, 71.3 id, 14.8 wa,  0.0 hi,  0.0 si,  0.0 st
MiB Mem :   3844.2 total,    176.5 free,    555.1 used,   3112.6 buff/cache
MiB Swap:   3980.0 total,   3975.9 free,      4.1 used.   3007.4 avail Mem 

    PID USER      PR  NI    VIRT    RES    SHR S  %CPU  %MEM     TIME+ COMMAND
    937 www-data  20   0   26028  20328   4156 S   0.0   0.5  48:17.32 nginx

top - 14:45:58 up 9 days, 22:59,  1 user,  load average: 0.35, 0.42, 0.45
Tasks: 207 total,   1 running, 206 sleeping,   0 stopped,   0 zombie
%Cpu(s):  7.5 us,  1.9 sy,  0.0 ni, 90.6 id,  0.0 wa,  0.0 hi,  0.0 si,  0.0 st
MiB Mem :   3844.2 total,    176.5 free,    555.1 used,   3112.6 buff/cache
MiB Swap:   3980.0 total,   3975.9 free,      4.1 used.   3007.4 avail Mem 

    PID USER      PR  NI    VIRT    RES    SHR S  %CPU  %MEM     TIME+ COMMAND

top - 14:45:58 up 9 days, 22:59,  1 user,  load average: 0.35, 0.42, 0.45
Tasks: 207 total,   1 running, 206 sleeping,   0 stopped,   0 zombie
%Cpu(s):  0.9 us,  3.7 sy,  0.0 ni, 95.4 id,  0.0 wa,  0.0 hi,  0.0 si,  0.0 st
MiB Mem :   3844.2 total,    176.5 free,    555.1 used,   3112.6 buff/cache
MiB Swap:   3980.0 total,   3975.9 free,      4.1 used.   3007.4 avail Mem 

    PID USER      PR  NI    VIRT    RES    SHR S  %CPU  %MEM     TIME+ COMMAND
    937 www-data  20   0   26028  20328   4156 S   0.0   0.5  48:17.39 nginx

top - 14:45:59 up 9 days, 22:59,  1 user,  load average: 0.35, 0.42, 0.45
Tasks: 207 total,   1 running, 206 sleeping,   0 stopped,   0 zombie
%Cpu(s):  6.5 us,  3.7 sy,  0.0 ni, 89.8 id,  0.0 wa,  0.0 hi,  0.0 si,  0.0 st
MiB Mem :   3844.2 total,    175.5 free,    556.0 used,   3112.6 buff/cache
MiB Swap:   3980.0 total,   3975.9 free,      4.1 used.   3006.4 avail Mem 

    PID USER      PR  NI    VIRT    RES    SHR S  %CPU  %MEM     TIME+ COMMAND

top - 14:45:59 up 9 days, 22:59,  1 user,  load average: 0.35, 0.42, 0.45
Tasks: 207 total,   2 running, 205 sleeping,   0 stopped,   0 zombie
%Cpu(s):  6.5 us,  3.7 sy,  0.0 ni, 89.8 id,  0.0 wa,  0.0 hi,  0.0 si,  0.0 st
MiB Mem :   3844.2 total,    175.5 free,    556.0 used,   3112.6 buff/cache
MiB Swap:   3980.0 total,   3975.9 free,      4.1 used.   3006.4 avail Mem 

    PID USER      PR  NI    VIRT    RES    SHR S  %CPU  %MEM     TIME+ COMMAND

top - 14:46:00 up 9 days, 22:59,  1 user,  load average: 0.32, 0.41, 0.45
Tasks: 207 total,   1 running, 206 sleeping,   0 stopped,   0 zombie
%Cpu(s):  7.3 us,  3.7 sy,  0.0 ni, 89.0 id,  0.0 wa,  0.0 hi,  0.0 si,  0.0 st
MiB Mem :   3844.2 total,    175.5 free,    556.0 used,   3112.6 buff/cache
MiB Swap:   3980.0 total,   3975.9 free,      4.1 used.   3006.4 avail Mem 

    PID USER      PR  NI    VIRT    RES    SHR S  %CPU  %MEM     TIME+ COMMAND
    937 www-data  20   0   26028  20328   4156 S   0.0   0.5  48:17.52 nginx

top - 14:46:00 up 9 days, 22:59,  1 user,  load average: 0.32, 0.41, 0.45
Tasks: 207 total,   1 running, 206 sleeping,   0 stopped,   0 zombie
%Cpu(s):  7.5 us,  2.8 sy,  0.0 ni, 89.6 id,  0.0 wa,  0.0 hi,  0.0 si,  0.0 st
MiB Mem :   3844.2 total,    175.5 free,    556.0 used,   3112.6 buff/cache
MiB Swap:   3980.0 total,   3975.9 free,      4.1 used.   3006.4 avail Mem 

    PID USER      PR  NI    VIRT    RES    SHR S  %CPU  %MEM     TIME+ COMMAND

top - 14:46:01 up 9 days, 22:59,  1 user,  load average: 0.32, 0.41, 0.45
Tasks: 207 total,   1 running, 206 sleeping,   0 stopped,   0 zombie
%Cpu(s):  0.9 us,  4.6 sy,  0.0 ni, 94.5 id,  0.0 wa,  0.0 hi,  0.0 si,  0.0 st
MiB Mem :   3844.2 total,    175.5 free,    556.0 used,   3112.6 buff/cache
MiB Swap:   3980.0 total,   3975.9 free,      4.1 used.   3006.4 avail Mem 

    PID USER      PR  NI    VIRT    RES    SHR S  %CPU  %MEM     TIME+ COMMAND
    937 www-data  20   0   26028  20328   4156 S   0.0   0.5  48:17.59 nginx

top - 14:46:02 up 9 days, 22:59,  1 user,  load average: 0.32, 0.41, 0.45
Tasks: 207 total,   1 running, 206 sleeping,   0 stopped,   0 zombie
%Cpu(s):  8.4 us,  1.9 sy,  0.0 ni, 89.7 id,  0.0 wa,  0.0 hi,  0.0 si,  0.0 st
MiB Mem :   3844.2 total,    175.5 free,    556.0 used,   3112.6 buff/cache
MiB Swap:   3980.0 total,   3975.9 free,      4.1 used.   3006.4 avail Mem 

    PID USER      PR  NI    VIRT    RES    SHR S  %CPU  %MEM     TIME+ COMMAND

top - 14:46:02 up 9 days, 22:59,  1 user,  load average: 0.32, 0.41, 0.45
Tasks: 207 total,   1 running, 206 sleeping,   0 stopped,   0 zombie
%Cpu(s):  4.6 us,  7.4 sy,  3.7 ni, 69.4 id, 14.8 wa,  0.0 hi,  0.0 si,  0.0 st
MiB Mem :   3844.2 total,    175.5 free,    556.0 used,   3112.6 buff/cache
MiB Swap:   3980.0 total,   3975.9 free,      4.1 used.   3006.4 avail Mem 

    PID USER      PR  NI    VIRT    RES    SHR S  %CPU  %MEM     TIME+ COMMAND
    937 www-data  20   0   26028  20328   4156 S   0.0   0.5  48:17.67 nginx

top - 14:46:03 up 9 days, 22:59,  1 user,  load average: 0.32, 0.41, 0.45
Tasks: 207 total,   1 running, 206 sleeping,   0 stopped,   0 zombie
%Cpu(s):  8.3 us,  3.7 sy,  0.0 ni, 88.0 id,  0.0 wa,  0.0 hi,  0.0 si,  0.0 st
MiB Mem :   3844.2 total,    175.5 free,    556.0 used,   3112.6 buff/cache
MiB Swap:   3980.0 total,   3975.9 free,      4.1 used.   3006.4 avail Mem 

    PID USER      PR  NI    VIRT    RES    SHR S  %CPU  %MEM     TIME+ COMMAND

top - 14:46:03 up 9 days, 22:59,  1 user,  load average: 0.32, 0.41, 0.45
Tasks: 206 total,   2 running, 204 sleeping,   0 stopped,   0 zombie
%Cpu(s):  2.8 us,  5.6 sy,  0.9 ni, 90.7 id,  0.0 wa,  0.0 hi,  0.0 si,  0.0 st
MiB Mem :   3844.2 total,    175.5 free,    556.0 used,   3112.6 buff/cache
MiB Swap:   3980.0 total,   3975.9 free,      4.1 used.   3006.4 avail Mem 

    PID USER      PR  NI    VIRT    RES    SHR S  %CPU  %MEM     TIME+ COMMAND
    937 www-data  20   0   26028  20328   4156 S   0.0   0.5  48:17.74 nginx

top - 14:46:04 up 9 days, 22:59,  1 user,  load average: 0.32, 0.41, 0.45
Tasks: 206 total,   1 running, 205 sleeping,   0 stopped,   0 zombie
%Cpu(s):  6.5 us,  1.9 sy,  0.0 ni, 91.6 id,  0.0 wa,  0.0 hi,  0.0 si,  0.0 st
MiB Mem :   3844.2 total,    175.5 free,    556.0 used,   3112.6 buff/cache
MiB Swap:   3980.0 total,   3975.9 free,      4.1 used.   3006.4 avail Mem 

    PID USER      PR  NI    VIRT    RES    SHR S  %CPU  %MEM     TIME+ COMMAND

top - 14:46:04 up 9 days, 22:59,  1 user,  load average: 0.32, 0.41, 0.45
Tasks: 206 total,   1 running, 205 sleeping,   0 stopped,   0 zombie
%Cpu(s):  1.8 us,  3.6 sy,  0.0 ni, 94.5 id,  0.0 wa,  0.0 hi,  0.0 si,  0.0 st
MiB Mem :   3844.2 total,    175.5 free,    556.0 used,   3112.6 buff/cache
MiB Swap:   3980.0 total,   3975.9 free,      4.1 used.   3006.4 avail Mem 

    PID USER      PR  NI    VIRT    RES    SHR S  %CPU  %MEM     TIME+ COMMAND
    937 www-data  20   0   26028  20328   4156 S   0.0   0.5  48:17.80 nginx

top - 14:46:05 up 9 days, 22:59,  1 user,  load average: 0.32, 0.41, 0.45
Tasks: 206 total,   1 running, 205 sleeping,   0 stopped,   0 zombie
%Cpu(s):  7.5 us,  2.8 sy,  0.0 ni, 89.6 id,  0.0 wa,  0.0 hi,  0.0 si,  0.0 st
MiB Mem :   3844.2 total,    175.5 free,    556.0 used,   3112.6 buff/cache
MiB Swap:   3980.0 total,   3975.9 free,      4.1 used.   3006.4 avail Mem 

    PID USER      PR  NI    VIRT    RES    SHR S  %CPU  %MEM     TIME+ COMMAND

top - 14:46:05 up 9 days, 22:59,  1 user,  load average: 0.38, 0.42, 0.45
Tasks: 206 total,   2 running, 204 sleeping,   0 stopped,   0 zombie
%Cpu(s):  7.4 us,  2.8 sy,  0.0 ni, 89.8 id,  0.0 wa,  0.0 hi,  0.0 si,  0.0 st
MiB Mem :   3844.2 total,    175.5 free,    556.0 used,   3112.6 buff/cache
MiB Swap:   3980.0 total,   3975.9 free,      4.1 used.   3006.4 avail Mem 

    PID USER      PR  NI    VIRT    RES    SHR S  %CPU  %MEM     TIME+ COMMAND

top - 14:46:06 up 9 days, 22:59,  1 user,  load average: 0.38, 0.42, 0.45
Tasks: 206 total,   1 running, 205 sleeping,   0 stopped,   0 zombie
%Cpu(s):  0.9 us,  4.6 sy,  0.0 ni, 94.4 id,  0.0 wa,  0.0 hi,  0.0 si,  0.0 st
MiB Mem :   3844.2 total,    175.5 free,    556.0 used,   3112.6 buff/cache
MiB Swap:   3980.0 total,   3975.9 free,      4.1 used.   3006.4 avail Mem 

    PID USER      PR  NI    VIRT    RES    SHR S  %CPU  %MEM     TIME+ COMMAND

top - 14:46:06 up 9 days, 22:59,  1 user,  load average: 0.38, 0.42, 0.45
Tasks: 206 total,   2 running, 204 sleeping,   0 stopped,   0 zombie
%Cpu(s):  8.3 us,  2.8 sy,  0.0 ni, 89.0 id,  0.0 wa,  0.0 hi,  0.0 si,  0.0 st
MiB Mem :   3844.2 total,    175.5 free,    556.0 used,   3112.6 buff/cache
MiB Swap:   3980.0 total,   3975.9 free,      4.1 used.   3006.4 avail Mem 

    PID USER      PR  NI    VIRT    RES    SHR S  %CPU  %MEM     TIME+ COMMAND

top - 14:46:07 up 9 days, 22:59,  1 user,  load average: 0.38, 0.42, 0.45
Tasks: 206 total,   1 running, 205 sleeping,   0 stopped,   0 zombie
%Cpu(s):  3.7 us,  7.5 sy,  0.9 ni, 78.5 id,  9.3 wa,  0.0 hi,  0.0 si,  0.0 st
MiB Mem :   3844.2 total,    175.5 free,    556.0 used,   3112.6 buff/cache
MiB Swap:   3980.0 total,   3975.9 free,      4.1 used.   3006.4 avail Mem 

    PID USER      PR  NI    VIRT    RES    SHR S  %CPU  %MEM     TIME+ COMMAND
    937 www-data  20   0   26028  20328   4156 S   0.0   0.5  48:18.01 nginx

top - 14:46:08 up 9 days, 22:59,  1 user,  load average: 0.38, 0.42, 0.45
Tasks: 207 total,   1 running, 206 sleeping,   0 stopped,   0 zombie
%Cpu(s):  9.4 us,  9.4 sy, 10.4 ni, 61.3 id,  8.5 wa,  0.0 hi,  0.9 si,  0.0 st
MiB Mem :   3844.2 total,    175.5 free,    556.0 used,   3112.6 buff/cache
MiB Swap:   3980.0 total,   3975.9 free,      4.1 used.   3006.4 avail Mem 

    PID USER      PR  NI    VIRT    RES    SHR S  %CPU  %MEM     TIME+ COMMAND

top - 14:46:08 up 9 days, 22:59,  1 user,  load average: 0.38, 0.42, 0.45
Tasks: 207 total,   1 running, 206 sleeping,   0 stopped,   0 zombie
%Cpu(s):  1.9 us,  2.8 sy,  0.0 ni, 95.4 id,  0.0 wa,  0.0 hi,  0.0 si,  0.0 st
MiB Mem :   3844.2 total,    175.5 free,    556.0 used,   3112.6 buff/cache
MiB Swap:   3980.0 total,   3975.9 free,      4.1 used.   3006.4 avail Mem 

    PID USER      PR  NI    VIRT    RES    SHR S  %CPU  %MEM     TIME+ COMMAND
    937 www-data  20   0   26028  20328   4156 S   0.0   0.5  48:18.03 nginx

top - 14:46:09 up 9 days, 22:59,  1 user,  load average: 0.38, 0.42, 0.45
Tasks: 207 total,   1 running, 206 sleeping,   0 stopped,   0 zombie
%Cpu(s):  6.5 us,  2.8 sy,  0.0 ni, 90.7 id,  0.0 wa,  0.0 hi,  0.0 si,  0.0 st
MiB Mem :   3844.2 total,    175.5 free,    556.0 used,   3112.6 buff/cache
MiB Swap:   3980.0 total,   3975.9 free,      4.1 used.   3006.4 avail Mem 

    PID USER      PR  NI    VIRT    RES    SHR S  %CPU  %MEM     TIME+ COMMAND

top - 14:46:09 up 9 days, 22:59,  1 user,  load average: 0.38, 0.42, 0.45
Tasks: 207 total,   1 running, 206 sleeping,   0 stopped,   0 zombie
%Cpu(s):  0.9 us,  2.8 sy,  0.0 ni, 96.3 id,  0.0 wa,  0.0 hi,  0.0 si,  0.0 st
MiB Mem :   3844.2 total,    175.5 free,    556.0 used,   3112.6 buff/cache
MiB Swap:   3980.0 total,   3975.9 free,      4.1 used.   3006.4 avail Mem 

    PID USER      PR  NI    VIRT    RES    SHR S  %CPU  %MEM     TIME+ COMMAND
    937 www-data  20   0   26028  20328   4156 S   0.0   0.5  48:18.09 nginx

top - 14:46:10 up 9 days, 22:59,  1 user,  load average: 0.38, 0.42, 0.45
Tasks: 207 total,   1 running, 206 sleeping,   0 stopped,   0 zombie
%Cpu(s):  7.4 us,  2.8 sy,  0.0 ni, 89.8 id,  0.0 wa,  0.0 hi,  0.0 si,  0.0 st
MiB Mem :   3844.2 total,    175.5 free,    556.0 used,   3112.6 buff/cache
MiB Swap:   3980.0 total,   3975.9 free,      4.1 used.   3006.4 avail Mem 

    PID USER      PR  NI    VIRT    RES    SHR S  %CPU  %MEM     TIME+ COMMAND

top - 14:46:10 up 9 days, 22:59,  1 user,  load average: 0.35, 0.41, 0.45
Tasks: 207 total,   1 running, 206 sleeping,   0 stopped,   0 zombie
%Cpu(s):  0.0 us,  4.6 sy,  0.0 ni, 95.4 id,  0.0 wa,  0.0 hi,  0.0 si,  0.0 st
MiB Mem :   3844.2 total,    175.5 free,    556.0 used,   3112.6 buff/cache
MiB Swap:   3980.0 total,   3975.9 free,      4.1 used.   3006.4 avail Mem 

    PID USER      PR  NI    VIRT    RES    SHR S  %CPU  %MEM     TIME+ COMMAND
    937 www-data  20   0   26028  20328   4156 S   0.0   0.5  48:18.15 nginx

top - 14:46:11 up 9 days, 22:59,  1 user,  load average: 0.35, 0.41, 0.45
Tasks: 207 total,   1 running, 206 sleeping,   0 stopped,   0 zombie
%Cpu(s):  9.3 us,  0.9 sy,  0.0 ni, 89.7 id,  0.0 wa,  0.0 hi,  0.0 si,  0.0 st
MiB Mem :   3844.2 total,    175.5 free,    556.0 used,   3112.6 buff/cache
MiB Swap:   3980.0 total,   3975.9 free,      4.1 used.   3006.4 avail Mem 

    PID USER      PR  NI    VIRT    RES    SHR S  %CPU  %MEM     TIME+ COMMAND

top - 14:46:11 up 9 days, 22:59,  1 user,  load average: 0.35, 0.41, 0.45
Tasks: 207 total,   2 running, 205 sleeping,   0 stopped,   0 zombie
%Cpu(s):  5.5 us,  2.8 sy,  0.0 ni, 91.7 id,  0.0 wa,  0.0 hi,  0.0 si,  0.0 st
MiB Mem :   3844.2 total,    175.5 free,    556.0 used,   3112.6 buff/cache
MiB Swap:   3980.0 total,   3975.9 free,      4.1 used.   3006.4 avail Mem 

    PID USER      PR  NI    VIRT    RES    SHR S  %CPU  %MEM     TIME+ COMMAND

top - 14:46:12 up 9 days, 22:59,  1 user,  load average: 0.35, 0.41, 0.45
Tasks: 206 total,   1 running, 205 sleeping,   0 stopped,   0 zombie
%Cpu(s):  5.6 us,  4.6 sy,  0.0 ni, 89.8 id,  0.0 wa,  0.0 hi,  0.0 si,  0.0 st
MiB Mem :   3844.2 total,    175.5 free,    556.0 used,   3112.6 buff/cache
MiB Swap:   3980.0 total,   3975.9 free,      4.1 used.   3006.4 avail Mem 

    PID USER      PR  NI    VIRT    RES    SHR S  %CPU  %MEM     TIME+ COMMAND

top - 14:46:12 up 9 days, 22:59,  1 user,  load average: 0.35, 0.41, 0.45
Tasks: 207 total,   1 running, 206 sleeping,   0 stopped,   0 zombie
%Cpu(s):  8.6 us,  5.7 sy,  2.9 ni, 68.6 id, 14.3 wa,  0.0 hi,  0.0 si,  0.0 st
MiB Mem :   3844.2 total,    175.5 free,    556.0 used,   3112.6 buff/cache
MiB Swap:   3980.0 total,   3975.9 free,      4.1 used.   3006.4 avail Mem 

    PID USER      PR  NI    VIRT    RES    SHR S  %CPU  %MEM     TIME+ COMMAND

top - 14:46:13 up 9 days, 22:59,  1 user,  load average: 0.35, 0.41, 0.45
Tasks: 207 total,   1 running, 206 sleeping,   0 stopped,   0 zombie
%Cpu(s):  1.9 us,  3.7 sy,  0.0 ni, 94.4 id,  0.0 wa,  0.0 hi,  0.0 si,  0.0 st
MiB Mem :   3844.2 total,    175.5 free,    556.0 used,   3112.6 buff/cache
MiB Swap:   3980.0 total,   3975.9 free,      4.1 used.   3006.4 avail Mem 

    PID USER      PR  NI    VIRT    RES    SHR S  %CPU  %MEM     TIME+ COMMAND

top - 14:46:13 up 9 days, 22:59,  1 user,  load average: 0.35, 0.41, 0.45
Tasks: 207 total,   1 running, 206 sleeping,   0 stopped,   0 zombie
%Cpu(s):  7.5 us,  3.8 sy,  0.0 ni, 88.7 id,  0.0 wa,  0.0 hi,  0.0 si,  0.0 st
MiB Mem :   3844.2 total,    175.5 free,    556.0 used,   3112.6 buff/cache
MiB Swap:   3980.0 total,   3975.9 free,      4.1 used.   3006.4 avail Mem 

    PID USER      PR  NI    VIRT    RES    SHR S  %CPU  %MEM     TIME+ COMMAND

top - 14:46:14 up 9 days, 22:59,  1 user,  load average: 0.35, 0.41, 0.45
Tasks: 207 total,   1 running, 206 sleeping,   0 stopped,   0 zombie
%Cpu(s):  1.9 us,  2.8 sy,  0.0 ni, 95.4 id,  0.0 wa,  0.0 hi,  0.0 si,  0.0 st
MiB Mem :   3844.2 total,    175.5 free,    556.0 used,   3112.7 buff/cache
MiB Swap:   3980.0 total,   3975.9 free,      4.1 used.   3006.4 avail Mem 

    PID USER      PR  NI    VIRT    RES    SHR S  %CPU  %MEM     TIME+ COMMAND
    937 www-data  20   0   26028  20328   4156 S   0.0   0.5  48:18.46 nginx

top - 14:46:15 up 9 days, 22:59,  1 user,  load average: 0.35, 0.41, 0.45
Tasks: 207 total,   1 running, 206 sleeping,   0 stopped,   0 zombie
%Cpu(s):  9.3 us,  2.8 sy,  0.0 ni, 87.0 id,  0.0 wa,  0.0 hi,  0.9 si,  0.0 st
MiB Mem :   3844.2 total,    175.5 free,    556.0 used,   3112.7 buff/cache
MiB Swap:   3980.0 total,   3975.9 free,      4.1 used.   3006.4 avail Mem 

    PID USER      PR  NI    VIRT    RES    SHR S  %CPU  %MEM     TIME+ COMMAND

top - 14:46:15 up 9 days, 22:59,  1 user,  load average: 0.32, 0.41, 0.44
Tasks: 207 total,   1 running, 206 sleeping,   0 stopped,   0 zombie
%Cpu(s):  0.9 us,  3.7 sy,  0.0 ni, 95.4 id,  0.0 wa,  0.0 hi,  0.0 si,  0.0 st
MiB Mem :   3844.2 total,    175.5 free,    556.0 used,   3112.7 buff/cache
MiB Swap:   3980.0 total,   3975.9 free,      4.1 used.   3006.4 avail Mem 

    PID USER      PR  NI    VIRT    RES    SHR S  %CPU  %MEM     TIME+ COMMAND
    937 www-data  20   0   26028  20328   4156 S   0.0   0.5  48:18.55 nginx

top - 14:46:16 up 9 days, 22:59,  1 user,  load average: 0.32, 0.41, 0.44
Tasks: 207 total,   1 running, 206 sleeping,   0 stopped,   0 zombie
%Cpu(s):  7.4 us,  4.6 sy,  0.0 ni, 88.0 id,  0.0 wa,  0.0 hi,  0.0 si,  0.0 st
MiB Mem :   3844.2 total,    175.5 free,    556.0 used,   3112.7 buff/cache
MiB Swap:   3980.0 total,   3975.9 free,      4.1 used.   3006.4 avail Mem 

    PID USER      PR  NI    VIRT    RES    SHR S  %CPU  %MEM     TIME+ COMMAND

top - 14:46:16 up 9 days, 22:59,  1 user,  load average: 0.32, 0.41, 0.44
Tasks: 207 total,   1 running, 206 sleeping,   0 stopped,   0 zombie
%Cpu(s):  0.9 us,  2.8 sy,  0.0 ni, 96.3 id,  0.0 wa,  0.0 hi,  0.0 si,  0.0 st
MiB Mem :   3844.2 total,    175.5 free,    556.0 used,   3112.7 buff/cache
MiB Swap:   3980.0 total,   3975.9 free,      4.1 used.   3006.4 avail Mem 

    PID USER      PR  NI    VIRT    RES    SHR S  %CPU  %MEM     TIME+ COMMAND

top - 14:46:17 up 9 days, 22:59,  1 user,  load average: 0.32, 0.41, 0.44
Tasks: 207 total,   2 running, 205 sleeping,   0 stopped,   0 zombie
%Cpu(s): 10.7 us,  3.9 sy,  0.0 ni, 82.5 id,  0.0 wa,  0.0 hi,  2.9 si,  0.0 st
MiB Mem :   3844.2 total,    175.5 free,    556.0 used,   3112.7 buff/cache
MiB Swap:   3980.0 total,   3975.9 free,      4.1 used.   3006.4 avail Mem 

    PID USER      PR  NI    VIRT    RES    SHR S  %CPU  %MEM     TIME+ COMMAND

top - 14:46:17 up 9 days, 23:00,  1 user,  load average: 0.32, 0.41, 0.44
Tasks: 207 total,   2 running, 205 sleeping,   0 stopped,   0 zombie
%Cpu(s): 18.8 us,  8.9 sy,  3.0 ni, 61.4 id,  7.9 wa,  0.0 hi,  0.0 si,  0.0 st
MiB Mem :   3844.2 total,    175.5 free,    556.0 used,   3112.7 buff/cache
MiB Swap:   3980.0 total,   3975.9 free,      4.1 used.   3006.4 avail Mem 

    PID USER      PR  NI    VIRT    RES    SHR S  %CPU  %MEM     TIME+ COMMAND

top - 14:46:18 up 9 days, 23:00,  1 user,  load average: 0.32, 0.41, 0.44
Tasks: 206 total,   1 running, 205 sleeping,   0 stopped,   0 zombie
%Cpu(s): 25.7 us,  3.7 sy,  0.9 ni, 69.7 id,  0.0 wa,  0.0 hi,  0.0 si,  0.0 st
MiB Mem :   3844.2 total,    175.5 free,    556.0 used,   3112.7 buff/cache
MiB Swap:   3980.0 total,   3975.9 free,      4.1 used.   3006.4 avail Mem 

    PID USER      PR  NI    VIRT    RES    SHR S  %CPU  %MEM     TIME+ COMMAND

top - 14:46:18 up 9 days, 23:00,  1 user,  load average: 0.32, 0.41, 0.44
Tasks: 206 total,   2 running, 204 sleeping,   0 stopped,   0 zombie
%Cpu(s): 27.1 us,  4.7 sy,  0.0 ni, 68.2 id,  0.0 wa,  0.0 hi,  0.0 si,  0.0 st
MiB Mem :   3844.2 total,    175.5 free,    556.0 used,   3112.7 buff/cache
MiB Swap:   3980.0 total,   3975.9 free,      4.1 used.   3006.4 avail Mem 

    PID USER      PR  NI    VIRT    RES    SHR S  %CPU  %MEM     TIME+ COMMAND

top - 14:46:19 up 9 days, 23:00,  1 user,  load average: 0.32, 0.41, 0.44
Tasks: 206 total,   2 running, 204 sleeping,   0 stopped,   0 zombie
%Cpu(s): 23.8 us,  2.0 sy,  0.0 ni, 74.3 id,  0.0 wa,  0.0 hi,  0.0 si,  0.0 st
MiB Mem :   3844.2 total,    175.5 free,    556.0 used,   3112.7 buff/cache
MiB Swap:   3980.0 total,   3975.9 free,      4.1 used.   3006.4 avail Mem 

    PID USER      PR  NI    VIRT    RES    SHR S  %CPU  %MEM     TIME+ COMMAND

top - 14:46:19 up 9 days, 23:00,  1 user,  load average: 0.32, 0.41, 0.44
Tasks: 206 total,   1 running, 205 sleeping,   0 stopped,   0 zombie
%Cpu(s): 26.4 us,  2.8 sy,  0.0 ni, 70.8 id,  0.0 wa,  0.0 hi,  0.0 si,  0.0 st
MiB Mem :   3844.2 total,    175.5 free,    556.0 used,   3112.7 buff/cache
MiB Swap:   3980.0 total,   3975.9 free,      4.1 used.   3006.4 avail Mem 

    PID USER      PR  NI    VIRT    RES    SHR S  %CPU  %MEM     TIME+ COMMAND

top - 14:46:20 up 9 days, 23:00,  1 user,  load average: 0.29, 0.40, 0.44
Tasks: 206 total,   2 running, 204 sleeping,   0 stopped,   0 zombie
%Cpu(s): 27.4 us,  2.8 sy,  0.0 ni, 69.8 id,  0.0 wa,  0.0 hi,  0.0 si,  0.0 st
MiB Mem :   3844.2 total,    175.5 free,    556.0 used,   3112.7 buff/cache
MiB Swap:   3980.0 total,   3975.9 free,      4.1 used.   3006.4 avail Mem 

    PID USER      PR  NI    VIRT    RES    SHR S  %CPU  %MEM     TIME+ COMMAND

top - 14:46:21 up 9 days, 23:00,  1 user,  load average: 0.29, 0.40, 0.44
Tasks: 206 total,   1 running, 205 sleeping,   0 stopped,   0 zombie
%Cpu(s): 27.8 us,  2.8 sy,  0.0 ni, 68.5 id,  0.0 wa,  0.0 hi,  0.9 si,  0.0 st
MiB Mem :   3844.2 total,    175.5 free,    556.0 used,   3112.7 buff/cache
MiB Swap:   3980.0 total,   3975.9 free,      4.1 used.   3006.4 avail Mem 

    PID USER      PR  NI    VIRT    RES    SHR S  %CPU  %MEM     TIME+ COMMAND

top - 14:46:21 up 9 days, 23:00,  1 user,  load average: 0.29, 0.40, 0.44
Tasks: 206 total,   1 running, 205 sleeping,   0 stopped,   0 zombie
%Cpu(s): 26.4 us,  2.8 sy,  0.0 ni, 70.8 id,  0.0 wa,  0.0 hi,  0.0 si,  0.0 st
MiB Mem :   3844.2 total,    175.5 free,    556.0 used,   3112.7 buff/cache
MiB Swap:   3980.0 total,   3975.9 free,      4.1 used.   3006.4 avail Mem 

    PID USER      PR  NI    VIRT    RES    SHR S  %CPU  %MEM     TIME+ COMMAND

top - 14:46:22 up 9 days, 23:00,  1 user,  load average: 0.29, 0.40, 0.44
Tasks: 206 total,   2 running, 204 sleeping,   0 stopped,   0 zombie
%Cpu(s): 27.4 us,  2.8 sy,  0.0 ni, 69.8 id,  0.0 wa,  0.0 hi,  0.0 si,  0.0 st
MiB Mem :   3844.2 total,    175.5 free,    556.0 used,   3112.7 buff/cache
MiB Swap:   3980.0 total,   3975.9 free,      4.1 used.   3006.4 avail Mem 

    PID USER      PR  NI    VIRT    RES    SHR S  %CPU  %MEM     TIME+ COMMAND

top - 14:46:22 up 9 days, 23:00,  1 user,  load average: 0.29, 0.40, 0.44
Tasks: 206 total,   3 running, 203 sleeping,   0 stopped,   0 zombie
%Cpu(s): 23.5 us,  5.9 sy,  0.0 ni, 61.8 id,  8.8 wa,  0.0 hi,  0.0 si,  0.0 st
MiB Mem :   3844.2 total,    175.5 free,    556.0 used,   3112.7 buff/cache
MiB Swap:   3980.0 total,   3975.9 free,      4.1 used.   3006.4 avail Mem 

    PID USER      PR  NI    VIRT    RES    SHR S  %CPU  %MEM     TIME+ COMMAND

top - 14:46:23 up 9 days, 23:00,  1 user,  load average: 0.29, 0.40, 0.44
Tasks: 207 total,   3 running, 204 sleeping,   0 stopped,   0 zombie
%Cpu(s): 28.7 us,  8.9 sy, 11.9 ni, 45.5 id,  5.0 wa,  0.0 hi,  0.0 si,  0.0 st
MiB Mem :   3844.2 total,    172.3 free,    559.2 used,   3112.7 buff/cache
MiB Swap:   3980.0 total,   3975.9 free,      4.1 used.   3003.3 avail Mem 

    PID USER      PR  NI    VIRT    RES    SHR S  %CPU  %MEM     TIME+ COMMAND

top - 14:46:23 up 9 days, 23:00,  1 user,  load average: 0.29, 0.40, 0.44
Tasks: 207 total,   1 running, 206 sleeping,   0 stopped,   0 zombie
%Cpu(s): 23.8 us,  1.9 sy,  0.0 ni, 74.3 id,  0.0 wa,  0.0 hi,  0.0 si,  0.0 st
MiB Mem :   3844.2 total,    172.3 free,    559.2 used,   3112.7 buff/cache
MiB Swap:   3980.0 total,   3975.9 free,      4.1 used.   3003.3 avail Mem 

    PID USER      PR  NI    VIRT    RES    SHR S  %CPU  %MEM     TIME+ COMMAND

top - 14:46:24 up 9 days, 23:00,  1 user,  load average: 0.29, 0.40, 0.44
Tasks: 207 total,   2 running, 205 sleeping,   0 stopped,   0 zombie
%Cpu(s): 33.0 us,  1.9 sy,  0.0 ni, 65.0 id,  0.0 wa,  0.0 hi,  0.0 si,  0.0 st
MiB Mem :   3844.2 total,    172.3 free,    559.2 used,   3112.7 buff/cache
MiB Swap:   3980.0 total,   3975.9 free,      4.1 used.   3003.3 avail Mem 

    PID USER      PR  NI    VIRT    RES    SHR S  %CPU  %MEM     TIME+ COMMAND

top - 14:46:24 up 9 days, 23:00,  1 user,  load average: 0.29, 0.40, 0.44
Tasks: 207 total,   2 running, 205 sleeping,   0 stopped,   0 zombie
%Cpu(s): 23.1 us,  3.7 sy,  0.0 ni, 72.2 id,  0.0 wa,  0.0 hi,  0.9 si,  0.0 st
MiB Mem :   3844.2 total,    172.3 free,    559.2 used,   3112.7 buff/cache
MiB Swap:   3980.0 total,   3975.9 free,      4.1 used.   3003.3 avail Mem 

    PID USER      PR  NI    VIRT    RES    SHR S  %CPU  %MEM     TIME+ COMMAND

top - 14:46:25 up 9 days, 23:00,  1 user,  load average: 0.29, 0.40, 0.44
Tasks: 207 total,   1 running, 206 sleeping,   0 stopped,   0 zombie
%Cpu(s): 25.5 us,  3.8 sy,  0.0 ni, 70.8 id,  0.0 wa,  0.0 hi,  0.0 si,  0.0 st
MiB Mem :   3844.2 total,    172.3 free,    559.2 used,   3112.7 buff/cache
MiB Swap:   3980.0 total,   3975.9 free,      4.1 used.   3003.3 avail Mem 

    PID USER      PR  NI    VIRT    RES    SHR S  %CPU  %MEM     TIME+ COMMAND

top - 14:46:25 up 9 days, 23:00,  1 user,  load average: 0.35, 0.41, 0.45
Tasks: 207 total,   2 running, 205 sleeping,   0 stopped,   0 zombie
%Cpu(s): 23.5 us,  2.0 sy,  0.0 ni, 74.5 id,  0.0 wa,  0.0 hi,  0.0 si,  0.0 st
MiB Mem :   3844.2 total,    172.3 free,    559.2 used,   3112.7 buff/cache
MiB Swap:   3980.0 total,   3975.9 free,      4.1 used.   3003.3 avail Mem 

    PID USER      PR  NI    VIRT    RES    SHR S  %CPU  %MEM     TIME+ COMMAND

top - 14:46:26 up 9 days, 23:00,  1 user,  load average: 0.35, 0.41, 0.45
Tasks: 207 total,   1 running, 206 sleeping,   0 stopped,   0 zombie
%Cpu(s): 28.0 us,  3.7 sy,  0.0 ni, 68.2 id,  0.0 wa,  0.0 hi,  0.0 si,  0.0 st
MiB Mem :   3844.2 total,    172.3 free,    559.2 used,   3112.7 buff/cache
MiB Swap:   3980.0 total,   3975.9 free,      4.1 used.   3003.3 avail Mem 

    PID USER      PR  NI    VIRT    RES    SHR S  %CPU  %MEM     TIME+ COMMAND

top - 14:46:26 up 9 days, 23:00,  1 user,  load average: 0.35, 0.41, 0.45
Tasks: 207 total,   2 running, 205 sleeping,   0 stopped,   0 zombie
%Cpu(s): 28.6 us,  1.9 sy,  0.0 ni, 69.5 id,  0.0 wa,  0.0 hi,  0.0 si,  0.0 st
MiB Mem :   3844.2 total,    172.3 free,    559.2 used,   3112.7 buff/cache
MiB Swap:   3980.0 total,   3975.9 free,      4.1 used.   3003.3 avail Mem 

    PID USER      PR  NI    VIRT    RES    SHR S  %CPU  %MEM     TIME+ COMMAND

top - 14:46:27 up 9 days, 23:00,  1 user,  load average: 0.35, 0.41, 0.45
Tasks: 207 total,   2 running, 205 sleeping,   0 stopped,   0 zombie
%Cpu(s): 23.6 us,  4.5 sy,  0.9 ni, 70.0 id,  0.0 wa,  0.0 hi,  0.9 si,  0.0 st
MiB Mem :   3844.2 total,    172.3 free,    559.2 used,   3112.7 buff/cache
MiB Swap:   3980.0 total,   3975.9 free,      4.1 used.   3003.3 avail Mem 

    PID USER      PR  NI    VIRT    RES    SHR S  %CPU  %MEM     TIME+ COMMAND

top - 14:46:27 up 9 days, 23:00,  1 user,  load average: 0.35, 0.41, 0.45
Tasks: 207 total,   2 running, 205 sleeping,   0 stopped,   0 zombie
%Cpu(s): 23.5 us,  6.9 sy,  1.0 ni, 55.9 id, 11.8 wa,  0.0 hi,  1.0 si,  0.0 st
MiB Mem :   3844.2 total,    172.3 free,    559.2 used,   3112.7 buff/cache
MiB Swap:   3980.0 total,   3975.9 free,      4.1 used.   3003.3 avail Mem 

    PID USER      PR  NI    VIRT    RES    SHR S  %CPU  %MEM     TIME+ COMMAND

top - 14:46:28 up 9 days, 23:00,  1 user,  load average: 0.35, 0.41, 0.45
Tasks: 207 total,   1 running, 206 sleeping,   0 stopped,   0 zombie
%Cpu(s): 24.1 us,  3.7 sy,  0.0 ni, 72.2 id,  0.0 wa,  0.0 hi,  0.0 si,  0.0 st
MiB Mem :   3844.2 total,    172.3 free,    559.2 used,   3112.7 buff/cache
MiB Swap:   3980.0 total,   3975.9 free,      4.1 used.   3003.3 avail Mem 

    PID USER      PR  NI    VIRT    RES    SHR S  %CPU  %MEM     TIME+ COMMAND

top - 14:46:29 up 9 days, 23:00,  1 user,  load average: 0.35, 0.41, 0.45
Tasks: 207 total,   2 running, 205 sleeping,   0 stopped,   0 zombie
%Cpu(s): 29.6 us,  3.7 sy,  0.0 ni, 66.7 id,  0.0 wa,  0.0 hi,  0.0 si,  0.0 st
MiB Mem :   3844.2 total,    172.3 free,    559.2 used,   3112.7 buff/cache
MiB Swap:   3980.0 total,   3975.9 free,      4.1 used.   3003.3 avail Mem 

    PID USER      PR  NI    VIRT    RES    SHR S  %CPU  %MEM     TIME+ COMMAND

top - 14:46:29 up 9 days, 23:00,  1 user,  load average: 0.35, 0.41, 0.45
Tasks: 207 total,   1 running, 206 sleeping,   0 stopped,   0 zombie
%Cpu(s): 24.8 us,  1.0 sy,  0.0 ni, 74.3 id,  0.0 wa,  0.0 hi,  0.0 si,  0.0 st
MiB Mem :   3844.2 total,    172.3 free,    559.2 used,   3112.7 buff/cache
MiB Swap:   3980.0 total,   3975.9 free,      4.1 used.   3003.3 avail Mem 

    PID USER      PR  NI    VIRT    RES    SHR S  %CPU  %MEM     TIME+ COMMAND

top - 14:46:30 up 9 days, 23:00,  1 user,  load average: 0.35, 0.41, 0.45
Tasks: 207 total,   1 running, 206 sleeping,   0 stopped,   0 zombie
%Cpu(s): 28.0 us,  2.8 sy,  0.0 ni, 69.2 id,  0.0 wa,  0.0 hi,  0.0 si,  0.0 st
MiB Mem :   3844.2 total,    172.3 free,    559.2 used,   3112.7 buff/cache
MiB Swap:   3980.0 total,   3975.9 free,      4.1 used.   3003.3 avail Mem 

    PID USER      PR  NI    VIRT    RES    SHR S  %CPU  %MEM     TIME+ COMMAND

top - 14:46:30 up 9 days, 23:00,  1 user,  load average: 0.40, 0.42, 0.45
Tasks: 207 total,   2 running, 205 sleeping,   0 stopped,   0 zombie
%Cpu(s): 27.8 us,  2.8 sy,  0.0 ni, 69.4 id,  0.0 wa,  0.0 hi,  0.0 si,  0.0 st
MiB Mem :   3844.2 total,    172.3 free,    559.2 used,   3112.7 buff/cache
MiB Swap:   3980.0 total,   3975.9 free,      4.1 used.   3003.3 avail Mem 

    PID USER      PR  NI    VIRT    RES    SHR S  %CPU  %MEM     TIME+ COMMAND

top - 14:46:31 up 9 days, 23:00,  1 user,  load average: 0.40, 0.42, 0.45
Tasks: 207 total,   2 running, 205 sleeping,   0 stopped,   0 zombie
%Cpu(s): 25.2 us,  3.7 sy,  0.0 ni, 70.1 id,  0.0 wa,  0.0 hi,  0.9 si,  0.0 st
MiB Mem :   3844.2 total,    172.3 free,    559.2 used,   3112.7 buff/cache
MiB Swap:   3980.0 total,   3975.9 free,      4.1 used.   3003.3 avail Mem 

    PID USER      PR  NI    VIRT    RES    SHR S  %CPU  %MEM     TIME+ COMMAND

top - 14:46:31 up 9 days, 23:00,  1 user,  load average: 0.40, 0.42, 0.45
Tasks: 207 total,   1 running, 206 sleeping,   0 stopped,   0 zombie
%Cpu(s): 25.2 us,  3.7 sy,  0.0 ni, 71.0 id,  0.0 wa,  0.0 hi,  0.0 si,  0.0 st
MiB Mem :   3844.2 total,    172.3 free,    559.2 used,   3112.7 buff/cache
MiB Swap:   3980.0 total,   3975.9 free,      4.1 used.   3003.3 avail Mem 

    PID USER      PR  NI    VIRT    RES    SHR S  %CPU  %MEM     TIME+ COMMAND

top - 14:46:32 up 9 days, 23:00,  1 user,  load average: 0.40, 0.42, 0.45
Tasks: 207 total,   2 running, 205 sleeping,   0 stopped,   0 zombie
%Cpu(s): 29.0 us,  2.8 sy,  0.0 ni, 68.2 id,  0.0 wa,  0.0 hi,  0.0 si,  0.0 st
MiB Mem :   3844.2 total,    172.3 free,    559.1 used,   3112.7 buff/cache
MiB Swap:   3980.0 total,   3975.9 free,      4.1 used.   3003.3 avail Mem 

    PID USER      PR  NI    VIRT    RES    SHR S  %CPU  %MEM     TIME+ COMMAND

top - 14:46:32 up 9 days, 23:00,  1 user,  load average: 0.40, 0.42, 0.45
Tasks: 207 total,   2 running, 205 sleeping,   0 stopped,   0 zombie
%Cpu(s): 24.5 us,  5.9 sy,  2.9 ni, 58.8 id,  7.8 wa,  0.0 hi,  0.0 si,  0.0 st
MiB Mem :   3844.2 total,    172.3 free,    559.1 used,   3112.7 buff/cache
MiB Swap:   3980.0 total,   3975.9 free,      4.1 used.   3003.3 avail Mem 

    PID USER      PR  NI    VIRT    RES    SHR S  %CPU  %MEM     TIME+ COMMAND

top - 14:46:33 up 9 days, 23:00,  1 user,  load average: 0.40, 0.42, 0.45
Tasks: 206 total,   1 running, 205 sleeping,   0 stopped,   0 zombie
%Cpu(s): 21.4 us,  4.9 sy,  0.0 ni, 72.8 id,  0.0 wa,  0.0 hi,  1.0 si,  0.0 st
MiB Mem :   3844.2 total,    172.3 free,    559.1 used,   3112.7 buff/cache
MiB Swap:   3980.0 total,   3975.9 free,      4.1 used.   3003.3 avail Mem 

    PID USER      PR  NI    VIRT    RES    SHR S  %CPU  %MEM     TIME+ COMMAND

top - 14:46:33 up 9 days, 23:00,  1 user,  load average: 0.40, 0.42, 0.45
Tasks: 206 total,   1 running, 205 sleeping,   0 stopped,   0 zombie
%Cpu(s): 27.1 us,  2.8 sy,  0.0 ni, 69.2 id,  0.0 wa,  0.0 hi,  0.9 si,  0.0 st
MiB Mem :   3844.2 total,    172.3 free,    559.1 used,   3112.7 buff/cache
MiB Swap:   3980.0 total,   3975.9 free,      4.1 used.   3003.3 avail Mem 

    PID USER      PR  NI    VIRT    RES    SHR S  %CPU  %MEM     TIME+ COMMAND

top - 14:46:34 up 9 days, 23:00,  1 user,  load average: 0.40, 0.42, 0.45
Tasks: 206 total,   1 running, 205 sleeping,   0 stopped,   0 zombie
%Cpu(s): 23.1 us,  4.6 sy,  0.0 ni, 72.2 id,  0.0 wa,  0.0 hi,  0.0 si,  0.0 st
MiB Mem :   3844.2 total,    172.3 free,    559.1 used,   3112.7 buff/cache
MiB Swap:   3980.0 total,   3975.9 free,      4.1 used.   3003.3 avail Mem 

    PID USER      PR  NI    VIRT    RES    SHR S  %CPU  %MEM     TIME+ COMMAND

top - 14:46:35 up 9 days, 23:00,  1 user,  load average: 0.40, 0.42, 0.45
Tasks: 206 total,   1 running, 205 sleeping,   0 stopped,   0 zombie
%Cpu(s): 29.9 us,  0.9 sy,  0.0 ni, 68.2 id,  0.0 wa,  0.0 hi,  0.9 si,  0.0 st
MiB Mem :   3844.2 total,    172.3 free,    559.1 used,   3112.7 buff/cache
MiB Swap:   3980.0 total,   3975.9 free,      4.1 used.   3003.3 avail Mem 

    PID USER      PR  NI    VIRT    RES    SHR S  %CPU  %MEM     TIME+ COMMAND

top - 14:46:35 up 9 days, 23:00,  1 user,  load average: 0.69, 0.48, 0.47
Tasks: 203 total,   4 running, 199 sleeping,   0 stopped,   0 zombie
%Cpu(s): 56.2 us, 17.1 sy,  0.0 ni, 26.7 id,  0.0 wa,  0.0 hi,  0.0 si,  0.0 st
MiB Mem :   3844.2 total,    172.3 free,    559.2 used,   3112.7 buff/cache
MiB Swap:   3980.0 total,   3975.9 free,      4.1 used.   3003.3 avail Mem 

    PID USER      PR  NI    VIRT    RES    SHR S  %CPU  %MEM     TIME+ COMMAND

top - 14:46:36 up 9 days, 23:00,  1 user,  load average: 0.69, 0.48, 0.47
Tasks: 203 total,   2 running, 201 sleeping,   0 stopped,   0 zombie
%Cpu(s): 52.4 us, 13.6 sy,  0.0 ni, 32.0 id,  0.0 wa,  0.0 hi,  1.9 si,  0.0 st
MiB Mem :   3844.2 total,    172.3 free,    559.2 used,   3112.7 buff/cache
MiB Swap:   3980.0 total,   3975.9 free,      4.1 used.   3003.3 avail Mem 

    PID USER      PR  NI    VIRT    RES    SHR S  %CPU  %MEM     TIME+ COMMAND

top - 14:46:36 up 9 days, 23:00,  1 user,  load average: 0.69, 0.48, 0.47
Tasks: 203 total,   2 running, 201 sleeping,   0 stopped,   0 zombie
%Cpu(s): 23.6 us,  1.9 sy,  0.0 ni, 73.6 id,  0.0 wa,  0.0 hi,  0.9 si,  0.0 st
MiB Mem :   3844.2 total,    172.3 free,    559.2 used,   3112.7 buff/cache
MiB Swap:   3980.0 total,   3975.9 free,      4.1 used.   3003.3 avail Mem 

    PID USER      PR  NI    VIRT    RES    SHR S  %CPU  %MEM     TIME+ COMMAND

top - 14:46:37 up 9 days, 23:00,  1 user,  load average: 0.69, 0.48, 0.47
Tasks: 203 total,   1 running, 202 sleeping,   0 stopped,   0 zombie
%Cpu(s): 26.2 us,  4.7 sy,  0.0 ni, 69.2 id,  0.0 wa,  0.0 hi,  0.0 si,  0.0 st
MiB Mem :   3844.2 total,    172.3 free,    559.2 used,   3112.7 buff/cache
MiB Swap:   3980.0 total,   3975.9 free,      4.1 used.   3003.3 avail Mem 

    PID USER      PR  NI    VIRT    RES    SHR S  %CPU  %MEM     TIME+ COMMAND

top - 14:46:37 up 9 days, 23:00,  1 user,  load average: 0.69, 0.48, 0.47
Tasks: 206 total,   3 running, 203 sleeping,   0 stopped,   0 zombie
%Cpu(s): 27.2 us,  2.9 sy,  0.0 ni, 69.9 id,  0.0 wa,  0.0 hi,  0.0 si,  0.0 st
MiB Mem :   3844.2 total,    172.3 free,    559.2 used,   3112.7 buff/cache
MiB Swap:   3980.0 total,   3975.9 free,      4.1 used.   3003.3 avail Mem 

    PID USER      PR  NI    VIRT    RES    SHR S  %CPU  %MEM     TIME+ COMMAND

top - 14:46:38 up 9 days, 23:00,  1 user,  load average: 0.69, 0.48, 0.47
Tasks: 204 total,   3 running, 201 sleeping,   0 stopped,   0 zombie
%Cpu(s): 30.4 us,  9.8 sy, 10.8 ni, 31.4 id, 17.6 wa,  0.0 hi,  0.0 si,  0.0 st
MiB Mem :   3844.2 total,    172.3 free,    559.2 used,   3112.7 buff/cache
MiB Swap:   3980.0 total,   3975.9 free,      4.1 used.   3003.3 avail Mem 

    PID USER      PR  NI    VIRT    RES    SHR S  %CPU  %MEM     TIME+ COMMAND

top - 14:46:38 up 9 days, 23:00,  1 user,  load average: 0.69, 0.48, 0.47
Tasks: 204 total,   1 running, 203 sleeping,   0 stopped,   0 zombie
%Cpu(s): 21.3 us,  3.7 sy,  0.0 ni, 74.1 id,  0.0 wa,  0.0 hi,  0.9 si,  0.0 st
MiB Mem :   3844.2 total,    172.3 free,    559.2 used,   3112.7 buff/cache
MiB Swap:   3980.0 total,   3975.9 free,      4.1 used.   3003.3 avail Mem 

    PID USER      PR  NI    VIRT    RES    SHR S  %CPU  %MEM     TIME+ COMMAND

top - 14:46:39 up 9 days, 23:00,  1 user,  load average: 0.69, 0.48, 0.47
Tasks: 204 total,   2 running, 202 sleeping,   0 stopped,   0 zombie
%Cpu(s): 28.8 us,  1.9 sy,  0.0 ni, 68.3 id,  0.0 wa,  0.0 hi,  1.0 si,  0.0 st
MiB Mem :   3844.2 total,    172.3 free,    559.2 used,   3112.7 buff/cache
MiB Swap:   3980.0 total,   3975.9 free,      4.1 used.   3003.3 avail Mem 

    PID USER      PR  NI    VIRT    RES    SHR S  %CPU  %MEM     TIME+ COMMAND

top - 14:46:39 up 9 days, 23:00,  1 user,  load average: 0.69, 0.48, 0.47
Tasks: 204 total,   1 running, 203 sleeping,   0 stopped,   0 zombie
%Cpu(s): 24.5 us,  2.8 sy,  0.0 ni, 72.6 id,  0.0 wa,  0.0 hi,  0.0 si,  0.0 st
MiB Mem :   3844.2 total,    172.3 free,    559.2 used,   3112.7 buff/cache
MiB Swap:   3980.0 total,   3975.9 free,      4.1 used.   3003.3 avail Mem 

    PID USER      PR  NI    VIRT    RES    SHR S  %CPU  %MEM     TIME+ COMMAND

top - 14:46:40 up 9 days, 23:00,  1 user,  load average: 0.64, 0.47, 0.47
Tasks: 204 total,   2 running, 202 sleeping,   0 stopped,   0 zombie
%Cpu(s): 25.2 us,  4.7 sy,  0.0 ni, 70.1 id,  0.0 wa,  0.0 hi,  0.0 si,  0.0 st
MiB Mem :   3844.2 total,    172.3 free,    559.2 used,   3112.7 buff/cache
MiB Swap:   3980.0 total,   3975.9 free,      4.1 used.   3003.3 avail Mem 

    PID USER      PR  NI    VIRT    RES    SHR S  %CPU  %MEM     TIME+ COMMAND

top - 14:46:40 up 9 days, 23:00,  1 user,  load average: 0.64, 0.47, 0.47
Tasks: 204 total,   2 running, 202 sleeping,   0 stopped,   0 zombie
%Cpu(s): 27.4 us,  2.8 sy,  0.0 ni, 69.8 id,  0.0 wa,  0.0 hi,  0.0 si,  0.0 st
MiB Mem :   3844.2 total,    172.3 free,    559.2 used,   3112.7 buff/cache
MiB Swap:   3980.0 total,   3975.9 free,      4.1 used.   3003.3 avail Mem 

    PID USER      PR  NI    VIRT    RES    SHR S  %CPU  %MEM     TIME+ COMMAND

top - 14:46:41 up 9 days, 23:00,  1 user,  load average: 0.64, 0.47, 0.47
Tasks: 204 total,   3 running, 201 sleeping,   0 stopped,   0 zombie
%Cpu(s): 26.6 us,  3.7 sy,  0.0 ni, 68.8 id,  0.0 wa,  0.0 hi,  0.9 si,  0.0 st
MiB Mem :   3844.2 total,    172.3 free,    559.1 used,   3112.7 buff/cache
MiB Swap:   3980.0 total,   3975.9 free,      4.1 used.   3003.3 avail Mem 

    PID USER      PR  NI    VIRT    RES    SHR S  %CPU  %MEM     TIME+ COMMAND

top - 14:46:41 up 9 days, 23:00,  1 user,  load average: 0.64, 0.47, 0.47
Tasks: 204 total,   1 running, 203 sleeping,   0 stopped,   0 zombie
%Cpu(s): 25.7 us,  1.9 sy,  0.0 ni, 72.4 id,  0.0 wa,  0.0 hi,  0.0 si,  0.0 st
MiB Mem :   3844.2 total,    172.3 free,    559.1 used,   3112.7 buff/cache
MiB Swap:   3980.0 total,   3975.9 free,      4.1 used.   3003.3 avail Mem 

    PID USER      PR  NI    VIRT    RES    SHR S  %CPU  %MEM     TIME+ COMMAND

top - 14:46:42 up 9 days, 23:00,  1 user,  load average: 0.64, 0.47, 0.47
Tasks: 204 total,   2 running, 202 sleeping,   0 stopped,   0 zombie
%Cpu(s): 26.9 us,  1.0 sy,  0.0 ni, 72.1 id,  0.0 wa,  0.0 hi,  0.0 si,  0.0 st
MiB Mem :   3844.2 total,    172.3 free,    559.1 used,   3112.7 buff/cache
MiB Swap:   3980.0 total,   3975.9 free,      4.1 used.   3003.3 avail Mem 

    PID USER      PR  NI    VIRT    RES    SHR S  %CPU  %MEM     TIME+ COMMAND

top - 14:46:43 up 9 days, 23:00,  1 user,  load average: 0.64, 0.47, 0.47
Tasks: 204 total,   1 running, 203 sleeping,   0 stopped,   0 zombie
%Cpu(s): 24.0 us,  7.7 sy,  1.9 ni, 51.0 id, 15.4 wa,  0.0 hi,  0.0 si,  0.0 st
MiB Mem :   3844.2 total,    172.3 free,    559.1 used,   3112.7 buff/cache
MiB Swap:   3980.0 total,   3975.9 free,      4.1 used.   3003.3 avail Mem 

    PID USER      PR  NI    VIRT    RES    SHR S  %CPU  %MEM     TIME+ COMMAND

top - 14:46:43 up 9 days, 23:00,  1 user,  load average: 0.64, 0.47, 0.47
Tasks: 204 total,   2 running, 202 sleeping,   0 stopped,   0 zombie
%Cpu(s): 27.2 us,  1.9 sy,  0.0 ni, 70.9 id,  0.0 wa,  0.0 hi,  0.0 si,  0.0 st
MiB Mem :   3844.2 total,    172.3 free,    559.1 used,   3112.7 buff/cache
MiB Swap:   3980.0 total,   3975.9 free,      4.1 used.   3003.3 avail Mem 

    PID USER      PR  NI    VIRT    RES    SHR S  %CPU  %MEM     TIME+ COMMAND

top - 14:46:44 up 9 days, 23:00,  1 user,  load average: 0.64, 0.47, 0.47
Tasks: 204 total,   1 running, 203 sleeping,   0 stopped,   0 zombie
%Cpu(s): 22.5 us,  2.0 sy,  0.0 ni, 75.5 id,  0.0 wa,  0.0 hi,  0.0 si,  0.0 st
MiB Mem :   3844.2 total,    172.3 free,    559.1 used,   3112.7 buff/cache
MiB Swap:   3980.0 total,   3975.9 free,      4.1 used.   3003.3 avail Mem 

    PID USER      PR  NI    VIRT    RES    SHR S  %CPU  %MEM     TIME+ COMMAND

top - 14:46:44 up 9 days, 23:00,  1 user,  load average: 0.64, 0.47, 0.47
Tasks: 204 total,   2 running, 202 sleeping,   0 stopped,   0 zombie
%Cpu(s): 27.4 us,  1.9 sy,  0.0 ni, 70.8 id,  0.0 wa,  0.0 hi,  0.0 si,  0.0 st
MiB Mem :   3844.2 total,    172.3 free,    559.1 used,   3112.7 buff/cache
MiB Swap:   3980.0 total,   3975.9 free,      4.1 used.   3003.3 avail Mem 

    PID USER      PR  NI    VIRT    RES    SHR S  %CPU  %MEM     TIME+ COMMAND
