top - 14:34:49 up 9 days, 22:48,  1 user,  load average: 0.48, 0.47, 0.51
Tasks: 204 total,   1 running, 203 sleeping,   0 stopped,   0 zombie
%Cpu(s):  2.6 us, 10.3 sy,  0.0 ni, 87.2 id,  0.0 wa,  0.0 hi,  0.0 si,  0.0 st
MiB Mem :   3844.2 total,    175.4 free,    558.3 used,   3110.5 buff/cache
MiB Swap:   3980.0 total,   3975.9 free,      4.1 used.   3004.2 avail Mem 

    PID USER      PR  NI    VIRT    RES    SHR S  %CPU  %MEM     TIME+ COMMAND
    937 www-data  20   0   26028  20328   4156 S   0.0   0.5  45:01.33 nginx

top - 14:34:50 up 9 days, 22:48,  1 user,  load average: 0.48, 0.47, 0.51
Tasks: 204 total,   1 running, 203 sleeping,   0 stopped,   0 zombie
%Cpu(s):  1.0 us,  1.9 sy,  0.0 ni, 97.1 id,  0.0 wa,  0.0 hi,  0.0 si,  0.0 st
MiB Mem :   3844.2 total,    175.4 free,    558.3 used,   3110.5 buff/cache
MiB Swap:   3980.0 total,   3975.9 free,      4.1 used.   3004.2 avail Mem 

    PID USER      PR  NI    VIRT    RES    SHR S  %CPU  %MEM     TIME+ COMMAND
    937 www-data  20   0   26028  20328   4156 S   0.0   0.5  45:01.33 nginx

top - 14:34:50 up 9 days, 22:48,  1 user,  load average: 0.48, 0.47, 0.51
Tasks: 204 total,   1 running, 203 sleeping,   0 stopped,   0 zombie
%Cpu(s):  1.9 us,  0.0 sy,  0.0 ni, 98.1 id,  0.0 wa,  0.0 hi,  0.0 si,  0.0 st
MiB Mem :   3844.2 total,    175.4 free,    558.3 used,   3110.5 buff/cache
MiB Swap:   3980.0 total,   3975.9 free,      4.1 used.   3004.2 avail Mem 

    PID USER      PR  NI    VIRT    RES    SHR S  %CPU  %MEM     TIME+ COMMAND
    937 www-data  20   0   26028  20328   4156 S   0.0   0.5  45:01.33 nginx

top - 14:34:51 up 9 days, 22:48,  1 user,  load average: 0.48, 0.47, 0.51
Tasks: 204 total,   1 running, 203 sleeping,   0 stopped,   0 zombie
%Cpu(s):  0.9 us,  2.8 sy,  0.0 ni, 96.3 id,  0.0 wa,  0.0 hi,  0.0 si,  0.0 st
MiB Mem :   3844.2 total,    175.4 free,    558.3 used,   3110.5 buff/cache
MiB Swap:   3980.0 total,   3975.9 free,      4.1 used.   3004.2 avail Mem 

    PID USER      PR  NI    VIRT    RES    SHR S  %CPU  %MEM     TIME+ COMMAND
    937 www-data  20   0   26028  20328   4156 S   0.0   0.5  45:01.33 nginx

top - 14:34:51 up 9 days, 22:48,  1 user,  load average: 0.48, 0.47, 0.51
Tasks: 204 total,   2 running, 202 sleeping,   0 stopped,   0 zombie
%Cpu(s):  4.8 us,  1.9 sy,  0.0 ni, 92.4 id,  0.0 wa,  0.0 hi,  1.0 si,  0.0 st
MiB Mem :   3844.2 total,    175.4 free,    558.3 used,   3110.5 buff/cache
MiB Swap:   3980.0 total,   3975.9 free,      4.1 used.   3004.2 avail Mem 

    PID USER      PR  NI    VIRT    RES    SHR S  %CPU  %MEM     TIME+ COMMAND

top - 14:34:52 up 9 days, 22:48,  1 user,  load average: 0.48, 0.47, 0.51
Tasks: 204 total,   1 running, 203 sleeping,   0 stopped,   0 zombie
%Cpu(s):  0.9 us,  2.8 sy,  0.0 ni, 96.3 id,  0.0 wa,  0.0 hi,  0.0 si,  0.0 st
MiB Mem :   3844.2 total,    175.4 free,    558.3 used,   3110.5 buff/cache
MiB Swap:   3980.0 total,   3975.9 free,      4.1 used.   3004.2 avail Mem 

    PID USER      PR  NI    VIRT    RES    SHR S  %CPU  %MEM     TIME+ COMMAND
    937 www-data  20   0   26028  20328   4156 S   0.0   0.5  45:01.37 nginx

top - 14:34:52 up 9 days, 22:48,  1 user,  load average: 0.48, 0.47, 0.51
Tasks: 204 total,   1 running, 203 sleeping,   0 stopped,   0 zombie
%Cpu(s):  7.5 us,  1.9 sy,  0.0 ni, 90.6 id,  0.0 wa,  0.0 hi,  0.0 si,  0.0 st
MiB Mem :   3844.2 total,    175.4 free,    558.3 used,   3110.5 buff/cache
MiB Swap:   3980.0 total,   3975.9 free,      4.1 used.   3004.2 avail Mem 

    PID USER      PR  NI    VIRT    RES    SHR S  %CPU  %MEM     TIME+ COMMAND

top - 14:34:53 up 9 days, 22:48,  1 user,  load average: 0.48, 0.47, 0.51
Tasks: 204 total,   1 running, 203 sleeping,   0 stopped,   0 zombie
%Cpu(s):  0.9 us,  2.8 sy,  0.0 ni, 96.3 id,  0.0 wa,  0.0 hi,  0.0 si,  0.0 st
MiB Mem :   3844.2 total,    175.4 free,    558.3 used,   3110.5 buff/cache
MiB Swap:   3980.0 total,   3975.9 free,      4.1 used.   3004.2 avail Mem 

    PID USER      PR  NI    VIRT    RES    SHR S  %CPU  %MEM     TIME+ COMMAND
    937 www-data  20   0   26028  20328   4156 S   0.0   0.5  45:01.44 nginx

top - 14:34:54 up 9 days, 22:48,  1 user,  load average: 0.48, 0.47, 0.51
Tasks: 204 total,   1 running, 203 sleeping,   0 stopped,   0 zombie
%Cpu(s):  7.5 us,  2.8 sy,  0.0 ni, 89.7 id,  0.0 wa,  0.0 hi,  0.0 si,  0.0 st
MiB Mem :   3844.2 total,    175.4 free,    558.3 used,   3110.5 buff/cache
MiB Swap:   3980.0 total,   3975.9 free,      4.1 used.   3004.2 avail Mem 

    PID USER      PR  NI    VIRT    RES    SHR S  %CPU  %MEM     TIME+ COMMAND

top - 14:34:54 up 9 days, 22:48,  1 user,  load average: 0.48, 0.47, 0.51
Tasks: 204 total,   3 running, 201 sleeping,   0 stopped,   0 zombie
%Cpu(s): 11.3 us,  8.5 sy,  1.9 ni, 65.1 id, 13.2 wa,  0.0 hi,  0.0 si,  0.0 st
MiB Mem :   3844.2 total,    175.4 free,    558.3 used,   3110.5 buff/cache
MiB Swap:   3980.0 total,   3975.9 free,      4.1 used.   3004.2 avail Mem 

    PID USER      PR  NI    VIRT    RES    SHR S  %CPU  %MEM     TIME+ COMMAND

top - 14:34:55 up 9 days, 22:48,  1 user,  load average: 0.44, 0.46, 0.51
Tasks: 204 total,   1 running, 203 sleeping,   0 stopped,   0 zombie
%Cpu(s):  0.9 us,  3.8 sy,  0.0 ni, 95.3 id,  0.0 wa,  0.0 hi,  0.0 si,  0.0 st
MiB Mem :   3844.2 total,    175.4 free,    558.2 used,   3110.5 buff/cache
MiB Swap:   3980.0 total,   3975.9 free,      4.1 used.   3004.2 avail Mem 

    PID USER      PR  NI    VIRT    RES    SHR S  %CPU  %MEM     TIME+ COMMAND

top - 14:34:55 up 9 days, 22:48,  1 user,  load average: 0.44, 0.46, 0.51
Tasks: 203 total,   1 running, 202 sleeping,   0 stopped,   0 zombie
%Cpu(s):  8.3 us,  6.5 sy,  1.9 ni, 83.3 id,  0.0 wa,  0.0 hi,  0.0 si,  0.0 st
MiB Mem :   3844.2 total,    175.4 free,    558.2 used,   3110.5 buff/cache
MiB Swap:   3980.0 total,   3975.9 free,      4.1 used.   3004.2 avail Mem 

    PID USER      PR  NI    VIRT    RES    SHR S  %CPU  %MEM     TIME+ COMMAND

top - 14:34:56 up 9 days, 22:48,  1 user,  load average: 0.44, 0.46, 0.51
Tasks: 203 total,   1 running, 202 sleeping,   0 stopped,   0 zombie
%Cpu(s):  1.9 us,  1.9 sy,  0.0 ni, 96.3 id,  0.0 wa,  0.0 hi,  0.0 si,  0.0 st
MiB Mem :   3844.2 total,    175.4 free,    558.2 used,   3110.5 buff/cache
MiB Swap:   3980.0 total,   3975.9 free,      4.1 used.   3004.2 avail Mem 

    PID USER      PR  NI    VIRT    RES    SHR S  %CPU  %MEM     TIME+ COMMAND
    937 www-data  20   0   26028  20328   4156 S   0.0   0.5  45:01.64 nginx

top - 14:34:56 up 9 days, 22:48,  1 user,  load average: 0.44, 0.46, 0.51
Tasks: 203 total,   1 running, 202 sleeping,   0 stopped,   0 zombie
%Cpu(s):  7.4 us,  3.7 sy,  0.0 ni, 88.9 id,  0.0 wa,  0.0 hi,  0.0 si,  0.0 st
MiB Mem :   3844.2 total,    175.4 free,    558.2 used,   3110.5 buff/cache
MiB Swap:   3980.0 total,   3975.9 free,      4.1 used.   3004.2 avail Mem 

    PID USER      PR  NI    VIRT    RES    SHR S  %CPU  %MEM     TIME+ COMMAND

top - 14:34:57 up 9 days, 22:48,  1 user,  load average: 0.44, 0.46, 0.51
Tasks: 203 total,   1 running, 202 sleeping,   0 stopped,   0 zombie
%Cpu(s):  1.9 us,  1.9 sy,  0.0 ni, 96.3 id,  0.0 wa,  0.0 hi,  0.0 si,  0.0 st
MiB Mem :   3844.2 total,    175.4 free,    558.2 used,   3110.5 buff/cache
MiB Swap:   3980.0 total,   3975.9 free,      4.1 used.   3004.2 avail Mem 

    PID USER      PR  NI    VIRT    RES    SHR S  %CPU  %MEM     TIME+ COMMAND
    937 www-data  20   0   26028  20328   4156 S   0.0   0.5  45:01.71 nginx

top - 14:34:57 up 9 days, 22:48,  1 user,  load average: 0.44, 0.46, 0.51
Tasks: 203 total,   1 running, 202 sleeping,   0 stopped,   0 zombie
%Cpu(s):  8.3 us,  2.8 sy,  0.0 ni, 88.1 id,  0.0 wa,  0.0 hi,  0.9 si,  0.0 st
MiB Mem :   3844.2 total,    175.4 free,    558.2 used,   3110.5 buff/cache
MiB Swap:   3980.0 total,   3975.9 free,      4.1 used.   3004.2 avail Mem 

    PID USER      PR  NI    VIRT    RES    SHR S  %CPU  %MEM     TIME+ COMMAND

top - 14:34:58 up 9 days, 22:48,  1 user,  load average: 0.44, 0.46, 0.51
Tasks: 203 total,   1 running, 202 sleeping,   0 stopped,   0 zombie
%Cpu(s):  0.9 us,  2.8 sy,  0.0 ni, 96.3 id,  0.0 wa,  0.0 hi,  0.0 si,  0.0 st
MiB Mem :   3844.2 total,    175.4 free,    558.3 used,   3110.5 buff/cache
MiB Swap:   3980.0 total,   3975.9 free,      4.1 used.   3004.2 avail Mem 

    PID USER      PR  NI    VIRT    RES    SHR S  %CPU  %MEM     TIME+ COMMAND
    937 www-data  20   0   26028  20328   4156 S   0.0   0.5  45:01.78 nginx

top - 14:34:58 up 9 days, 22:48,  1 user,  load average: 0.44, 0.46, 0.51
Tasks: 203 total,   1 running, 202 sleeping,   0 stopped,   0 zombie
%Cpu(s):  8.3 us,  3.7 sy,  0.0 ni, 88.0 id,  0.0 wa,  0.0 hi,  0.0 si,  0.0 st
MiB Mem :   3844.2 total,    175.4 free,    558.3 used,   3110.5 buff/cache
MiB Swap:   3980.0 total,   3975.9 free,      4.1 used.   3004.2 avail Mem 

    PID USER      PR  NI    VIRT    RES    SHR S  %CPU  %MEM     TIME+ COMMAND

top - 14:34:59 up 9 days, 22:48,  1 user,  load average: 0.44, 0.46, 0.51
Tasks: 202 total,   1 running, 201 sleeping,   0 stopped,   0 zombie
%Cpu(s):  2.9 us,  6.7 sy,  0.0 ni, 90.5 id,  0.0 wa,  0.0 hi,  0.0 si,  0.0 st
MiB Mem :   3844.2 total,    175.4 free,    558.3 used,   3110.5 buff/cache
MiB Swap:   3980.0 total,   3975.9 free,      4.1 used.   3004.2 avail Mem 

    PID USER      PR  NI    VIRT    RES    SHR S  %CPU  %MEM     TIME+ COMMAND
    937 www-data  20   0   26028  20328   4156 S   0.0   0.5  45:01.86 nginx

top - 14:35:00 up 9 days, 22:48,  1 user,  load average: 0.49, 0.47, 0.51
Tasks: 204 total,   1 running, 203 sleeping,   0 stopped,   0 zombie
%Cpu(s): 13.9 us, 11.1 sy, 11.1 ni, 50.0 id, 13.9 wa,  0.0 hi,  0.0 si,  0.0 st
MiB Mem :   3844.2 total,    175.4 free,    558.3 used,   3110.5 buff/cache
MiB Swap:   3980.0 total,   3975.9 free,      4.1 used.   3004.2 avail Mem 

    PID USER      PR  NI    VIRT    RES    SHR S  %CPU  %MEM     TIME+ COMMAND

top - 14:35:00 up 9 days, 22:48,  1 user,  load average: 0.49, 0.47, 0.51
Tasks: 204 total,   1 running, 203 sleeping,   0 stopped,   0 zombie
%Cpu(s):  2.8 us,  1.9 sy,  0.0 ni, 94.4 id,  0.0 wa,  0.0 hi,  0.9 si,  0.0 st
MiB Mem :   3844.2 total,    175.4 free,    558.3 used,   3110.5 buff/cache
MiB Swap:   3980.0 total,   3975.9 free,      4.1 used.   3004.2 avail Mem 

    PID USER      PR  NI    VIRT    RES    SHR S  %CPU  %MEM     TIME+ COMMAND
    937 www-data  20   0   26028  20328   4156 S   0.0   0.5  45:01.93 nginx

top - 14:35:01 up 9 days, 22:48,  1 user,  load average: 0.49, 0.47, 0.51
Tasks: 204 total,   1 running, 203 sleeping,   0 stopped,   0 zombie
%Cpu(s):  6.4 us,  3.7 sy,  0.0 ni, 89.9 id,  0.0 wa,  0.0 hi,  0.0 si,  0.0 st
MiB Mem :   3844.2 total,    172.7 free,    560.8 used,   3110.7 buff/cache
MiB Swap:   3980.0 total,   3975.9 free,      4.1 used.   3001.6 avail Mem 

    PID USER      PR  NI    VIRT    RES    SHR S  %CPU  %MEM     TIME+ COMMAND

top - 14:35:01 up 9 days, 22:48,  1 user,  load average: 0.49, 0.47, 0.51
Tasks: 204 total,   1 running, 203 sleeping,   0 stopped,   0 zombie
%Cpu(s):  6.8 us,  1.0 sy,  0.0 ni, 92.2 id,  0.0 wa,  0.0 hi,  0.0 si,  0.0 st
MiB Mem :   3844.2 total,    172.7 free,    560.8 used,   3110.7 buff/cache
MiB Swap:   3980.0 total,   3975.9 free,      4.1 used.   3001.6 avail Mem 

    PID USER      PR  NI    VIRT    RES    SHR S  %CPU  %MEM     TIME+ COMMAND

top - 14:35:02 up 9 days, 22:48,  1 user,  load average: 0.49, 0.47, 0.51
Tasks: 204 total,   1 running, 203 sleeping,   0 stopped,   0 zombie
%Cpu(s):  3.7 us,  3.7 sy,  0.0 ni, 92.6 id,  0.0 wa,  0.0 hi,  0.0 si,  0.0 st
MiB Mem :   3844.2 total,    172.7 free,    560.8 used,   3110.7 buff/cache
MiB Swap:   3980.0 total,   3975.9 free,      4.1 used.   3001.6 avail Mem 

    PID USER      PR  NI    VIRT    RES    SHR S  %CPU  %MEM     TIME+ COMMAND
    937 www-data  20   0   26028  20328   4156 S   0.0   0.5  45:02.06 nginx

top - 14:35:02 up 9 days, 22:48,  1 user,  load average: 0.49, 0.47, 0.51
Tasks: 204 total,   1 running, 203 sleeping,   0 stopped,   0 zombie
%Cpu(s):  6.5 us,  4.6 sy,  0.0 ni, 88.9 id,  0.0 wa,  0.0 hi,  0.0 si,  0.0 st
MiB Mem :   3844.2 total,    172.7 free,    560.8 used,   3110.7 buff/cache
MiB Swap:   3980.0 total,   3975.9 free,      4.1 used.   3001.6 avail Mem 

    PID USER      PR  NI    VIRT    RES    SHR S  %CPU  %MEM     TIME+ COMMAND

top - 14:35:03 up 9 days, 22:48,  1 user,  load average: 0.49, 0.47, 0.51
Tasks: 204 total,   1 running, 203 sleeping,   0 stopped,   0 zombie
%Cpu(s):  0.9 us,  2.8 sy,  0.0 ni, 96.3 id,  0.0 wa,  0.0 hi,  0.0 si,  0.0 st
MiB Mem :   3844.2 total,    172.7 free,    560.8 used,   3110.7 buff/cache
MiB Swap:   3980.0 total,   3975.9 free,      4.1 used.   3001.6 avail Mem 

    PID USER      PR  NI    VIRT    RES    SHR S  %CPU  %MEM     TIME+ COMMAND
    937 www-data  20   0   26028  20328   4156 S   0.0   0.5  45:02.13 nginx

top - 14:35:03 up 9 days, 22:48,  1 user,  load average: 0.49, 0.47, 0.51
Tasks: 204 total,   1 running, 203 sleeping,   0 stopped,   0 zombie
%Cpu(s):  8.3 us,  2.8 sy,  0.0 ni, 88.9 id,  0.0 wa,  0.0 hi,  0.0 si,  0.0 st
MiB Mem :   3844.2 total,    172.7 free,    560.8 used,   3110.7 buff/cache
MiB Swap:   3980.0 total,   3975.9 free,      4.1 used.   3001.6 avail Mem 

    PID USER      PR  NI    VIRT    RES    SHR S  %CPU  %MEM     TIME+ COMMAND

top - 14:35:04 up 9 days, 22:48,  1 user,  load average: 0.49, 0.47, 0.51
Tasks: 204 total,   1 running, 203 sleeping,   0 stopped,   0 zombie
%Cpu(s):  2.8 us,  1.9 sy,  0.0 ni, 95.4 id,  0.0 wa,  0.0 hi,  0.0 si,  0.0 st
MiB Mem :   3844.2 total,    171.7 free,    561.8 used,   3110.7 buff/cache
MiB Swap:   3980.0 total,   3975.9 free,      4.1 used.   3000.6 avail Mem 

    PID USER      PR  NI    VIRT    RES    SHR S  %CPU  %MEM     TIME+ COMMAND
    937 www-data  20   0   26028  20328   4156 S   0.0   0.5  45:02.21 nginx

top - 14:35:04 up 9 days, 22:48,  1 user,  load average: 0.61, 0.50, 0.52
Tasks: 204 total,   1 running, 203 sleeping,   0 stopped,   0 zombie
%Cpu(s):  5.7 us,  9.4 sy,  2.8 ni, 67.0 id, 15.1 wa,  0.0 hi,  0.0 si,  0.0 st
MiB Mem :   3844.2 total,    171.7 free,    561.8 used,   3110.7 buff/cache
MiB Swap:   3980.0 total,   3975.9 free,      4.1 used.   3000.6 avail Mem 

    PID USER      PR  NI    VIRT    RES    SHR S  %CPU  %MEM     TIME+ COMMAND

top - 14:35:05 up 9 days, 22:48,  1 user,  load average: 0.61, 0.50, 0.52
Tasks: 204 total,   1 running, 203 sleeping,   0 stopped,   0 zombie
%Cpu(s):  0.9 us,  3.8 sy,  0.0 ni, 95.3 id,  0.0 wa,  0.0 hi,  0.0 si,  0.0 st
MiB Mem :   3844.2 total,    171.7 free,    561.8 used,   3110.7 buff/cache
MiB Swap:   3980.0 total,   3975.9 free,      4.1 used.   3000.6 avail Mem 

    PID USER      PR  NI    VIRT    RES    SHR S  %CPU  %MEM     TIME+ COMMAND
    937 www-data  20   0   26028  20328   4156 S   0.0   0.5  45:02.23 nginx

top - 14:35:05 up 9 days, 22:48,  1 user,  load average: 0.61, 0.50, 0.52
Tasks: 204 total,   1 running, 203 sleeping,   0 stopped,   0 zombie
%Cpu(s):  6.5 us,  2.8 sy,  0.0 ni, 90.7 id,  0.0 wa,  0.0 hi,  0.0 si,  0.0 st
MiB Mem :   3844.2 total,    171.7 free,    561.8 used,   3110.7 buff/cache
MiB Swap:   3980.0 total,   3975.9 free,      4.1 used.   3000.6 avail Mem 

    PID USER      PR  NI    VIRT    RES    SHR S  %CPU  %MEM     TIME+ COMMAND

top - 14:35:06 up 9 days, 22:48,  1 user,  load average: 0.61, 0.50, 0.52
Tasks: 204 total,   1 running, 203 sleeping,   0 stopped,   0 zombie
%Cpu(s):  6.5 us,  2.8 sy,  0.0 ni, 90.7 id,  0.0 wa,  0.0 hi,  0.0 si,  0.0 st
MiB Mem :   3844.2 total,    171.7 free,    561.8 used,   3110.7 buff/cache
MiB Swap:   3980.0 total,   3975.9 free,      4.1 used.   3000.6 avail Mem 

    PID USER      PR  NI    VIRT    RES    SHR S  %CPU  %MEM     TIME+ COMMAND
    937 www-data  20   0   26028  20328   4156 S   0.0   0.5  45:02.29 nginx

top - 14:35:07 up 9 days, 22:48,  1 user,  load average: 0.61, 0.50, 0.52
Tasks: 204 total,   1 running, 203 sleeping,   0 stopped,   0 zombie
%Cpu(s):  6.5 us,  3.7 sy,  0.0 ni, 89.7 id,  0.0 wa,  0.0 hi,  0.0 si,  0.0 st
MiB Mem :   3844.2 total,    171.7 free,    561.8 used,   3110.7 buff/cache
MiB Swap:   3980.0 total,   3975.9 free,      4.1 used.   3000.6 avail Mem 

    PID USER      PR  NI    VIRT    RES    SHR S  %CPU  %MEM     TIME+ COMMAND

top - 14:35:07 up 9 days, 22:48,  1 user,  load average: 0.61, 0.50, 0.52
Tasks: 204 total,   2 running, 202 sleeping,   0 stopped,   0 zombie
%Cpu(s):  6.5 us,  3.7 sy,  0.0 ni, 89.8 id,  0.0 wa,  0.0 hi,  0.0 si,  0.0 st
MiB Mem :   3844.2 total,    171.7 free,    561.8 used,   3110.7 buff/cache
MiB Swap:   3980.0 total,   3975.9 free,      4.1 used.   3000.6 avail Mem 

    PID USER      PR  NI    VIRT    RES    SHR S  %CPU  %MEM     TIME+ COMMAND

top - 14:35:08 up 9 days, 22:48,  1 user,  load average: 0.61, 0.50, 0.52
Tasks: 204 total,   1 running, 203 sleeping,   0 stopped,   0 zombie
%Cpu(s):  2.7 us,  3.6 sy,  0.0 ni, 92.7 id,  0.0 wa,  0.0 hi,  0.9 si,  0.0 st
MiB Mem :   3844.2 total,    171.7 free,    561.8 used,   3110.7 buff/cache
MiB Swap:   3980.0 total,   3975.9 free,      4.1 used.   3000.6 avail Mem 

    PID USER      PR  NI    VIRT    RES    SHR S  %CPU  %MEM     TIME+ COMMAND

top - 14:35:08 up 9 days, 22:48,  1 user,  load average: 0.61, 0.50, 0.52
Tasks: 204 total,   1 running, 203 sleeping,   0 stopped,   0 zombie
%Cpu(s):  7.5 us,  2.8 sy,  0.0 ni, 89.7 id,  0.0 wa,  0.0 hi,  0.0 si,  0.0 st
MiB Mem :   3844.2 total,    171.7 free,    561.8 used,   3110.7 buff/cache
MiB Swap:   3980.0 total,   3975.9 free,      4.1 used.   3000.6 avail Mem 

    PID USER      PR  NI    VIRT    RES    SHR S  %CPU  %MEM     TIME+ COMMAND

top - 14:35:09 up 9 days, 22:48,  1 user,  load average: 0.61, 0.50, 0.52
Tasks: 204 total,   1 running, 203 sleeping,   0 stopped,   0 zombie
%Cpu(s):  1.8 us,  2.8 sy,  0.0 ni, 95.4 id,  0.0 wa,  0.0 hi,  0.0 si,  0.0 st
MiB Mem :   3844.2 total,    171.7 free,    561.8 used,   3110.7 buff/cache
MiB Swap:   3980.0 total,   3975.9 free,      4.1 used.   3000.6 avail Mem 

    PID USER      PR  NI    VIRT    RES    SHR S  %CPU  %MEM     TIME+ COMMAND
    937 www-data  20   0   26028  20328   4156 S   0.0   0.5  45:02.50 nginx

top - 14:35:09 up 9 days, 22:48,  1 user,  load average: 0.72, 0.52, 0.53
Tasks: 204 total,   1 running, 203 sleeping,   0 stopped,   0 zombie
%Cpu(s):  5.6 us,  7.5 sy,  0.9 ni, 74.8 id, 11.2 wa,  0.0 hi,  0.0 si,  0.0 st
MiB Mem :   3844.2 total,    171.7 free,    561.8 used,   3110.7 buff/cache
MiB Swap:   3980.0 total,   3975.9 free,      4.1 used.   3000.6 avail Mem 

    PID USER      PR  NI    VIRT    RES    SHR S  %CPU  %MEM     TIME+ COMMAND

top - 14:35:10 up 9 days, 22:48,  1 user,  load average: 0.72, 0.52, 0.53
Tasks: 203 total,   1 running, 202 sleeping,   0 stopped,   0 zombie
%Cpu(s):  2.8 us,  5.6 sy,  2.8 ni, 80.6 id,  8.3 wa,  0.0 hi,  0.0 si,  0.0 st
MiB Mem :   3844.2 total,    171.5 free,    562.0 used,   3110.7 buff/cache
MiB Swap:   3980.0 total,   3975.9 free,      4.1 used.   3000.4 avail Mem 

    PID USER      PR  NI    VIRT    RES    SHR S  %CPU  %MEM     TIME+ COMMAND
    937 www-data  20   0   26028  20328   4156 S   0.0   0.5  45:02.54 nginx

top - 14:35:10 up 9 days, 22:48,  1 user,  load average: 0.72, 0.52, 0.53
Tasks: 203 total,   1 running, 202 sleeping,   0 stopped,   0 zombie
%Cpu(s):  6.4 us,  4.6 sy,  0.0 ni, 89.0 id,  0.0 wa,  0.0 hi,  0.0 si,  0.0 st
MiB Mem :   3844.2 total,    171.5 free,    562.0 used,   3110.7 buff/cache
MiB Swap:   3980.0 total,   3975.9 free,      4.1 used.   3000.4 avail Mem 

    PID USER      PR  NI    VIRT    RES    SHR S  %CPU  %MEM     TIME+ COMMAND

top - 14:35:11 up 9 days, 22:48,  1 user,  load average: 0.72, 0.52, 0.53
Tasks: 203 total,   1 running, 202 sleeping,   0 stopped,   0 zombie
%Cpu(s):  1.9 us,  1.9 sy,  0.0 ni, 96.3 id,  0.0 wa,  0.0 hi,  0.0 si,  0.0 st
MiB Mem :   3844.2 total,    171.5 free,    562.0 used,   3110.7 buff/cache
MiB Swap:   3980.0 total,   3975.9 free,      4.1 used.   3000.4 avail Mem 

    PID USER      PR  NI    VIRT    RES    SHR S  %CPU  %MEM     TIME+ COMMAND
    937 www-data  20   0   26028  20328   4156 S   0.0   0.5  45:02.60 nginx

top - 14:35:11 up 9 days, 22:48,  1 user,  load average: 0.72, 0.52, 0.53
Tasks: 203 total,   1 running, 202 sleeping,   0 stopped,   0 zombie
%Cpu(s):  7.3 us,  3.6 sy,  0.0 ni, 89.1 id,  0.0 wa,  0.0 hi,  0.0 si,  0.0 st
MiB Mem :   3844.2 total,    171.5 free,    562.0 used,   3110.7 buff/cache
MiB Swap:   3980.0 total,   3975.9 free,      4.1 used.   3000.4 avail Mem 

    PID USER      PR  NI    VIRT    RES    SHR S  %CPU  %MEM     TIME+ COMMAND

top - 14:35:12 up 9 days, 22:48,  1 user,  load average: 0.72, 0.52, 0.53
Tasks: 203 total,   1 running, 202 sleeping,   0 stopped,   0 zombie
%Cpu(s):  1.8 us,  2.8 sy,  0.0 ni, 95.4 id,  0.0 wa,  0.0 hi,  0.0 si,  0.0 st
MiB Mem :   3844.2 total,    171.5 free,    562.0 used,   3110.7 buff/cache
MiB Swap:   3980.0 total,   3975.9 free,      4.1 used.   3000.4 avail Mem 

    PID USER      PR  NI    VIRT    RES    SHR S  %CPU  %MEM     TIME+ COMMAND
    937 www-data  20   0   26028  20328   4156 S   0.0   0.5  45:02.66 nginx

top - 14:35:13 up 9 days, 22:48,  1 user,  load average: 0.72, 0.52, 0.53
Tasks: 203 total,   1 running, 202 sleeping,   0 stopped,   0 zombie
%Cpu(s):  9.3 us,  2.8 sy,  0.0 ni, 88.0 id,  0.0 wa,  0.0 hi,  0.0 si,  0.0 st
MiB Mem :   3844.2 total,    195.8 free,    537.7 used,   3110.7 buff/cache
MiB Swap:   3980.0 total,   3975.9 free,      4.1 used.   3024.7 avail Mem 

    PID USER      PR  NI    VIRT    RES    SHR S  %CPU  %MEM     TIME+ COMMAND

top - 14:35:13 up 9 days, 22:48,  1 user,  load average: 0.72, 0.52, 0.53
Tasks: 203 total,   2 running, 201 sleeping,   0 stopped,   0 zombie
%Cpu(s):  5.6 us,  1.9 sy,  0.0 ni, 92.5 id,  0.0 wa,  0.0 hi,  0.0 si,  0.0 st
MiB Mem :   3844.2 total,    195.8 free,    537.7 used,   3110.7 buff/cache
MiB Swap:   3980.0 total,   3975.9 free,      4.1 used.   3024.7 avail Mem 

    PID USER      PR  NI    VIRT    RES    SHR S  %CPU  %MEM     TIME+ COMMAND

top - 14:35:14 up 9 days, 22:48,  1 user,  load average: 0.72, 0.52, 0.53
Tasks: 203 total,   1 running, 202 sleeping,   0 stopped,   0 zombie
%Cpu(s):  2.7 us,  3.6 sy,  0.0 ni, 93.6 id,  0.0 wa,  0.0 hi,  0.0 si,  0.0 st
MiB Mem :   3844.2 total,    195.8 free,    537.7 used,   3110.7 buff/cache
MiB Swap:   3980.0 total,   3975.9 free,      4.1 used.   3024.7 avail Mem 

    PID USER      PR  NI    VIRT    RES    SHR S  %CPU  %MEM     TIME+ COMMAND

top - 14:35:14 up 9 days, 22:48,  1 user,  load average: 0.72, 0.52, 0.53
Tasks: 202 total,   3 running, 199 sleeping,   0 stopped,   0 zombie
%Cpu(s):  8.7 us,  3.9 sy,  1.0 ni, 86.4 id,  0.0 wa,  0.0 hi,  0.0 si,  0.0 st
MiB Mem :   3844.2 total,    195.8 free,    537.7 used,   3110.7 buff/cache
MiB Swap:   3980.0 total,   3975.9 free,      4.1 used.   3024.7 avail Mem 

    PID USER      PR  NI    VIRT    RES    SHR S  %CPU  %MEM     TIME+ COMMAND

top - 14:35:15 up 9 days, 22:48,  1 user,  load average: 0.82, 0.55, 0.54
Tasks: 204 total,   1 running, 203 sleeping,   0 stopped,   0 zombie
%Cpu(s):  5.7 us, 10.5 sy, 11.4 ni, 60.0 id, 12.4 wa,  0.0 hi,  0.0 si,  0.0 st
MiB Mem :   3844.2 total,    195.8 free,    537.7 used,   3110.7 buff/cache
MiB Swap:   3980.0 total,   3975.9 free,      4.1 used.   3024.7 avail Mem 

    PID USER      PR  NI    VIRT    RES    SHR S  %CPU  %MEM     TIME+ COMMAND
    937 www-data  20   0   26028  20328   4156 S   0.0   0.5  45:02.86 nginx

top - 14:35:15 up 9 days, 22:48,  1 user,  load average: 0.82, 0.55, 0.54
Tasks: 204 total,   1 running, 203 sleeping,   0 stopped,   0 zombie
%Cpu(s):  9.3 us,  1.9 sy,  0.0 ni, 88.8 id,  0.0 wa,  0.0 hi,  0.0 si,  0.0 st
MiB Mem :   3844.2 total,    195.8 free,    537.7 used,   3110.7 buff/cache
MiB Swap:   3980.0 total,   3975.9 free,      4.1 used.   3024.7 avail Mem 

    PID USER      PR  NI    VIRT    RES    SHR S  %CPU  %MEM     TIME+ COMMAND

top - 14:35:16 up 9 days, 22:48,  1 user,  load average: 0.82, 0.55, 0.54
Tasks: 204 total,   1 running, 203 sleeping,   0 stopped,   0 zombie
%Cpu(s):  0.9 us,  2.8 sy,  0.0 ni, 96.3 id,  0.0 wa,  0.0 hi,  0.0 si,  0.0 st
MiB Mem :   3844.2 total,    188.6 free,    544.8 used,   3110.7 buff/cache
MiB Swap:   3980.0 total,   3975.9 free,      4.1 used.   3017.6 avail Mem 

    PID USER      PR  NI    VIRT    RES    SHR S  %CPU  %MEM     TIME+ COMMAND
    937 www-data  20   0   26028  20328   4156 S   0.0   0.5  45:02.93 nginx

top - 14:35:16 up 9 days, 22:48,  1 user,  load average: 0.82, 0.55, 0.54
Tasks: 204 total,   1 running, 203 sleeping,   0 stopped,   0 zombie
%Cpu(s):  6.5 us,  3.7 sy,  0.0 ni, 89.7 id,  0.0 wa,  0.0 hi,  0.0 si,  0.0 st
MiB Mem :   3844.2 total,    188.6 free,    544.8 used,   3110.7 buff/cache
MiB Swap:   3980.0 total,   3975.9 free,      4.1 used.   3017.6 avail Mem 

    PID USER      PR  NI    VIRT    RES    SHR S  %CPU  %MEM     TIME+ COMMAND

top - 14:35:17 up 9 days, 22:49,  1 user,  load average: 0.82, 0.55, 0.54
Tasks: 204 total,   1 running, 203 sleeping,   0 stopped,   0 zombie
%Cpu(s):  0.9 us,  3.7 sy,  0.0 ni, 95.4 id,  0.0 wa,  0.0 hi,  0.0 si,  0.0 st
MiB Mem :   3844.2 total,    188.6 free,    544.8 used,   3110.7 buff/cache
MiB Swap:   3980.0 total,   3975.9 free,      4.1 used.   3017.6 avail Mem 

    PID USER      PR  NI    VIRT    RES    SHR S  %CPU  %MEM     TIME+ COMMAND
    937 www-data  20   0   26028  20328   4156 S   0.0   0.5  45:03.00 nginx

top - 14:35:17 up 9 days, 22:49,  1 user,  load average: 0.82, 0.55, 0.54
Tasks: 204 total,   1 running, 203 sleeping,   0 stopped,   0 zombie
%Cpu(s):  6.5 us,  3.7 sy,  0.0 ni, 89.8 id,  0.0 wa,  0.0 hi,  0.0 si,  0.0 st
MiB Mem :   3844.2 total,    188.6 free,    544.8 used,   3110.7 buff/cache
MiB Swap:   3980.0 total,   3975.9 free,      4.1 used.   3017.6 avail Mem 

    PID USER      PR  NI    VIRT    RES    SHR S  %CPU  %MEM     TIME+ COMMAND

top - 14:35:18 up 9 days, 22:49,  1 user,  load average: 0.82, 0.55, 0.54
Tasks: 203 total,   1 running, 202 sleeping,   0 stopped,   0 zombie
%Cpu(s):  7.5 us,  3.7 sy,  0.0 ni, 88.8 id,  0.0 wa,  0.0 hi,  0.0 si,  0.0 st
MiB Mem :   3844.2 total,    188.6 free,    544.8 used,   3110.7 buff/cache
MiB Swap:   3980.0 total,   3975.9 free,      4.1 used.   3017.6 avail Mem 

    PID USER      PR  NI    VIRT    RES    SHR S  %CPU  %MEM     TIME+ COMMAND

top - 14:35:19 up 9 days, 22:49,  1 user,  load average: 0.82, 0.55, 0.54
Tasks: 203 total,   1 running, 202 sleeping,   0 stopped,   0 zombie
%Cpu(s):  7.4 us,  3.7 sy,  0.0 ni, 88.0 id,  0.0 wa,  0.0 hi,  0.9 si,  0.0 st
MiB Mem :   3844.2 total,    188.6 free,    544.8 used,   3110.7 buff/cache
MiB Swap:   3980.0 total,   3975.9 free,      4.1 used.   3017.6 avail Mem 

    PID USER      PR  NI    VIRT    RES    SHR S  %CPU  %MEM     TIME+ COMMAND

top - 14:35:19 up 9 days, 22:49,  1 user,  load average: 0.82, 0.55, 0.54
Tasks: 203 total,   1 running, 202 sleeping,   0 stopped,   0 zombie
%Cpu(s):  1.8 us,  3.7 sy,  0.0 ni, 94.5 id,  0.0 wa,  0.0 hi,  0.0 si,  0.0 st
MiB Mem :   3844.2 total,    188.6 free,    544.8 used,   3110.7 buff/cache
MiB Swap:   3980.0 total,   3975.9 free,      4.1 used.   3017.6 avail Mem 

    PID USER      PR  NI    VIRT    RES    SHR S  %CPU  %MEM     TIME+ COMMAND
    937 www-data  20   0   26028  20328   4156 S   0.0   0.5  45:03.16 nginx

top - 14:35:20 up 9 days, 22:49,  1 user,  load average: 0.92, 0.57, 0.55
Tasks: 203 total,   1 running, 202 sleeping,   0 stopped,   0 zombie
%Cpu(s): 11.1 us,  7.4 sy,  2.8 ni, 61.1 id, 17.6 wa,  0.0 hi,  0.0 si,  0.0 st
MiB Mem :   3844.2 total,    188.6 free,    544.8 used,   3110.7 buff/cache
MiB Swap:   3980.0 total,   3975.9 free,      4.1 used.   3017.6 avail Mem 

    PID USER      PR  NI    VIRT    RES    SHR S  %CPU  %MEM     TIME+ COMMAND

top - 14:35:20 up 9 days, 22:49,  1 user,  load average: 0.92, 0.57, 0.55
Tasks: 203 total,   2 running, 201 sleeping,   0 stopped,   0 zombie
%Cpu(s):  7.5 us,  2.8 sy,  0.0 ni, 89.7 id,  0.0 wa,  0.0 hi,  0.0 si,  0.0 st
MiB Mem :   3844.2 total,    188.6 free,    544.8 used,   3110.7 buff/cache
MiB Swap:   3980.0 total,   3975.9 free,      4.1 used.   3017.6 avail Mem 

    PID USER      PR  NI    VIRT    RES    SHR S  %CPU  %MEM     TIME+ COMMAND

top - 14:35:21 up 9 days, 22:49,  1 user,  load average: 0.92, 0.57, 0.55
Tasks: 203 total,   1 running, 202 sleeping,   0 stopped,   0 zombie
%Cpu(s):  0.0 us,  3.7 sy,  0.0 ni, 96.3 id,  0.0 wa,  0.0 hi,  0.0 si,  0.0 st
MiB Mem :   3844.2 total,    188.6 free,    544.8 used,   3110.7 buff/cache
MiB Swap:   3980.0 total,   3975.9 free,      4.1 used.   3017.6 avail Mem 

    PID USER      PR  NI    VIRT    RES    SHR S  %CPU  %MEM     TIME+ COMMAND

top - 14:35:21 up 9 days, 22:49,  1 user,  load average: 0.92, 0.57, 0.55
Tasks: 203 total,   1 running, 202 sleeping,   0 stopped,   0 zombie
%Cpu(s):  7.4 us,  1.9 sy,  0.0 ni, 90.7 id,  0.0 wa,  0.0 hi,  0.0 si,  0.0 st
MiB Mem :   3844.2 total,    188.6 free,    544.8 used,   3110.7 buff/cache
MiB Swap:   3980.0 total,   3975.9 free,      4.1 used.   3017.6 avail Mem 

    PID USER      PR  NI    VIRT    RES    SHR S  %CPU  %MEM     TIME+ COMMAND

top - 14:35:22 up 9 days, 22:49,  1 user,  load average: 0.92, 0.57, 0.55
Tasks: 203 total,   1 running, 202 sleeping,   0 stopped,   0 zombie
%Cpu(s):  0.9 us,  2.8 sy,  0.0 ni, 96.3 id,  0.0 wa,  0.0 hi,  0.0 si,  0.0 st
MiB Mem :   3844.2 total,    188.6 free,    544.8 used,   3110.7 buff/cache
MiB Swap:   3980.0 total,   3975.9 free,      4.1 used.   3017.6 avail Mem 

    PID USER      PR  NI    VIRT    RES    SHR S  %CPU  %MEM     TIME+ COMMAND
    937 www-data  20   0   26028  20328   4156 S   0.0   0.5  45:03.34 nginx

top - 14:35:22 up 9 days, 22:49,  1 user,  load average: 0.92, 0.57, 0.55
Tasks: 203 total,   1 running, 202 sleeping,   0 stopped,   0 zombie
%Cpu(s):  7.4 us,  3.7 sy,  0.0 ni, 88.9 id,  0.0 wa,  0.0 hi,  0.0 si,  0.0 st
MiB Mem :   3844.2 total,    188.6 free,    544.8 used,   3110.7 buff/cache
MiB Swap:   3980.0 total,   3975.9 free,      4.1 used.   3017.6 avail Mem 

    PID USER      PR  NI    VIRT    RES    SHR S  %CPU  %MEM     TIME+ COMMAND

top - 14:35:23 up 9 days, 22:49,  1 user,  load average: 0.92, 0.57, 0.55
Tasks: 203 total,   1 running, 202 sleeping,   0 stopped,   0 zombie
%Cpu(s):  1.9 us,  2.8 sy,  0.0 ni, 95.4 id,  0.0 wa,  0.0 hi,  0.0 si,  0.0 st
MiB Mem :   3844.2 total,    188.6 free,    544.8 used,   3110.7 buff/cache
MiB Swap:   3980.0 total,   3975.9 free,      4.1 used.   3017.6 avail Mem 

    PID USER      PR  NI    VIRT    RES    SHR S  %CPU  %MEM     TIME+ COMMAND
    937 www-data  20   0   26028  20328   4156 S   0.0   0.5  45:03.42 nginx

top - 14:35:23 up 9 days, 22:49,  1 user,  load average: 0.92, 0.57, 0.55
Tasks: 203 total,   1 running, 202 sleeping,   0 stopped,   0 zombie
%Cpu(s):  7.5 us,  2.8 sy,  0.0 ni, 89.7 id,  0.0 wa,  0.0 hi,  0.0 si,  0.0 st
MiB Mem :   3844.2 total,    188.6 free,    544.8 used,   3110.7 buff/cache
MiB Swap:   3980.0 total,   3975.9 free,      4.1 used.   3017.6 avail Mem 

    PID USER      PR  NI    VIRT    RES    SHR S  %CPU  %MEM     TIME+ COMMAND

top - 14:35:24 up 9 days, 22:49,  1 user,  load average: 0.92, 0.57, 0.55
Tasks: 203 total,   1 running, 202 sleeping,   0 stopped,   0 zombie
%Cpu(s):  0.9 us,  3.7 sy,  0.0 ni, 95.4 id,  0.0 wa,  0.0 hi,  0.0 si,  0.0 st
MiB Mem :   3844.2 total,    188.6 free,    544.8 used,   3110.7 buff/cache
MiB Swap:   3980.0 total,   3975.9 free,      4.1 used.   3017.6 avail Mem 

    PID USER      PR  NI    VIRT    RES    SHR S  %CPU  %MEM     TIME+ COMMAND
    937 www-data  20   0   26028  20328   4156 S   0.0   0.5  45:03.49 nginx

top - 14:35:24 up 9 days, 22:49,  1 user,  load average: 0.92, 0.58, 0.55
Tasks: 203 total,   2 running, 201 sleeping,   0 stopped,   0 zombie
%Cpu(s):  8.4 us,  9.3 sy,  2.8 ni, 64.5 id, 15.0 wa,  0.0 hi,  0.0 si,  0.0 st
MiB Mem :   3844.2 total,    188.6 free,    544.8 used,   3110.7 buff/cache
MiB Swap:   3980.0 total,   3975.9 free,      4.1 used.   3017.6 avail Mem 

    PID USER      PR  NI    VIRT    RES    SHR S  %CPU  %MEM     TIME+ COMMAND

top - 14:35:25 up 9 days, 22:49,  1 user,  load average: 0.92, 0.58, 0.55
Tasks: 202 total,   1 running, 201 sleeping,   0 stopped,   0 zombie
%Cpu(s):  4.7 us,  3.7 sy,  1.9 ni, 89.7 id,  0.0 wa,  0.0 hi,  0.0 si,  0.0 st
MiB Mem :   3844.2 total,    188.6 free,    544.8 used,   3110.7 buff/cache
MiB Swap:   3980.0 total,   3975.9 free,      4.1 used.   3017.6 avail Mem 

    PID USER      PR  NI    VIRT    RES    SHR S  %CPU  %MEM     TIME+ COMMAND
    937 www-data  20   0   26028  20328   4156 S   0.0   0.5  45:03.56 nginx

top - 14:35:26 up 9 days, 22:49,  1 user,  load average: 0.92, 0.58, 0.55
Tasks: 203 total,   1 running, 202 sleeping,   0 stopped,   0 zombie
%Cpu(s):  7.4 us,  2.8 sy,  0.0 ni, 89.8 id,  0.0 wa,  0.0 hi,  0.0 si,  0.0 st
MiB Mem :   3844.2 total,    188.6 free,    544.8 used,   3110.7 buff/cache
MiB Swap:   3980.0 total,   3975.9 free,      4.1 used.   3017.6 avail Mem 

    PID USER      PR  NI    VIRT    RES    SHR S  %CPU  %MEM     TIME+ COMMAND

top - 14:35:26 up 9 days, 22:49,  1 user,  load average: 0.92, 0.58, 0.55
Tasks: 203 total,   2 running, 201 sleeping,   0 stopped,   0 zombie
%Cpu(s):  5.6 us,  2.8 sy,  0.0 ni, 91.7 id,  0.0 wa,  0.0 hi,  0.0 si,  0.0 st
MiB Mem :   3844.2 total,    188.6 free,    544.8 used,   3110.7 buff/cache
MiB Swap:   3980.0 total,   3975.9 free,      4.1 used.   3017.6 avail Mem 

    PID USER      PR  NI    VIRT    RES    SHR S  %CPU  %MEM     TIME+ COMMAND

top - 14:35:27 up 9 days, 22:49,  1 user,  load average: 0.92, 0.58, 0.55
Tasks: 203 total,   1 running, 202 sleeping,   0 stopped,   0 zombie
%Cpu(s):  3.7 us,  2.8 sy,  0.0 ni, 93.6 id,  0.0 wa,  0.0 hi,  0.0 si,  0.0 st
MiB Mem :   3844.2 total,    188.6 free,    544.8 used,   3110.7 buff/cache
MiB Swap:   3980.0 total,   3975.9 free,      4.1 used.   3017.6 avail Mem 

    PID USER      PR  NI    VIRT    RES    SHR S  %CPU  %MEM     TIME+ COMMAND

top - 14:35:27 up 9 days, 22:49,  1 user,  load average: 0.92, 0.58, 0.55
Tasks: 203 total,   1 running, 202 sleeping,   0 stopped,   0 zombie
%Cpu(s):  7.5 us,  1.9 sy,  0.0 ni, 90.6 id,  0.0 wa,  0.0 hi,  0.0 si,  0.0 st
MiB Mem :   3844.2 total,    188.6 free,    544.8 used,   3110.7 buff/cache
MiB Swap:   3980.0 total,   3975.9 free,      4.1 used.   3017.6 avail Mem 

    PID USER      PR  NI    VIRT    RES    SHR S  %CPU  %MEM     TIME+ COMMAND

top - 14:35:28 up 9 days, 22:49,  1 user,  load average: 0.92, 0.58, 0.55
Tasks: 203 total,   1 running, 202 sleeping,   0 stopped,   0 zombie
%Cpu(s):  0.9 us,  3.7 sy,  0.0 ni, 95.4 id,  0.0 wa,  0.0 hi,  0.0 si,  0.0 st
MiB Mem :   3844.2 total,    188.6 free,    544.8 used,   3110.7 buff/cache
MiB Swap:   3980.0 total,   3975.9 free,      4.1 used.   3017.6 avail Mem 

    PID USER      PR  NI    VIRT    RES    SHR S  %CPU  %MEM     TIME+ COMMAND
    937 www-data  20   0   26028  20328   4156 S   0.0   0.5  45:03.75 nginx

top - 14:35:28 up 9 days, 22:49,  1 user,  load average: 0.92, 0.58, 0.55
Tasks: 203 total,   1 running, 202 sleeping,   0 stopped,   0 zombie
%Cpu(s):  8.4 us,  1.9 sy,  0.0 ni, 89.7 id,  0.0 wa,  0.0 hi,  0.0 si,  0.0 st
MiB Mem :   3844.2 total,    188.6 free,    544.8 used,   3110.7 buff/cache
MiB Swap:   3980.0 total,   3975.9 free,      4.1 used.   3017.6 avail Mem 

    PID USER      PR  NI    VIRT    RES    SHR S  %CPU  %MEM     TIME+ COMMAND

top - 14:35:29 up 9 days, 22:49,  1 user,  load average: 0.92, 0.58, 0.55
Tasks: 203 total,   1 running, 202 sleeping,   0 stopped,   0 zombie
%Cpu(s):  0.9 us,  3.7 sy,  0.0 ni, 95.4 id,  0.0 wa,  0.0 hi,  0.0 si,  0.0 st
MiB Mem :   3844.2 total,    188.6 free,    544.8 used,   3110.7 buff/cache
MiB Swap:   3980.0 total,   3975.9 free,      4.1 used.   3017.6 avail Mem 

    PID USER      PR  NI    VIRT    RES    SHR S  %CPU  %MEM     TIME+ COMMAND
    937 www-data  20   0   26028  20328   4156 S   0.0   0.5  45:03.82 nginx

top - 14:35:29 up 9 days, 22:49,  1 user,  load average: 0.85, 0.57, 0.55
Tasks: 206 total,   2 running, 204 sleeping,   0 stopped,   0 zombie
%Cpu(s):  8.8 us,  4.9 sy,  0.0 ni, 86.3 id,  0.0 wa,  0.0 hi,  0.0 si,  0.0 st
MiB Mem :   3844.2 total,    188.6 free,    544.8 used,   3110.7 buff/cache
MiB Swap:   3980.0 total,   3975.9 free,      4.1 used.   3017.6 avail Mem 

    PID USER      PR  NI    VIRT    RES    SHR S  %CPU  %MEM     TIME+ COMMAND

top - 14:35:30 up 9 days, 22:49,  1 user,  load average: 0.85, 0.57, 0.55
Tasks: 204 total,   1 running, 203 sleeping,   0 stopped,   0 zombie
%Cpu(s): 10.2 us, 12.0 sy, 13.0 ni, 49.1 id, 15.7 wa,  0.0 hi,  0.0 si,  0.0 st
MiB Mem :   3844.2 total,    188.6 free,    544.8 used,   3110.7 buff/cache
MiB Swap:   3980.0 total,   3975.9 free,      4.1 used.   3017.6 avail Mem 

    PID USER      PR  NI    VIRT    RES    SHR S  %CPU  %MEM     TIME+ COMMAND
    937 www-data  20   0   26028  20328   4156 S   0.0   0.5  45:03.89 nginx

top - 14:35:30 up 9 days, 22:49,  1 user,  load average: 0.85, 0.57, 0.55
Tasks: 204 total,   1 running, 203 sleeping,   0 stopped,   0 zombie
%Cpu(s):  7.4 us,  3.7 sy,  0.0 ni, 88.0 id,  0.9 wa,  0.0 hi,  0.0 si,  0.0 st
MiB Mem :   3844.2 total,    188.6 free,    544.8 used,   3110.7 buff/cache
MiB Swap:   3980.0 total,   3975.9 free,      4.1 used.   3017.6 avail Mem 

    PID USER      PR  NI    VIRT    RES    SHR S  %CPU  %MEM     TIME+ COMMAND

top - 14:35:31 up 9 days, 22:49,  1 user,  load average: 0.85, 0.57, 0.55
Tasks: 204 total,   1 running, 203 sleeping,   0 stopped,   0 zombie
%Cpu(s):  1.9 us,  2.8 sy,  0.0 ni, 95.4 id,  0.0 wa,  0.0 hi,  0.0 si,  0.0 st
MiB Mem :   3844.2 total,    186.2 free,    547.3 used,   3110.7 buff/cache
MiB Swap:   3980.0 total,   3975.9 free,      4.1 used.   3015.2 avail Mem 

    PID USER      PR  NI    VIRT    RES    SHR S  %CPU  %MEM     TIME+ COMMAND
    937 www-data  20   0   26028  20328   4156 S   0.0   0.5  45:03.95 nginx

top - 14:35:32 up 9 days, 22:49,  1 user,  load average: 0.85, 0.57, 0.55
Tasks: 204 total,   1 running, 203 sleeping,   0 stopped,   0 zombie
%Cpu(s):  6.5 us,  2.8 sy,  0.0 ni, 90.7 id,  0.0 wa,  0.0 hi,  0.0 si,  0.0 st
MiB Mem :   3844.2 total,    186.2 free,    547.3 used,   3110.7 buff/cache
MiB Swap:   3980.0 total,   3975.9 free,      4.1 used.   3015.2 avail Mem 

    PID USER      PR  NI    VIRT    RES    SHR S  %CPU  %MEM     TIME+ COMMAND

top - 14:35:32 up 9 days, 22:49,  1 user,  load average: 0.85, 0.57, 0.55
Tasks: 204 total,   1 running, 203 sleeping,   0 stopped,   0 zombie
%Cpu(s):  1.9 us,  1.9 sy,  0.0 ni, 96.2 id,  0.0 wa,  0.0 hi,  0.0 si,  0.0 st
MiB Mem :   3844.2 total,    186.2 free,    547.3 used,   3110.7 buff/cache
MiB Swap:   3980.0 total,   3975.9 free,      4.1 used.   3015.2 avail Mem 

    PID USER      PR  NI    VIRT    RES    SHR S  %CPU  %MEM     TIME+ COMMAND
    937 www-data  20   0   26028  20328   4156 S   0.0   0.5  45:04.02 nginx

top - 14:35:33 up 9 days, 22:49,  1 user,  load average: 0.85, 0.57, 0.55
Tasks: 204 total,   1 running, 203 sleeping,   0 stopped,   0 zombie
%Cpu(s):  6.5 us,  2.8 sy,  0.0 ni, 90.7 id,  0.0 wa,  0.0 hi,  0.0 si,  0.0 st
MiB Mem :   3844.2 total,    186.2 free,    547.3 used,   3110.7 buff/cache
MiB Swap:   3980.0 total,   3975.9 free,      4.1 used.   3015.2 avail Mem 

    PID USER      PR  NI    VIRT    RES    SHR S  %CPU  %MEM     TIME+ COMMAND

top - 14:35:33 up 9 days, 22:49,  1 user,  load average: 0.85, 0.57, 0.55
Tasks: 204 total,   2 running, 202 sleeping,   0 stopped,   0 zombie
%Cpu(s):  5.8 us,  1.9 sy,  0.0 ni, 92.3 id,  0.0 wa,  0.0 hi,  0.0 si,  0.0 st
MiB Mem :   3844.2 total,    186.2 free,    547.3 used,   3110.7 buff/cache
MiB Swap:   3980.0 total,   3975.9 free,      4.1 used.   3015.2 avail Mem 

    PID USER      PR  NI    VIRT    RES    SHR S  %CPU  %MEM     TIME+ COMMAND

top - 14:35:34 up 9 days, 22:49,  1 user,  load average: 0.85, 0.57, 0.55
Tasks: 204 total,   1 running, 203 sleeping,   0 stopped,   0 zombie
%Cpu(s):  1.8 us,  2.8 sy,  0.0 ni, 95.4 id,  0.0 wa,  0.0 hi,  0.0 si,  0.0 st
MiB Mem :   3844.2 total,    186.2 free,    547.3 used,   3110.7 buff/cache
MiB Swap:   3980.0 total,   3975.9 free,      4.1 used.   3015.2 avail Mem 

    PID USER      PR  NI    VIRT    RES    SHR S  %CPU  %MEM     TIME+ COMMAND

top - 14:35:34 up 9 days, 22:49,  1 user,  load average: 0.85, 0.57, 0.55
Tasks: 204 total,   1 running, 203 sleeping,   0 stopped,   0 zombie
%Cpu(s):  6.5 us,  2.8 sy,  0.0 ni, 89.8 id,  0.0 wa,  0.0 hi,  0.9 si,  0.0 st
MiB Mem :   3844.2 total,    186.2 free,    547.3 used,   3110.7 buff/cache
MiB Swap:   3980.0 total,   3975.9 free,      4.1 used.   3015.2 avail Mem 

    PID USER      PR  NI    VIRT    RES    SHR S  %CPU  %MEM     TIME+ COMMAND

top - 14:35:35 up 9 days, 22:49,  1 user,  load average: 0.78, 0.56, 0.54
Tasks: 204 total,   1 running, 203 sleeping,   0 stopped,   0 zombie
%Cpu(s):  4.7 us,  8.4 sy,  3.7 ni, 65.4 id, 17.8 wa,  0.0 hi,  0.0 si,  0.0 st
MiB Mem :   3844.2 total,    186.2 free,    547.3 used,   3110.7 buff/cache
MiB Swap:   3980.0 total,   3975.9 free,      4.1 used.   3015.2 avail Mem 

    PID USER      PR  NI    VIRT    RES    SHR S  %CPU  %MEM     TIME+ COMMAND
    937 www-data  20   0   26028  20328   4156 S   0.0   0.5  45:04.19 nginx

top - 14:35:35 up 9 days, 22:49,  1 user,  load average: 0.78, 0.56, 0.54
Tasks: 204 total,   1 running, 203 sleeping,   0 stopped,   0 zombie
%Cpu(s):  8.4 us,  2.8 sy,  0.0 ni, 88.8 id,  0.0 wa,  0.0 hi,  0.0 si,  0.0 st
MiB Mem :   3844.2 total,    186.2 free,    547.3 used,   3110.7 buff/cache
MiB Swap:   3980.0 total,   3975.9 free,      4.1 used.   3015.2 avail Mem 

    PID USER      PR  NI    VIRT    RES    SHR S  %CPU  %MEM     TIME+ COMMAND

top - 14:35:36 up 9 days, 22:49,  1 user,  load average: 0.78, 0.56, 0.54
Tasks: 204 total,   1 running, 203 sleeping,   0 stopped,   0 zombie
%Cpu(s):  1.9 us,  3.7 sy,  0.0 ni, 94.4 id,  0.0 wa,  0.0 hi,  0.0 si,  0.0 st
MiB Mem :   3844.2 total,    186.2 free,    547.3 used,   3110.7 buff/cache
MiB Swap:   3980.0 total,   3975.9 free,      4.1 used.   3015.2 avail Mem 

    PID USER      PR  NI    VIRT    RES    SHR S  %CPU  %MEM     TIME+ COMMAND
    937 www-data  20   0   26028  20328   4156 S   0.0   0.5  45:04.26 nginx

top - 14:35:36 up 9 days, 22:49,  1 user,  load average: 0.78, 0.56, 0.54
Tasks: 204 total,   1 running, 203 sleeping,   0 stopped,   0 zombie
%Cpu(s):  8.5 us,  2.8 sy,  0.0 ni, 88.7 id,  0.0 wa,  0.0 hi,  0.0 si,  0.0 st
MiB Mem :   3844.2 total,    186.2 free,    547.3 used,   3110.7 buff/cache
MiB Swap:   3980.0 total,   3975.9 free,      4.1 used.   3015.2 avail Mem 

    PID USER      PR  NI    VIRT    RES    SHR S  %CPU  %MEM     TIME+ COMMAND

top - 14:35:37 up 9 days, 22:49,  1 user,  load average: 0.78, 0.56, 0.54
Tasks: 204 total,   1 running, 203 sleeping,   0 stopped,   0 zombie
%Cpu(s):  2.8 us,  2.8 sy,  0.0 ni, 94.4 id,  0.0 wa,  0.0 hi,  0.0 si,  0.0 st
MiB Mem :   3844.2 total,    185.4 free,    548.0 used,   3110.7 buff/cache
MiB Swap:   3980.0 total,   3975.9 free,      4.1 used.   3014.4 avail Mem 

    PID USER      PR  NI    VIRT    RES    SHR S  %CPU  %MEM     TIME+ COMMAND

top - 14:35:37 up 9 days, 22:49,  1 user,  load average: 0.78, 0.56, 0.54
Tasks: 204 total,   1 running, 203 sleeping,   0 stopped,   0 zombie
%Cpu(s):  6.5 us,  3.7 sy,  0.0 ni, 89.7 id,  0.0 wa,  0.0 hi,  0.0 si,  0.0 st
MiB Mem :   3844.2 total,    185.4 free,    548.0 used,   3110.7 buff/cache
MiB Swap:   3980.0 total,   3975.9 free,      4.1 used.   3014.4 avail Mem 

    PID USER      PR  NI    VIRT    RES    SHR S  %CPU  %MEM     TIME+ COMMAND

top - 14:35:38 up 9 days, 22:49,  1 user,  load average: 0.78, 0.56, 0.54
Tasks: 204 total,   1 running, 203 sleeping,   0 stopped,   0 zombie
%Cpu(s):  0.9 us,  2.8 sy,  0.0 ni, 96.2 id,  0.0 wa,  0.0 hi,  0.0 si,  0.0 st
MiB Mem :   3844.2 total,    185.4 free,    548.0 used,   3110.7 buff/cache
MiB Swap:   3980.0 total,   3975.9 free,      4.1 used.   3014.4 avail Mem 

    PID USER      PR  NI    VIRT    RES    SHR S  %CPU  %MEM     TIME+ COMMAND

top - 14:35:39 up 9 days, 22:49,  1 user,  load average: 0.78, 0.56, 0.54
Tasks: 204 total,   1 running, 203 sleeping,   0 stopped,   0 zombie
%Cpu(s):  9.2 us,  3.7 sy,  0.0 ni, 86.2 id,  0.0 wa,  0.0 hi,  0.9 si,  0.0 st
MiB Mem :   3844.2 total,    185.4 free,    548.0 used,   3110.7 buff/cache
MiB Swap:   3980.0 total,   3975.9 free,      4.1 used.   3014.4 avail Mem 

    PID USER      PR  NI    VIRT    RES    SHR S  %CPU  %MEM     TIME+ COMMAND

top - 14:35:39 up 9 days, 22:49,  1 user,  load average: 0.78, 0.56, 0.54
Tasks: 204 total,   3 running, 201 sleeping,   0 stopped,   0 zombie
%Cpu(s):  4.7 us,  3.7 sy,  0.0 ni, 91.6 id,  0.0 wa,  0.0 hi,  0.0 si,  0.0 st
MiB Mem :   3844.2 total,    185.4 free,    548.0 used,   3110.7 buff/cache
MiB Swap:   3980.0 total,   3975.9 free,      4.1 used.   3014.4 avail Mem 

    PID USER      PR  NI    VIRT    RES    SHR S  %CPU  %MEM     TIME+ COMMAND

top - 14:35:40 up 9 days, 22:49,  1 user,  load average: 0.72, 0.55, 0.54
Tasks: 204 total,   1 running, 203 sleeping,   0 stopped,   0 zombie
%Cpu(s):  8.5 us,  7.5 sy,  0.0 ni, 73.6 id, 10.4 wa,  0.0 hi,  0.0 si,  0.0 st
MiB Mem :   3844.2 total,    185.2 free,    548.2 used,   3110.7 buff/cache
MiB Swap:   3980.0 total,   3975.9 free,      4.1 used.   3014.2 avail Mem 

    PID USER      PR  NI    VIRT    RES    SHR S  %CPU  %MEM     TIME+ COMMAND

top - 14:35:40 up 9 days, 22:49,  1 user,  load average: 0.72, 0.55, 0.54
Tasks: 203 total,   1 running, 202 sleeping,   0 stopped,   0 zombie
%Cpu(s):  7.5 us,  6.6 sy,  2.8 ni, 73.6 id,  9.4 wa,  0.0 hi,  0.0 si,  0.0 st
MiB Mem :   3844.2 total,    185.2 free,    548.2 used,   3110.7 buff/cache
MiB Swap:   3980.0 total,   3975.9 free,      4.1 used.   3014.2 avail Mem 

    PID USER      PR  NI    VIRT    RES    SHR S  %CPU  %MEM     TIME+ COMMAND

top - 14:35:41 up 9 days, 22:49,  1 user,  load average: 0.72, 0.55, 0.54
Tasks: 203 total,   1 running, 202 sleeping,   0 stopped,   0 zombie
%Cpu(s):  3.7 us,  3.7 sy,  0.0 ni, 91.6 id,  0.0 wa,  0.0 hi,  0.9 si,  0.0 st
MiB Mem :   3844.2 total,    185.2 free,    548.2 used,   3110.7 buff/cache
MiB Swap:   3980.0 total,   3975.9 free,      4.1 used.   3014.2 avail Mem 

    PID USER      PR  NI    VIRT    RES    SHR S  %CPU  %MEM     TIME+ COMMAND

top - 14:35:41 up 9 days, 22:49,  1 user,  load average: 0.72, 0.55, 0.54
Tasks: 203 total,   1 running, 202 sleeping,   0 stopped,   0 zombie
%Cpu(s):  1.9 us,  3.7 sy,  0.0 ni, 94.4 id,  0.0 wa,  0.0 hi,  0.0 si,  0.0 st
MiB Mem :   3844.2 total,    185.2 free,    548.2 used,   3110.7 buff/cache
MiB Swap:   3980.0 total,   3975.9 free,      4.1 used.   3014.2 avail Mem 

    PID USER      PR  NI    VIRT    RES    SHR S  %CPU  %MEM     TIME+ COMMAND

top - 14:35:42 up 9 days, 22:49,  1 user,  load average: 0.72, 0.55, 0.54
Tasks: 203 total,   1 running, 202 sleeping,   0 stopped,   0 zombie
%Cpu(s):  0.0 us,  2.9 sy,  0.0 ni, 97.1 id,  0.0 wa,  0.0 hi,  0.0 si,  0.0 st
MiB Mem :   3844.2 total,    185.2 free,    548.2 used,   3110.7 buff/cache
MiB Swap:   3980.0 total,   3975.9 free,      4.1 used.   3014.2 avail Mem 

    PID USER      PR  NI    VIRT    RES    SHR S  %CPU  %MEM     TIME+ COMMAND
