top - 14:38:48 up 9 days, 22:52,  1 user,  load average: 0.26, 0.37, 0.47
Tasks: 203 total,   1 running, 202 sleeping,   0 stopped,   0 zombie
%Cpu(s):  5.0 us,  7.5 sy,  0.0 ni, 85.0 id,  0.0 wa,  0.0 hi,  2.5 si,  0.0 st
MiB Mem :   3844.2 total,    184.5 free,    548.1 used,   3111.5 buff/cache
MiB Swap:   3980.0 total,   3975.9 free,      4.1 used.   3014.3 avail Mem 

    PID USER      PR  NI    VIRT    RES    SHR S  %CPU  %MEM     TIME+ COMMAND
    937 www-data  20   0   26028  20328   4156 S   0.0   0.5  46:04.80 nginx

top - 14:38:49 up 9 days, 22:52,  1 user,  load average: 0.26, 0.37, 0.47
Tasks: 203 total,   1 running, 202 sleeping,   0 stopped,   0 zombie
%Cpu(s):  0.0 us,  2.9 sy,  0.0 ni, 97.1 id,  0.0 wa,  0.0 hi,  0.0 si,  0.0 st
MiB Mem :   3844.2 total,    184.5 free,    548.1 used,   3111.5 buff/cache
MiB Swap:   3980.0 total,   3975.9 free,      4.1 used.   3014.3 avail Mem 

    PID USER      PR  NI    VIRT    RES    SHR S  %CPU  %MEM     TIME+ COMMAND
    937 www-data  20   0   26028  20328   4156 S   0.0   0.5  46:04.80 nginx

top - 14:38:49 up 9 days, 22:52,  1 user,  load average: 0.26, 0.37, 0.47
Tasks: 203 total,   1 running, 202 sleeping,   0 stopped,   0 zombie
%Cpu(s):  1.9 us,  1.0 sy,  0.0 ni, 97.1 id,  0.0 wa,  0.0 hi,  0.0 si,  0.0 st
MiB Mem :   3844.2 total,    184.5 free,    548.1 used,   3111.5 buff/cache
MiB Swap:   3980.0 total,   3975.9 free,      4.1 used.   3014.3 avail Mem 

    PID USER      PR  NI    VIRT    RES    SHR S  %CPU  %MEM     TIME+ COMMAND

top - 14:38:50 up 9 days, 22:52,  1 user,  load average: 0.24, 0.37, 0.46
Tasks: 203 total,   2 running, 201 sleeping,   0 stopped,   0 zombie
%Cpu(s):  9.6 us,  1.0 sy,  0.0 ni, 89.4 id,  0.0 wa,  0.0 hi,  0.0 si,  0.0 st
MiB Mem :   3844.2 total,    184.5 free,    548.1 used,   3111.5 buff/cache
MiB Swap:   3980.0 total,   3975.9 free,      4.1 used.   3014.3 avail Mem 

    PID USER      PR  NI    VIRT    RES    SHR S  %CPU  %MEM     TIME+ COMMAND

top - 14:38:50 up 9 days, 22:52,  1 user,  load average: 0.24, 0.37, 0.46
Tasks: 203 total,   1 running, 202 sleeping,   0 stopped,   0 zombie
%Cpu(s):  1.9 us,  1.9 sy,  0.0 ni, 96.2 id,  0.0 wa,  0.0 hi,  0.0 si,  0.0 st
MiB Mem :   3844.2 total,    184.5 free,    548.1 used,   3111.5 buff/cache
MiB Swap:   3980.0 total,   3975.9 free,      4.1 used.   3014.3 avail Mem 

    PID USER      PR  NI    VIRT    RES    SHR S  %CPU  %MEM     TIME+ COMMAND

top - 14:38:51 up 9 days, 22:52,  1 user,  load average: 0.24, 0.37, 0.46
Tasks: 203 total,   1 running, 202 sleeping,   0 stopped,   0 zombie
%Cpu(s):  7.7 us,  2.9 sy,  0.0 ni, 89.4 id,  0.0 wa,  0.0 hi,  0.0 si,  0.0 st
MiB Mem :   3844.2 total,    184.5 free,    548.1 used,   3111.6 buff/cache
MiB Swap:   3980.0 total,   3975.9 free,      4.1 used.   3014.3 avail Mem 

    PID USER      PR  NI    VIRT    RES    SHR S  %CPU  %MEM     TIME+ COMMAND

top - 14:38:51 up 9 days, 22:52,  1 user,  load average: 0.24, 0.37, 0.46
Tasks: 203 total,   1 running, 202 sleeping,   0 stopped,   0 zombie
%Cpu(s):  1.9 us,  2.8 sy,  0.0 ni, 95.3 id,  0.0 wa,  0.0 hi,  0.0 si,  0.0 st
MiB Mem :   3844.2 total,    184.5 free,    548.1 used,   3111.6 buff/cache
MiB Swap:   3980.0 total,   3975.9 free,      4.1 used.   3014.3 avail Mem 

    PID USER      PR  NI    VIRT    RES    SHR S  %CPU  %MEM     TIME+ COMMAND

top - 14:38:52 up 9 days, 22:52,  1 user,  load average: 0.24, 0.37, 0.46
Tasks: 202 total,   1 running, 201 sleeping,   0 stopped,   0 zombie
%Cpu(s):  7.8 us,  7.8 sy,  0.0 ni, 83.3 id,  1.0 wa,  0.0 hi,  0.0 si,  0.0 st
MiB Mem :   3844.2 total,    184.5 free,    548.1 used,   3111.6 buff/cache
MiB Swap:   3980.0 total,   3975.9 free,      4.1 used.   3014.3 avail Mem 

    PID USER      PR  NI    VIRT    RES    SHR S  %CPU  %MEM     TIME+ COMMAND

top - 14:38:52 up 9 days, 22:52,  1 user,  load average: 0.24, 0.37, 0.46
Tasks: 203 total,   1 running, 202 sleeping,   0 stopped,   0 zombie
%Cpu(s):  2.8 us,  2.8 sy,  2.8 ni, 75.7 id, 15.9 wa,  0.0 hi,  0.0 si,  0.0 st
MiB Mem :   3844.2 total,    184.5 free,    548.1 used,   3111.6 buff/cache
MiB Swap:   3980.0 total,   3975.9 free,      4.1 used.   3014.3 avail Mem 

    PID USER      PR  NI    VIRT    RES    SHR S  %CPU  %MEM     TIME+ COMMAND
    937 www-data  20   0   26028  20328   4156 S   0.0   0.5  46:05.06 nginx

top - 14:38:53 up 9 days, 22:52,  1 user,  load average: 0.24, 0.37, 0.46
Tasks: 203 total,   1 running, 202 sleeping,   0 stopped,   0 zombie
%Cpu(s): 10.3 us,  1.9 sy,  0.0 ni, 87.9 id,  0.0 wa,  0.0 hi,  0.0 si,  0.0 st
MiB Mem :   3844.2 total,    184.5 free,    548.1 used,   3111.6 buff/cache
MiB Swap:   3980.0 total,   3975.9 free,      4.1 used.   3014.3 avail Mem 

    PID USER      PR  NI    VIRT    RES    SHR S  %CPU  %MEM     TIME+ COMMAND

top - 14:38:53 up 9 days, 22:52,  1 user,  load average: 0.24, 0.37, 0.46
Tasks: 203 total,   1 running, 202 sleeping,   0 stopped,   0 zombie
%Cpu(s):  1.9 us,  2.8 sy,  0.0 ni, 95.4 id,  0.0 wa,  0.0 hi,  0.0 si,  0.0 st
MiB Mem :   3844.2 total,    184.5 free,    548.1 used,   3111.6 buff/cache
MiB Swap:   3980.0 total,   3975.9 free,      4.1 used.   3014.3 avail Mem 

    PID USER      PR  NI    VIRT    RES    SHR S  %CPU  %MEM     TIME+ COMMAND

top - 14:38:54 up 9 days, 22:52,  1 user,  load average: 0.24, 0.37, 0.46
Tasks: 203 total,   1 running, 202 sleeping,   0 stopped,   0 zombie
%Cpu(s):  7.5 us,  3.7 sy,  0.0 ni, 88.8 id,  0.0 wa,  0.0 hi,  0.0 si,  0.0 st
MiB Mem :   3844.2 total,    183.5 free,    549.1 used,   3111.5 buff/cache
MiB Swap:   3980.0 total,   3975.9 free,      4.1 used.   3013.3 avail Mem 

    PID USER      PR  NI    VIRT    RES    SHR S  %CPU  %MEM     TIME+ COMMAND

top - 14:38:54 up 9 days, 22:52,  1 user,  load average: 0.22, 0.36, 0.46
Tasks: 203 total,   1 running, 202 sleeping,   0 stopped,   0 zombie
%Cpu(s):  2.8 us,  1.9 sy,  0.0 ni, 95.4 id,  0.0 wa,  0.0 hi,  0.0 si,  0.0 st
MiB Mem :   3844.2 total,    183.5 free,    549.1 used,   3111.5 buff/cache
MiB Swap:   3980.0 total,   3975.9 free,      4.1 used.   3013.3 avail Mem 

    PID USER      PR  NI    VIRT    RES    SHR S  %CPU  %MEM     TIME+ COMMAND
    937 www-data  20   0   26028  20328   4156 S   0.0   0.5  46:05.23 nginx

top - 14:38:55 up 9 days, 22:52,  1 user,  load average: 0.22, 0.36, 0.46
Tasks: 203 total,   1 running, 202 sleeping,   0 stopped,   0 zombie
%Cpu(s):  8.6 us,  1.9 sy,  0.0 ni, 89.5 id,  0.0 wa,  0.0 hi,  0.0 si,  0.0 st
MiB Mem :   3844.2 total,    183.5 free,    549.1 used,   3111.5 buff/cache
MiB Swap:   3980.0 total,   3975.9 free,      4.1 used.   3013.3 avail Mem 

    PID USER      PR  NI    VIRT    RES    SHR S  %CPU  %MEM     TIME+ COMMAND

top - 14:38:56 up 9 days, 22:52,  1 user,  load average: 0.22, 0.36, 0.46
Tasks: 203 total,   1 running, 202 sleeping,   0 stopped,   0 zombie
%Cpu(s):  2.8 us,  3.7 sy,  0.0 ni, 93.6 id,  0.0 wa,  0.0 hi,  0.0 si,  0.0 st
MiB Mem :   3844.2 total,    183.5 free,    549.1 used,   3111.5 buff/cache
MiB Swap:   3980.0 total,   3975.9 free,      4.1 used.   3013.3 avail Mem 

    PID USER      PR  NI    VIRT    RES    SHR S  %CPU  %MEM     TIME+ COMMAND
    937 www-data  20   0   26028  20328   4156 S   0.0   0.5  46:05.31 nginx

top - 14:38:56 up 9 days, 22:52,  1 user,  load average: 0.22, 0.36, 0.46
Tasks: 203 total,   1 running, 202 sleeping,   0 stopped,   0 zombie
%Cpu(s):  9.3 us,  1.9 sy,  0.0 ni, 88.9 id,  0.0 wa,  0.0 hi,  0.0 si,  0.0 st
MiB Mem :   3844.2 total,    183.5 free,    549.1 used,   3111.5 buff/cache
MiB Swap:   3980.0 total,   3975.9 free,      4.1 used.   3013.3 avail Mem 

    PID USER      PR  NI    VIRT    RES    SHR S  %CPU  %MEM     TIME+ COMMAND

top - 14:38:57 up 9 days, 22:52,  1 user,  load average: 0.22, 0.36, 0.46
Tasks: 203 total,   2 running, 201 sleeping,   0 stopped,   0 zombie
%Cpu(s):  8.4 us,  3.7 sy,  0.0 ni, 87.9 id,  0.0 wa,  0.0 hi,  0.0 si,  0.0 st
MiB Mem :   3844.2 total,    183.5 free,    549.1 used,   3111.5 buff/cache
MiB Swap:   3980.0 total,   3975.9 free,      4.1 used.   3013.3 avail Mem 

    PID USER      PR  NI    VIRT    RES    SHR S  %CPU  %MEM     TIME+ COMMAND

top - 14:38:57 up 9 days, 22:52,  1 user,  load average: 0.22, 0.36, 0.46
Tasks: 203 total,   1 running, 202 sleeping,   0 stopped,   0 zombie
%Cpu(s):  2.9 us,  9.6 sy,  1.0 ni, 71.2 id, 15.4 wa,  0.0 hi,  0.0 si,  0.0 st
MiB Mem :   3844.2 total,    183.5 free,    549.1 used,   3111.5 buff/cache
MiB Swap:   3980.0 total,   3975.9 free,      4.1 used.   3013.3 avail Mem 

    PID USER      PR  NI    VIRT    RES    SHR S  %CPU  %MEM     TIME+ COMMAND

top - 14:38:58 up 9 days, 22:52,  1 user,  load average: 0.22, 0.36, 0.46
Tasks: 203 total,   1 running, 202 sleeping,   0 stopped,   0 zombie
%Cpu(s):  8.4 us,  3.7 sy,  0.0 ni, 87.9 id,  0.0 wa,  0.0 hi,  0.0 si,  0.0 st
MiB Mem :   3844.2 total,    183.5 free,    549.1 used,   3111.5 buff/cache
MiB Swap:   3980.0 total,   3975.9 free,      4.1 used.   3013.3 avail Mem 

    PID USER      PR  NI    VIRT    RES    SHR S  %CPU  %MEM     TIME+ COMMAND

top - 14:38:58 up 9 days, 22:52,  1 user,  load average: 0.22, 0.36, 0.46
Tasks: 202 total,   1 running, 201 sleeping,   0 stopped,   0 zombie
%Cpu(s):  1.9 us,  5.6 sy,  0.9 ni, 91.6 id,  0.0 wa,  0.0 hi,  0.0 si,  0.0 st
MiB Mem :   3844.2 total,    183.5 free,    549.1 used,   3111.5 buff/cache
MiB Swap:   3980.0 total,   3975.9 free,      4.1 used.   3013.3 avail Mem 

    PID USER      PR  NI    VIRT    RES    SHR S  %CPU  %MEM     TIME+ COMMAND
    937 www-data  20   0   26028  20328   4156 S   0.0   0.5  46:05.55 nginx

top - 14:38:59 up 9 days, 22:52,  1 user,  load average: 0.22, 0.36, 0.46
Tasks: 202 total,   1 running, 201 sleeping,   0 stopped,   0 zombie
%Cpu(s):  8.4 us,  2.8 sy,  0.0 ni, 88.8 id,  0.0 wa,  0.0 hi,  0.0 si,  0.0 st
MiB Mem :   3844.2 total,    183.5 free,    549.1 used,   3111.5 buff/cache
MiB Swap:   3980.0 total,   3975.9 free,      4.1 used.   3013.3 avail Mem 

    PID USER      PR  NI    VIRT    RES    SHR S  %CPU  %MEM     TIME+ COMMAND

top - 14:38:59 up 9 days, 22:52,  1 user,  load average: 0.22, 0.36, 0.46
Tasks: 202 total,   1 running, 201 sleeping,   0 stopped,   0 zombie
%Cpu(s):  0.9 us,  3.7 sy,  0.0 ni, 95.3 id,  0.0 wa,  0.0 hi,  0.0 si,  0.0 st
MiB Mem :   3844.2 total,    183.5 free,    549.1 used,   3111.5 buff/cache
MiB Swap:   3980.0 total,   3975.9 free,      4.1 used.   3013.3 avail Mem 

    PID USER      PR  NI    VIRT    RES    SHR S  %CPU  %MEM     TIME+ COMMAND
    937 www-data  20   0   26028  20328   4156 S   0.0   0.5  46:05.64 nginx

top - 14:39:00 up 9 days, 22:52,  1 user,  load average: 0.20, 0.35, 0.46
Tasks: 202 total,   1 running, 201 sleeping,   0 stopped,   0 zombie
%Cpu(s): 13.0 us,  4.6 sy,  0.0 ni, 82.4 id,  0.0 wa,  0.0 hi,  0.0 si,  0.0 st
MiB Mem :   3844.2 total,    183.5 free,    549.1 used,   3111.5 buff/cache
MiB Swap:   3980.0 total,   3975.9 free,      4.1 used.   3013.3 avail Mem 

    PID USER      PR  NI    VIRT    RES    SHR S  %CPU  %MEM     TIME+ COMMAND

top - 14:39:00 up 9 days, 22:52,  1 user,  load average: 0.20, 0.35, 0.46
Tasks: 202 total,   1 running, 201 sleeping,   0 stopped,   0 zombie
%Cpu(s):  0.9 us,  2.8 sy,  0.0 ni, 96.2 id,  0.0 wa,  0.0 hi,  0.0 si,  0.0 st
MiB Mem :   3844.2 total,    183.5 free,    549.1 used,   3111.5 buff/cache
MiB Swap:   3980.0 total,   3975.9 free,      4.1 used.   3013.3 avail Mem 

    PID USER      PR  NI    VIRT    RES    SHR S  %CPU  %MEM     TIME+ COMMAND
    937 www-data  20   0   26028  20328   4156 S   0.0   0.5  46:05.72 nginx

top - 14:39:01 up 9 days, 22:52,  1 user,  load average: 0.20, 0.35, 0.46
Tasks: 202 total,   1 running, 201 sleeping,   0 stopped,   0 zombie
%Cpu(s):  9.3 us,  2.8 sy,  0.0 ni, 88.0 id,  0.0 wa,  0.0 hi,  0.0 si,  0.0 st
MiB Mem :   3844.2 total,    183.5 free,    549.1 used,   3111.5 buff/cache
MiB Swap:   3980.0 total,   3975.9 free,      4.1 used.   3013.3 avail Mem 

    PID USER      PR  NI    VIRT    RES    SHR S  %CPU  %MEM     TIME+ COMMAND

top - 14:39:02 up 9 days, 22:52,  1 user,  load average: 0.20, 0.35, 0.46
Tasks: 202 total,   1 running, 201 sleeping,   0 stopped,   0 zombie
%Cpu(s):  2.8 us,  3.7 sy,  0.0 ni, 93.6 id,  0.0 wa,  0.0 hi,  0.0 si,  0.0 st
MiB Mem :   3844.2 total,    183.5 free,    549.1 used,   3111.5 buff/cache
MiB Swap:   3980.0 total,   3975.9 free,      4.1 used.   3013.3 avail Mem 

    PID USER      PR  NI    VIRT    RES    SHR S  %CPU  %MEM     TIME+ COMMAND
    937 www-data  20   0   26028  20328   4156 S   0.0   0.5  46:05.81 nginx

top - 14:39:02 up 9 days, 22:52,  1 user,  load average: 0.20, 0.35, 0.46
Tasks: 202 total,   1 running, 201 sleeping,   0 stopped,   0 zombie
%Cpu(s): 11.2 us,  6.5 sy,  0.9 ni, 62.6 id, 18.7 wa,  0.0 hi,  0.0 si,  0.0 st
MiB Mem :   3844.2 total,    183.5 free,    549.1 used,   3111.5 buff/cache
MiB Swap:   3980.0 total,   3975.9 free,      4.1 used.   3013.3 avail Mem 

    PID USER      PR  NI    VIRT    RES    SHR S  %CPU  %MEM     TIME+ COMMAND

top - 14:39:03 up 9 days, 22:52,  1 user,  load average: 0.20, 0.35, 0.46
Tasks: 203 total,   3 running, 200 sleeping,   0 stopped,   0 zombie
%Cpu(s): 13.0 us, 10.2 sy, 13.0 ni, 62.0 id,  1.9 wa,  0.0 hi,  0.0 si,  0.0 st
MiB Mem :   3844.2 total,    180.8 free,    551.8 used,   3111.5 buff/cache
MiB Swap:   3980.0 total,   3975.9 free,      4.1 used.   3010.6 avail Mem 

    PID USER      PR  NI    VIRT    RES    SHR S  %CPU  %MEM     TIME+ COMMAND

top - 14:39:03 up 9 days, 22:52,  1 user,  load average: 0.20, 0.35, 0.46
Tasks: 203 total,   1 running, 202 sleeping,   0 stopped,   0 zombie
%Cpu(s):  1.9 us,  2.8 sy,  0.0 ni, 94.4 id,  0.0 wa,  0.0 hi,  0.9 si,  0.0 st
MiB Mem :   3844.2 total,    180.8 free,    551.8 used,   3111.5 buff/cache
MiB Swap:   3980.0 total,   3975.9 free,      4.1 used.   3010.6 avail Mem 

    PID USER      PR  NI    VIRT    RES    SHR S  %CPU  %MEM     TIME+ COMMAND

top - 14:39:04 up 9 days, 22:52,  1 user,  load average: 0.20, 0.35, 0.46
Tasks: 203 total,   1 running, 202 sleeping,   0 stopped,   0 zombie
%Cpu(s):  8.4 us,  2.8 sy,  0.0 ni, 88.8 id,  0.0 wa,  0.0 hi,  0.0 si,  0.0 st
MiB Mem :   3844.2 total,    180.8 free,    551.8 used,   3111.5 buff/cache
MiB Swap:   3980.0 total,   3975.9 free,      4.1 used.   3010.6 avail Mem 

    PID USER      PR  NI    VIRT    RES    SHR S  %CPU  %MEM     TIME+ COMMAND

top - 14:39:04 up 9 days, 22:52,  1 user,  load average: 0.20, 0.35, 0.46
Tasks: 203 total,   1 running, 202 sleeping,   0 stopped,   0 zombie
%Cpu(s):  0.9 us,  2.8 sy,  0.0 ni, 96.3 id,  0.0 wa,  0.0 hi,  0.0 si,  0.0 st
MiB Mem :   3844.2 total,    180.8 free,    551.8 used,   3111.5 buff/cache
MiB Swap:   3980.0 total,   3975.9 free,      4.1 used.   3010.6 avail Mem 

    PID USER      PR  NI    VIRT    RES    SHR S  %CPU  %MEM     TIME+ COMMAND
    937 www-data  20   0   26028  20328   4156 S   0.0   0.5  46:06.05 nginx

top - 14:39:05 up 9 days, 22:52,  1 user,  load average: 0.18, 0.35, 0.45
Tasks: 203 total,   1 running, 202 sleeping,   0 stopped,   0 zombie
%Cpu(s): 11.8 us,  3.6 sy,  0.0 ni, 84.5 id,  0.0 wa,  0.0 hi,  0.0 si,  0.0 st
MiB Mem :   3844.2 total,    180.8 free,    551.8 used,   3111.5 buff/cache
MiB Swap:   3980.0 total,   3975.9 free,      4.1 used.   3010.6 avail Mem 

    PID USER      PR  NI    VIRT    RES    SHR S  %CPU  %MEM     TIME+ COMMAND

top - 14:39:05 up 9 days, 22:52,  1 user,  load average: 0.18, 0.35, 0.45
Tasks: 203 total,   2 running, 201 sleeping,   0 stopped,   0 zombie
%Cpu(s):  0.9 us,  4.6 sy,  0.0 ni, 94.4 id,  0.0 wa,  0.0 hi,  0.0 si,  0.0 st
MiB Mem :   3844.2 total,    180.8 free,    551.8 used,   3111.5 buff/cache
MiB Swap:   3980.0 total,   3975.9 free,      4.1 used.   3010.6 avail Mem 

    PID USER      PR  NI    VIRT    RES    SHR S  %CPU  %MEM     TIME+ COMMAND
    937 www-data  20   0   26028  20328   4156 S   0.0   0.5  46:06.16 nginx

top - 14:39:06 up 9 days, 22:52,  1 user,  load average: 0.18, 0.35, 0.45
Tasks: 203 total,   1 running, 202 sleeping,   0 stopped,   0 zombie
%Cpu(s):  8.4 us,  2.8 sy,  0.0 ni, 88.8 id,  0.0 wa,  0.0 hi,  0.0 si,  0.0 st
MiB Mem :   3844.2 total,    180.8 free,    551.8 used,   3111.6 buff/cache
MiB Swap:   3980.0 total,   3975.9 free,      4.1 used.   3010.6 avail Mem 

    PID USER      PR  NI    VIRT    RES    SHR S  %CPU  %MEM     TIME+ COMMAND

top - 14:39:06 up 9 days, 22:52,  1 user,  load average: 0.18, 0.35, 0.45
Tasks: 203 total,   1 running, 202 sleeping,   0 stopped,   0 zombie
%Cpu(s):  0.9 us,  2.8 sy,  0.0 ni, 96.2 id,  0.0 wa,  0.0 hi,  0.0 si,  0.0 st
MiB Mem :   3844.2 total,    180.8 free,    551.8 used,   3111.6 buff/cache
MiB Swap:   3980.0 total,   3975.9 free,      4.1 used.   3010.6 avail Mem 

    PID USER      PR  NI    VIRT    RES    SHR S  %CPU  %MEM     TIME+ COMMAND
    937 www-data  20   0   26028  20328   4156 S   0.0   0.5  46:06.24 nginx

top - 14:39:07 up 9 days, 22:52,  1 user,  load average: 0.18, 0.35, 0.45
Tasks: 203 total,   1 running, 202 sleeping,   0 stopped,   0 zombie
%Cpu(s): 10.7 us,  5.8 sy,  0.0 ni, 80.6 id,  2.9 wa,  0.0 hi,  0.0 si,  0.0 st
MiB Mem :   3844.2 total,    180.8 free,    551.8 used,   3111.6 buff/cache
MiB Swap:   3980.0 total,   3975.9 free,      4.1 used.   3010.6 avail Mem 

    PID USER      PR  NI    VIRT    RES    SHR S  %CPU  %MEM     TIME+ COMMAND

top - 14:39:08 up 9 days, 22:52,  1 user,  load average: 0.18, 0.35, 0.45
Tasks: 203 total,   2 running, 201 sleeping,   0 stopped,   0 zombie
%Cpu(s):  1.0 us,  4.8 sy,  1.9 ni, 78.1 id, 14.3 wa,  0.0 hi,  0.0 si,  0.0 st
MiB Mem :   3844.2 total,    180.8 free,    551.8 used,   3111.6 buff/cache
MiB Swap:   3980.0 total,   3975.9 free,      4.1 used.   3010.6 avail Mem 

    PID USER      PR  NI    VIRT    RES    SHR S  %CPU  %MEM     TIME+ COMMAND
    937 www-data  20   0   26028  20328   4156 S   0.0   0.5  46:06.33 nginx

top - 14:39:08 up 9 days, 22:52,  1 user,  load average: 0.18, 0.35, 0.45
Tasks: 203 total,   1 running, 202 sleeping,   0 stopped,   0 zombie
%Cpu(s):  8.3 us,  2.8 sy,  0.0 ni, 88.0 id,  0.0 wa,  0.0 hi,  0.9 si,  0.0 st
MiB Mem :   3844.2 total,    180.8 free,    551.8 used,   3111.6 buff/cache
MiB Swap:   3980.0 total,   3975.9 free,      4.1 used.   3010.6 avail Mem 

    PID USER      PR  NI    VIRT    RES    SHR S  %CPU  %MEM     TIME+ COMMAND

top - 14:39:09 up 9 days, 22:52,  1 user,  load average: 0.18, 0.35, 0.45
Tasks: 203 total,   2 running, 201 sleeping,   0 stopped,   0 zombie
%Cpu(s):  3.7 us,  2.8 sy,  0.0 ni, 93.5 id,  0.0 wa,  0.0 hi,  0.0 si,  0.0 st
MiB Mem :   3844.2 total,    180.6 free,    552.0 used,   3111.6 buff/cache
MiB Swap:   3980.0 total,   3975.9 free,      4.1 used.   3010.4 avail Mem 

    PID USER      PR  NI    VIRT    RES    SHR S  %CPU  %MEM     TIME+ COMMAND

top - 14:39:09 up 9 days, 22:52,  1 user,  load average: 0.18, 0.35, 0.45
Tasks: 203 total,   1 running, 202 sleeping,   0 stopped,   0 zombie
%Cpu(s):  2.8 us,  2.8 sy,  0.0 ni, 94.4 id,  0.0 wa,  0.0 hi,  0.0 si,  0.0 st
MiB Mem :   3844.2 total,    180.6 free,    552.0 used,   3111.6 buff/cache
MiB Swap:   3980.0 total,   3975.9 free,      4.1 used.   3010.4 avail Mem 

    PID USER      PR  NI    VIRT    RES    SHR S  %CPU  %MEM     TIME+ COMMAND

top - 14:39:10 up 9 days, 22:52,  1 user,  load average: 0.17, 0.34, 0.45
Tasks: 203 total,   1 running, 202 sleeping,   0 stopped,   0 zombie
%Cpu(s):  8.5 us,  2.8 sy,  0.0 ni, 88.7 id,  0.0 wa,  0.0 hi,  0.0 si,  0.0 st
MiB Mem :   3844.2 total,    180.6 free,    552.0 used,   3111.6 buff/cache
MiB Swap:   3980.0 total,   3975.9 free,      4.1 used.   3010.4 avail Mem 

    PID USER      PR  NI    VIRT    RES    SHR S  %CPU  %MEM     TIME+ COMMAND

top - 14:39:10 up 9 days, 22:52,  1 user,  load average: 0.17, 0.34, 0.45
Tasks: 203 total,   1 running, 202 sleeping,   0 stopped,   0 zombie
%Cpu(s):  0.0 us,  4.6 sy,  0.0 ni, 95.4 id,  0.0 wa,  0.0 hi,  0.0 si,  0.0 st
MiB Mem :   3844.2 total,    180.6 free,    552.0 used,   3111.6 buff/cache
MiB Swap:   3980.0 total,   3975.9 free,      4.1 used.   3010.4 avail Mem 

    PID USER      PR  NI    VIRT    RES    SHR S  %CPU  %MEM     TIME+ COMMAND
    937 www-data  20   0   26028  20328   4156 S   0.0   0.5  46:06.54 nginx

top - 14:39:11 up 9 days, 22:52,  1 user,  load average: 0.17, 0.34, 0.45
Tasks: 203 total,   1 running, 202 sleeping,   0 stopped,   0 zombie
%Cpu(s):  9.3 us,  2.8 sy,  0.0 ni, 87.9 id,  0.0 wa,  0.0 hi,  0.0 si,  0.0 st
MiB Mem :   3844.2 total,    180.6 free,    552.0 used,   3111.6 buff/cache
MiB Swap:   3980.0 total,   3975.9 free,      4.1 used.   3010.4 avail Mem 

    PID USER      PR  NI    VIRT    RES    SHR S  %CPU  %MEM     TIME+ COMMAND

top - 14:39:11 up 9 days, 22:52,  1 user,  load average: 0.17, 0.34, 0.45
Tasks: 203 total,   1 running, 202 sleeping,   0 stopped,   0 zombie
%Cpu(s):  0.9 us,  3.7 sy,  0.0 ni, 95.4 id,  0.0 wa,  0.0 hi,  0.0 si,  0.0 st
MiB Mem :   3844.2 total,    180.6 free,    552.0 used,   3111.6 buff/cache
MiB Swap:   3980.0 total,   3975.9 free,      4.1 used.   3010.4 avail Mem 

    PID USER      PR  NI    VIRT    RES    SHR S  %CPU  %MEM     TIME+ COMMAND
    937 www-data  20   0   26028  20328   4156 S   0.0   0.5  46:06.62 nginx

top - 14:39:12 up 9 days, 22:52,  1 user,  load average: 0.17, 0.34, 0.45
Tasks: 203 total,   1 running, 202 sleeping,   0 stopped,   0 zombie
%Cpu(s):  8.4 us,  2.8 sy,  0.0 ni, 88.8 id,  0.0 wa,  0.0 hi,  0.0 si,  0.0 st
MiB Mem :   3844.2 total,    180.6 free,    552.1 used,   3111.5 buff/cache
MiB Swap:   3980.0 total,   3975.9 free,      4.1 used.   3010.4 avail Mem 

    PID USER      PR  NI    VIRT    RES    SHR S  %CPU  %MEM     TIME+ COMMAND

top - 14:39:12 up 9 days, 22:52,  1 user,  load average: 0.17, 0.34, 0.45
Tasks: 203 total,   1 running, 202 sleeping,   0 stopped,   0 zombie
%Cpu(s):  3.8 us,  7.7 sy,  2.9 ni, 71.2 id, 14.4 wa,  0.0 hi,  0.0 si,  0.0 st
MiB Mem :   3844.2 total,    180.6 free,    552.1 used,   3111.5 buff/cache
MiB Swap:   3980.0 total,   3975.9 free,      4.1 used.   3010.4 avail Mem 

    PID USER      PR  NI    VIRT    RES    SHR S  %CPU  %MEM     TIME+ COMMAND
    937 www-data  20   0   26028  20328   4156 S   0.0   0.5  46:06.70 nginx

top - 14:39:13 up 9 days, 22:52,  1 user,  load average: 0.17, 0.34, 0.45
Tasks: 202 total,   1 running, 201 sleeping,   0 stopped,   0 zombie
%Cpu(s): 10.3 us,  4.7 sy,  1.9 ni, 83.2 id,  0.0 wa,  0.0 hi,  0.0 si,  0.0 st
MiB Mem :   3844.2 total,    180.6 free,    552.1 used,   3111.5 buff/cache
MiB Swap:   3980.0 total,   3975.9 free,      4.1 used.   3010.4 avail Mem 

    PID USER      PR  NI    VIRT    RES    SHR S  %CPU  %MEM     TIME+ COMMAND

top - 14:39:13 up 9 days, 22:52,  1 user,  load average: 0.17, 0.34, 0.45
Tasks: 202 total,   1 running, 201 sleeping,   0 stopped,   0 zombie
%Cpu(s):  1.9 us,  2.8 sy,  0.0 ni, 95.4 id,  0.0 wa,  0.0 hi,  0.0 si,  0.0 st
MiB Mem :   3844.2 total,    180.6 free,    552.1 used,   3111.5 buff/cache
MiB Swap:   3980.0 total,   3975.9 free,      4.1 used.   3010.4 avail Mem 

    PID USER      PR  NI    VIRT    RES    SHR S  %CPU  %MEM     TIME+ COMMAND
    937 www-data  20   0   26028  20328   4156 S   0.0   0.5  46:06.78 nginx

top - 14:39:14 up 9 days, 22:52,  1 user,  load average: 0.17, 0.34, 0.45
Tasks: 202 total,   1 running, 201 sleeping,   0 stopped,   0 zombie
%Cpu(s):  8.6 us,  1.9 sy,  0.0 ni, 89.5 id,  0.0 wa,  0.0 hi,  0.0 si,  0.0 st
MiB Mem :   3844.2 total,    180.6 free,    552.1 used,   3111.5 buff/cache
MiB Swap:   3980.0 total,   3975.9 free,      4.1 used.   3010.4 avail Mem 

    PID USER      PR  NI    VIRT    RES    SHR S  %CPU  %MEM     TIME+ COMMAND

top - 14:39:15 up 9 days, 22:52,  1 user,  load average: 0.16, 0.34, 0.45
Tasks: 202 total,   1 running, 201 sleeping,   0 stopped,   0 zombie
%Cpu(s):  0.9 us,  3.7 sy,  0.0 ni, 95.3 id,  0.0 wa,  0.0 hi,  0.0 si,  0.0 st
MiB Mem :   3844.2 total,    180.3 free,    552.3 used,   3111.5 buff/cache
MiB Swap:   3980.0 total,   3975.9 free,      4.1 used.   3010.1 avail Mem 

    PID USER      PR  NI    VIRT    RES    SHR S  %CPU  %MEM     TIME+ COMMAND
    937 www-data  20   0   26028  20328   4156 S   0.0   0.5  46:06.88 nginx

top - 14:39:15 up 9 days, 22:52,  1 user,  load average: 0.16, 0.34, 0.45
Tasks: 202 total,   1 running, 201 sleeping,   0 stopped,   0 zombie
%Cpu(s):  7.5 us,  2.8 sy,  0.0 ni, 89.6 id,  0.0 wa,  0.0 hi,  0.0 si,  0.0 st
MiB Mem :   3844.2 total,    180.3 free,    552.3 used,   3111.5 buff/cache
MiB Swap:   3980.0 total,   3975.9 free,      4.1 used.   3010.1 avail Mem 

    PID USER      PR  NI    VIRT    RES    SHR S  %CPU  %MEM     TIME+ COMMAND

top - 14:39:16 up 9 days, 22:52,  1 user,  load average: 0.16, 0.34, 0.45
Tasks: 202 total,   2 running, 200 sleeping,   0 stopped,   0 zombie
%Cpu(s): 10.8 us,  2.7 sy,  0.0 ni, 84.7 id,  0.0 wa,  0.0 hi,  1.8 si,  0.0 st
MiB Mem :   3844.2 total,    180.3 free,    552.3 used,   3111.5 buff/cache
MiB Swap:   3980.0 total,   3975.9 free,      4.1 used.   3010.1 avail Mem 

    PID USER      PR  NI    VIRT    RES    SHR S  %CPU  %MEM     TIME+ COMMAND

top - 14:39:16 up 9 days, 22:52,  1 user,  load average: 0.16, 0.34, 0.45
Tasks: 202 total,   1 running, 201 sleeping,   0 stopped,   0 zombie
%Cpu(s): 21.3 us,  2.8 sy,  0.0 ni, 75.9 id,  0.0 wa,  0.0 hi,  0.0 si,  0.0 st
MiB Mem :   3844.2 total,    180.3 free,    552.3 used,   3111.5 buff/cache
MiB Swap:   3980.0 total,   3975.9 free,      4.1 used.   3010.1 avail Mem 

    PID USER      PR  NI    VIRT    RES    SHR S  %CPU  %MEM     TIME+ COMMAND

top - 14:39:17 up 9 days, 22:52,  1 user,  load average: 0.16, 0.34, 0.45
Tasks: 202 total,   2 running, 200 sleeping,   0 stopped,   0 zombie
%Cpu(s): 27.8 us,  3.7 sy,  0.0 ni, 67.6 id,  0.0 wa,  0.0 hi,  0.9 si,  0.0 st
MiB Mem :   3844.2 total,    180.3 free,    552.3 used,   3111.5 buff/cache
MiB Swap:   3980.0 total,   3975.9 free,      4.1 used.   3010.1 avail Mem 

    PID USER      PR  NI    VIRT    RES    SHR S  %CPU  %MEM     TIME+ COMMAND

top - 14:39:17 up 9 days, 22:53,  1 user,  load average: 0.16, 0.34, 0.45
Tasks: 203 total,   3 running, 200 sleeping,   0 stopped,   0 zombie
%Cpu(s): 27.4 us, 10.4 sy,  4.7 ni, 45.3 id, 12.3 wa,  0.0 hi,  0.0 si,  0.0 st
MiB Mem :   3844.2 total,    180.3 free,    552.3 used,   3111.5 buff/cache
MiB Swap:   3980.0 total,   3975.9 free,      4.1 used.   3010.1 avail Mem 

    PID USER      PR  NI    VIRT    RES    SHR S  %CPU  %MEM     TIME+ COMMAND

top - 14:39:18 up 9 days, 22:53,  1 user,  load average: 0.16, 0.34, 0.45
Tasks: 203 total,   2 running, 201 sleeping,   0 stopped,   0 zombie
%Cpu(s): 25.2 us,  3.9 sy,  6.8 ni, 63.1 id,  0.0 wa,  0.0 hi,  1.0 si,  0.0 st
MiB Mem :   3844.2 total,    180.3 free,    552.3 used,   3111.6 buff/cache
MiB Swap:   3980.0 total,   3975.9 free,      4.1 used.   3010.1 avail Mem 

    PID USER      PR  NI    VIRT    RES    SHR S  %CPU  %MEM     TIME+ COMMAND

top - 14:39:18 up 9 days, 22:53,  1 user,  load average: 0.16, 0.34, 0.45
Tasks: 203 total,   1 running, 202 sleeping,   0 stopped,   0 zombie
%Cpu(s): 25.7 us,  2.9 sy,  0.0 ni, 71.4 id,  0.0 wa,  0.0 hi,  0.0 si,  0.0 st
MiB Mem :   3844.2 total,    180.3 free,    552.3 used,   3111.6 buff/cache
MiB Swap:   3980.0 total,   3975.9 free,      4.1 used.   3010.1 avail Mem 

    PID USER      PR  NI    VIRT    RES    SHR S  %CPU  %MEM     TIME+ COMMAND

top - 14:39:19 up 9 days, 22:53,  1 user,  load average: 0.16, 0.34, 0.45
Tasks: 203 total,   2 running, 201 sleeping,   0 stopped,   0 zombie
%Cpu(s): 26.7 us,  2.0 sy,  0.0 ni, 71.3 id,  0.0 wa,  0.0 hi,  0.0 si,  0.0 st
MiB Mem :   3844.2 total,    180.3 free,    552.3 used,   3111.6 buff/cache
MiB Swap:   3980.0 total,   3975.9 free,      4.1 used.   3010.1 avail Mem 

    PID USER      PR  NI    VIRT    RES    SHR S  %CPU  %MEM     TIME+ COMMAND

top - 14:39:19 up 9 days, 22:53,  1 user,  load average: 0.16, 0.34, 0.45
Tasks: 203 total,   2 running, 201 sleeping,   0 stopped,   0 zombie
%Cpu(s): 25.7 us,  3.7 sy,  0.0 ni, 70.6 id,  0.0 wa,  0.0 hi,  0.0 si,  0.0 st
MiB Mem :   3844.2 total,    180.3 free,    552.3 used,   3111.6 buff/cache
MiB Swap:   3980.0 total,   3975.9 free,      4.1 used.   3010.1 avail Mem 

    PID USER      PR  NI    VIRT    RES    SHR S  %CPU  %MEM     TIME+ COMMAND

top - 14:39:20 up 9 days, 22:53,  1 user,  load average: 0.14, 0.33, 0.45
Tasks: 203 total,   2 running, 201 sleeping,   0 stopped,   0 zombie
%Cpu(s): 30.8 us,  0.9 sy,  0.0 ni, 68.2 id,  0.0 wa,  0.0 hi,  0.0 si,  0.0 st
MiB Mem :   3844.2 total,    180.3 free,    552.3 used,   3111.6 buff/cache
MiB Swap:   3980.0 total,   3975.9 free,      4.1 used.   3010.1 avail Mem 

    PID USER      PR  NI    VIRT    RES    SHR S  %CPU  %MEM     TIME+ COMMAND

top - 14:39:21 up 9 days, 22:53,  1 user,  load average: 0.14, 0.33, 0.45
Tasks: 203 total,   2 running, 201 sleeping,   0 stopped,   0 zombie
%Cpu(s): 26.2 us,  3.7 sy,  0.0 ni, 70.1 id,  0.0 wa,  0.0 hi,  0.0 si,  0.0 st
MiB Mem :   3844.2 total,    180.3 free,    552.3 used,   3111.6 buff/cache
MiB Swap:   3980.0 total,   3975.9 free,      4.1 used.   3010.1 avail Mem 

    PID USER      PR  NI    VIRT    RES    SHR S  %CPU  %MEM     TIME+ COMMAND

top - 14:39:21 up 9 days, 22:53,  1 user,  load average: 0.14, 0.33, 0.45
Tasks: 203 total,   2 running, 201 sleeping,   0 stopped,   0 zombie
%Cpu(s): 28.0 us,  3.7 sy,  0.0 ni, 68.2 id,  0.0 wa,  0.0 hi,  0.0 si,  0.0 st
MiB Mem :   3844.2 total,    180.3 free,    552.3 used,   3111.6 buff/cache
MiB Swap:   3980.0 total,   3975.9 free,      4.1 used.   3010.2 avail Mem 

    PID USER      PR  NI    VIRT    RES    SHR S  %CPU  %MEM     TIME+ COMMAND

top - 14:39:22 up 9 days, 22:53,  1 user,  load average: 0.14, 0.33, 0.45
Tasks: 203 total,   2 running, 201 sleeping,   0 stopped,   0 zombie
%Cpu(s): 26.7 us,  1.9 sy,  0.0 ni, 70.5 id,  0.0 wa,  0.0 hi,  1.0 si,  0.0 st
MiB Mem :   3844.2 total,    180.3 free,    552.3 used,   3111.6 buff/cache
MiB Swap:   3980.0 total,   3975.9 free,      4.1 used.   3010.2 avail Mem 

    PID USER      PR  NI    VIRT    RES    SHR S  %CPU  %MEM     TIME+ COMMAND

top - 14:39:22 up 9 days, 22:53,  1 user,  load average: 0.14, 0.33, 0.45
Tasks: 203 total,   3 running, 199 sleeping,   0 stopped,   1 zombie
%Cpu(s): 26.5 us,  5.9 sy,  0.0 ni, 67.6 id,  0.0 wa,  0.0 hi,  0.0 si,  0.0 st
MiB Mem :   3844.2 total,    180.3 free,    552.3 used,   3111.6 buff/cache
MiB Swap:   3980.0 total,   3975.9 free,      4.1 used.   3010.2 avail Mem 

    PID USER      PR  NI    VIRT    RES    SHR S  %CPU  %MEM     TIME+ COMMAND

top - 14:39:23 up 9 days, 22:53,  1 user,  load average: 0.14, 0.33, 0.45
Tasks: 203 total,   2 running, 201 sleeping,   0 stopped,   0 zombie
%Cpu(s): 27.1 us,  3.7 sy,  1.9 ni, 58.9 id,  8.4 wa,  0.0 hi,  0.0 si,  0.0 st
MiB Mem :   3844.2 total,    180.3 free,    552.3 used,   3111.6 buff/cache
MiB Swap:   3980.0 total,   3975.9 free,      4.1 used.   3010.2 avail Mem 

    PID USER      PR  NI    VIRT    RES    SHR S  %CPU  %MEM     TIME+ COMMAND

top - 14:39:23 up 9 days, 22:53,  1 user,  load average: 0.14, 0.33, 0.45
Tasks: 203 total,   1 running, 202 sleeping,   0 stopped,   0 zombie
%Cpu(s): 25.0 us,  1.9 sy,  0.0 ni, 72.2 id,  0.0 wa,  0.0 hi,  0.9 si,  0.0 st
MiB Mem :   3844.2 total,    180.3 free,    552.3 used,   3111.6 buff/cache
MiB Swap:   3980.0 total,   3975.9 free,      4.1 used.   3010.2 avail Mem 

    PID USER      PR  NI    VIRT    RES    SHR S  %CPU  %MEM     TIME+ COMMAND

top - 14:39:24 up 9 days, 22:53,  1 user,  load average: 0.14, 0.33, 0.45
Tasks: 203 total,   2 running, 201 sleeping,   0 stopped,   0 zombie
%Cpu(s): 34.3 us,  3.7 sy,  0.0 ni, 62.0 id,  0.0 wa,  0.0 hi,  0.0 si,  0.0 st
MiB Mem :   3844.2 total,    180.1 free,    552.5 used,   3111.6 buff/cache
MiB Swap:   3980.0 total,   3975.9 free,      4.1 used.   3009.9 avail Mem 

    PID USER      PR  NI    VIRT    RES    SHR S  %CPU  %MEM     TIME+ COMMAND

top - 14:39:24 up 9 days, 22:53,  1 user,  load average: 0.14, 0.33, 0.45
Tasks: 203 total,   2 running, 201 sleeping,   0 stopped,   0 zombie
%Cpu(s): 24.3 us,  3.7 sy,  0.0 ni, 72.0 id,  0.0 wa,  0.0 hi,  0.0 si,  0.0 st
MiB Mem :   3844.2 total,    180.1 free,    552.5 used,   3111.6 buff/cache
MiB Swap:   3980.0 total,   3975.9 free,      4.1 used.   3009.9 avail Mem 

    PID USER      PR  NI    VIRT    RES    SHR S  %CPU  %MEM     TIME+ COMMAND

top - 14:39:25 up 9 days, 22:53,  1 user,  load average: 0.13, 0.33, 0.44
Tasks: 203 total,   1 running, 202 sleeping,   0 stopped,   0 zombie
%Cpu(s): 27.1 us,  2.8 sy,  0.0 ni, 70.1 id,  0.0 wa,  0.0 hi,  0.0 si,  0.0 st
MiB Mem :   3844.2 total,    180.1 free,    552.5 used,   3111.6 buff/cache
MiB Swap:   3980.0 total,   3975.9 free,      4.1 used.   3009.9 avail Mem 

    PID USER      PR  NI    VIRT    RES    SHR S  %CPU  %MEM     TIME+ COMMAND

top - 14:39:25 up 9 days, 22:53,  1 user,  load average: 0.13, 0.33, 0.44
Tasks: 203 total,   1 running, 202 sleeping,   0 stopped,   0 zombie
%Cpu(s): 24.3 us,  4.7 sy,  0.0 ni, 65.4 id,  5.6 wa,  0.0 hi,  0.0 si,  0.0 st
MiB Mem :   3844.2 total,    180.1 free,    552.5 used,   3111.6 buff/cache
MiB Swap:   3980.0 total,   3975.9 free,      4.1 used.   3009.9 avail Mem 

    PID USER      PR  NI    VIRT    RES    SHR S  %CPU  %MEM     TIME+ COMMAND

top - 14:39:26 up 9 days, 22:53,  1 user,  load average: 0.13, 0.33, 0.44
Tasks: 203 total,   2 running, 201 sleeping,   0 stopped,   0 zombie
%Cpu(s): 28.7 us,  2.8 sy,  0.0 ni, 66.7 id,  0.0 wa,  0.0 hi,  1.9 si,  0.0 st
MiB Mem :   3844.2 total,    180.1 free,    552.5 used,   3111.6 buff/cache
MiB Swap:   3980.0 total,   3975.9 free,      4.1 used.   3009.9 avail Mem 

    PID USER      PR  NI    VIRT    RES    SHR S  %CPU  %MEM     TIME+ COMMAND

top - 14:39:26 up 9 days, 22:53,  1 user,  load average: 0.13, 0.33, 0.44
Tasks: 203 total,   2 running, 201 sleeping,   0 stopped,   0 zombie
%Cpu(s): 25.2 us,  2.8 sy,  0.0 ni, 72.0 id,  0.0 wa,  0.0 hi,  0.0 si,  0.0 st
MiB Mem :   3844.2 total,    180.1 free,    552.5 used,   3111.6 buff/cache
MiB Swap:   3980.0 total,   3975.9 free,      4.1 used.   3009.9 avail Mem 

    PID USER      PR  NI    VIRT    RES    SHR S  %CPU  %MEM     TIME+ COMMAND

top - 14:39:27 up 9 days, 22:53,  1 user,  load average: 0.13, 0.33, 0.44
Tasks: 203 total,   2 running, 201 sleeping,   0 stopped,   0 zombie
%Cpu(s): 26.2 us,  2.8 sy,  0.0 ni, 71.0 id,  0.0 wa,  0.0 hi,  0.0 si,  0.0 st
MiB Mem :   3844.2 total,    180.1 free,    552.5 used,   3111.6 buff/cache
MiB Swap:   3980.0 total,   3975.9 free,      4.1 used.   3009.9 avail Mem 

    PID USER      PR  NI    VIRT    RES    SHR S  %CPU  %MEM     TIME+ COMMAND

top - 14:39:28 up 9 days, 22:53,  1 user,  load average: 0.13, 0.33, 0.44
Tasks: 203 total,   1 running, 202 sleeping,   0 stopped,   0 zombie
%Cpu(s):  5.7 us,  9.4 sy,  2.8 ni, 69.8 id, 12.3 wa,  0.0 hi,  0.0 si,  0.0 st
MiB Mem :   3844.2 total,    180.1 free,    552.5 used,   3111.6 buff/cache
MiB Swap:   3980.0 total,   3975.9 free,      4.1 used.   3009.9 avail Mem 

    PID USER      PR  NI    VIRT    RES    SHR S  %CPU  %MEM     TIME+ COMMAND

top - 14:39:28 up 9 days, 22:53,  1 user,  load average: 0.13, 0.33, 0.44
Tasks: 202 total,   1 running, 201 sleeping,   0 stopped,   0 zombie
%Cpu(s):  9.2 us,  5.5 sy,  0.9 ni, 83.5 id,  0.0 wa,  0.0 hi,  0.9 si,  0.0 st
MiB Mem :   3844.2 total,    180.1 free,    552.5 used,   3111.6 buff/cache
MiB Swap:   3980.0 total,   3975.9 free,      4.1 used.   3009.9 avail Mem 

    PID USER      PR  NI    VIRT    RES    SHR S  %CPU  %MEM     TIME+ COMMAND

top - 14:39:29 up 9 days, 22:53,  1 user,  load average: 0.13, 0.33, 0.44
Tasks: 202 total,   2 running, 200 sleeping,   0 stopped,   0 zombie
%Cpu(s):  8.5 us,  1.9 sy,  0.0 ni, 89.6 id,  0.0 wa,  0.0 hi,  0.0 si,  0.0 st
MiB Mem :   3844.2 total,    180.1 free,    552.5 used,   3111.6 buff/cache
MiB Swap:   3980.0 total,   3975.9 free,      4.1 used.   3009.9 avail Mem 

    PID USER      PR  NI    VIRT    RES    SHR S  %CPU  %MEM     TIME+ COMMAND

top - 14:39:29 up 9 days, 22:53,  1 user,  load average: 0.13, 0.33, 0.44
Tasks: 202 total,   1 running, 201 sleeping,   0 stopped,   0 zombie
%Cpu(s):  1.9 us,  3.7 sy,  0.0 ni, 94.4 id,  0.0 wa,  0.0 hi,  0.0 si,  0.0 st
MiB Mem :   3844.2 total,    180.1 free,    552.5 used,   3111.6 buff/cache
MiB Swap:   3980.0 total,   3975.9 free,      4.1 used.   3009.9 avail Mem 

    PID USER      PR  NI    VIRT    RES    SHR S  %CPU  %MEM     TIME+ COMMAND

top - 14:39:30 up 9 days, 22:53,  1 user,  load average: 0.12, 0.32, 0.44
Tasks: 202 total,   1 running, 201 sleeping,   0 stopped,   0 zombie
%Cpu(s):  9.1 us,  4.5 sy,  0.0 ni, 86.4 id,  0.0 wa,  0.0 hi,  0.0 si,  0.0 st
MiB Mem :   3844.2 total,    178.8 free,    553.7 used,   3111.6 buff/cache
MiB Swap:   3980.0 total,   3975.9 free,      4.1 used.   3008.7 avail Mem 

    PID USER      PR  NI    VIRT    RES    SHR S  %CPU  %MEM     TIME+ COMMAND

top - 14:39:30 up 9 days, 22:53,  1 user,  load average: 0.12, 0.32, 0.44
Tasks: 202 total,   1 running, 201 sleeping,   0 stopped,   0 zombie
%Cpu(s):  2.8 us,  0.9 sy,  0.0 ni, 96.2 id,  0.0 wa,  0.0 hi,  0.0 si,  0.0 st
MiB Mem :   3844.2 total,    178.8 free,    553.7 used,   3111.6 buff/cache
MiB Swap:   3980.0 total,   3975.9 free,      4.1 used.   3008.7 avail Mem 

    PID USER      PR  NI    VIRT    RES    SHR S  %CPU  %MEM     TIME+ COMMAND
    937 www-data  20   0   26028  20328   4156 S   0.0   0.5  46:12.91 nginx

top - 14:39:31 up 9 days, 22:53,  1 user,  load average: 0.12, 0.32, 0.44
Tasks: 202 total,   1 running, 201 sleeping,   0 stopped,   0 zombie
%Cpu(s):  8.3 us,  3.7 sy,  0.0 ni, 88.0 id,  0.0 wa,  0.0 hi,  0.0 si,  0.0 st
MiB Mem :   3844.2 total,    178.8 free,    553.7 used,   3111.6 buff/cache
MiB Swap:   3980.0 total,   3975.9 free,      4.1 used.   3008.7 avail Mem 

    PID USER      PR  NI    VIRT    RES    SHR S  %CPU  %MEM     TIME+ COMMAND

top - 14:39:31 up 9 days, 22:53,  1 user,  load average: 0.12, 0.32, 0.44
Tasks: 202 total,   1 running, 201 sleeping,   0 stopped,   0 zombie
%Cpu(s):  0.0 us,  3.7 sy,  0.0 ni, 96.3 id,  0.0 wa,  0.0 hi,  0.0 si,  0.0 st
MiB Mem :   3844.2 total,    178.8 free,    553.7 used,   3111.6 buff/cache
MiB Swap:   3980.0 total,   3975.9 free,      4.1 used.   3008.7 avail Mem 

    PID USER      PR  NI    VIRT    RES    SHR S  %CPU  %MEM     TIME+ COMMAND
    937 www-data  20   0   26028  20328   4156 S   0.0   0.5  46:13.00 nginx

top - 14:39:32 up 9 days, 22:53,  1 user,  load average: 0.12, 0.32, 0.44
Tasks: 202 total,   1 running, 201 sleeping,   0 stopped,   0 zombie
%Cpu(s):  9.3 us,  2.8 sy,  0.0 ni, 87.9 id,  0.0 wa,  0.0 hi,  0.0 si,  0.0 st
MiB Mem :   3844.2 total,    178.8 free,    553.7 used,   3111.6 buff/cache
MiB Swap:   3980.0 total,   3975.9 free,      4.1 used.   3008.7 avail Mem 

    PID USER      PR  NI    VIRT    RES    SHR S  %CPU  %MEM     TIME+ COMMAND

top - 14:39:32 up 9 days, 22:53,  1 user,  load average: 0.12, 0.32, 0.44
Tasks: 202 total,   1 running, 201 sleeping,   0 stopped,   0 zombie
%Cpu(s):  5.7 us,  7.6 sy,  1.9 ni, 69.5 id, 15.2 wa,  0.0 hi,  0.0 si,  0.0 st
MiB Mem :   3844.2 total,    178.8 free,    553.7 used,   3111.6 buff/cache
MiB Swap:   3980.0 total,   3975.9 free,      4.1 used.   3008.7 avail Mem 

    PID USER      PR  NI    VIRT    RES    SHR S  %CPU  %MEM     TIME+ COMMAND

top - 14:39:33 up 9 days, 22:53,  1 user,  load average: 0.12, 0.32, 0.44
Tasks: 203 total,   1 running, 202 sleeping,   0 stopped,   0 zombie
%Cpu(s):  5.6 us,  7.4 sy, 10.2 ni, 76.9 id,  0.0 wa,  0.0 hi,  0.0 si,  0.0 st
MiB Mem :   3844.2 total,    178.8 free,    553.7 used,   3111.6 buff/cache
MiB Swap:   3980.0 total,   3975.9 free,      4.1 used.   3008.7 avail Mem 

    PID USER      PR  NI    VIRT    RES    SHR S  %CPU  %MEM     TIME+ COMMAND

top - 14:39:34 up 9 days, 22:53,  1 user,  load average: 0.12, 0.32, 0.44
Tasks: 203 total,   1 running, 202 sleeping,   0 stopped,   0 zombie
%Cpu(s):  1.9 us,  3.7 sy,  0.0 ni, 94.4 id,  0.0 wa,  0.0 hi,  0.0 si,  0.0 st
MiB Mem :   3844.2 total,    178.8 free,    553.7 used,   3111.6 buff/cache
MiB Swap:   3980.0 total,   3975.9 free,      4.1 used.   3008.7 avail Mem 

    PID USER      PR  NI    VIRT    RES    SHR S  %CPU  %MEM     TIME+ COMMAND
    937 www-data  20   0   26028  20328   4156 S   0.0   0.5  46:13.11 nginx

top - 14:39:34 up 9 days, 22:53,  1 user,  load average: 0.12, 0.32, 0.44
Tasks: 203 total,   1 running, 202 sleeping,   0 stopped,   0 zombie
%Cpu(s): 10.1 us,  1.8 sy,  0.0 ni, 88.1 id,  0.0 wa,  0.0 hi,  0.0 si,  0.0 st
MiB Mem :   3844.2 total,    178.8 free,    553.7 used,   3111.6 buff/cache
MiB Swap:   3980.0 total,   3975.9 free,      4.1 used.   3008.7 avail Mem 

    PID USER      PR  NI    VIRT    RES    SHR S  %CPU  %MEM     TIME+ COMMAND

top - 14:39:35 up 9 days, 22:53,  1 user,  load average: 0.11, 0.31, 0.44
Tasks: 203 total,   2 running, 201 sleeping,   0 stopped,   0 zombie
%Cpu(s):  5.5 us,  4.6 sy,  0.0 ni, 89.9 id,  0.0 wa,  0.0 hi,  0.0 si,  0.0 st
MiB Mem :   3844.2 total,    178.8 free,    553.7 used,   3111.6 buff/cache
MiB Swap:   3980.0 total,   3975.9 free,      4.1 used.   3008.7 avail Mem 

    PID USER      PR  NI    VIRT    RES    SHR S  %CPU  %MEM     TIME+ COMMAND

top - 14:39:35 up 9 days, 22:53,  1 user,  load average: 0.11, 0.31, 0.44
Tasks: 203 total,   1 running, 202 sleeping,   0 stopped,   0 zombie
%Cpu(s):  4.6 us,  2.8 sy,  0.0 ni, 92.6 id,  0.0 wa,  0.0 hi,  0.0 si,  0.0 st
MiB Mem :   3844.2 total,    178.8 free,    553.7 used,   3111.6 buff/cache
MiB Swap:   3980.0 total,   3975.9 free,      4.1 used.   3008.7 avail Mem 

    PID USER      PR  NI    VIRT    RES    SHR S  %CPU  %MEM     TIME+ COMMAND

top - 14:39:36 up 9 days, 22:53,  1 user,  load average: 0.11, 0.31, 0.44
Tasks: 203 total,   1 running, 202 sleeping,   0 stopped,   0 zombie
%Cpu(s):  7.6 us,  3.8 sy,  0.0 ni, 88.6 id,  0.0 wa,  0.0 hi,  0.0 si,  0.0 st
MiB Mem :   3844.2 total,    178.8 free,    553.7 used,   3111.6 buff/cache
MiB Swap:   3980.0 total,   3975.9 free,      4.1 used.   3008.7 avail Mem 

    PID USER      PR  NI    VIRT    RES    SHR S  %CPU  %MEM     TIME+ COMMAND

top - 14:39:36 up 9 days, 22:53,  1 user,  load average: 0.11, 0.31, 0.44
Tasks: 203 total,   1 running, 202 sleeping,   0 stopped,   0 zombie
%Cpu(s):  2.8 us,  0.9 sy,  0.0 ni, 96.3 id,  0.0 wa,  0.0 hi,  0.0 si,  0.0 st
MiB Mem :   3844.2 total,    178.8 free,    553.7 used,   3111.6 buff/cache
MiB Swap:   3980.0 total,   3975.9 free,      4.1 used.   3008.7 avail Mem 

    PID USER      PR  NI    VIRT    RES    SHR S  %CPU  %MEM     TIME+ COMMAND
    937 www-data  20   0   26028  20328   4156 S   0.0   0.5  46:13.36 nginx

top - 14:39:37 up 9 days, 22:53,  1 user,  load average: 0.11, 0.31, 0.44
Tasks: 203 total,   1 running, 202 sleeping,   0 stopped,   0 zombie
%Cpu(s):  7.5 us,  3.8 sy,  0.0 ni, 88.7 id,  0.0 wa,  0.0 hi,  0.0 si,  0.0 st
MiB Mem :   3844.2 total,    178.8 free,    553.7 used,   3111.6 buff/cache
MiB Swap:   3980.0 total,   3975.9 free,      4.1 used.   3008.7 avail Mem 

    PID USER      PR  NI    VIRT    RES    SHR S  %CPU  %MEM     TIME+ COMMAND

top - 14:39:37 up 9 days, 22:53,  1 user,  load average: 0.11, 0.31, 0.44
Tasks: 203 total,   1 running, 202 sleeping,   0 stopped,   0 zombie
%Cpu(s):  3.9 us,  4.9 sy,  1.0 ni, 90.2 id,  0.0 wa,  0.0 hi,  0.0 si,  0.0 st
MiB Mem :   3844.2 total,    178.8 free,    553.7 used,   3111.6 buff/cache
MiB Swap:   3980.0 total,   3975.9 free,      4.1 used.   3008.7 avail Mem 

    PID USER      PR  NI    VIRT    RES    SHR S  %CPU  %MEM     TIME+ COMMAND
    937 www-data  20   0   26028  20328   4156 S   0.0   0.5  46:13.45 nginx

top - 14:39:38 up 9 days, 22:53,  1 user,  load average: 0.11, 0.31, 0.44
Tasks: 203 total,   1 running, 202 sleeping,   0 stopped,   0 zombie
%Cpu(s):  7.4 us,  4.6 sy,  1.9 ni, 63.9 id, 21.3 wa,  0.0 hi,  0.9 si,  0.0 st
MiB Mem :   3844.2 total,    178.8 free,    553.7 used,   3111.6 buff/cache
MiB Swap:   3980.0 total,   3975.9 free,      4.1 used.   3008.7 avail Mem 

    PID USER      PR  NI    VIRT    RES    SHR S  %CPU  %MEM     TIME+ COMMAND

top - 14:39:38 up 9 days, 22:53,  1 user,  load average: 0.11, 0.31, 0.44
Tasks: 203 total,   1 running, 202 sleeping,   0 stopped,   0 zombie
%Cpu(s):  0.9 us,  2.8 sy,  0.0 ni, 96.3 id,  0.0 wa,  0.0 hi,  0.0 si,  0.0 st
MiB Mem :   3844.2 total,    178.8 free,    553.7 used,   3111.6 buff/cache
MiB Swap:   3980.0 total,   3975.9 free,      4.1 used.   3008.7 avail Mem 

    PID USER      PR  NI    VIRT    RES    SHR S  %CPU  %MEM     TIME+ COMMAND
    937 www-data  20   0   26028  20328   4156 S   0.0   0.5  46:13.52 nginx

top - 14:39:39 up 9 days, 22:53,  1 user,  load average: 0.11, 0.31, 0.44
Tasks: 203 total,   1 running, 202 sleeping,   0 stopped,   0 zombie
%Cpu(s):  8.6 us,  1.9 sy,  0.0 ni, 89.5 id,  0.0 wa,  0.0 hi,  0.0 si,  0.0 st
MiB Mem :   3844.2 total,    178.8 free,    553.8 used,   3111.6 buff/cache
MiB Swap:   3980.0 total,   3975.9 free,      4.1 used.   3008.7 avail Mem 

    PID USER      PR  NI    VIRT    RES    SHR S  %CPU  %MEM     TIME+ COMMAND

top - 14:39:39 up 9 days, 22:53,  1 user,  load average: 0.10, 0.31, 0.44
Tasks: 203 total,   1 running, 202 sleeping,   0 stopped,   0 zombie
%Cpu(s):  1.9 us,  2.8 sy,  0.0 ni, 95.4 id,  0.0 wa,  0.0 hi,  0.0 si,  0.0 st
MiB Mem :   3844.2 total,    178.8 free,    553.8 used,   3111.6 buff/cache
MiB Swap:   3980.0 total,   3975.9 free,      4.1 used.   3008.7 avail Mem 

    PID USER      PR  NI    VIRT    RES    SHR S  %CPU  %MEM     TIME+ COMMAND

top - 14:39:40 up 9 days, 22:53,  1 user,  load average: 0.10, 0.31, 0.44
Tasks: 203 total,   1 running, 202 sleeping,   0 stopped,   0 zombie
%Cpu(s):  0.0 us,  3.8 sy,  0.0 ni, 96.2 id,  0.0 wa,  0.0 hi,  0.0 si,  0.0 st
MiB Mem :   3844.2 total,    178.8 free,    553.8 used,   3111.6 buff/cache
MiB Swap:   3980.0 total,   3975.9 free,      4.1 used.   3008.7 avail Mem 

    PID USER      PR  NI    VIRT    RES    SHR S  %CPU  %MEM     TIME+ COMMAND
    937 www-data  20   0   26028  20328   4156 S   0.0   0.5  46:13.61 nginx

top - 14:39:41 up 9 days, 22:53,  1 user,  load average: 0.10, 0.31, 0.44
Tasks: 203 total,   1 running, 202 sleeping,   0 stopped,   0 zombie
%Cpu(s):  1.9 us,  2.8 sy,  0.0 ni, 95.4 id,  0.0 wa,  0.0 hi,  0.0 si,  0.0 st
MiB Mem :   3844.2 total,    178.8 free,    553.8 used,   3111.6 buff/cache
MiB Swap:   3980.0 total,   3975.9 free,      4.1 used.   3008.7 avail Mem 

    PID USER      PR  NI    VIRT    RES    SHR S  %CPU  %MEM     TIME+ COMMAND
    937 www-data  20   0   26028  20328   4156 S   0.0   0.5  46:13.61 nginx

top - 14:39:41 up 9 days, 22:53,  1 user,  load average: 0.10, 0.31, 0.44
Tasks: 203 total,   1 running, 202 sleeping,   0 stopped,   0 zombie
%Cpu(s):  1.9 us,  2.8 sy,  0.0 ni, 95.3 id,  0.0 wa,  0.0 hi,  0.0 si,  0.0 st
MiB Mem :   3844.2 total,    178.8 free,    553.8 used,   3111.6 buff/cache
MiB Swap:   3980.0 total,   3975.9 free,      4.1 used.   3008.7 avail Mem 

    PID USER      PR  NI    VIRT    RES    SHR S  %CPU  %MEM     TIME+ COMMAND
    937 www-data  20   0   26028  20328   4156 S   0.0   0.5  46:13.61 nginx

top - 14:39:42 up 9 days, 22:53,  1 user,  load average: 0.10, 0.31, 0.44
Tasks: 203 total,   1 running, 202 sleeping,   0 stopped,   0 zombie
%Cpu(s):  1.9 us,  2.8 sy,  0.0 ni, 95.3 id,  0.0 wa,  0.0 hi,  0.0 si,  0.0 st
MiB Mem :   3844.2 total,    178.8 free,    553.8 used,   3111.6 buff/cache
MiB Swap:   3980.0 total,   3975.9 free,      4.1 used.   3008.7 avail Mem 

    PID USER      PR  NI    VIRT    RES    SHR S  %CPU  %MEM     TIME+ COMMAND

top - 14:39:42 up 9 days, 22:53,  1 user,  load average: 0.10, 0.31, 0.44
Tasks: 203 total,   1 running, 202 sleeping,   0 stopped,   0 zombie
%Cpu(s):  1.9 us,  2.8 sy,  0.0 ni, 95.4 id,  0.0 wa,  0.0 hi,  0.0 si,  0.0 st
MiB Mem :   3844.2 total,    178.8 free,    553.8 used,   3111.6 buff/cache
MiB Swap:   3980.0 total,   3975.9 free,      4.1 used.   3008.7 avail Mem 

    PID USER      PR  NI    VIRT    RES    SHR S  %CPU  %MEM     TIME+ COMMAND
    937 www-data  20   0   26028  20328   4156 S   0.0   0.5  46:13.62 nginx

top - 14:39:43 up 9 days, 22:53,  1 user,  load average: 0.10, 0.31, 0.44
Tasks: 203 total,   1 running, 202 sleeping,   0 stopped,   0 zombie
%Cpu(s):  4.7 us, 10.4 sy,  2.8 ni, 67.9 id, 14.2 wa,  0.0 hi,  0.0 si,  0.0 st
MiB Mem :   3844.2 total,    178.8 free,    553.8 used,   3111.6 buff/cache
MiB Swap:   3980.0 total,   3975.9 free,      4.1 used.   3008.7 avail Mem 

    PID USER      PR  NI    VIRT    RES    SHR S  %CPU  %MEM     TIME+ COMMAND

top - 14:39:43 up 9 days, 22:53,  1 user,  load average: 0.10, 0.31, 0.44
Tasks: 202 total,   1 running, 201 sleeping,   0 stopped,   0 zombie
%Cpu(s):  2.9 us,  5.7 sy,  1.0 ni, 90.5 id,  0.0 wa,  0.0 hi,  0.0 si,  0.0 st
MiB Mem :   3844.2 total,    178.8 free,    553.8 used,   3111.6 buff/cache
MiB Swap:   3980.0 total,   3975.9 free,      4.1 used.   3008.7 avail Mem 

    PID USER      PR  NI    VIRT    RES    SHR S  %CPU  %MEM     TIME+ COMMAND
    937 www-data  20   0   26028  20328   4156 S   0.0   0.5  46:13.63 nginx

top - 14:39:44 up 9 days, 22:53,  1 user,  load average: 0.10, 0.31, 0.44
Tasks: 202 total,   1 running, 201 sleeping,   0 stopped,   0 zombie
%Cpu(s):  1.9 us,  2.8 sy,  0.0 ni, 95.4 id,  0.0 wa,  0.0 hi,  0.0 si,  0.0 st
MiB Mem :   3844.2 total,    178.8 free,    553.8 used,   3111.6 buff/cache
MiB Swap:   3980.0 total,   3975.9 free,      4.1 used.   3008.7 avail Mem 

    PID USER      PR  NI    VIRT    RES    SHR S  %CPU  %MEM     TIME+ COMMAND
    937 www-data  20   0   26028  20328   4156 S   0.0   0.5  46:13.63 nginx

top - 14:39:44 up 9 days, 22:53,  1 user,  load average: 0.10, 0.31, 0.44
Tasks: 202 total,   1 running, 201 sleeping,   0 stopped,   0 zombie
%Cpu(s):  1.9 us,  2.8 sy,  0.0 ni, 95.4 id,  0.0 wa,  0.0 hi,  0.0 si,  0.0 st
MiB Mem :   3844.2 total,    178.8 free,    553.8 used,   3111.6 buff/cache
MiB Swap:   3980.0 total,   3975.9 free,      4.1 used.   3008.7 avail Mem 

    PID USER      PR  NI    VIRT    RES    SHR S  %CPU  %MEM     TIME+ COMMAND
    937 www-data  20   0   26028  20328   4156 S   0.0   0.5  46:13.63 nginx

top - 14:39:45 up 9 days, 22:53,  1 user,  load average: 0.09, 0.30, 0.43
Tasks: 202 total,   2 running, 200 sleeping,   0 stopped,   0 zombie
%Cpu(s):  1.9 us,  3.7 sy,  0.0 ni, 94.4 id,  0.0 wa,  0.0 hi,  0.0 si,  0.0 st
MiB Mem :   3844.2 total,    178.8 free,    553.8 used,   3111.5 buff/cache
MiB Swap:   3980.0 total,   3975.9 free,      4.1 used.   3008.6 avail Mem 

    PID USER      PR  NI    VIRT    RES    SHR S  %CPU  %MEM     TIME+ COMMAND

top - 14:39:45 up 9 days, 22:53,  1 user,  load average: 0.09, 0.30, 0.43
Tasks: 202 total,   1 running, 201 sleeping,   0 stopped,   0 zombie
%Cpu(s):  1.9 us,  2.8 sy,  0.0 ni, 95.3 id,  0.0 wa,  0.0 hi,  0.0 si,  0.0 st
MiB Mem :   3844.2 total,    178.8 free,    553.8 used,   3111.5 buff/cache
MiB Swap:   3980.0 total,   3975.9 free,      4.1 used.   3008.6 avail Mem 

    PID USER      PR  NI    VIRT    RES    SHR S  %CPU  %MEM     TIME+ COMMAND
    937 www-data  20   0   26028  20328   4156 S   0.0   0.5  46:13.64 nginx

top - 14:39:46 up 9 days, 22:53,  1 user,  load average: 0.09, 0.30, 0.43
Tasks: 202 total,   1 running, 201 sleeping,   0 stopped,   0 zombie
%Cpu(s):  0.0 us,  2.8 sy,  0.0 ni, 97.2 id,  0.0 wa,  0.0 hi,  0.0 si,  0.0 st
MiB Mem :   3844.2 total,    178.8 free,    553.8 used,   3111.5 buff/cache
MiB Swap:   3980.0 total,   3975.9 free,      4.1 used.   3008.6 avail Mem 

    PID USER      PR  NI    VIRT    RES    SHR S  %CPU  %MEM     TIME+ COMMAND
    937 www-data  20   0   26028  20328   4156 S   0.0   0.5  46:13.64 nginx

top - 14:39:47 up 9 days, 22:53,  1 user,  load average: 0.09, 0.30, 0.43
Tasks: 202 total,   1 running, 201 sleeping,   0 stopped,   0 zombie
%Cpu(s):  1.8 us,  2.8 sy,  0.0 ni, 95.4 id,  0.0 wa,  0.0 hi,  0.0 si,  0.0 st
MiB Mem :   3844.2 total,    178.8 free,    553.8 used,   3111.5 buff/cache
MiB Swap:   3980.0 total,   3975.9 free,      4.1 used.   3008.6 avail Mem 

    PID USER      PR  NI    VIRT    RES    SHR S  %CPU  %MEM     TIME+ COMMAND
    937 www-data  20   0   26028  20328   4156 S   0.0   0.5  46:13.64 nginx
