top - 14:36:36 up 9 days, 22:50,  1 user,  load average: 0.35, 0.47, 0.51
Tasks: 203 total,   1 running, 202 sleeping,   0 stopped,   0 zombie
%Cpu(s):  7.7 us,  5.1 sy,  0.0 ni, 87.2 id,  0.0 wa,  0.0 hi,  0.0 si,  0.0 st
MiB Mem :   3844.2 total,    182.3 free,    550.8 used,   3111.1 buff/cache
MiB Swap:   3980.0 total,   3975.9 free,      4.1 used.   3011.6 avail Mem 

    PID USER      PR  NI    VIRT    RES    SHR S  %CPU  %MEM     TIME+ COMMAND
    937 www-data  20   0   26028  20328   4156 S   0.0   0.5  45:27.03 nginx

top - 14:36:36 up 9 days, 22:50,  1 user,  load average: 0.35, 0.47, 0.51
Tasks: 203 total,   1 running, 202 sleeping,   0 stopped,   0 zombie
%Cpu(s):  1.9 us,  1.0 sy,  0.0 ni, 97.1 id,  0.0 wa,  0.0 hi,  0.0 si,  0.0 st
MiB Mem :   3844.2 total,    182.3 free,    550.8 used,   3111.1 buff/cache
MiB Swap:   3980.0 total,   3975.9 free,      4.1 used.   3011.6 avail Mem 

    PID USER      PR  NI    VIRT    RES    SHR S  %CPU  %MEM     TIME+ COMMAND
    937 www-data  20   0   26028  20328   4156 S   0.0   0.5  45:27.03 nginx

top - 14:36:37 up 9 days, 22:50,  1 user,  load average: 0.35, 0.47, 0.51
Tasks: 203 total,   1 running, 202 sleeping,   0 stopped,   0 zombie
%Cpu(s):  0.0 us,  2.9 sy,  0.0 ni, 97.1 id,  0.0 wa,  0.0 hi,  0.0 si,  0.0 st
MiB Mem :   3844.2 total,    182.3 free,    550.8 used,   3111.1 buff/cache
MiB Swap:   3980.0 total,   3975.9 free,      4.1 used.   3011.6 avail Mem 

    PID USER      PR  NI    VIRT    RES    SHR S  %CPU  %MEM     TIME+ COMMAND
    937 www-data  20   0   26028  20328   4156 S   0.0   0.5  45:27.03 nginx

top - 14:36:37 up 9 days, 22:50,  1 user,  load average: 0.35, 0.47, 0.51
Tasks: 203 total,   3 running, 200 sleeping,   0 stopped,   0 zombie
%Cpu(s):  5.8 us,  1.9 sy,  0.0 ni, 92.3 id,  0.0 wa,  0.0 hi,  0.0 si,  0.0 st
MiB Mem :   3844.2 total,    182.3 free,    550.8 used,   3111.1 buff/cache
MiB Swap:   3980.0 total,   3975.9 free,      4.1 used.   3011.6 avail Mem 

    PID USER      PR  NI    VIRT    RES    SHR S  %CPU  %MEM     TIME+ COMMAND

top - 14:36:38 up 9 days, 22:50,  1 user,  load average: 0.35, 0.47, 0.51
Tasks: 203 total,   1 running, 202 sleeping,   0 stopped,   0 zombie
%Cpu(s):  0.0 us,  1.9 sy,  0.0 ni, 98.1 id,  0.0 wa,  0.0 hi,  0.0 si,  0.0 st
MiB Mem :   3844.2 total,    182.3 free,    550.8 used,   3111.1 buff/cache
MiB Swap:   3980.0 total,   3975.9 free,      4.1 used.   3011.6 avail Mem 

    PID USER      PR  NI    VIRT    RES    SHR S  %CPU  %MEM     TIME+ COMMAND

top - 14:36:39 up 9 days, 22:50,  1 user,  load average: 0.35, 0.47, 0.51
Tasks: 203 total,   1 running, 202 sleeping,   0 stopped,   0 zombie
%Cpu(s):  5.6 us,  2.8 sy,  0.0 ni, 91.6 id,  0.0 wa,  0.0 hi,  0.0 si,  0.0 st
MiB Mem :   3844.2 total,    182.3 free,    550.8 used,   3111.1 buff/cache
MiB Swap:   3980.0 total,   3975.9 free,      4.1 used.   3011.7 avail Mem 

    PID USER      PR  NI    VIRT    RES    SHR S  %CPU  %MEM     TIME+ COMMAND

top - 14:36:39 up 9 days, 22:50,  1 user,  load average: 0.35, 0.47, 0.51
Tasks: 203 total,   1 running, 202 sleeping,   0 stopped,   0 zombie
%Cpu(s):  0.9 us,  3.7 sy,  0.0 ni, 95.4 id,  0.0 wa,  0.0 hi,  0.0 si,  0.0 st
MiB Mem :   3844.2 total,    182.3 free,    550.8 used,   3111.1 buff/cache
MiB Swap:   3980.0 total,   3975.9 free,      4.1 used.   3011.7 avail Mem 

    PID USER      PR  NI    VIRT    RES    SHR S  %CPU  %MEM     TIME+ COMMAND
    937 www-data  20   0   26028  20328   4156 S   0.0   0.5  45:27.13 nginx

top - 14:36:40 up 9 days, 22:50,  1 user,  load average: 0.33, 0.46, 0.51
Tasks: 203 total,   1 running, 202 sleeping,   0 stopped,   0 zombie
%Cpu(s):  7.6 us,  1.9 sy,  0.0 ni, 90.5 id,  0.0 wa,  0.0 hi,  0.0 si,  0.0 st
MiB Mem :   3844.2 total,    182.3 free,    550.8 used,   3111.1 buff/cache
MiB Swap:   3980.0 total,   3975.9 free,      4.1 used.   3011.7 avail Mem 

    PID USER      PR  NI    VIRT    RES    SHR S  %CPU  %MEM     TIME+ COMMAND

top - 14:36:40 up 9 days, 22:50,  1 user,  load average: 0.33, 0.46, 0.51
Tasks: 203 total,   1 running, 202 sleeping,   0 stopped,   0 zombie
%Cpu(s):  0.9 us,  3.7 sy,  0.0 ni, 95.4 id,  0.0 wa,  0.0 hi,  0.0 si,  0.0 st
MiB Mem :   3844.2 total,    182.3 free,    550.8 used,   3111.1 buff/cache
MiB Swap:   3980.0 total,   3975.9 free,      4.1 used.   3011.7 avail Mem 

    PID USER      PR  NI    VIRT    RES    SHR S  %CPU  %MEM     TIME+ COMMAND
    937 www-data  20   0   26028  20328   4156 S   0.0   0.5  45:27.20 nginx

top - 14:36:41 up 9 days, 22:50,  1 user,  load average: 0.33, 0.46, 0.51
Tasks: 203 total,   1 running, 202 sleeping,   0 stopped,   0 zombie
%Cpu(s): 12.0 us,  7.4 sy,  3.7 ni, 60.2 id, 16.7 wa,  0.0 hi,  0.0 si,  0.0 st
MiB Mem :   3844.2 total,    182.3 free,    550.8 used,   3111.1 buff/cache
MiB Swap:   3980.0 total,   3975.9 free,      4.1 used.   3011.7 avail Mem 

    PID USER      PR  NI    VIRT    RES    SHR S  %CPU  %MEM     TIME+ COMMAND

top - 14:36:41 up 9 days, 22:50,  1 user,  load average: 0.33, 0.46, 0.51
Tasks: 202 total,   1 running, 201 sleeping,   0 stopped,   0 zombie
%Cpu(s):  2.8 us,  3.8 sy,  0.0 ni, 93.4 id,  0.0 wa,  0.0 hi,  0.0 si,  0.0 st
MiB Mem :   3844.2 total,    182.3 free,    550.8 used,   3111.1 buff/cache
MiB Swap:   3980.0 total,   3975.9 free,      4.1 used.   3011.7 avail Mem 

    PID USER      PR  NI    VIRT    RES    SHR S  %CPU  %MEM     TIME+ COMMAND
    937 www-data  20   0   26028  20328   4156 S   0.0   0.5  45:27.26 nginx

top - 14:36:42 up 9 days, 22:50,  1 user,  load average: 0.33, 0.46, 0.51
Tasks: 202 total,   1 running, 201 sleeping,   0 stopped,   0 zombie
%Cpu(s):  6.5 us,  2.8 sy,  0.0 ni, 90.7 id,  0.0 wa,  0.0 hi,  0.0 si,  0.0 st
MiB Mem :   3844.2 total,    182.3 free,    550.8 used,   3111.1 buff/cache
MiB Swap:   3980.0 total,   3975.9 free,      4.1 used.   3011.7 avail Mem 

    PID USER      PR  NI    VIRT    RES    SHR S  %CPU  %MEM     TIME+ COMMAND

top - 14:36:42 up 9 days, 22:50,  1 user,  load average: 0.33, 0.46, 0.51
Tasks: 202 total,   2 running, 200 sleeping,   0 stopped,   0 zombie
%Cpu(s):  0.9 us,  3.7 sy,  0.0 ni, 95.4 id,  0.0 wa,  0.0 hi,  0.0 si,  0.0 st
MiB Mem :   3844.2 total,    182.3 free,    550.8 used,   3111.1 buff/cache
MiB Swap:   3980.0 total,   3975.9 free,      4.1 used.   3011.7 avail Mem 

    PID USER      PR  NI    VIRT    RES    SHR S  %CPU  %MEM     TIME+ COMMAND
    937 www-data  20   0   26028  20328   4156 S   0.0   0.5  45:27.33 nginx

top - 14:36:43 up 9 days, 22:50,  1 user,  load average: 0.33, 0.46, 0.51
Tasks: 202 total,   1 running, 201 sleeping,   0 stopped,   0 zombie
%Cpu(s):  7.5 us,  3.7 sy,  0.0 ni, 88.8 id,  0.0 wa,  0.0 hi,  0.0 si,  0.0 st
MiB Mem :   3844.2 total,    182.3 free,    550.8 used,   3111.1 buff/cache
MiB Swap:   3980.0 total,   3975.9 free,      4.1 used.   3011.7 avail Mem 

    PID USER      PR  NI    VIRT    RES    SHR S  %CPU  %MEM     TIME+ COMMAND

top - 14:36:43 up 9 days, 22:50,  1 user,  load average: 0.33, 0.46, 0.51
Tasks: 202 total,   1 running, 201 sleeping,   0 stopped,   0 zombie
%Cpu(s):  1.9 us,  2.8 sy,  0.0 ni, 95.4 id,  0.0 wa,  0.0 hi,  0.0 si,  0.0 st
MiB Mem :   3844.2 total,    182.3 free,    550.8 used,   3111.1 buff/cache
MiB Swap:   3980.0 total,   3975.9 free,      4.1 used.   3011.7 avail Mem 

    PID USER      PR  NI    VIRT    RES    SHR S  %CPU  %MEM     TIME+ COMMAND
    937 www-data  20   0   26028  20328   4156 S   0.0   0.5  45:27.39 nginx

top - 14:36:44 up 9 days, 22:50,  1 user,  load average: 0.33, 0.46, 0.51
Tasks: 202 total,   1 running, 201 sleeping,   0 stopped,   0 zombie
%Cpu(s):  7.4 us,  2.8 sy,  0.0 ni, 89.8 id,  0.0 wa,  0.0 hi,  0.0 si,  0.0 st
MiB Mem :   3844.2 total,    182.3 free,    550.8 used,   3111.1 buff/cache
MiB Swap:   3980.0 total,   3975.9 free,      4.1 used.   3011.7 avail Mem 

    PID USER      PR  NI    VIRT    RES    SHR S  %CPU  %MEM     TIME+ COMMAND

top - 14:36:45 up 9 days, 22:50,  1 user,  load average: 0.30, 0.45, 0.51
Tasks: 202 total,   2 running, 200 sleeping,   0 stopped,   0 zombie
%Cpu(s):  8.4 us,  1.9 sy,  0.0 ni, 89.7 id,  0.0 wa,  0.0 hi,  0.0 si,  0.0 st
MiB Mem :   3844.2 total,    182.3 free,    550.8 used,   3111.1 buff/cache
MiB Swap:   3980.0 total,   3975.9 free,      4.1 used.   3011.7 avail Mem 

    PID USER      PR  NI    VIRT    RES    SHR S  %CPU  %MEM     TIME+ COMMAND

top - 14:36:45 up 9 days, 22:50,  1 user,  load average: 0.30, 0.45, 0.51
Tasks: 202 total,   1 running, 201 sleeping,   0 stopped,   0 zombie
%Cpu(s):  0.9 us,  3.7 sy,  0.0 ni, 95.4 id,  0.0 wa,  0.0 hi,  0.0 si,  0.0 st
MiB Mem :   3844.2 total,    182.3 free,    550.8 used,   3111.1 buff/cache
MiB Swap:   3980.0 total,   3975.9 free,      4.1 used.   3011.7 avail Mem 

    PID USER      PR  NI    VIRT    RES    SHR S  %CPU  %MEM     TIME+ COMMAND

top - 14:36:46 up 9 days, 22:50,  1 user,  load average: 0.30, 0.45, 0.51
Tasks: 202 total,   2 running, 200 sleeping,   0 stopped,   0 zombie
%Cpu(s): 10.3 us,  9.3 sy,  1.9 ni, 57.9 id, 19.6 wa,  0.0 hi,  0.9 si,  0.0 st
MiB Mem :   3844.2 total,    182.3 free,    550.8 used,   3111.1 buff/cache
MiB Swap:   3980.0 total,   3975.9 free,      4.1 used.   3011.7 avail Mem 

    PID USER      PR  NI    VIRT    RES    SHR S  %CPU  %MEM     TIME+ COMMAND

top - 14:36:46 up 9 days, 22:50,  1 user,  load average: 0.30, 0.45, 0.51
Tasks: 203 total,   1 running, 202 sleeping,   0 stopped,   0 zombie
%Cpu(s):  4.5 us,  8.2 sy, 10.0 ni, 77.3 id,  0.0 wa,  0.0 hi,  0.0 si,  0.0 st
MiB Mem :   3844.2 total,    182.3 free,    550.8 used,   3111.1 buff/cache
MiB Swap:   3980.0 total,   3975.9 free,      4.1 used.   3011.7 avail Mem 

    PID USER      PR  NI    VIRT    RES    SHR S  %CPU  %MEM     TIME+ COMMAND
    937 www-data  20   0   26028  20328   4156 S   0.0   0.5  45:27.60 nginx

top - 14:36:47 up 9 days, 22:50,  1 user,  load average: 0.30, 0.45, 0.51
Tasks: 203 total,   1 running, 202 sleeping,   0 stopped,   0 zombie
%Cpu(s):  7.4 us,  3.7 sy,  0.0 ni, 88.9 id,  0.0 wa,  0.0 hi,  0.0 si,  0.0 st
MiB Mem :   3844.2 total,    182.3 free,    550.8 used,   3111.1 buff/cache
MiB Swap:   3980.0 total,   3975.9 free,      4.1 used.   3011.7 avail Mem 

    PID USER      PR  NI    VIRT    RES    SHR S  %CPU  %MEM     TIME+ COMMAND

top - 14:36:47 up 9 days, 22:50,  1 user,  load average: 0.30, 0.45, 0.51
Tasks: 203 total,   1 running, 202 sleeping,   0 stopped,   0 zombie
%Cpu(s):  1.9 us,  2.8 sy,  0.0 ni, 95.4 id,  0.0 wa,  0.0 hi,  0.0 si,  0.0 st
MiB Mem :   3844.2 total,    182.3 free,    550.8 used,   3111.1 buff/cache
MiB Swap:   3980.0 total,   3975.9 free,      4.1 used.   3011.7 avail Mem 

    PID USER      PR  NI    VIRT    RES    SHR S  %CPU  %MEM     TIME+ COMMAND

top - 14:36:48 up 9 days, 22:50,  1 user,  load average: 0.30, 0.45, 0.51
Tasks: 203 total,   1 running, 202 sleeping,   0 stopped,   0 zombie
%Cpu(s): 13.0 us,  4.6 sy,  0.0 ni, 82.4 id,  0.0 wa,  0.0 hi,  0.0 si,  0.0 st
MiB Mem :   3844.2 total,    182.3 free,    550.8 used,   3111.1 buff/cache
MiB Swap:   3980.0 total,   3975.9 free,      4.1 used.   3011.7 avail Mem 

    PID USER      PR  NI    VIRT    RES    SHR S  %CPU  %MEM     TIME+ COMMAND

top - 14:36:48 up 9 days, 22:50,  1 user,  load average: 0.30, 0.45, 0.51
Tasks: 203 total,   1 running, 202 sleeping,   0 stopped,   0 zombie
%Cpu(s):  1.9 us,  1.9 sy,  0.0 ni, 96.2 id,  0.0 wa,  0.0 hi,  0.0 si,  0.0 st
MiB Mem :   3844.2 total,    182.3 free,    550.8 used,   3111.1 buff/cache
MiB Swap:   3980.0 total,   3975.9 free,      4.1 used.   3011.7 avail Mem 

    PID USER      PR  NI    VIRT    RES    SHR S  %CPU  %MEM     TIME+ COMMAND

top - 14:36:49 up 9 days, 22:50,  1 user,  load average: 0.30, 0.45, 0.51
Tasks: 203 total,   1 running, 202 sleeping,   0 stopped,   0 zombie
%Cpu(s):  9.2 us,  3.7 sy,  0.0 ni, 87.2 id,  0.0 wa,  0.0 hi,  0.0 si,  0.0 st
MiB Mem :   3844.2 total,    182.3 free,    550.8 used,   3111.1 buff/cache
MiB Swap:   3980.0 total,   3975.9 free,      4.1 used.   3011.7 avail Mem 

    PID USER      PR  NI    VIRT    RES    SHR S  %CPU  %MEM     TIME+ COMMAND

top - 14:36:49 up 9 days, 22:50,  1 user,  load average: 0.27, 0.45, 0.50
Tasks: 203 total,   1 running, 202 sleeping,   0 stopped,   0 zombie
%Cpu(s):  0.9 us,  2.8 sy,  0.0 ni, 96.2 id,  0.0 wa,  0.0 hi,  0.0 si,  0.0 st
MiB Mem :   3844.2 total,    182.3 free,    550.8 used,   3111.1 buff/cache
MiB Swap:   3980.0 total,   3975.9 free,      4.1 used.   3011.7 avail Mem 

    PID USER      PR  NI    VIRT    RES    SHR S  %CPU  %MEM     TIME+ COMMAND
    937 www-data  20   0   26028  20328   4156 S   0.0   0.5  45:27.83 nginx

top - 14:36:50 up 9 days, 22:50,  1 user,  load average: 0.27, 0.45, 0.50
Tasks: 203 total,   1 running, 202 sleeping,   0 stopped,   0 zombie
%Cpu(s):  8.4 us,  2.8 sy,  0.0 ni, 88.8 id,  0.0 wa,  0.0 hi,  0.0 si,  0.0 st
MiB Mem :   3844.2 total,    182.3 free,    550.8 used,   3111.1 buff/cache
MiB Swap:   3980.0 total,   3975.9 free,      4.1 used.   3011.7 avail Mem 

    PID USER      PR  NI    VIRT    RES    SHR S  %CPU  %MEM     TIME+ COMMAND

top - 14:36:51 up 9 days, 22:50,  1 user,  load average: 0.27, 0.45, 0.50
Tasks: 203 total,   2 running, 201 sleeping,   0 stopped,   0 zombie
%Cpu(s):  9.2 us,  7.3 sy,  0.9 ni, 75.2 id,  7.3 wa,  0.0 hi,  0.0 si,  0.0 st
MiB Mem :   3844.2 total,    182.3 free,    550.8 used,   3111.1 buff/cache
MiB Swap:   3980.0 total,   3975.9 free,      4.1 used.   3011.7 avail Mem 

    PID USER      PR  NI    VIRT    RES    SHR S  %CPU  %MEM     TIME+ COMMAND

top - 14:36:51 up 9 days, 22:50,  1 user,  load average: 0.27, 0.45, 0.50
Tasks: 203 total,   1 running, 202 sleeping,   0 stopped,   0 zombie
%Cpu(s):  3.7 us,  2.8 sy,  1.9 ni, 88.0 id,  2.8 wa,  0.0 hi,  0.9 si,  0.0 st
MiB Mem :   3844.2 total,    181.8 free,    551.2 used,   3111.1 buff/cache
MiB Swap:   3980.0 total,   3975.9 free,      4.1 used.   3011.2 avail Mem 

    PID USER      PR  NI    VIRT    RES    SHR S  %CPU  %MEM     TIME+ COMMAND

top - 14:36:52 up 9 days, 22:50,  1 user,  load average: 0.27, 0.45, 0.50
Tasks: 203 total,   1 running, 202 sleeping,   0 stopped,   0 zombie
%Cpu(s):  9.3 us,  2.8 sy,  0.0 ni, 87.9 id,  0.0 wa,  0.0 hi,  0.0 si,  0.0 st
MiB Mem :   3844.2 total,    181.8 free,    551.2 used,   3111.1 buff/cache
MiB Swap:   3980.0 total,   3975.9 free,      4.1 used.   3011.2 avail Mem 

    PID USER      PR  NI    VIRT    RES    SHR S  %CPU  %MEM     TIME+ COMMAND

top - 14:36:52 up 9 days, 22:50,  1 user,  load average: 0.27, 0.45, 0.50
Tasks: 203 total,   1 running, 202 sleeping,   0 stopped,   0 zombie
%Cpu(s):  1.9 us,  1.9 sy,  0.0 ni, 96.2 id,  0.0 wa,  0.0 hi,  0.0 si,  0.0 st
MiB Mem :   3844.2 total,    181.8 free,    551.2 used,   3111.1 buff/cache
MiB Swap:   3980.0 total,   3975.9 free,      4.1 used.   3011.2 avail Mem 

    PID USER      PR  NI    VIRT    RES    SHR S  %CPU  %MEM     TIME+ COMMAND

top - 14:36:53 up 9 days, 22:50,  1 user,  load average: 0.27, 0.45, 0.50
Tasks: 203 total,   1 running, 202 sleeping,   0 stopped,   0 zombie
%Cpu(s): 11.0 us,  3.7 sy,  0.0 ni, 85.3 id,  0.0 wa,  0.0 hi,  0.0 si,  0.0 st
MiB Mem :   3844.2 total,    181.8 free,    551.2 used,   3111.1 buff/cache
MiB Swap:   3980.0 total,   3975.9 free,      4.1 used.   3011.2 avail Mem 

    PID USER      PR  NI    VIRT    RES    SHR S  %CPU  %MEM     TIME+ COMMAND

top - 14:36:53 up 9 days, 22:50,  1 user,  load average: 0.27, 0.45, 0.50
Tasks: 203 total,   1 running, 202 sleeping,   0 stopped,   0 zombie
%Cpu(s):  0.9 us,  3.7 sy,  0.0 ni, 95.4 id,  0.0 wa,  0.0 hi,  0.0 si,  0.0 st
MiB Mem :   3844.2 total,    181.8 free,    551.2 used,   3111.1 buff/cache
MiB Swap:   3980.0 total,   3975.9 free,      4.1 used.   3011.2 avail Mem 

    PID USER      PR  NI    VIRT    RES    SHR S  %CPU  %MEM     TIME+ COMMAND
    937 www-data  20   0   26028  20328   4156 S   0.0   0.5  45:28.18 nginx

top - 14:36:54 up 9 days, 22:50,  1 user,  load average: 0.27, 0.45, 0.50
Tasks: 203 total,   1 running, 202 sleeping,   0 stopped,   0 zombie
%Cpu(s):  8.4 us,  2.8 sy,  0.0 ni, 88.8 id,  0.0 wa,  0.0 hi,  0.0 si,  0.0 st
MiB Mem :   3844.2 total,    181.8 free,    551.2 used,   3111.1 buff/cache
MiB Swap:   3980.0 total,   3975.9 free,      4.1 used.   3011.2 avail Mem 

    PID USER      PR  NI    VIRT    RES    SHR S  %CPU  %MEM     TIME+ COMMAND

top - 14:36:54 up 9 days, 22:50,  1 user,  load average: 0.27, 0.45, 0.50
Tasks: 203 total,   1 running, 202 sleeping,   0 stopped,   0 zombie
%Cpu(s):  1.8 us,  3.7 sy,  0.0 ni, 94.5 id,  0.0 wa,  0.0 hi,  0.0 si,  0.0 st
MiB Mem :   3844.2 total,    181.8 free,    551.2 used,   3111.1 buff/cache
MiB Swap:   3980.0 total,   3975.9 free,      4.1 used.   3011.2 avail Mem 

    PID USER      PR  NI    VIRT    RES    SHR S  %CPU  %MEM     TIME+ COMMAND

top - 14:36:55 up 9 days, 22:50,  1 user,  load average: 0.25, 0.44, 0.50
Tasks: 203 total,   1 running, 202 sleeping,   0 stopped,   0 zombie
%Cpu(s):  7.4 us,  4.6 sy,  0.0 ni, 88.0 id,  0.0 wa,  0.0 hi,  0.0 si,  0.0 st
MiB Mem :   3844.2 total,    181.8 free,    551.2 used,   3111.1 buff/cache
MiB Swap:   3980.0 total,   3975.9 free,      4.1 used.   3011.2 avail Mem 

    PID USER      PR  NI    VIRT    RES    SHR S  %CPU  %MEM     TIME+ COMMAND

top - 14:36:55 up 9 days, 22:50,  1 user,  load average: 0.25, 0.44, 0.50
Tasks: 202 total,   1 running, 201 sleeping,   0 stopped,   0 zombie
%Cpu(s):  1.0 us,  3.8 sy,  0.0 ni, 95.2 id,  0.0 wa,  0.0 hi,  0.0 si,  0.0 st
MiB Mem :   3844.2 total,    181.8 free,    551.2 used,   3111.1 buff/cache
MiB Swap:   3980.0 total,   3975.9 free,      4.1 used.   3011.2 avail Mem 

    PID USER      PR  NI    VIRT    RES    SHR S  %CPU  %MEM     TIME+ COMMAND
    937 www-data  20   0   26028  20328   4156 S   0.0   0.5  45:28.35 nginx

top - 14:36:56 up 9 days, 22:50,  1 user,  load average: 0.25, 0.44, 0.50
Tasks: 202 total,   1 running, 201 sleeping,   0 stopped,   0 zombie
%Cpu(s):  5.8 us,  6.8 sy,  3.9 ni, 62.1 id, 21.4 wa,  0.0 hi,  0.0 si,  0.0 st
MiB Mem :   3844.2 total,    181.8 free,    551.2 used,   3111.1 buff/cache
MiB Swap:   3980.0 total,   3975.9 free,      4.1 used.   3011.2 avail Mem 

    PID USER      PR  NI    VIRT    RES    SHR S  %CPU  %MEM     TIME+ COMMAND

top - 14:36:56 up 9 days, 22:50,  1 user,  load average: 0.25, 0.44, 0.50
Tasks: 202 total,   1 running, 201 sleeping,   0 stopped,   0 zombie
%Cpu(s):  2.8 us,  3.7 sy,  0.0 ni, 93.5 id,  0.0 wa,  0.0 hi,  0.0 si,  0.0 st
MiB Mem :   3844.2 total,    181.8 free,    551.2 used,   3111.1 buff/cache
MiB Swap:   3980.0 total,   3975.9 free,      4.1 used.   3011.2 avail Mem 

    PID USER      PR  NI    VIRT    RES    SHR S  %CPU  %MEM     TIME+ COMMAND
    937 www-data  20   0   26028  20328   4156 S   0.0   0.5  45:28.38 nginx

top - 14:36:57 up 9 days, 22:50,  1 user,  load average: 0.25, 0.44, 0.50
Tasks: 202 total,   1 running, 201 sleeping,   0 stopped,   0 zombie
%Cpu(s):  7.5 us,  1.9 sy,  0.0 ni, 90.6 id,  0.0 wa,  0.0 hi,  0.0 si,  0.0 st
MiB Mem :   3844.2 total,    181.6 free,    551.5 used,   3111.1 buff/cache
MiB Swap:   3980.0 total,   3975.9 free,      4.1 used.   3011.0 avail Mem 

    PID USER      PR  NI    VIRT    RES    SHR S  %CPU  %MEM     TIME+ COMMAND

top - 14:36:58 up 9 days, 22:50,  1 user,  load average: 0.25, 0.44, 0.50
Tasks: 202 total,   2 running, 200 sleeping,   0 stopped,   0 zombie
%Cpu(s):  9.1 us,  4.5 sy,  0.0 ni, 85.5 id,  0.0 wa,  0.0 hi,  0.9 si,  0.0 st
MiB Mem :   3844.2 total,    181.6 free,    551.5 used,   3111.1 buff/cache
MiB Swap:   3980.0 total,   3975.9 free,      4.1 used.   3011.0 avail Mem 

    PID USER      PR  NI    VIRT    RES    SHR S  %CPU  %MEM     TIME+ COMMAND

top - 14:36:58 up 9 days, 22:50,  1 user,  load average: 0.25, 0.44, 0.50
Tasks: 202 total,   1 running, 201 sleeping,   0 stopped,   0 zombie
%Cpu(s):  1.9 us,  2.8 sy,  0.0 ni, 95.4 id,  0.0 wa,  0.0 hi,  0.0 si,  0.0 st
MiB Mem :   3844.2 total,    181.6 free,    551.5 used,   3111.1 buff/cache
MiB Swap:   3980.0 total,   3975.9 free,      4.1 used.   3011.0 avail Mem 

    PID USER      PR  NI    VIRT    RES    SHR S  %CPU  %MEM     TIME+ COMMAND
    937 www-data  20   0   26028  20328   4156 S   0.0   0.5  45:28.54 nginx

top - 14:36:59 up 9 days, 22:50,  1 user,  load average: 0.25, 0.44, 0.50
Tasks: 202 total,   1 running, 201 sleeping,   0 stopped,   0 zombie
%Cpu(s):  8.4 us,  2.8 sy,  0.0 ni, 88.8 id,  0.0 wa,  0.0 hi,  0.0 si,  0.0 st
MiB Mem :   3844.2 total,    181.6 free,    551.5 used,   3111.1 buff/cache
MiB Swap:   3980.0 total,   3975.9 free,      4.1 used.   3011.0 avail Mem 

    PID USER      PR  NI    VIRT    RES    SHR S  %CPU  %MEM     TIME+ COMMAND

top - 14:36:59 up 9 days, 22:50,  1 user,  load average: 0.25, 0.44, 0.50
Tasks: 202 total,   1 running, 201 sleeping,   0 stopped,   0 zombie
%Cpu(s):  1.9 us,  1.9 sy,  0.0 ni, 96.3 id,  0.0 wa,  0.0 hi,  0.0 si,  0.0 st
MiB Mem :   3844.2 total,    181.6 free,    551.5 used,   3111.1 buff/cache
MiB Swap:   3980.0 total,   3975.9 free,      4.1 used.   3011.0 avail Mem 

    PID USER      PR  NI    VIRT    RES    SHR S  %CPU  %MEM     TIME+ COMMAND

top - 14:37:00 up 9 days, 22:50,  1 user,  load average: 0.23, 0.43, 0.50
Tasks: 202 total,   1 running, 201 sleeping,   0 stopped,   0 zombie
%Cpu(s): 11.5 us,  2.9 sy,  0.0 ni, 85.6 id,  0.0 wa,  0.0 hi,  0.0 si,  0.0 st
MiB Mem :   3844.2 total,    181.6 free,    551.5 used,   3111.1 buff/cache
MiB Swap:   3980.0 total,   3975.9 free,      4.1 used.   3011.0 avail Mem 

    PID USER      PR  NI    VIRT    RES    SHR S  %CPU  %MEM     TIME+ COMMAND

top - 14:37:00 up 9 days, 22:50,  1 user,  load average: 0.23, 0.43, 0.50
Tasks: 202 total,   1 running, 201 sleeping,   0 stopped,   0 zombie
%Cpu(s):  0.9 us,  3.7 sy,  0.0 ni, 95.4 id,  0.0 wa,  0.0 hi,  0.0 si,  0.0 st
MiB Mem :   3844.2 total,    181.6 free,    551.5 used,   3111.1 buff/cache
MiB Swap:   3980.0 total,   3975.9 free,      4.1 used.   3011.0 avail Mem 

    PID USER      PR  NI    VIRT    RES    SHR S  %CPU  %MEM     TIME+ COMMAND
    937 www-data  20   0   26028  20328   4156 S   0.0   0.5  45:28.71 nginx

top - 14:37:01 up 9 days, 22:50,  1 user,  load average: 0.23, 0.43, 0.50
Tasks: 203 total,   2 running, 201 sleeping,   0 stopped,   0 zombie
%Cpu(s): 11.5 us,  8.7 sy,  1.9 ni, 58.7 id, 18.3 wa,  0.0 hi,  1.0 si,  0.0 st
MiB Mem :   3844.2 total,    181.6 free,    551.5 used,   3111.1 buff/cache
MiB Swap:   3980.0 total,   3975.9 free,      4.1 used.   3011.0 avail Mem 

    PID USER      PR  NI    VIRT    RES    SHR S  %CPU  %MEM     TIME+ COMMAND

top - 14:37:01 up 9 days, 22:50,  1 user,  load average: 0.23, 0.43, 0.50
Tasks: 203 total,   1 running, 202 sleeping,   0 stopped,   0 zombie
%Cpu(s):  2.8 us,  7.5 sy,  8.5 ni, 81.1 id,  0.0 wa,  0.0 hi,  0.0 si,  0.0 st
MiB Mem :   3844.2 total,    181.6 free,    551.5 used,   3111.1 buff/cache
MiB Swap:   3980.0 total,   3975.9 free,      4.1 used.   3011.0 avail Mem 

    PID USER      PR  NI    VIRT    RES    SHR S  %CPU  %MEM     TIME+ COMMAND
    937 www-data  20   0   26028  20328   4156 S   0.0   0.5  45:28.74 nginx

top - 14:37:02 up 9 days, 22:50,  1 user,  load average: 0.23, 0.43, 0.50
Tasks: 203 total,   1 running, 202 sleeping,   0 stopped,   0 zombie
%Cpu(s):  8.3 us,  3.7 sy,  0.0 ni, 88.0 id,  0.0 wa,  0.0 hi,  0.0 si,  0.0 st
MiB Mem :   3844.2 total,    181.6 free,    551.5 used,   3111.1 buff/cache
MiB Swap:   3980.0 total,   3975.9 free,      4.1 used.   3011.0 avail Mem 

    PID USER      PR  NI    VIRT    RES    SHR S  %CPU  %MEM     TIME+ COMMAND

top - 14:37:02 up 9 days, 22:50,  1 user,  load average: 0.23, 0.43, 0.50
Tasks: 203 total,   1 running, 202 sleeping,   0 stopped,   0 zombie
%Cpu(s):  0.9 us,  3.7 sy,  0.0 ni, 95.4 id,  0.0 wa,  0.0 hi,  0.0 si,  0.0 st
MiB Mem :   3844.2 total,    181.6 free,    551.5 used,   3111.1 buff/cache
MiB Swap:   3980.0 total,   3975.9 free,      4.1 used.   3011.0 avail Mem 

    PID USER      PR  NI    VIRT    RES    SHR S  %CPU  %MEM     TIME+ COMMAND
    937 www-data  20   0   26028  20328   4156 S   0.0   0.5  45:28.82 nginx

top - 14:37:03 up 9 days, 22:50,  1 user,  load average: 0.23, 0.43, 0.50
Tasks: 203 total,   1 running, 202 sleeping,   0 stopped,   0 zombie
%Cpu(s):  8.5 us,  1.9 sy,  0.0 ni, 89.6 id,  0.0 wa,  0.0 hi,  0.0 si,  0.0 st
MiB Mem :   3844.2 total,    176.9 free,    556.1 used,   3111.1 buff/cache
MiB Swap:   3980.0 total,   3975.9 free,      4.1 used.   3006.3 avail Mem 

    PID USER      PR  NI    VIRT    RES    SHR S  %CPU  %MEM     TIME+ COMMAND

top - 14:37:03 up 9 days, 22:50,  1 user,  load average: 0.23, 0.43, 0.50
Tasks: 203 total,   2 running, 201 sleeping,   0 stopped,   0 zombie
%Cpu(s):  4.7 us,  1.9 sy,  0.0 ni, 93.4 id,  0.0 wa,  0.0 hi,  0.0 si,  0.0 st
MiB Mem :   3844.2 total,    176.9 free,    556.1 used,   3111.1 buff/cache
MiB Swap:   3980.0 total,   3975.9 free,      4.1 used.   3006.3 avail Mem 

    PID USER      PR  NI    VIRT    RES    SHR S  %CPU  %MEM     TIME+ COMMAND

top - 14:37:04 up 9 days, 22:50,  1 user,  load average: 0.23, 0.43, 0.50
Tasks: 203 total,   1 running, 202 sleeping,   0 stopped,   0 zombie
%Cpu(s): 10.2 us,  3.7 sy,  0.0 ni, 84.3 id,  0.0 wa,  0.0 hi,  1.9 si,  0.0 st
MiB Mem :   3844.2 total,    176.9 free,    556.1 used,   3111.1 buff/cache
MiB Swap:   3980.0 total,   3975.9 free,      4.1 used.   3006.3 avail Mem 

    PID USER      PR  NI    VIRT    RES    SHR S  %CPU  %MEM     TIME+ COMMAND

top - 14:37:05 up 9 days, 22:50,  1 user,  load average: 0.21, 0.42, 0.50
Tasks: 203 total,   1 running, 202 sleeping,   0 stopped,   0 zombie
%Cpu(s):  9.3 us,  1.9 sy,  0.0 ni, 88.8 id,  0.0 wa,  0.0 hi,  0.0 si,  0.0 st
MiB Mem :   3844.2 total,    176.9 free,    556.1 used,   3111.1 buff/cache
MiB Swap:   3980.0 total,   3975.9 free,      4.1 used.   3006.3 avail Mem 

    PID USER      PR  NI    VIRT    RES    SHR S  %CPU  %MEM     TIME+ COMMAND

top - 14:37:05 up 9 days, 22:50,  1 user,  load average: 0.21, 0.42, 0.50
Tasks: 203 total,   1 running, 202 sleeping,   0 stopped,   0 zombie
%Cpu(s):  1.9 us,  3.7 sy,  0.0 ni, 94.4 id,  0.0 wa,  0.0 hi,  0.0 si,  0.0 st
MiB Mem :   3844.2 total,    176.9 free,    556.1 used,   3111.1 buff/cache
MiB Swap:   3980.0 total,   3975.9 free,      4.1 used.   3006.3 avail Mem 

    PID USER      PR  NI    VIRT    RES    SHR S  %CPU  %MEM     TIME+ COMMAND

top - 14:37:06 up 9 days, 22:50,  1 user,  load average: 0.21, 0.42, 0.50
Tasks: 203 total,   1 running, 202 sleeping,   0 stopped,   0 zombie
%Cpu(s):  7.4 us,  7.4 sy,  0.9 ni, 74.1 id, 10.2 wa,  0.0 hi,  0.0 si,  0.0 st
MiB Mem :   3844.2 total,    175.7 free,    557.4 used,   3111.1 buff/cache
MiB Swap:   3980.0 total,   3975.9 free,      4.1 used.   3005.1 avail Mem 

    PID USER      PR  NI    VIRT    RES    SHR S  %CPU  %MEM     TIME+ COMMAND

top - 14:37:06 up 9 days, 22:50,  1 user,  load average: 0.21, 0.42, 0.50
Tasks: 203 total,   1 running, 202 sleeping,   0 stopped,   0 zombie
%Cpu(s):  1.9 us,  1.9 sy,  1.9 ni, 89.5 id,  4.8 wa,  0.0 hi,  0.0 si,  0.0 st
MiB Mem :   3844.2 total,    175.7 free,    557.4 used,   3111.1 buff/cache
MiB Swap:   3980.0 total,   3975.9 free,      4.1 used.   3005.1 avail Mem 

    PID USER      PR  NI    VIRT    RES    SHR S  %CPU  %MEM     TIME+ COMMAND
    937 www-data  20   0   26028  20328   4156 S   0.0   0.5  45:29.16 nginx

top - 14:37:07 up 9 days, 22:50,  1 user,  load average: 0.21, 0.42, 0.50
Tasks: 203 total,   1 running, 202 sleeping,   0 stopped,   0 zombie
%Cpu(s):  7.5 us,  3.8 sy,  0.0 ni, 88.7 id,  0.0 wa,  0.0 hi,  0.0 si,  0.0 st
MiB Mem :   3844.2 total,    175.7 free,    557.4 used,   3111.1 buff/cache
MiB Swap:   3980.0 total,   3975.9 free,      4.1 used.   3005.1 avail Mem 

    PID USER      PR  NI    VIRT    RES    SHR S  %CPU  %MEM     TIME+ COMMAND

top - 14:37:07 up 9 days, 22:50,  1 user,  load average: 0.21, 0.42, 0.50
Tasks: 203 total,   1 running, 202 sleeping,   0 stopped,   0 zombie
%Cpu(s):  0.9 us,  2.8 sy,  0.0 ni, 96.3 id,  0.0 wa,  0.0 hi,  0.0 si,  0.0 st
MiB Mem :   3844.2 total,    175.7 free,    557.4 used,   3111.1 buff/cache
MiB Swap:   3980.0 total,   3975.9 free,      4.1 used.   3005.1 avail Mem 

    PID USER      PR  NI    VIRT    RES    SHR S  %CPU  %MEM     TIME+ COMMAND

top - 14:37:08 up 9 days, 22:50,  1 user,  load average: 0.21, 0.42, 0.50
Tasks: 203 total,   1 running, 202 sleeping,   0 stopped,   0 zombie
%Cpu(s): 10.2 us,  1.9 sy,  0.0 ni, 88.0 id,  0.0 wa,  0.0 hi,  0.0 si,  0.0 st
MiB Mem :   3844.2 total,    175.7 free,    557.4 used,   3111.1 buff/cache
MiB Swap:   3980.0 total,   3975.9 free,      4.1 used.   3005.1 avail Mem 

    PID USER      PR  NI    VIRT    RES    SHR S  %CPU  %MEM     TIME+ COMMAND

top - 14:37:08 up 9 days, 22:50,  1 user,  load average: 0.21, 0.42, 0.50
Tasks: 203 total,   1 running, 202 sleeping,   0 stopped,   0 zombie
%Cpu(s):  0.0 us,  3.8 sy,  0.0 ni, 96.2 id,  0.0 wa,  0.0 hi,  0.0 si,  0.0 st
MiB Mem :   3844.2 total,    175.7 free,    557.4 used,   3111.1 buff/cache
MiB Swap:   3980.0 total,   3975.9 free,      4.1 used.   3005.1 avail Mem 

    PID USER      PR  NI    VIRT    RES    SHR S  %CPU  %MEM     TIME+ COMMAND

top - 14:37:09 up 9 days, 22:50,  1 user,  load average: 0.21, 0.42, 0.50
Tasks: 203 total,   1 running, 202 sleeping,   0 stopped,   0 zombie
%Cpu(s):  8.4 us,  2.8 sy,  0.0 ni, 88.8 id,  0.0 wa,  0.0 hi,  0.0 si,  0.0 st
MiB Mem :   3844.2 total,    175.7 free,    557.4 used,   3111.2 buff/cache
MiB Swap:   3980.0 total,   3975.9 free,      4.1 used.   3005.1 avail Mem 

    PID USER      PR  NI    VIRT    RES    SHR S  %CPU  %MEM     TIME+ COMMAND

top - 14:37:09 up 9 days, 22:50,  1 user,  load average: 0.20, 0.42, 0.49
Tasks: 203 total,   1 running, 202 sleeping,   0 stopped,   0 zombie
%Cpu(s):  0.9 us,  3.7 sy,  0.0 ni, 95.3 id,  0.0 wa,  0.0 hi,  0.0 si,  0.0 st
MiB Mem :   3844.2 total,    175.7 free,    557.4 used,   3111.2 buff/cache
MiB Swap:   3980.0 total,   3975.9 free,      4.1 used.   3005.1 avail Mem 

    PID USER      PR  NI    VIRT    RES    SHR S  %CPU  %MEM     TIME+ COMMAND
    937 www-data  20   0   26028  20328   4156 S   0.0   0.5  45:29.41 nginx

top - 14:37:10 up 9 days, 22:50,  1 user,  load average: 0.20, 0.42, 0.49
Tasks: 203 total,   1 running, 202 sleeping,   0 stopped,   0 zombie
%Cpu(s):  7.5 us,  3.7 sy,  0.0 ni, 88.8 id,  0.0 wa,  0.0 hi,  0.0 si,  0.0 st
MiB Mem :   3844.2 total,    175.7 free,    557.4 used,   3111.2 buff/cache
MiB Swap:   3980.0 total,   3975.9 free,      4.1 used.   3005.1 avail Mem 

    PID USER      PR  NI    VIRT    RES    SHR S  %CPU  %MEM     TIME+ COMMAND

top - 14:37:11 up 9 days, 22:50,  1 user,  load average: 0.20, 0.42, 0.49
Tasks: 202 total,   2 running, 200 sleeping,   0 stopped,   0 zombie
%Cpu(s):  9.3 us,  3.7 sy,  0.0 ni, 87.0 id,  0.0 wa,  0.0 hi,  0.0 si,  0.0 st
MiB Mem :   3844.2 total,    175.7 free,    557.4 used,   3111.2 buff/cache
MiB Swap:   3980.0 total,   3975.9 free,      4.1 used.   3005.1 avail Mem 

    PID USER      PR  NI    VIRT    RES    SHR S  %CPU  %MEM     TIME+ COMMAND

top - 14:37:11 up 9 days, 22:50,  1 user,  load average: 0.20, 0.42, 0.49
Tasks: 202 total,   1 running, 201 sleeping,   0 stopped,   0 zombie
%Cpu(s):  4.7 us,  7.5 sy,  3.7 ni, 70.1 id, 14.0 wa,  0.0 hi,  0.0 si,  0.0 st
MiB Mem :   3844.2 total,    175.7 free,    557.4 used,   3111.2 buff/cache
MiB Swap:   3980.0 total,   3975.9 free,      4.1 used.   3005.1 avail Mem 

    PID USER      PR  NI    VIRT    RES    SHR S  %CPU  %MEM     TIME+ COMMAND

top - 14:37:12 up 9 days, 22:50,  1 user,  load average: 0.20, 0.42, 0.49
Tasks: 202 total,   2 running, 200 sleeping,   0 stopped,   0 zombie
%Cpu(s):  9.3 us,  2.8 sy,  0.0 ni, 88.0 id,  0.0 wa,  0.0 hi,  0.0 si,  0.0 st
MiB Mem :   3844.2 total,    175.7 free,    557.4 used,   3111.1 buff/cache
MiB Swap:   3980.0 total,   3975.9 free,      4.1 used.   3005.1 avail Mem 

    PID USER      PR  NI    VIRT    RES    SHR S  %CPU  %MEM     TIME+ COMMAND

top - 14:37:12 up 9 days, 22:50,  1 user,  load average: 0.20, 0.42, 0.49
Tasks: 202 total,   1 running, 201 sleeping,   0 stopped,   0 zombie
%Cpu(s):  1.9 us,  2.8 sy,  0.0 ni, 95.4 id,  0.0 wa,  0.0 hi,  0.0 si,  0.0 st
MiB Mem :   3844.2 total,    175.7 free,    557.4 used,   3111.1 buff/cache
MiB Swap:   3980.0 total,   3975.9 free,      4.1 used.   3005.1 avail Mem 

    PID USER      PR  NI    VIRT    RES    SHR S  %CPU  %MEM     TIME+ COMMAND
    937 www-data  20   0   26028  20328   4156 S   0.0   0.5  45:29.66 nginx

top - 14:37:13 up 9 days, 22:50,  1 user,  load average: 0.20, 0.42, 0.49
Tasks: 202 total,   1 running, 201 sleeping,   0 stopped,   0 zombie
%Cpu(s): 10.2 us,  1.9 sy,  0.0 ni, 88.0 id,  0.0 wa,  0.0 hi,  0.0 si,  0.0 st
MiB Mem :   3844.2 total,    175.7 free,    557.4 used,   3111.1 buff/cache
MiB Swap:   3980.0 total,   3975.9 free,      4.1 used.   3005.1 avail Mem 

    PID USER      PR  NI    VIRT    RES    SHR S  %CPU  %MEM     TIME+ COMMAND

top - 14:37:13 up 9 days, 22:50,  1 user,  load average: 0.20, 0.42, 0.49
Tasks: 202 total,   1 running, 201 sleeping,   0 stopped,   0 zombie
%Cpu(s):  1.8 us,  3.7 sy,  0.0 ni, 94.5 id,  0.0 wa,  0.0 hi,  0.0 si,  0.0 st
MiB Mem :   3844.2 total,    175.7 free,    557.4 used,   3111.1 buff/cache
MiB Swap:   3980.0 total,   3975.9 free,      4.1 used.   3005.1 avail Mem 

    PID USER      PR  NI    VIRT    RES    SHR S  %CPU  %MEM     TIME+ COMMAND

top - 14:37:14 up 9 days, 22:50,  1 user,  load average: 0.20, 0.42, 0.49
Tasks: 202 total,   1 running, 201 sleeping,   0 stopped,   0 zombie
%Cpu(s):  9.3 us,  1.9 sy,  0.0 ni, 88.0 id,  0.0 wa,  0.0 hi,  0.9 si,  0.0 st
MiB Mem :   3844.2 total,    175.7 free,    557.4 used,   3111.1 buff/cache
MiB Swap:   3980.0 total,   3975.9 free,      4.1 used.   3005.1 avail Mem 

    PID USER      PR  NI    VIRT    RES    SHR S  %CPU  %MEM     TIME+ COMMAND

top - 14:37:14 up 9 days, 22:50,  1 user,  load average: 0.18, 0.41, 0.49
Tasks: 202 total,   1 running, 201 sleeping,   0 stopped,   0 zombie
%Cpu(s):  0.9 us,  3.7 sy,  0.0 ni, 95.3 id,  0.0 wa,  0.0 hi,  0.0 si,  0.0 st
MiB Mem :   3844.2 total,    175.7 free,    557.4 used,   3111.1 buff/cache
MiB Swap:   3980.0 total,   3975.9 free,      4.1 used.   3005.1 avail Mem 

    PID USER      PR  NI    VIRT    RES    SHR S  %CPU  %MEM     TIME+ COMMAND
    937 www-data  20   0   26028  20328   4156 S   0.0   0.5  45:29.83 nginx

top - 14:37:15 up 9 days, 22:50,  1 user,  load average: 0.18, 0.41, 0.49
Tasks: 202 total,   1 running, 201 sleeping,   0 stopped,   0 zombie
%Cpu(s): 10.2 us,  1.9 sy,  0.0 ni, 88.0 id,  0.0 wa,  0.0 hi,  0.0 si,  0.0 st
MiB Mem :   3844.2 total,    175.7 free,    557.4 used,   3111.1 buff/cache
MiB Swap:   3980.0 total,   3975.9 free,      4.1 used.   3005.1 avail Mem 

    PID USER      PR  NI    VIRT    RES    SHR S  %CPU  %MEM     TIME+ COMMAND

top - 14:37:15 up 9 days, 22:50,  1 user,  load average: 0.18, 0.41, 0.49
Tasks: 202 total,   1 running, 201 sleeping,   0 stopped,   0 zombie
%Cpu(s):  1.9 us,  2.8 sy,  0.0 ni, 95.3 id,  0.0 wa,  0.0 hi,  0.0 si,  0.0 st
MiB Mem :   3844.2 total,    175.7 free,    557.4 used,   3111.1 buff/cache
MiB Swap:   3980.0 total,   3975.9 free,      4.1 used.   3005.1 avail Mem 

    PID USER      PR  NI    VIRT    RES    SHR S  %CPU  %MEM     TIME+ COMMAND
    937 www-data  20   0   26028  20328   4156 S   0.0   0.5  45:29.91 nginx

top - 14:37:16 up 9 days, 22:50,  1 user,  load average: 0.18, 0.41, 0.49
Tasks: 203 total,   2 running, 201 sleeping,   0 stopped,   0 zombie
%Cpu(s): 13.7 us, 10.8 sy,  2.0 ni, 51.0 id, 21.6 wa,  0.0 hi,  1.0 si,  0.0 st
MiB Mem :   3844.2 total,    175.7 free,    557.4 used,   3111.1 buff/cache
MiB Swap:   3980.0 total,   3975.9 free,      4.1 used.   3005.1 avail Mem 

    PID USER      PR  NI    VIRT    RES    SHR S  %CPU  %MEM     TIME+ COMMAND

top - 14:37:17 up 9 days, 22:50,  1 user,  load average: 0.18, 0.41, 0.49
Tasks: 203 total,   2 running, 201 sleeping,   0 stopped,   0 zombie
%Cpu(s):  6.5 us,  9.3 sy, 10.2 ni, 73.1 id,  0.9 wa,  0.0 hi,  0.0 si,  0.0 st
MiB Mem :   3844.2 total,    175.7 free,    557.4 used,   3111.1 buff/cache
MiB Swap:   3980.0 total,   3975.9 free,      4.1 used.   3005.1 avail Mem 

    PID USER      PR  NI    VIRT    RES    SHR S  %CPU  %MEM     TIME+ COMMAND

top - 14:37:17 up 9 days, 22:51,  1 user,  load average: 0.18, 0.41, 0.49
Tasks: 203 total,   1 running, 202 sleeping,   0 stopped,   0 zombie
%Cpu(s):  3.7 us,  3.7 sy,  0.0 ni, 92.5 id,  0.0 wa,  0.0 hi,  0.0 si,  0.0 st
MiB Mem :   3844.2 total,    175.7 free,    557.4 used,   3111.1 buff/cache
MiB Swap:   3980.0 total,   3975.9 free,      4.1 used.   3005.1 avail Mem 

    PID USER      PR  NI    VIRT    RES    SHR S  %CPU  %MEM     TIME+ COMMAND

top - 14:37:18 up 9 days, 22:51,  1 user,  load average: 0.18, 0.41, 0.49
Tasks: 203 total,   1 running, 202 sleeping,   0 stopped,   0 zombie
%Cpu(s):  8.3 us,  3.7 sy,  0.0 ni, 88.0 id,  0.0 wa,  0.0 hi,  0.0 si,  0.0 st
MiB Mem :   3844.2 total,    172.7 free,    560.3 used,   3111.2 buff/cache
MiB Swap:   3980.0 total,   3975.9 free,      4.1 used.   3002.1 avail Mem 

    PID USER      PR  NI    VIRT    RES    SHR S  %CPU  %MEM     TIME+ COMMAND

top - 14:37:18 up 9 days, 22:51,  1 user,  load average: 0.18, 0.41, 0.49
Tasks: 203 total,   1 running, 202 sleeping,   0 stopped,   0 zombie
%Cpu(s):  1.9 us,  1.9 sy,  0.0 ni, 95.3 id,  0.0 wa,  0.0 hi,  0.9 si,  0.0 st
MiB Mem :   3844.2 total,    172.7 free,    560.3 used,   3111.2 buff/cache
MiB Swap:   3980.0 total,   3975.9 free,      4.1 used.   3002.1 avail Mem 

    PID USER      PR  NI    VIRT    RES    SHR S  %CPU  %MEM     TIME+ COMMAND

top - 14:37:19 up 9 days, 22:51,  1 user,  load average: 0.18, 0.41, 0.49
Tasks: 203 total,   1 running, 202 sleeping,   0 stopped,   0 zombie
%Cpu(s): 10.2 us,  1.9 sy,  0.0 ni, 88.0 id,  0.0 wa,  0.0 hi,  0.0 si,  0.0 st
MiB Mem :   3844.2 total,    172.7 free,    560.3 used,   3111.2 buff/cache
MiB Swap:   3980.0 total,   3975.9 free,      4.1 used.   3002.1 avail Mem 

    PID USER      PR  NI    VIRT    RES    SHR S  %CPU  %MEM     TIME+ COMMAND

top - 14:37:19 up 9 days, 22:51,  1 user,  load average: 0.18, 0.41, 0.49
Tasks: 203 total,   1 running, 202 sleeping,   0 stopped,   0 zombie
%Cpu(s):  1.9 us,  2.8 sy,  0.0 ni, 95.3 id,  0.0 wa,  0.0 hi,  0.0 si,  0.0 st
MiB Mem :   3844.2 total,    172.7 free,    560.3 used,   3111.2 buff/cache
MiB Swap:   3980.0 total,   3975.9 free,      4.1 used.   3002.1 avail Mem 

    PID USER      PR  NI    VIRT    RES    SHR S  %CPU  %MEM     TIME+ COMMAND
    937 www-data  20   0   26028  20328   4156 S   0.0   0.5  45:30.24 nginx

top - 14:37:20 up 9 days, 22:51,  1 user,  load average: 0.16, 0.40, 0.49
Tasks: 203 total,   1 running, 202 sleeping,   0 stopped,   0 zombie
%Cpu(s):  8.3 us,  3.7 sy,  0.0 ni, 88.0 id,  0.0 wa,  0.0 hi,  0.0 si,  0.0 st
MiB Mem :   3844.2 total,    172.7 free,    560.3 used,   3111.2 buff/cache
MiB Swap:   3980.0 total,   3975.9 free,      4.1 used.   3002.1 avail Mem 

    PID USER      PR  NI    VIRT    RES    SHR S  %CPU  %MEM     TIME+ COMMAND

top - 14:37:20 up 9 days, 22:51,  1 user,  load average: 0.16, 0.40, 0.49
Tasks: 203 total,   1 running, 202 sleeping,   0 stopped,   0 zombie
%Cpu(s):  1.9 us,  2.8 sy,  0.0 ni, 95.3 id,  0.0 wa,  0.0 hi,  0.0 si,  0.0 st
MiB Mem :   3844.2 total,    172.7 free,    560.3 used,   3111.2 buff/cache
MiB Swap:   3980.0 total,   3975.9 free,      4.1 used.   3002.1 avail Mem 

    PID USER      PR  NI    VIRT    RES    SHR S  %CPU  %MEM     TIME+ COMMAND
    937 www-data  20   0   26028  20328   4156 S   0.0   0.5  45:30.32 nginx

top - 14:37:21 up 9 days, 22:51,  1 user,  load average: 0.16, 0.40, 0.49
Tasks: 203 total,   1 running, 202 sleeping,   0 stopped,   0 zombie
%Cpu(s):  9.3 us,  9.3 sy,  0.9 ni, 70.1 id, 10.3 wa,  0.0 hi,  0.0 si,  0.0 st
MiB Mem :   3844.2 total,    172.5 free,    560.5 used,   3111.2 buff/cache
MiB Swap:   3980.0 total,   3975.9 free,      4.1 used.   3001.9 avail Mem 

    PID USER      PR  NI    VIRT    RES    SHR S  %CPU  %MEM     TIME+ COMMAND

top - 14:37:21 up 9 days, 22:51,  1 user,  load average: 0.16, 0.40, 0.49
Tasks: 203 total,   1 running, 202 sleeping,   0 stopped,   0 zombie
%Cpu(s):  2.8 us,  3.7 sy,  1.9 ni, 78.7 id, 13.0 wa,  0.0 hi,  0.0 si,  0.0 st
MiB Mem :   3844.2 total,    172.5 free,    560.5 used,   3111.2 buff/cache
MiB Swap:   3980.0 total,   3975.9 free,      4.1 used.   3001.9 avail Mem 

    PID USER      PR  NI    VIRT    RES    SHR S  %CPU  %MEM     TIME+ COMMAND
    937 www-data  20   0   26028  20328   4156 S   0.0   0.5  45:30.41 nginx

top - 14:37:22 up 9 days, 22:51,  1 user,  load average: 0.16, 0.40, 0.49
Tasks: 203 total,   1 running, 202 sleeping,   0 stopped,   0 zombie
%Cpu(s):  8.5 us,  2.8 sy,  0.0 ni, 88.7 id,  0.0 wa,  0.0 hi,  0.0 si,  0.0 st
MiB Mem :   3844.2 total,    172.5 free,    560.5 used,   3111.2 buff/cache
MiB Swap:   3980.0 total,   3975.9 free,      4.1 used.   3001.9 avail Mem 

    PID USER      PR  NI    VIRT    RES    SHR S  %CPU  %MEM     TIME+ COMMAND

top - 14:37:23 up 9 days, 22:51,  1 user,  load average: 0.16, 0.40, 0.49
Tasks: 203 total,   2 running, 201 sleeping,   0 stopped,   0 zombie
%Cpu(s):  4.6 us,  2.8 sy,  0.0 ni, 92.6 id,  0.0 wa,  0.0 hi,  0.0 si,  0.0 st
MiB Mem :   3844.2 total,    172.5 free,    560.5 used,   3111.2 buff/cache
MiB Swap:   3980.0 total,   3975.9 free,      4.1 used.   3001.9 avail Mem 

    PID USER      PR  NI    VIRT    RES    SHR S  %CPU  %MEM     TIME+ COMMAND
    937 www-data  20   0   26028  20328   4156 R   0.0   0.5  45:30.49 nginx

top - 14:37:23 up 9 days, 22:51,  1 user,  load average: 0.16, 0.40, 0.49
Tasks: 203 total,   1 running, 202 sleeping,   0 stopped,   0 zombie
%Cpu(s):  7.5 us,  1.9 sy,  0.0 ni, 90.6 id,  0.0 wa,  0.0 hi,  0.0 si,  0.0 st
MiB Mem :   3844.2 total,    172.5 free,    560.5 used,   3111.2 buff/cache
MiB Swap:   3980.0 total,   3975.9 free,      4.1 used.   3001.9 avail Mem 

    PID USER      PR  NI    VIRT    RES    SHR S  %CPU  %MEM     TIME+ COMMAND

top - 14:37:24 up 9 days, 22:51,  1 user,  load average: 0.16, 0.40, 0.49
Tasks: 203 total,   1 running, 202 sleeping,   0 stopped,   0 zombie
%Cpu(s):  9.2 us,  3.7 sy,  0.0 ni, 87.2 id,  0.0 wa,  0.0 hi,  0.0 si,  0.0 st
MiB Mem :   3844.2 total,    172.5 free,    560.5 used,   3111.2 buff/cache
MiB Swap:   3980.0 total,   3975.9 free,      4.1 used.   3001.9 avail Mem 

    PID USER      PR  NI    VIRT    RES    SHR S  %CPU  %MEM     TIME+ COMMAND

top - 14:37:24 up 9 days, 22:51,  1 user,  load average: 0.16, 0.40, 0.49
Tasks: 203 total,   1 running, 202 sleeping,   0 stopped,   0 zombie
%Cpu(s):  0.9 us,  2.8 sy,  0.0 ni, 96.3 id,  0.0 wa,  0.0 hi,  0.0 si,  0.0 st
MiB Mem :   3844.2 total,    172.5 free,    560.5 used,   3111.2 buff/cache
MiB Swap:   3980.0 total,   3975.9 free,      4.1 used.   3001.9 avail Mem 

    PID USER      PR  NI    VIRT    RES    SHR S  %CPU  %MEM     TIME+ COMMAND
    937 www-data  20   0   26028  20328   4156 S   0.0   0.5  45:30.66 nginx

top - 14:37:25 up 9 days, 22:51,  1 user,  load average: 0.15, 0.40, 0.48
Tasks: 203 total,   1 running, 202 sleeping,   0 stopped,   0 zombie
%Cpu(s): 11.2 us,  2.8 sy,  0.0 ni, 86.0 id,  0.0 wa,  0.0 hi,  0.0 si,  0.0 st
MiB Mem :   3844.2 total,    172.5 free,    560.5 used,   3111.2 buff/cache
MiB Swap:   3980.0 total,   3975.9 free,      4.1 used.   3001.9 avail Mem 

    PID USER      PR  NI    VIRT    RES    SHR S  %CPU  %MEM     TIME+ COMMAND

top - 14:37:25 up 9 days, 22:51,  1 user,  load average: 0.15, 0.40, 0.48
Tasks: 203 total,   1 running, 202 sleeping,   0 stopped,   0 zombie
%Cpu(s):  1.9 us,  2.8 sy,  0.0 ni, 95.3 id,  0.0 wa,  0.0 hi,  0.0 si,  0.0 st
MiB Mem :   3844.2 total,    172.5 free,    560.5 used,   3111.2 buff/cache
MiB Swap:   3980.0 total,   3975.9 free,      4.1 used.   3001.9 avail Mem 

    PID USER      PR  NI    VIRT    RES    SHR S  %CPU  %MEM     TIME+ COMMAND

top - 14:37:26 up 9 days, 22:51,  1 user,  load average: 0.15, 0.40, 0.48
Tasks: 202 total,   1 running, 201 sleeping,   0 stopped,   0 zombie
%Cpu(s):  8.6 us,  4.8 sy,  0.0 ni, 86.7 id,  0.0 wa,  0.0 hi,  0.0 si,  0.0 st
MiB Mem :   3844.2 total,    172.5 free,    560.5 used,   3111.2 buff/cache
MiB Swap:   3980.0 total,   3975.9 free,      4.1 used.   3001.9 avail Mem 

    PID USER      PR  NI    VIRT    RES    SHR S  %CPU  %MEM     TIME+ COMMAND

top - 14:37:26 up 9 days, 22:51,  1 user,  load average: 0.15, 0.40, 0.48
Tasks: 203 total,   1 running, 202 sleeping,   0 stopped,   0 zombie
%Cpu(s):  3.7 us,  4.7 sy,  2.8 ni, 72.9 id, 15.9 wa,  0.0 hi,  0.0 si,  0.0 st
MiB Mem :   3844.2 total,    172.5 free,    560.5 used,   3111.2 buff/cache
MiB Swap:   3980.0 total,   3975.9 free,      4.1 used.   3001.9 avail Mem 

    PID USER      PR  NI    VIRT    RES    SHR S  %CPU  %MEM     TIME+ COMMAND
    937 www-data  20   0   26028  20328   4156 S   0.0   0.5  45:30.85 nginx

top - 14:37:27 up 9 days, 22:51,  1 user,  load average: 0.15, 0.40, 0.48
Tasks: 202 total,   1 running, 201 sleeping,   0 stopped,   0 zombie
%Cpu(s): 10.5 us,  2.9 sy,  1.0 ni, 85.7 id,  0.0 wa,  0.0 hi,  0.0 si,  0.0 st
MiB Mem :   3844.2 total,    171.2 free,    561.7 used,   3111.2 buff/cache
MiB Swap:   3980.0 total,   3975.9 free,      4.1 used.   3000.7 avail Mem 

    PID USER      PR  NI    VIRT    RES    SHR S  %CPU  %MEM     TIME+ COMMAND

top - 14:37:27 up 9 days, 22:51,  1 user,  load average: 0.15, 0.40, 0.48
Tasks: 202 total,   1 running, 201 sleeping,   0 stopped,   0 zombie
%Cpu(s):  0.9 us,  3.7 sy,  0.0 ni, 95.3 id,  0.0 wa,  0.0 hi,  0.0 si,  0.0 st
MiB Mem :   3844.2 total,    171.2 free,    561.7 used,   3111.2 buff/cache
MiB Swap:   3980.0 total,   3975.9 free,      4.1 used.   3000.7 avail Mem 

    PID USER      PR  NI    VIRT    RES    SHR S  %CPU  %MEM     TIME+ COMMAND
    937 www-data  20   0   26028  20328   4156 S   0.0   0.5  45:30.93 nginx

top - 14:37:28 up 9 days, 22:51,  1 user,  load average: 0.15, 0.40, 0.48
Tasks: 202 total,   1 running, 201 sleeping,   0 stopped,   0 zombie
%Cpu(s):  0.9 us,  1.9 sy,  0.0 ni, 97.2 id,  0.0 wa,  0.0 hi,  0.0 si,  0.0 st
MiB Mem :   3844.2 total,    171.2 free,    561.7 used,   3111.2 buff/cache
MiB Swap:   3980.0 total,   3975.9 free,      4.1 used.   3000.7 avail Mem 

    PID USER      PR  NI    VIRT    RES    SHR S  %CPU  %MEM     TIME+ COMMAND

top - 14:37:28 up 9 days, 22:51,  1 user,  load average: 0.15, 0.40, 0.48
Tasks: 202 total,   1 running, 201 sleeping,   0 stopped,   0 zombie
%Cpu(s):  1.9 us,  3.7 sy,  0.0 ni, 94.4 id,  0.0 wa,  0.0 hi,  0.0 si,  0.0 st
MiB Mem :   3844.2 total,    171.2 free,    561.7 used,   3111.2 buff/cache
MiB Swap:   3980.0 total,   3975.9 free,      4.1 used.   3000.7 avail Mem 

    PID USER      PR  NI    VIRT    RES    SHR S  %CPU  %MEM     TIME+ COMMAND
    937 www-data  20   0   26028  20328   4156 S   0.0   0.5  45:30.94 nginx

top - 14:37:29 up 9 days, 22:51,  1 user,  load average: 0.15, 0.40, 0.48
Tasks: 202 total,   1 running, 201 sleeping,   0 stopped,   0 zombie
%Cpu(s):  1.9 us,  1.9 sy,  0.0 ni, 96.2 id,  0.0 wa,  0.0 hi,  0.0 si,  0.0 st
MiB Mem :   3844.2 total,    171.2 free,    561.7 used,   3111.2 buff/cache
MiB Swap:   3980.0 total,   3975.9 free,      4.1 used.   3000.7 avail Mem 

    PID USER      PR  NI    VIRT    RES    SHR S  %CPU  %MEM     TIME+ COMMAND
    937 www-data  20   0   26028  20328   4156 S   0.0   0.5  45:30.94 nginx
