top - 14:33:33 up 9 days, 22:47,  1 user,  load average: 0.09, 0.39, 0.49
Tasks: 205 total,   3 running, 202 sleeping,   0 stopped,   0 zombie
%Cpu(s):  5.4 us,  8.1 sy,  2.7 ni, 45.9 id, 37.8 wa,  0.0 hi,  0.0 si,  0.0 st
MiB Mem :   3844.2 total,    176.8 free,    557.2 used,   3110.2 buff/cache
MiB Swap:   3980.0 total,   3975.9 free,      4.1 used.   3005.3 avail Mem 

    PID USER      PR  NI    VIRT    RES    SHR S  %CPU  %MEM     TIME+ COMMAND
    937 www-data  20   0   26028  20328   4156 S   0.0   0.5  44:50.31 nginx

top - 14:33:34 up 9 days, 22:47,  1 user,  load average: 0.09, 0.39, 0.49
Tasks: 205 total,   1 running, 204 sleeping,   0 stopped,   0 zombie
%Cpu(s):  0.0 us,  2.9 sy,  1.0 ni, 96.2 id,  0.0 wa,  0.0 hi,  0.0 si,  0.0 st
MiB Mem :   3844.2 total,    176.8 free,    557.2 used,   3110.2 buff/cache
MiB Swap:   3980.0 total,   3975.9 free,      4.1 used.   3005.3 avail Mem 

    PID USER      PR  NI    VIRT    RES    SHR S  %CPU  %MEM     TIME+ COMMAND
    937 www-data  20   0   26028  20328   4156 S   0.0   0.5  44:50.31 nginx

top - 14:33:34 up 9 days, 22:47,  1 user,  load average: 0.16, 0.40, 0.49
Tasks: 205 total,   1 running, 204 sleeping,   0 stopped,   0 zombie
%Cpu(s):  8.7 us,  1.0 sy,  0.0 ni, 90.4 id,  0.0 wa,  0.0 hi,  0.0 si,  0.0 st
MiB Mem :   3844.2 total,    176.8 free,    557.2 used,   3110.2 buff/cache
MiB Swap:   3980.0 total,   3975.9 free,      4.1 used.   3005.3 avail Mem 

    PID USER      PR  NI    VIRT    RES    SHR S  %CPU  %MEM     TIME+ COMMAND

top - 14:33:35 up 9 days, 22:47,  1 user,  load average: 0.16, 0.40, 0.49
Tasks: 205 total,   1 running, 204 sleeping,   0 stopped,   0 zombie
%Cpu(s):  1.0 us,  1.9 sy,  0.0 ni, 97.1 id,  0.0 wa,  0.0 hi,  0.0 si,  0.0 st
MiB Mem :   3844.2 total,    176.8 free,    557.2 used,   3110.2 buff/cache
MiB Swap:   3980.0 total,   3975.9 free,      4.1 used.   3005.3 avail Mem 

    PID USER      PR  NI    VIRT    RES    SHR S  %CPU  %MEM     TIME+ COMMAND

top - 14:33:35 up 9 days, 22:47,  1 user,  load average: 0.16, 0.40, 0.49
Tasks: 205 total,   1 running, 204 sleeping,   0 stopped,   0 zombie
%Cpu(s):  9.4 us,  2.8 sy,  0.0 ni, 87.7 id,  0.0 wa,  0.0 hi,  0.0 si,  0.0 st
MiB Mem :   3844.2 total,    176.8 free,    557.2 used,   3110.2 buff/cache
MiB Swap:   3980.0 total,   3975.9 free,      4.1 used.   3005.3 avail Mem 

    PID USER      PR  NI    VIRT    RES    SHR S  %CPU  %MEM     TIME+ COMMAND

top - 14:33:36 up 9 days, 22:47,  1 user,  load average: 0.16, 0.40, 0.49
Tasks: 205 total,   1 running, 204 sleeping,   0 stopped,   0 zombie
%Cpu(s):  5.7 us,  2.8 sy,  0.0 ni, 91.5 id,  0.0 wa,  0.0 hi,  0.0 si,  0.0 st
MiB Mem :   3844.2 total,    176.8 free,    557.2 used,   3110.2 buff/cache
MiB Swap:   3980.0 total,   3975.9 free,      4.1 used.   3005.3 avail Mem 

    PID USER      PR  NI    VIRT    RES    SHR S  %CPU  %MEM     TIME+ COMMAND
    937 www-data  20   0   26028  20328   4156 S   0.0   0.5  44:50.49 nginx

top - 14:33:36 up 9 days, 22:47,  1 user,  load average: 0.16, 0.40, 0.49
Tasks: 205 total,   1 running, 204 sleeping,   0 stopped,   0 zombie
%Cpu(s):  7.4 us,  3.7 sy,  0.0 ni, 88.9 id,  0.0 wa,  0.0 hi,  0.0 si,  0.0 st
MiB Mem :   3844.2 total,    176.8 free,    557.2 used,   3110.2 buff/cache
MiB Swap:   3980.0 total,   3975.9 free,      4.1 used.   3005.3 avail Mem 

    PID USER      PR  NI    VIRT    RES    SHR S  %CPU  %MEM     TIME+ COMMAND

top - 14:33:37 up 9 days, 22:47,  1 user,  load average: 0.16, 0.40, 0.49
Tasks: 205 total,   1 running, 204 sleeping,   0 stopped,   0 zombie
%Cpu(s):  1.0 us,  1.9 sy,  0.0 ni, 97.1 id,  0.0 wa,  0.0 hi,  0.0 si,  0.0 st
MiB Mem :   3844.2 total,    176.8 free,    557.2 used,   3110.2 buff/cache
MiB Swap:   3980.0 total,   3975.9 free,      4.1 used.   3005.3 avail Mem 

    PID USER      PR  NI    VIRT    RES    SHR S  %CPU  %MEM     TIME+ COMMAND
    937 www-data  20   0   26028  20328   4156 S   0.0   0.5  44:50.55 nginx

top - 14:33:37 up 9 days, 22:47,  1 user,  load average: 0.16, 0.40, 0.49
Tasks: 205 total,   1 running, 204 sleeping,   0 stopped,   0 zombie
%Cpu(s):  7.4 us,  3.7 sy,  0.0 ni, 88.0 id,  0.0 wa,  0.0 hi,  0.9 si,  0.0 st
MiB Mem :   3844.2 total,    176.8 free,    557.2 used,   3110.2 buff/cache
MiB Swap:   3980.0 total,   3975.9 free,      4.1 used.   3005.3 avail Mem 

    PID USER      PR  NI    VIRT    RES    SHR S  %CPU  %MEM     TIME+ COMMAND

top - 14:33:38 up 9 days, 22:47,  1 user,  load average: 0.16, 0.40, 0.49
Tasks: 205 total,   2 running, 203 sleeping,   0 stopped,   0 zombie
%Cpu(s):  1.9 us,  4.7 sy,  0.0 ni, 93.5 id,  0.0 wa,  0.0 hi,  0.0 si,  0.0 st
MiB Mem :   3844.2 total,    176.8 free,    557.2 used,   3110.2 buff/cache
MiB Swap:   3980.0 total,   3975.9 free,      4.1 used.   3005.3 avail Mem 

    PID USER      PR  NI    VIRT    RES    SHR S  %CPU  %MEM     TIME+ COMMAND
    937 www-data  20   0   26028  20328   4156 S   0.0   0.5  44:50.62 nginx

top - 14:33:39 up 9 days, 22:47,  1 user,  load average: 0.16, 0.40, 0.49
Tasks: 205 total,   1 running, 204 sleeping,   0 stopped,   0 zombie
%Cpu(s):  7.5 us,  6.5 sy,  2.8 ni, 63.6 id, 19.6 wa,  0.0 hi,  0.0 si,  0.0 st
MiB Mem :   3844.2 total,    176.5 free,    557.4 used,   3110.2 buff/cache
MiB Swap:   3980.0 total,   3975.9 free,      4.1 used.   3005.0 avail Mem 

    PID USER      PR  NI    VIRT    RES    SHR S  %CPU  %MEM     TIME+ COMMAND

top - 14:33:39 up 9 days, 22:47,  1 user,  load average: 0.16, 0.40, 0.49
Tasks: 204 total,   1 running, 203 sleeping,   0 stopped,   0 zombie
%Cpu(s):  1.9 us,  3.8 sy,  0.9 ni, 93.4 id,  0.0 wa,  0.0 hi,  0.0 si,  0.0 st
MiB Mem :   3844.2 total,    176.5 free,    557.4 used,   3110.2 buff/cache
MiB Swap:   3980.0 total,   3975.9 free,      4.1 used.   3005.0 avail Mem 

    PID USER      PR  NI    VIRT    RES    SHR S  %CPU  %MEM     TIME+ COMMAND
    937 www-data  20   0   26028  20328   4156 S   0.0   0.5  44:50.67 nginx

top - 14:33:40 up 9 days, 22:47,  1 user,  load average: 0.23, 0.41, 0.50
Tasks: 204 total,   1 running, 203 sleeping,   0 stopped,   0 zombie
%Cpu(s):  7.5 us,  2.8 sy,  0.0 ni, 89.7 id,  0.0 wa,  0.0 hi,  0.0 si,  0.0 st
MiB Mem :   3844.2 total,    176.5 free,    557.4 used,   3110.2 buff/cache
MiB Swap:   3980.0 total,   3975.9 free,      4.1 used.   3005.0 avail Mem 

    PID USER      PR  NI    VIRT    RES    SHR S  %CPU  %MEM     TIME+ COMMAND

top - 14:33:40 up 9 days, 22:47,  1 user,  load average: 0.23, 0.41, 0.50
Tasks: 204 total,   2 running, 202 sleeping,   0 stopped,   0 zombie
%Cpu(s):  7.4 us,  1.9 sy,  0.0 ni, 45.4 id, 45.4 wa,  0.0 hi,  0.0 si,  0.0 st
MiB Mem :   3844.2 total,    176.5 free,    557.4 used,   3110.2 buff/cache
MiB Swap:   3980.0 total,   3975.9 free,      4.1 used.   3005.0 avail Mem 

    PID USER      PR  NI    VIRT    RES    SHR S  %CPU  %MEM     TIME+ COMMAND

top - 14:33:41 up 9 days, 22:47,  1 user,  load average: 0.23, 0.41, 0.50
Tasks: 204 total,   1 running, 203 sleeping,   0 stopped,   0 zombie
%Cpu(s):  1.9 us,  2.8 sy,  0.0 ni, 93.4 id,  1.9 wa,  0.0 hi,  0.0 si,  0.0 st
MiB Mem :   3844.2 total,    176.5 free,    557.4 used,   3110.2 buff/cache
MiB Swap:   3980.0 total,   3975.9 free,      4.1 used.   3005.0 avail Mem 

    PID USER      PR  NI    VIRT    RES    SHR S  %CPU  %MEM     TIME+ COMMAND

top - 14:33:41 up 9 days, 22:47,  1 user,  load average: 0.23, 0.41, 0.50
Tasks: 204 total,   1 running, 203 sleeping,   0 stopped,   0 zombie
%Cpu(s):  5.6 us,  2.8 sy,  0.0 ni, 91.6 id,  0.0 wa,  0.0 hi,  0.0 si,  0.0 st
MiB Mem :   3844.2 total,    176.5 free,    557.4 used,   3110.2 buff/cache
MiB Swap:   3980.0 total,   3975.9 free,      4.1 used.   3005.0 avail Mem 

    PID USER      PR  NI    VIRT    RES    SHR S  %CPU  %MEM     TIME+ COMMAND

top - 14:33:42 up 9 days, 22:47,  1 user,  load average: 0.23, 0.41, 0.50
Tasks: 204 total,   1 running, 203 sleeping,   0 stopped,   0 zombie
%Cpu(s):  1.8 us,  3.7 sy,  0.0 ni, 94.5 id,  0.0 wa,  0.0 hi,  0.0 si,  0.0 st
MiB Mem :   3844.2 total,    176.5 free,    557.4 used,   3110.2 buff/cache
MiB Swap:   3980.0 total,   3975.9 free,      4.1 used.   3005.0 avail Mem 

    PID USER      PR  NI    VIRT    RES    SHR S  %CPU  %MEM     TIME+ COMMAND

top - 14:33:42 up 9 days, 22:47,  1 user,  load average: 0.23, 0.41, 0.50
Tasks: 204 total,   1 running, 203 sleeping,   0 stopped,   0 zombie
%Cpu(s):  7.4 us,  3.7 sy,  0.0 ni, 88.9 id,  0.0 wa,  0.0 hi,  0.0 si,  0.0 st
MiB Mem :   3844.2 total,    176.5 free,    557.4 used,   3110.2 buff/cache
MiB Swap:   3980.0 total,   3975.9 free,      4.1 used.   3005.0 avail Mem 

    PID USER      PR  NI    VIRT    RES    SHR S  %CPU  %MEM     TIME+ COMMAND

top - 14:33:43 up 9 days, 22:47,  1 user,  load average: 0.23, 0.41, 0.50
Tasks: 204 total,   1 running, 203 sleeping,   0 stopped,   0 zombie
%Cpu(s):  1.9 us,  2.8 sy,  0.0 ni, 95.3 id,  0.0 wa,  0.0 hi,  0.0 si,  0.0 st
MiB Mem :   3844.2 total,    176.5 free,    557.4 used,   3110.2 buff/cache
MiB Swap:   3980.0 total,   3975.9 free,      4.1 used.   3005.0 avail Mem 

    PID USER      PR  NI    VIRT    RES    SHR S  %CPU  %MEM     TIME+ COMMAND
    937 www-data  20   0   26028  20328   4156 S   0.0   0.5  44:50.93 nginx

top - 14:33:43 up 9 days, 22:47,  1 user,  load average: 0.23, 0.41, 0.50
Tasks: 205 total,   2 running, 203 sleeping,   0 stopped,   0 zombie
%Cpu(s): 12.5 us, 12.5 sy,  2.9 ni, 48.1 id, 24.0 wa,  0.0 hi,  0.0 si,  0.0 st
MiB Mem :   3844.2 total,    176.5 free,    557.4 used,   3110.2 buff/cache
MiB Swap:   3980.0 total,   3975.9 free,      4.1 used.   3005.0 avail Mem 

    PID USER      PR  NI    VIRT    RES    SHR S  %CPU  %MEM     TIME+ COMMAND

top - 14:33:44 up 9 days, 22:47,  1 user,  load average: 0.23, 0.41, 0.50
Tasks: 205 total,   1 running, 204 sleeping,   0 stopped,   0 zombie
%Cpu(s):  3.8 us,  4.8 sy, 10.5 ni, 81.0 id,  0.0 wa,  0.0 hi,  0.0 si,  0.0 st
MiB Mem :   3844.2 total,    176.5 free,    557.4 used,   3110.2 buff/cache
MiB Swap:   3980.0 total,   3975.9 free,      4.1 used.   3005.0 avail Mem 

    PID USER      PR  NI    VIRT    RES    SHR S  %CPU  %MEM     TIME+ COMMAND
    937 www-data  20   0   26028  20328   4156 S   0.0   0.5  44:51.00 nginx

top - 14:33:44 up 9 days, 22:47,  1 user,  load average: 0.29, 0.42, 0.50
Tasks: 205 total,   1 running, 204 sleeping,   0 stopped,   0 zombie
%Cpu(s):  8.3 us,  1.9 sy,  0.0 ni, 88.0 id,  0.9 wa,  0.0 hi,  0.9 si,  0.0 st
MiB Mem :   3844.2 total,    176.5 free,    557.4 used,   3110.2 buff/cache
MiB Swap:   3980.0 total,   3975.9 free,      4.1 used.   3005.0 avail Mem 

    PID USER      PR  NI    VIRT    RES    SHR S  %CPU  %MEM     TIME+ COMMAND

top - 14:33:45 up 9 days, 22:47,  1 user,  load average: 0.29, 0.42, 0.50
Tasks: 205 total,   1 running, 204 sleeping,   0 stopped,   0 zombie
%Cpu(s):  2.8 us,  2.8 sy,  0.0 ni, 94.5 id,  0.0 wa,  0.0 hi,  0.0 si,  0.0 st
MiB Mem :   3844.2 total,    176.5 free,    557.4 used,   3110.2 buff/cache
MiB Swap:   3980.0 total,   3975.9 free,      4.1 used.   3005.1 avail Mem 

    PID USER      PR  NI    VIRT    RES    SHR S  %CPU  %MEM     TIME+ COMMAND

top - 14:33:46 up 9 days, 22:47,  1 user,  load average: 0.29, 0.42, 0.50
Tasks: 205 total,   1 running, 204 sleeping,   0 stopped,   0 zombie
%Cpu(s):  2.8 us,  2.8 sy,  0.0 ni, 94.3 id,  0.0 wa,  0.0 hi,  0.0 si,  0.0 st
MiB Mem :   3844.2 total,    176.5 free,    557.4 used,   3110.2 buff/cache
MiB Swap:   3980.0 total,   3975.9 free,      4.1 used.   3005.1 avail Mem 

    PID USER      PR  NI    VIRT    RES    SHR S  %CPU  %MEM     TIME+ COMMAND

top - 14:33:46 up 9 days, 22:47,  1 user,  load average: 0.29, 0.42, 0.50
Tasks: 205 total,   1 running, 204 sleeping,   0 stopped,   0 zombie
%Cpu(s):  2.7 us,  2.7 sy,  0.0 ni, 94.5 id,  0.0 wa,  0.0 hi,  0.0 si,  0.0 st
MiB Mem :   3844.2 total,    176.5 free,    557.4 used,   3110.2 buff/cache
MiB Swap:   3980.0 total,   3975.9 free,      4.1 used.   3005.1 avail Mem 

    PID USER      PR  NI    VIRT    RES    SHR S  %CPU  %MEM     TIME+ COMMAND

top - 14:33:47 up 9 days, 22:47,  1 user,  load average: 0.29, 0.42, 0.50
Tasks: 205 total,   1 running, 204 sleeping,   0 stopped,   0 zombie
%Cpu(s):  5.6 us,  2.8 sy,  0.0 ni, 91.6 id,  0.0 wa,  0.0 hi,  0.0 si,  0.0 st
MiB Mem :   3844.2 total,    176.5 free,    557.4 used,   3110.2 buff/cache
MiB Swap:   3980.0 total,   3975.9 free,      4.1 used.   3005.1 avail Mem 

    PID USER      PR  NI    VIRT    RES    SHR S  %CPU  %MEM     TIME+ COMMAND

top - 14:33:47 up 9 days, 22:47,  1 user,  load average: 0.29, 0.42, 0.50
Tasks: 205 total,   1 running, 204 sleeping,   0 stopped,   0 zombie
%Cpu(s):  6.5 us,  2.8 sy,  0.0 ni, 90.7 id,  0.0 wa,  0.0 hi,  0.0 si,  0.0 st
MiB Mem :   3844.2 total,    176.5 free,    557.4 used,   3110.2 buff/cache
MiB Swap:   3980.0 total,   3975.9 free,      4.1 used.   3005.1 avail Mem 

    PID USER      PR  NI    VIRT    RES    SHR S  %CPU  %MEM     TIME+ COMMAND

top - 14:33:48 up 9 days, 22:47,  1 user,  load average: 0.29, 0.42, 0.50
Tasks: 205 total,   1 running, 204 sleeping,   0 stopped,   0 zombie
%Cpu(s):  5.6 us,  3.7 sy,  0.0 ni, 90.7 id,  0.0 wa,  0.0 hi,  0.0 si,  0.0 st
MiB Mem :   3844.2 total,    176.5 free,    557.4 used,   3110.2 buff/cache
MiB Swap:   3980.0 total,   3975.9 free,      4.1 used.   3005.1 avail Mem 

    PID USER      PR  NI    VIRT    RES    SHR S  %CPU  %MEM     TIME+ COMMAND
    937 www-data  20   0   26028  20328   4156 S   0.0   0.5  44:51.20 nginx

top - 14:33:48 up 9 days, 22:47,  1 user,  load average: 0.29, 0.42, 0.50
Tasks: 205 total,   1 running, 204 sleeping,   0 stopped,   0 zombie
%Cpu(s):  6.4 us,  7.3 sy,  0.9 ni, 72.5 id, 12.8 wa,  0.0 hi,  0.0 si,  0.0 st
MiB Mem :   3844.2 total,    176.5 free,    557.4 used,   3110.2 buff/cache
MiB Swap:   3980.0 total,   3975.9 free,      4.1 used.   3005.1 avail Mem 

    PID USER      PR  NI    VIRT    RES    SHR S  %CPU  %MEM     TIME+ COMMAND

top - 14:33:49 up 9 days, 22:47,  1 user,  load average: 0.29, 0.42, 0.50
Tasks: 205 total,   1 running, 204 sleeping,   0 stopped,   0 zombie
%Cpu(s):  0.9 us,  2.8 sy,  2.8 ni, 92.5 id,  0.9 wa,  0.0 hi,  0.0 si,  0.0 st
MiB Mem :   3844.2 total,    176.5 free,    557.4 used,   3110.2 buff/cache
MiB Swap:   3980.0 total,   3975.9 free,      4.1 used.   3005.1 avail Mem 

    PID USER      PR  NI    VIRT    RES    SHR S  %CPU  %MEM     TIME+ COMMAND
    937 www-data  20   0   26028  20328   4156 S   0.0   0.5  44:51.22 nginx

top - 14:33:49 up 9 days, 22:47,  1 user,  load average: 0.35, 0.43, 0.50
Tasks: 205 total,   1 running, 204 sleeping,   0 stopped,   0 zombie
%Cpu(s):  6.5 us,  3.7 sy,  0.0 ni, 89.7 id,  0.0 wa,  0.0 hi,  0.0 si,  0.0 st
MiB Mem :   3844.2 total,    176.5 free,    557.4 used,   3110.2 buff/cache
MiB Swap:   3980.0 total,   3975.9 free,      4.1 used.   3005.1 avail Mem 

    PID USER      PR  NI    VIRT    RES    SHR S  %CPU  %MEM     TIME+ COMMAND

top - 14:33:50 up 9 days, 22:47,  1 user,  load average: 0.35, 0.43, 0.50
Tasks: 205 total,   1 running, 204 sleeping,   0 stopped,   0 zombie
%Cpu(s):  1.8 us,  2.8 sy,  0.0 ni, 95.4 id,  0.0 wa,  0.0 hi,  0.0 si,  0.0 st
MiB Mem :   3844.2 total,    176.5 free,    557.4 used,   3110.2 buff/cache
MiB Swap:   3980.0 total,   3975.9 free,      4.1 used.   3005.1 avail Mem 

    PID USER      PR  NI    VIRT    RES    SHR S  %CPU  %MEM     TIME+ COMMAND

top - 14:33:50 up 9 days, 22:47,  1 user,  load average: 0.35, 0.43, 0.50
Tasks: 205 total,   1 running, 204 sleeping,   0 stopped,   0 zombie
%Cpu(s):  6.5 us,  2.8 sy,  0.0 ni, 90.7 id,  0.0 wa,  0.0 hi,  0.0 si,  0.0 st
MiB Mem :   3844.2 total,    176.5 free,    557.4 used,   3110.2 buff/cache
MiB Swap:   3980.0 total,   3975.9 free,      4.1 used.   3005.1 avail Mem 

    PID USER      PR  NI    VIRT    RES    SHR S  %CPU  %MEM     TIME+ COMMAND

top - 14:33:51 up 9 days, 22:47,  1 user,  load average: 0.35, 0.43, 0.50
Tasks: 205 total,   1 running, 204 sleeping,   0 stopped,   0 zombie
%Cpu(s):  1.9 us,  2.8 sy,  0.0 ni, 95.4 id,  0.0 wa,  0.0 hi,  0.0 si,  0.0 st
MiB Mem :   3844.2 total,    176.5 free,    557.4 used,   3110.3 buff/cache
MiB Swap:   3980.0 total,   3975.9 free,      4.1 used.   3005.1 avail Mem 

    PID USER      PR  NI    VIRT    RES    SHR S  %CPU  %MEM     TIME+ COMMAND

top - 14:33:52 up 9 days, 22:47,  1 user,  load average: 0.35, 0.43, 0.50
Tasks: 205 total,   1 running, 204 sleeping,   0 stopped,   0 zombie
%Cpu(s):  5.6 us,  3.7 sy,  0.0 ni, 90.7 id,  0.0 wa,  0.0 hi,  0.0 si,  0.0 st
MiB Mem :   3844.2 total,    176.5 free,    557.4 used,   3110.3 buff/cache
MiB Swap:   3980.0 total,   3975.9 free,      4.1 used.   3005.1 avail Mem 

    PID USER      PR  NI    VIRT    RES    SHR S  %CPU  %MEM     TIME+ COMMAND

top - 14:33:52 up 9 days, 22:47,  1 user,  load average: 0.35, 0.43, 0.50
Tasks: 205 total,   1 running, 204 sleeping,   0 stopped,   0 zombie
%Cpu(s):  1.8 us,  2.8 sy,  0.0 ni, 95.4 id,  0.0 wa,  0.0 hi,  0.0 si,  0.0 st
MiB Mem :   3844.2 total,    176.5 free,    557.4 used,   3110.3 buff/cache
MiB Swap:   3980.0 total,   3975.9 free,      4.1 used.   3005.1 avail Mem 

    PID USER      PR  NI    VIRT    RES    SHR S  %CPU  %MEM     TIME+ COMMAND

top - 14:33:53 up 9 days, 22:47,  1 user,  load average: 0.35, 0.43, 0.50
Tasks: 205 total,   1 running, 204 sleeping,   0 stopped,   0 zombie
%Cpu(s):  4.7 us,  3.7 sy,  0.0 ni, 91.6 id,  0.0 wa,  0.0 hi,  0.0 si,  0.0 st
MiB Mem :   3844.2 total,    176.5 free,    557.4 used,   3110.3 buff/cache
MiB Swap:   3980.0 total,   3975.9 free,      4.1 used.   3005.1 avail Mem 

    PID USER      PR  NI    VIRT    RES    SHR S  %CPU  %MEM     TIME+ COMMAND

top - 14:33:53 up 9 days, 22:47,  1 user,  load average: 0.35, 0.43, 0.50
Tasks: 205 total,   3 running, 202 sleeping,   0 stopped,   0 zombie
%Cpu(s):  5.5 us,  5.5 sy,  0.0 ni, 89.0 id,  0.0 wa,  0.0 hi,  0.0 si,  0.0 st
MiB Mem :   3844.2 total,    176.5 free,    557.4 used,   3110.3 buff/cache
MiB Swap:   3980.0 total,   3975.9 free,      4.1 used.   3005.1 avail Mem 

    PID USER      PR  NI    VIRT    RES    SHR S  %CPU  %MEM     TIME+ COMMAND

top - 14:33:54 up 9 days, 22:47,  1 user,  load average: 0.35, 0.43, 0.50
Tasks: 205 total,   1 running, 204 sleeping,   0 stopped,   0 zombie
%Cpu(s):  2.8 us,  3.7 sy,  3.7 ni, 75.9 id, 13.9 wa,  0.0 hi,  0.0 si,  0.0 st
MiB Mem :   3844.2 total,    176.5 free,    557.4 used,   3110.3 buff/cache
MiB Swap:   3980.0 total,   3975.9 free,      4.1 used.   3005.1 avail Mem 

    PID USER      PR  NI    VIRT    RES    SHR S  %CPU  %MEM     TIME+ COMMAND

top - 14:33:54 up 9 days, 22:47,  1 user,  load average: 0.40, 0.44, 0.51
Tasks: 204 total,   1 running, 203 sleeping,   0 stopped,   0 zombie
%Cpu(s):  7.5 us,  5.6 sy,  0.0 ni, 86.9 id,  0.0 wa,  0.0 hi,  0.0 si,  0.0 st
MiB Mem :   3844.2 total,    176.5 free,    557.4 used,   3110.3 buff/cache
MiB Swap:   3980.0 total,   3975.9 free,      4.1 used.   3005.1 avail Mem 

    PID USER      PR  NI    VIRT    RES    SHR S  %CPU  %MEM     TIME+ COMMAND

top - 14:33:55 up 9 days, 22:47,  1 user,  load average: 0.40, 0.44, 0.51
Tasks: 204 total,   1 running, 203 sleeping,   0 stopped,   0 zombie
%Cpu(s):  1.9 us,  1.9 sy,  0.0 ni, 96.3 id,  0.0 wa,  0.0 hi,  0.0 si,  0.0 st
MiB Mem :   3844.2 total,    176.5 free,    557.4 used,   3110.3 buff/cache
MiB Swap:   3980.0 total,   3975.9 free,      4.1 used.   3005.1 avail Mem 

    PID USER      PR  NI    VIRT    RES    SHR S  %CPU  %MEM     TIME+ COMMAND

top - 14:33:55 up 9 days, 22:47,  1 user,  load average: 0.40, 0.44, 0.51
Tasks: 204 total,   2 running, 202 sleeping,   0 stopped,   0 zombie
%Cpu(s):  7.5 us,  2.8 sy,  0.0 ni, 89.7 id,  0.0 wa,  0.0 hi,  0.0 si,  0.0 st
MiB Mem :   3844.2 total,    176.5 free,    557.4 used,   3110.3 buff/cache
MiB Swap:   3980.0 total,   3975.9 free,      4.1 used.   3005.1 avail Mem 

    PID USER      PR  NI    VIRT    RES    SHR S  %CPU  %MEM     TIME+ COMMAND

top - 14:33:56 up 9 days, 22:47,  1 user,  load average: 0.40, 0.44, 0.51
Tasks: 204 total,   1 running, 203 sleeping,   0 stopped,   0 zombie
%Cpu(s):  1.9 us,  1.9 sy,  0.0 ni, 96.3 id,  0.0 wa,  0.0 hi,  0.0 si,  0.0 st
MiB Mem :   3844.2 total,    176.5 free,    557.4 used,   3110.3 buff/cache
MiB Swap:   3980.0 total,   3975.9 free,      4.1 used.   3005.1 avail Mem 

    PID USER      PR  NI    VIRT    RES    SHR S  %CPU  %MEM     TIME+ COMMAND
    937 www-data  20   0   26028  20328   4156 S   0.0   0.5  44:51.61 nginx

top - 14:33:56 up 9 days, 22:47,  1 user,  load average: 0.40, 0.44, 0.51
Tasks: 204 total,   1 running, 203 sleeping,   0 stopped,   0 zombie
%Cpu(s):  6.5 us,  3.7 sy,  0.0 ni, 88.9 id,  0.0 wa,  0.0 hi,  0.9 si,  0.0 st
MiB Mem :   3844.2 total,    176.5 free,    557.4 used,   3110.3 buff/cache
MiB Swap:   3980.0 total,   3975.9 free,      4.1 used.   3005.1 avail Mem 

    PID USER      PR  NI    VIRT    RES    SHR S  %CPU  %MEM     TIME+ COMMAND

top - 14:33:57 up 9 days, 22:47,  1 user,  load average: 0.40, 0.44, 0.51
Tasks: 204 total,   1 running, 203 sleeping,   0 stopped,   0 zombie
%Cpu(s):  0.9 us,  3.7 sy,  0.0 ni, 95.4 id,  0.0 wa,  0.0 hi,  0.0 si,  0.0 st
MiB Mem :   3844.2 total,    176.5 free,    557.4 used,   3110.3 buff/cache
MiB Swap:   3980.0 total,   3975.9 free,      4.1 used.   3005.1 avail Mem 

    PID USER      PR  NI    VIRT    RES    SHR S  %CPU  %MEM     TIME+ COMMAND

top - 14:33:58 up 9 days, 22:47,  1 user,  load average: 0.40, 0.44, 0.51
Tasks: 204 total,   1 running, 203 sleeping,   0 stopped,   0 zombie
%Cpu(s):  9.3 us,  1.9 sy,  0.0 ni, 88.8 id,  0.0 wa,  0.0 hi,  0.0 si,  0.0 st
MiB Mem :   3844.2 total,    176.5 free,    557.4 used,   3110.3 buff/cache
MiB Swap:   3980.0 total,   3975.9 free,      4.1 used.   3005.1 avail Mem 

    PID USER      PR  NI    VIRT    RES    SHR S  %CPU  %MEM     TIME+ COMMAND

top - 14:33:58 up 9 days, 22:47,  1 user,  load average: 0.40, 0.44, 0.51
Tasks: 204 total,   1 running, 203 sleeping,   0 stopped,   0 zombie
%Cpu(s):  1.8 us,  1.8 sy,  0.9 ni, 95.4 id,  0.0 wa,  0.0 hi,  0.0 si,  0.0 st
MiB Mem :   3844.2 total,    176.5 free,    557.4 used,   3110.3 buff/cache
MiB Swap:   3980.0 total,   3975.9 free,      4.1 used.   3005.1 avail Mem 

    PID USER      PR  NI    VIRT    RES    SHR S  %CPU  %MEM     TIME+ COMMAND
    937 www-data  20   0   26028  20328   4156 S   0.0   0.5  44:51.76 nginx

top - 14:33:59 up 9 days, 22:47,  1 user,  load average: 0.40, 0.44, 0.51
Tasks: 205 total,   1 running, 204 sleeping,   0 stopped,   0 zombie
%Cpu(s):  9.0 us, 12.0 sy,  8.0 ni, 53.0 id, 18.0 wa,  0.0 hi,  0.0 si,  0.0 st
MiB Mem :   3844.2 total,    176.5 free,    557.4 used,   3110.3 buff/cache
MiB Swap:   3980.0 total,   3975.9 free,      4.1 used.   3005.1 avail Mem 

    PID USER      PR  NI    VIRT    RES    SHR S  %CPU  %MEM     TIME+ COMMAND

top - 14:33:59 up 9 days, 22:47,  1 user,  load average: 0.40, 0.44, 0.51
Tasks: 205 total,   1 running, 204 sleeping,   0 stopped,   0 zombie
%Cpu(s):  4.7 us,  5.6 sy,  4.7 ni, 85.0 id,  0.0 wa,  0.0 hi,  0.0 si,  0.0 st
MiB Mem :   3844.2 total,    176.5 free,    557.4 used,   3110.3 buff/cache
MiB Swap:   3980.0 total,   3975.9 free,      4.1 used.   3005.1 avail Mem 

    PID USER      PR  NI    VIRT    RES    SHR S  %CPU  %MEM     TIME+ COMMAND
    937 www-data  20   0   26028  20328   4156 S   0.0   0.5  44:51.82 nginx

top - 14:34:00 up 9 days, 22:47,  1 user,  load average: 0.45, 0.45, 0.51
Tasks: 205 total,   1 running, 204 sleeping,   0 stopped,   0 zombie
%Cpu(s): 10.3 us,  2.8 sy,  0.0 ni, 86.9 id,  0.0 wa,  0.0 hi,  0.0 si,  0.0 st
MiB Mem :   3844.2 total,    176.5 free,    557.4 used,   3110.3 buff/cache
MiB Swap:   3980.0 total,   3975.9 free,      4.1 used.   3005.1 avail Mem 

    PID USER      PR  NI    VIRT    RES    SHR S  %CPU  %MEM     TIME+ COMMAND

top - 14:34:00 up 9 days, 22:47,  1 user,  load average: 0.45, 0.45, 0.51
Tasks: 205 total,   1 running, 204 sleeping,   0 stopped,   0 zombie
%Cpu(s):  7.5 us,  2.8 sy,  0.0 ni, 89.7 id,  0.0 wa,  0.0 hi,  0.0 si,  0.0 st
MiB Mem :   3844.2 total,    176.5 free,    557.4 used,   3110.3 buff/cache
MiB Swap:   3980.0 total,   3975.9 free,      4.1 used.   3005.1 avail Mem 

    PID USER      PR  NI    VIRT    RES    SHR S  %CPU  %MEM     TIME+ COMMAND

top - 14:34:01 up 9 days, 22:47,  1 user,  load average: 0.45, 0.45, 0.51
Tasks: 205 total,   1 running, 204 sleeping,   0 stopped,   0 zombie
%Cpu(s):  0.9 us,  3.7 sy,  0.0 ni, 95.4 id,  0.0 wa,  0.0 hi,  0.0 si,  0.0 st
MiB Mem :   3844.2 total,    176.5 free,    557.4 used,   3110.3 buff/cache
MiB Swap:   3980.0 total,   3975.9 free,      4.1 used.   3005.1 avail Mem 

    PID USER      PR  NI    VIRT    RES    SHR S  %CPU  %MEM     TIME+ COMMAND
    937 www-data  20   0   26028  20328   4156 S   0.0   0.5  44:51.95 nginx

top - 14:34:01 up 9 days, 22:47,  1 user,  load average: 0.45, 0.45, 0.51
Tasks: 205 total,   1 running, 204 sleeping,   0 stopped,   0 zombie
%Cpu(s):  8.4 us,  1.9 sy,  0.0 ni, 89.7 id,  0.0 wa,  0.0 hi,  0.0 si,  0.0 st
MiB Mem :   3844.2 total,    176.5 free,    557.4 used,   3110.3 buff/cache
MiB Swap:   3980.0 total,   3975.9 free,      4.1 used.   3005.1 avail Mem 

    PID USER      PR  NI    VIRT    RES    SHR S  %CPU  %MEM     TIME+ COMMAND

top - 14:34:02 up 9 days, 22:47,  1 user,  load average: 0.45, 0.45, 0.51
Tasks: 205 total,   1 running, 204 sleeping,   0 stopped,   0 zombie
%Cpu(s):  0.9 us,  3.7 sy,  0.0 ni, 95.4 id,  0.0 wa,  0.0 hi,  0.0 si,  0.0 st
MiB Mem :   3844.2 total,    176.5 free,    557.4 used,   3110.3 buff/cache
MiB Swap:   3980.0 total,   3975.9 free,      4.1 used.   3005.1 avail Mem 

    PID USER      PR  NI    VIRT    RES    SHR S  %CPU  %MEM     TIME+ COMMAND

top - 14:34:02 up 9 days, 22:47,  1 user,  load average: 0.45, 0.45, 0.51
Tasks: 205 total,   1 running, 204 sleeping,   0 stopped,   0 zombie
%Cpu(s):  6.5 us,  3.7 sy,  0.0 ni, 89.7 id,  0.0 wa,  0.0 hi,  0.0 si,  0.0 st
MiB Mem :   3844.2 total,    176.5 free,    557.4 used,   3110.3 buff/cache
MiB Swap:   3980.0 total,   3975.9 free,      4.1 used.   3005.1 avail Mem 

    PID USER      PR  NI    VIRT    RES    SHR S  %CPU  %MEM     TIME+ COMMAND

top - 14:34:03 up 9 days, 22:47,  1 user,  load average: 0.45, 0.45, 0.51
Tasks: 205 total,   1 running, 204 sleeping,   0 stopped,   0 zombie
%Cpu(s):  0.9 us,  3.7 sy,  0.0 ni, 95.4 id,  0.0 wa,  0.0 hi,  0.0 si,  0.0 st
MiB Mem :   3844.2 total,    176.5 free,    557.4 used,   3110.3 buff/cache
MiB Swap:   3980.0 total,   3975.9 free,      4.1 used.   3005.1 avail Mem 

    PID USER      PR  NI    VIRT    RES    SHR S  %CPU  %MEM     TIME+ COMMAND

top - 14:34:04 up 9 days, 22:47,  1 user,  load average: 0.45, 0.45, 0.51
Tasks: 205 total,   1 running, 204 sleeping,   0 stopped,   0 zombie
%Cpu(s):  9.4 us,  7.5 sy,  0.9 ni, 67.0 id, 15.1 wa,  0.0 hi,  0.0 si,  0.0 st
MiB Mem :   3844.2 total,    176.5 free,    557.4 used,   3110.3 buff/cache
MiB Swap:   3980.0 total,   3975.9 free,      4.1 used.   3005.1 avail Mem 

    PID USER      PR  NI    VIRT    RES    SHR S  %CPU  %MEM     TIME+ COMMAND

top - 14:34:04 up 9 days, 22:47,  1 user,  load average: 0.45, 0.45, 0.51
Tasks: 205 total,   1 running, 204 sleeping,   0 stopped,   0 zombie
%Cpu(s):  0.0 us,  3.7 sy,  0.9 ni, 95.3 id,  0.0 wa,  0.0 hi,  0.0 si,  0.0 st
MiB Mem :   3844.2 total,    176.5 free,    557.4 used,   3110.3 buff/cache
MiB Swap:   3980.0 total,   3975.9 free,      4.1 used.   3005.1 avail Mem 

    PID USER      PR  NI    VIRT    RES    SHR S  %CPU  %MEM     TIME+ COMMAND
    937 www-data  20   0   26028  20328   4156 S   0.0   0.5  44:52.14 nginx

top - 14:34:05 up 9 days, 22:47,  1 user,  load average: 0.49, 0.46, 0.51
Tasks: 205 total,   1 running, 204 sleeping,   0 stopped,   0 zombie
%Cpu(s):  7.4 us,  3.7 sy,  0.0 ni, 88.9 id,  0.0 wa,  0.0 hi,  0.0 si,  0.0 st
MiB Mem :   3844.2 total,    176.5 free,    557.4 used,   3110.3 buff/cache
MiB Swap:   3980.0 total,   3975.9 free,      4.1 used.   3005.1 avail Mem 

    PID USER      PR  NI    VIRT    RES    SHR S  %CPU  %MEM     TIME+ COMMAND

top - 14:34:05 up 9 days, 22:47,  1 user,  load average: 0.49, 0.46, 0.51
Tasks: 205 total,   1 running, 204 sleeping,   0 stopped,   0 zombie
%Cpu(s):  1.8 us,  3.7 sy,  0.0 ni, 94.5 id,  0.0 wa,  0.0 hi,  0.0 si,  0.0 st
MiB Mem :   3844.2 total,    176.5 free,    557.4 used,   3110.3 buff/cache
MiB Swap:   3980.0 total,   3975.9 free,      4.1 used.   3005.1 avail Mem 

    PID USER      PR  NI    VIRT    RES    SHR S  %CPU  %MEM     TIME+ COMMAND

top - 14:34:06 up 9 days, 22:47,  1 user,  load average: 0.49, 0.46, 0.51
Tasks: 205 total,   1 running, 204 sleeping,   0 stopped,   0 zombie
%Cpu(s):  7.5 us,  3.7 sy,  0.0 ni, 88.8 id,  0.0 wa,  0.0 hi,  0.0 si,  0.0 st
MiB Mem :   3844.2 total,    176.5 free,    557.3 used,   3110.3 buff/cache
MiB Swap:   3980.0 total,   3975.9 free,      4.1 used.   3005.1 avail Mem 

    PID USER      PR  NI    VIRT    RES    SHR S  %CPU  %MEM     TIME+ COMMAND

top - 14:34:06 up 9 days, 22:47,  1 user,  load average: 0.49, 0.46, 0.51
Tasks: 205 total,   2 running, 203 sleeping,   0 stopped,   0 zombie
%Cpu(s):  7.5 us,  1.9 sy,  0.0 ni, 90.7 id,  0.0 wa,  0.0 hi,  0.0 si,  0.0 st
MiB Mem :   3844.2 total,    176.5 free,    557.3 used,   3110.3 buff/cache
MiB Swap:   3980.0 total,   3975.9 free,      4.1 used.   3005.1 avail Mem 

    PID USER      PR  NI    VIRT    RES    SHR S  %CPU  %MEM     TIME+ COMMAND

top - 14:34:07 up 9 days, 22:47,  1 user,  load average: 0.49, 0.46, 0.51
Tasks: 205 total,   1 running, 204 sleeping,   0 stopped,   0 zombie
%Cpu(s):  1.9 us,  2.8 sy,  0.0 ni, 95.4 id,  0.0 wa,  0.0 hi,  0.0 si,  0.0 st
MiB Mem :   3844.2 total,    176.5 free,    557.3 used,   3110.3 buff/cache
MiB Swap:   3980.0 total,   3975.9 free,      4.1 used.   3005.1 avail Mem 

    PID USER      PR  NI    VIRT    RES    SHR S  %CPU  %MEM     TIME+ COMMAND

top - 14:34:07 up 9 days, 22:47,  1 user,  load average: 0.49, 0.46, 0.51
Tasks: 205 total,   1 running, 204 sleeping,   0 stopped,   0 zombie
%Cpu(s):  9.3 us,  3.7 sy,  0.0 ni, 87.0 id,  0.0 wa,  0.0 hi,  0.0 si,  0.0 st
MiB Mem :   3844.2 total,    176.5 free,    557.3 used,   3110.3 buff/cache
MiB Swap:   3980.0 total,   3975.9 free,      4.1 used.   3005.1 avail Mem 

    PID USER      PR  NI    VIRT    RES    SHR S  %CPU  %MEM     TIME+ COMMAND

top - 14:34:08 up 9 days, 22:47,  1 user,  load average: 0.49, 0.46, 0.51
Tasks: 205 total,   1 running, 204 sleeping,   0 stopped,   0 zombie
%Cpu(s):  1.8 us,  2.8 sy,  0.0 ni, 95.4 id,  0.0 wa,  0.0 hi,  0.0 si,  0.0 st
MiB Mem :   3844.2 total,    176.5 free,    557.3 used,   3110.3 buff/cache
MiB Swap:   3980.0 total,   3975.9 free,      4.1 used.   3005.1 avail Mem 

    PID USER      PR  NI    VIRT    RES    SHR S  %CPU  %MEM     TIME+ COMMAND

top - 14:34:08 up 9 days, 22:47,  1 user,  load average: 0.49, 0.46, 0.51
Tasks: 208 total,   2 running, 206 sleeping,   0 stopped,   0 zombie
%Cpu(s):  7.8 us,  5.9 sy,  0.0 ni, 86.3 id,  0.0 wa,  0.0 hi,  0.0 si,  0.0 st
MiB Mem :   3844.2 total,    176.5 free,    557.3 used,   3110.3 buff/cache
MiB Swap:   3980.0 total,   3975.9 free,      4.1 used.   3005.1 avail Mem 

    PID USER      PR  NI    VIRT    RES    SHR S  %CPU  %MEM     TIME+ COMMAND

top - 14:34:09 up 9 days, 22:47,  1 user,  load average: 0.49, 0.46, 0.51
Tasks: 204 total,   1 running, 203 sleeping,   0 stopped,   0 zombie
%Cpu(s):  3.9 us,  6.8 sy,  3.9 ni, 71.8 id, 13.6 wa,  0.0 hi,  0.0 si,  0.0 st
MiB Mem :   3844.2 total,    176.3 free,    557.6 used,   3110.3 buff/cache
MiB Swap:   3980.0 total,   3975.9 free,      4.1 used.   3004.9 avail Mem 

    PID USER      PR  NI    VIRT    RES    SHR S  %CPU  %MEM     TIME+ COMMAND
    937 www-data  20   0   26028  20328   4156 S   0.0   0.5  44:52.51 nginx

top - 14:34:09 up 9 days, 22:47,  1 user,  load average: 0.53, 0.47, 0.51
Tasks: 204 total,   1 running, 203 sleeping,   0 stopped,   0 zombie
%Cpu(s):  8.4 us,  1.9 sy,  0.0 ni, 89.7 id,  0.0 wa,  0.0 hi,  0.0 si,  0.0 st
MiB Mem :   3844.2 total,    176.3 free,    557.6 used,   3110.3 buff/cache
MiB Swap:   3980.0 total,   3975.9 free,      4.1 used.   3004.9 avail Mem 

    PID USER      PR  NI    VIRT    RES    SHR S  %CPU  %MEM     TIME+ COMMAND

top - 14:34:10 up 9 days, 22:47,  1 user,  load average: 0.53, 0.47, 0.51
Tasks: 204 total,   1 running, 203 sleeping,   0 stopped,   0 zombie
%Cpu(s):  0.9 us,  2.8 sy,  0.0 ni, 96.3 id,  0.0 wa,  0.0 hi,  0.0 si,  0.0 st
MiB Mem :   3844.2 total,    176.3 free,    557.6 used,   3110.3 buff/cache
MiB Swap:   3980.0 total,   3975.9 free,      4.1 used.   3004.9 avail Mem 

    PID USER      PR  NI    VIRT    RES    SHR S  %CPU  %MEM     TIME+ COMMAND
    937 www-data  20   0   26028  20328   4156 S   0.0   0.5  44:52.58 nginx

top - 14:34:11 up 9 days, 22:47,  1 user,  load average: 0.53, 0.47, 0.51
Tasks: 204 total,   1 running, 203 sleeping,   0 stopped,   0 zombie
%Cpu(s):  8.3 us,  2.8 sy,  0.0 ni, 88.9 id,  0.0 wa,  0.0 hi,  0.0 si,  0.0 st
MiB Mem :   3844.2 total,    176.3 free,    557.6 used,   3110.3 buff/cache
MiB Swap:   3980.0 total,   3975.9 free,      4.1 used.   3004.9 avail Mem 

    PID USER      PR  NI    VIRT    RES    SHR S  %CPU  %MEM     TIME+ COMMAND

top - 14:34:11 up 9 days, 22:47,  1 user,  load average: 0.53, 0.47, 0.51
Tasks: 204 total,   1 running, 203 sleeping,   0 stopped,   0 zombie
%Cpu(s):  0.9 us,  3.7 sy,  0.0 ni, 95.4 id,  0.0 wa,  0.0 hi,  0.0 si,  0.0 st
MiB Mem :   3844.2 total,    176.3 free,    557.6 used,   3110.3 buff/cache
MiB Swap:   3980.0 total,   3975.9 free,      4.1 used.   3004.9 avail Mem 

    PID USER      PR  NI    VIRT    RES    SHR S  %CPU  %MEM     TIME+ COMMAND
    937 www-data  20   0   26028  20328   4156 S   0.0   0.5  44:52.65 nginx

top - 14:34:12 up 9 days, 22:47,  1 user,  load average: 0.53, 0.47, 0.51
Tasks: 204 total,   1 running, 203 sleeping,   0 stopped,   0 zombie
%Cpu(s): 10.4 us,  1.9 sy,  0.0 ni, 87.7 id,  0.0 wa,  0.0 hi,  0.0 si,  0.0 st
MiB Mem :   3844.2 total,    176.3 free,    557.6 used,   3110.3 buff/cache
MiB Swap:   3980.0 total,   3975.9 free,      4.1 used.   3004.9 avail Mem 

    PID USER      PR  NI    VIRT    RES    SHR S  %CPU  %MEM     TIME+ COMMAND

top - 14:34:12 up 9 days, 22:47,  1 user,  load average: 0.53, 0.47, 0.51
Tasks: 204 total,   1 running, 203 sleeping,   0 stopped,   0 zombie
%Cpu(s):  1.9 us,  2.8 sy,  0.0 ni, 95.4 id,  0.0 wa,  0.0 hi,  0.0 si,  0.0 st
MiB Mem :   3844.2 total,    176.3 free,    557.6 used,   3110.3 buff/cache
MiB Swap:   3980.0 total,   3975.9 free,      4.1 used.   3004.9 avail Mem 

    PID USER      PR  NI    VIRT    RES    SHR S  %CPU  %MEM     TIME+ COMMAND

top - 14:34:13 up 9 days, 22:47,  1 user,  load average: 0.53, 0.47, 0.51
Tasks: 204 total,   1 running, 203 sleeping,   0 stopped,   0 zombie
%Cpu(s):  6.6 us,  2.8 sy,  0.0 ni, 90.6 id,  0.0 wa,  0.0 hi,  0.0 si,  0.0 st
MiB Mem :   3844.2 total,    176.3 free,    557.6 used,   3110.3 buff/cache
MiB Swap:   3980.0 total,   3975.9 free,      4.1 used.   3004.9 avail Mem 

    PID USER      PR  NI    VIRT    RES    SHR S  %CPU  %MEM     TIME+ COMMAND

top - 14:34:13 up 9 days, 22:47,  1 user,  load average: 0.53, 0.47, 0.51
Tasks: 204 total,   2 running, 202 sleeping,   0 stopped,   0 zombie
%Cpu(s):  8.3 us,  2.8 sy,  0.0 ni, 89.0 id,  0.0 wa,  0.0 hi,  0.0 si,  0.0 st
MiB Mem :   3844.2 total,    176.3 free,    557.6 used,   3110.3 buff/cache
MiB Swap:   3980.0 total,   3975.9 free,      4.1 used.   3004.9 avail Mem 

    PID USER      PR  NI    VIRT    RES    SHR S  %CPU  %MEM     TIME+ COMMAND

top - 14:34:14 up 9 days, 22:47,  1 user,  load average: 0.53, 0.47, 0.51
Tasks: 205 total,   2 running, 203 sleeping,   0 stopped,   0 zombie
%Cpu(s):  4.8 us, 11.4 sy, 11.4 ni, 59.0 id, 13.3 wa,  0.0 hi,  0.0 si,  0.0 st
MiB Mem :   3844.2 total,    176.3 free,    557.6 used,   3110.3 buff/cache
MiB Swap:   3980.0 total,   3975.9 free,      4.1 used.   3004.9 avail Mem 

    PID USER      PR  NI    VIRT    RES    SHR S  %CPU  %MEM     TIME+ COMMAND

top - 14:34:14 up 9 days, 22:47,  1 user,  load average: 0.57, 0.48, 0.52
Tasks: 205 total,   1 running, 204 sleeping,   0 stopped,   0 zombie
%Cpu(s): 10.1 us,  5.5 sy,  2.8 ni, 81.7 id,  0.0 wa,  0.0 hi,  0.0 si,  0.0 st
MiB Mem :   3844.2 total,    176.3 free,    557.6 used,   3110.3 buff/cache
MiB Swap:   3980.0 total,   3975.9 free,      4.1 used.   3004.9 avail Mem 

    PID USER      PR  NI    VIRT    RES    SHR S  %CPU  %MEM     TIME+ COMMAND

top - 14:34:15 up 9 days, 22:47,  1 user,  load average: 0.57, 0.48, 0.52
Tasks: 205 total,   1 running, 204 sleeping,   0 stopped,   0 zombie
%Cpu(s):  0.9 us,  3.7 sy,  0.0 ni, 95.3 id,  0.0 wa,  0.0 hi,  0.0 si,  0.0 st
MiB Mem :   3844.2 total,    176.3 free,    557.6 used,   3110.3 buff/cache
MiB Swap:   3980.0 total,   3975.9 free,      4.1 used.   3004.9 avail Mem 

    PID USER      PR  NI    VIRT    RES    SHR S  %CPU  %MEM     TIME+ COMMAND

top - 14:34:15 up 9 days, 22:47,  1 user,  load average: 0.57, 0.48, 0.52
Tasks: 205 total,   1 running, 204 sleeping,   0 stopped,   0 zombie
%Cpu(s):  7.5 us,  1.9 sy,  0.0 ni, 90.7 id,  0.0 wa,  0.0 hi,  0.0 si,  0.0 st
MiB Mem :   3844.2 total,    176.3 free,    557.6 used,   3110.3 buff/cache
MiB Swap:   3980.0 total,   3975.9 free,      4.1 used.   3004.9 avail Mem 

    PID USER      PR  NI    VIRT    RES    SHR S  %CPU  %MEM     TIME+ COMMAND

top - 14:34:16 up 9 days, 22:47,  1 user,  load average: 0.57, 0.48, 0.52
Tasks: 205 total,   1 running, 204 sleeping,   0 stopped,   0 zombie
%Cpu(s):  0.9 us,  4.6 sy,  0.0 ni, 94.5 id,  0.0 wa,  0.0 hi,  0.0 si,  0.0 st
MiB Mem :   3844.2 total,    176.3 free,    557.6 used,   3110.3 buff/cache
MiB Swap:   3980.0 total,   3975.9 free,      4.1 used.   3004.9 avail Mem 

    PID USER      PR  NI    VIRT    RES    SHR S  %CPU  %MEM     TIME+ COMMAND
    937 www-data  20   0   26028  20328   4156 S   0.0   0.5  44:52.99 nginx

top - 14:34:16 up 9 days, 22:47,  1 user,  load average: 0.57, 0.48, 0.52
Tasks: 205 total,   1 running, 204 sleeping,   0 stopped,   0 zombie
%Cpu(s):  8.4 us,  1.9 sy,  0.0 ni, 89.7 id,  0.0 wa,  0.0 hi,  0.0 si,  0.0 st
MiB Mem :   3844.2 total,    176.3 free,    557.6 used,   3110.3 buff/cache
MiB Swap:   3980.0 total,   3975.9 free,      4.1 used.   3004.9 avail Mem 

    PID USER      PR  NI    VIRT    RES    SHR S  %CPU  %MEM     TIME+ COMMAND

top - 14:34:17 up 9 days, 22:48,  1 user,  load average: 0.57, 0.48, 0.52
Tasks: 205 total,   1 running, 204 sleeping,   0 stopped,   0 zombie
%Cpu(s):  0.9 us,  3.7 sy,  0.0 ni, 95.4 id,  0.0 wa,  0.0 hi,  0.0 si,  0.0 st
MiB Mem :   3844.2 total,    176.3 free,    557.6 used,   3110.3 buff/cache
MiB Swap:   3980.0 total,   3975.9 free,      4.1 used.   3004.9 avail Mem 

    PID USER      PR  NI    VIRT    RES    SHR S  %CPU  %MEM     TIME+ COMMAND
    937 www-data  20   0   26028  20328   4156 S   0.0   0.5  44:53.07 nginx

top - 14:34:18 up 9 days, 22:48,  1 user,  load average: 0.57, 0.48, 0.52
Tasks: 205 total,   1 running, 204 sleeping,   0 stopped,   0 zombie
%Cpu(s):  8.4 us,  1.9 sy,  0.0 ni, 89.7 id,  0.0 wa,  0.0 hi,  0.0 si,  0.0 st
MiB Mem :   3844.2 total,    176.3 free,    557.6 used,   3110.3 buff/cache
MiB Swap:   3980.0 total,   3975.9 free,      4.1 used.   3004.9 avail Mem 

    PID USER      PR  NI    VIRT    RES    SHR S  %CPU  %MEM     TIME+ COMMAND

top - 14:34:18 up 9 days, 22:48,  1 user,  load average: 0.57, 0.48, 0.52
Tasks: 205 total,   1 running, 204 sleeping,   0 stopped,   0 zombie
%Cpu(s):  1.8 us,  2.8 sy,  0.0 ni, 95.4 id,  0.0 wa,  0.0 hi,  0.0 si,  0.0 st
MiB Mem :   3844.2 total,    176.3 free,    557.6 used,   3110.3 buff/cache
MiB Swap:   3980.0 total,   3975.9 free,      4.1 used.   3004.9 avail Mem 

    PID USER      PR  NI    VIRT    RES    SHR S  %CPU  %MEM     TIME+ COMMAND
    937 www-data  20   0   26028  20328   4156 S   0.0   0.5  44:53.14 nginx

top - 14:34:19 up 9 days, 22:48,  1 user,  load average: 0.57, 0.48, 0.52
Tasks: 205 total,   1 running, 204 sleeping,   0 stopped,   0 zombie
%Cpu(s):  6.6 us,  7.5 sy,  0.9 ni, 69.8 id, 14.2 wa,  0.0 hi,  0.9 si,  0.0 st
MiB Mem :   3844.2 total,    176.3 free,    557.6 used,   3110.3 buff/cache
MiB Swap:   3980.0 total,   3975.9 free,      4.1 used.   3004.9 avail Mem 

    PID USER      PR  NI    VIRT    RES    SHR S  %CPU  %MEM     TIME+ COMMAND

top - 14:34:19 up 9 days, 22:48,  1 user,  load average: 0.57, 0.48, 0.52
Tasks: 205 total,   2 running, 203 sleeping,   0 stopped,   0 zombie
%Cpu(s):  4.8 us,  1.9 sy,  1.9 ni, 88.5 id,  2.9 wa,  0.0 hi,  0.0 si,  0.0 st
MiB Mem :   3844.2 total,    176.3 free,    557.6 used,   3110.3 buff/cache
MiB Swap:   3980.0 total,   3975.9 free,      4.1 used.   3004.9 avail Mem 

    PID USER      PR  NI    VIRT    RES    SHR S  %CPU  %MEM     TIME+ COMMAND

top - 14:34:20 up 9 days, 22:48,  1 user,  load average: 0.69, 0.50, 0.53
Tasks: 205 total,   1 running, 204 sleeping,   0 stopped,   0 zombie
%Cpu(s):  3.7 us,  3.7 sy,  0.0 ni, 92.6 id,  0.0 wa,  0.0 hi,  0.0 si,  0.0 st
MiB Mem :   3844.2 total,    176.3 free,    557.6 used,   3110.3 buff/cache
MiB Swap:   3980.0 total,   3975.9 free,      4.1 used.   3004.9 avail Mem 

    PID USER      PR  NI    VIRT    RES    SHR S  %CPU  %MEM     TIME+ COMMAND

top - 14:34:20 up 9 days, 22:48,  1 user,  load average: 0.69, 0.50, 0.53
Tasks: 205 total,   1 running, 204 sleeping,   0 stopped,   0 zombie
%Cpu(s):  7.5 us,  2.8 sy,  0.0 ni, 89.7 id,  0.0 wa,  0.0 hi,  0.0 si,  0.0 st
MiB Mem :   3844.2 total,    176.3 free,    557.6 used,   3110.3 buff/cache
MiB Swap:   3980.0 total,   3975.9 free,      4.1 used.   3004.9 avail Mem 

    PID USER      PR  NI    VIRT    RES    SHR S  %CPU  %MEM     TIME+ COMMAND

top - 14:34:21 up 9 days, 22:48,  1 user,  load average: 0.69, 0.50, 0.53
Tasks: 205 total,   1 running, 204 sleeping,   0 stopped,   0 zombie
%Cpu(s):  0.9 us,  3.7 sy,  0.0 ni, 95.4 id,  0.0 wa,  0.0 hi,  0.0 si,  0.0 st
MiB Mem :   3844.2 total,    176.3 free,    557.5 used,   3110.3 buff/cache
MiB Swap:   3980.0 total,   3975.9 free,      4.1 used.   3004.9 avail Mem 

    PID USER      PR  NI    VIRT    RES    SHR S  %CPU  %MEM     TIME+ COMMAND

top - 14:34:21 up 9 days, 22:48,  1 user,  load average: 0.69, 0.50, 0.53
Tasks: 205 total,   1 running, 204 sleeping,   0 stopped,   0 zombie
%Cpu(s):  7.4 us,  2.8 sy,  0.0 ni, 89.8 id,  0.0 wa,  0.0 hi,  0.0 si,  0.0 st
MiB Mem :   3844.2 total,    176.3 free,    557.5 used,   3110.3 buff/cache
MiB Swap:   3980.0 total,   3975.9 free,      4.1 used.   3004.9 avail Mem 

    PID USER      PR  NI    VIRT    RES    SHR S  %CPU  %MEM     TIME+ COMMAND

top - 14:34:22 up 9 days, 22:48,  1 user,  load average: 0.69, 0.50, 0.53
Tasks: 205 total,   1 running, 204 sleeping,   0 stopped,   0 zombie
%Cpu(s):  0.9 us,  3.7 sy,  0.0 ni, 95.4 id,  0.0 wa,  0.0 hi,  0.0 si,  0.0 st
MiB Mem :   3844.2 total,    176.3 free,    557.5 used,   3110.3 buff/cache
MiB Swap:   3980.0 total,   3975.9 free,      4.1 used.   3004.9 avail Mem 

    PID USER      PR  NI    VIRT    RES    SHR S  %CPU  %MEM     TIME+ COMMAND
    937 www-data  20   0   26028  20328   4156 S   0.0   0.5  44:53.40 nginx

top - 14:34:22 up 9 days, 22:48,  1 user,  load average: 0.69, 0.50, 0.53
Tasks: 205 total,   1 running, 204 sleeping,   0 stopped,   0 zombie
%Cpu(s):  7.5 us,  2.8 sy,  0.0 ni, 89.7 id,  0.0 wa,  0.0 hi,  0.0 si,  0.0 st
MiB Mem :   3844.2 total,    176.3 free,    557.5 used,   3110.3 buff/cache
MiB Swap:   3980.0 total,   3975.9 free,      4.1 used.   3004.9 avail Mem 

    PID USER      PR  NI    VIRT    RES    SHR S  %CPU  %MEM     TIME+ COMMAND

top - 14:34:23 up 9 days, 22:48,  1 user,  load average: 0.69, 0.50, 0.53
Tasks: 205 total,   1 running, 204 sleeping,   0 stopped,   0 zombie
%Cpu(s):  2.8 us,  1.8 sy,  0.0 ni, 95.4 id,  0.0 wa,  0.0 hi,  0.0 si,  0.0 st
MiB Mem :   3844.2 total,    176.3 free,    557.5 used,   3110.3 buff/cache
MiB Swap:   3980.0 total,   3975.9 free,      4.1 used.   3004.9 avail Mem 

    PID USER      PR  NI    VIRT    RES    SHR S  %CPU  %MEM     TIME+ COMMAND

top - 14:34:24 up 9 days, 22:48,  1 user,  load average: 0.69, 0.50, 0.53
Tasks: 205 total,   1 running, 204 sleeping,   0 stopped,   0 zombie
%Cpu(s):  9.4 us,  3.8 sy,  0.0 ni, 86.8 id,  0.0 wa,  0.0 hi,  0.0 si,  0.0 st
MiB Mem :   3844.2 total,    176.3 free,    557.5 used,   3110.3 buff/cache
MiB Swap:   3980.0 total,   3975.9 free,      4.1 used.   3004.9 avail Mem 

    PID USER      PR  NI    VIRT    RES    SHR S  %CPU  %MEM     TIME+ COMMAND

top - 14:34:24 up 9 days, 22:48,  1 user,  load average: 0.69, 0.50, 0.53
Tasks: 204 total,   1 running, 203 sleeping,   0 stopped,   0 zombie
%Cpu(s):  3.8 us,  7.5 sy,  3.8 ni, 67.9 id, 17.0 wa,  0.0 hi,  0.0 si,  0.0 st
MiB Mem :   3844.2 total,    176.3 free,    557.5 used,   3110.3 buff/cache
MiB Swap:   3980.0 total,   3975.9 free,      4.1 used.   3004.9 avail Mem 

    PID USER      PR  NI    VIRT    RES    SHR S  %CPU  %MEM     TIME+ COMMAND
    937 www-data  20   0   26028  20328   4156 S   0.0   0.5  44:53.54 nginx

top - 14:34:25 up 9 days, 22:48,  1 user,  load average: 0.63, 0.49, 0.52
Tasks: 204 total,   1 running, 203 sleeping,   0 stopped,   0 zombie
%Cpu(s):  0.9 us,  3.7 sy,  0.0 ni, 95.4 id,  0.0 wa,  0.0 hi,  0.0 si,  0.0 st
MiB Mem :   3844.2 total,    176.3 free,    557.5 used,   3110.3 buff/cache
MiB Swap:   3980.0 total,   3975.9 free,      4.1 used.   3004.9 avail Mem 

    PID USER      PR  NI    VIRT    RES    SHR S  %CPU  %MEM     TIME+ COMMAND

top - 14:34:25 up 9 days, 22:48,  1 user,  load average: 0.63, 0.49, 0.52
Tasks: 204 total,   2 running, 202 sleeping,   0 stopped,   0 zombie
%Cpu(s):  0.9 us,  2.8 sy,  0.0 ni, 96.3 id,  0.0 wa,  0.0 hi,  0.0 si,  0.0 st
MiB Mem :   3844.2 total,    176.3 free,    557.5 used,   3110.3 buff/cache
MiB Swap:   3980.0 total,   3975.9 free,      4.1 used.   3004.9 avail Mem 

    PID USER      PR  NI    VIRT    RES    SHR S  %CPU  %MEM     TIME+ COMMAND
    937 www-data  20   0   26028  20328   4156 S   0.0   0.5  44:53.54 nginx

top - 14:34:26 up 9 days, 22:48,  1 user,  load average: 0.63, 0.49, 0.52
Tasks: 204 total,   1 running, 203 sleeping,   0 stopped,   0 zombie
%Cpu(s):  2.8 us,  3.7 sy,  0.0 ni, 79.4 id, 14.0 wa,  0.0 hi,  0.0 si,  0.0 st
MiB Mem :   3844.2 total,    176.3 free,    557.5 used,   3110.3 buff/cache
MiB Swap:   3980.0 total,   3975.9 free,      4.1 used.   3004.9 avail Mem 

    PID USER      PR  NI    VIRT    RES    SHR S  %CPU  %MEM     TIME+ COMMAND

top - 14:34:26 up 9 days, 22:48,  1 user,  load average: 0.63, 0.49, 0.52
Tasks: 204 total,   1 running, 203 sleeping,   0 stopped,   0 zombie
%Cpu(s):  0.9 us,  4.6 sy,  0.0 ni, 94.5 id,  0.0 wa,  0.0 hi,  0.0 si,  0.0 st
MiB Mem :   3844.2 total,    176.3 free,    557.5 used,   3110.3 buff/cache
MiB Swap:   3980.0 total,   3975.9 free,      4.1 used.   3004.9 avail Mem 

    PID USER      PR  NI    VIRT    RES    SHR S  %CPU  %MEM     TIME+ COMMAND
    937 www-data  20   0   26028  20328   4156 S   0.0   0.5  44:53.54 nginx

top - 14:34:27 up 9 days, 22:48,  1 user,  load average: 0.63, 0.49, 0.52
Tasks: 204 total,   1 running, 203 sleeping,   0 stopped,   0 zombie
%Cpu(s):  1.9 us,  1.9 sy,  0.0 ni, 96.3 id,  0.0 wa,  0.0 hi,  0.0 si,  0.0 st
MiB Mem :   3844.2 total,    176.3 free,    557.5 used,   3110.4 buff/cache
MiB Swap:   3980.0 total,   3975.9 free,      4.1 used.   3004.9 avail Mem 

    PID USER      PR  NI    VIRT    RES    SHR S  %CPU  %MEM     TIME+ COMMAND

top - 14:34:27 up 9 days, 22:48,  1 user,  load average: 0.63, 0.49, 0.52
Tasks: 204 total,   1 running, 203 sleeping,   0 stopped,   0 zombie
%Cpu(s):  0.9 us,  2.8 sy,  0.0 ni, 96.3 id,  0.0 wa,  0.0 hi,  0.0 si,  0.0 st
MiB Mem :   3844.2 total,    176.3 free,    557.5 used,   3110.4 buff/cache
MiB Swap:   3980.0 total,   3975.9 free,      4.1 used.   3004.9 avail Mem 

    PID USER      PR  NI    VIRT    RES    SHR S  %CPU  %MEM     TIME+ COMMAND
    937 www-data  20   0   26028  20328   4156 S   0.0   0.5  44:53.54 nginx

top - 14:34:28 up 9 days, 22:48,  1 user,  load average: 0.63, 0.49, 0.52
Tasks: 204 total,   1 running, 203 sleeping,   0 stopped,   0 zombie
%Cpu(s):  1.9 us,  1.9 sy,  0.0 ni, 96.3 id,  0.0 wa,  0.0 hi,  0.0 si,  0.0 st
MiB Mem :   3844.2 total,    176.3 free,    557.5 used,   3110.4 buff/cache
MiB Swap:   3980.0 total,   3975.9 free,      4.1 used.   3004.9 avail Mem 

    PID USER      PR  NI    VIRT    RES    SHR S  %CPU  %MEM     TIME+ COMMAND

top - 14:34:28 up 9 days, 22:48,  1 user,  load average: 0.63, 0.49, 0.52
Tasks: 204 total,   1 running, 203 sleeping,   0 stopped,   0 zombie
%Cpu(s):  1.8 us,  3.7 sy,  0.0 ni, 94.5 id,  0.0 wa,  0.0 hi,  0.0 si,  0.0 st
MiB Mem :   3844.2 total,    176.3 free,    557.5 used,   3110.4 buff/cache
MiB Swap:   3980.0 total,   3975.9 free,      4.1 used.   3004.9 avail Mem 

    PID USER      PR  NI    VIRT    RES    SHR S  %CPU  %MEM     TIME+ COMMAND
    937 www-data  20   0   26028  20328   4156 S   0.0   0.5  44:53.54 nginx

top - 14:34:29 up 9 days, 22:48,  1 user,  load average: 0.63, 0.49, 0.52
Tasks: 205 total,   2 running, 203 sleeping,   0 stopped,   0 zombie
%Cpu(s):  5.9 us,  9.9 sy,  2.0 ni, 58.4 id, 23.8 wa,  0.0 hi,  0.0 si,  0.0 st
MiB Mem :   3844.2 total,    176.3 free,    557.5 used,   3110.4 buff/cache
MiB Swap:   3980.0 total,   3975.9 free,      4.1 used.   3004.9 avail Mem 

    PID USER      PR  NI    VIRT    RES    SHR S  %CPU  %MEM     TIME+ COMMAND
    937 www-data  20   0   26028  20328   4156 S   0.0   0.5  44:53.54 nginx

top - 14:34:29 up 9 days, 22:48,  1 user,  load average: 0.58, 0.48, 0.52
Tasks: 205 total,   1 running, 204 sleeping,   0 stopped,   0 zombie
%Cpu(s):  5.6 us,  7.5 sy,  7.5 ni, 79.4 id,  0.0 wa,  0.0 hi,  0.0 si,  0.0 st
MiB Mem :   3844.2 total,    176.3 free,    557.5 used,   3110.4 buff/cache
MiB Swap:   3980.0 total,   3975.9 free,      4.1 used.   3004.9 avail Mem 

    PID USER      PR  NI    VIRT    RES    SHR S  %CPU  %MEM     TIME+ COMMAND
    937 www-data  20   0   26028  20328   4156 S   0.0   0.5  44:53.54 nginx

top - 14:34:30 up 9 days, 22:48,  1 user,  load average: 0.58, 0.48, 0.52
Tasks: 205 total,   1 running, 204 sleeping,   0 stopped,   0 zombie
%Cpu(s):  7.4 us,  1.9 sy,  0.0 ni, 90.7 id,  0.0 wa,  0.0 hi,  0.0 si,  0.0 st
MiB Mem :   3844.2 total,    176.3 free,    557.5 used,   3110.4 buff/cache
MiB Swap:   3980.0 total,   3975.9 free,      4.1 used.   3004.9 avail Mem 

    PID USER      PR  NI    VIRT    RES    SHR S  %CPU  %MEM     TIME+ COMMAND
    937 www-data  20   0   26028  20328   4156 S   0.0   0.5  44:53.54 nginx

top - 14:34:31 up 9 days, 22:48,  1 user,  load average: 0.58, 0.48, 0.52
Tasks: 205 total,   1 running, 204 sleeping,   0 stopped,   0 zombie
%Cpu(s):  0.0 us,  3.7 sy,  0.0 ni, 94.4 id,  0.9 wa,  0.0 hi,  0.9 si,  0.0 st
MiB Mem :   3844.2 total,    176.3 free,    557.5 used,   3110.4 buff/cache
MiB Swap:   3980.0 total,   3975.9 free,      4.1 used.   3004.9 avail Mem 

    PID USER      PR  NI    VIRT    RES    SHR S  %CPU  %MEM     TIME+ COMMAND
    937 www-data  20   0   26028  20328   4156 S   0.0   0.5  44:53.54 nginx

top - 14:34:31 up 9 days, 22:48,  1 user,  load average: 0.58, 0.48, 0.52
Tasks: 204 total,   1 running, 203 sleeping,   0 stopped,   0 zombie
%Cpu(s):  1.8 us,  4.6 sy,  0.0 ni, 93.6 id,  0.0 wa,  0.0 hi,  0.0 si,  0.0 st
MiB Mem :   3844.2 total,    176.3 free,    557.5 used,   3110.4 buff/cache
MiB Swap:   3980.0 total,   3975.9 free,      4.1 used.   3004.9 avail Mem 

    PID USER      PR  NI    VIRT    RES    SHR S  %CPU  %MEM     TIME+ COMMAND
    937 www-data  20   0   26028  20328   4156 S   0.0   0.5  44:53.54 nginx
