83.3
78.8
84.6
84.9
88.7
83.3
74.1
88.7
81.5
74.1
100.0
79.6
83.6
83.3
83.3
90.9
83.3
75.5
98.1
89.1
74.1
94.4
81.8
83.3
85.2
83.6
75.9
89.1
88.9
89.1
74.1
100.0
76.4
77.8
100.0
72.7
65.4
96.3
100.0
98.2
50.0
90.6
100.0
98.2
88.9
53.8
72.2
100.0
100.0
100.0
83.3
74.5
92.6
90.7
72.2
80.0
98.1
88.5
82.7
75.9
94.2
83.6
77.8
79.6
96.4
98.1
67.3
75.9
100.0
100.0
81.8
79.6
81.8
96.2
87.3
85.2
68.5
96.4
87.0
79.6
90.4
81.5
79.6
92.7
90.4
81.5
65.5
100.0
98.1
72.2
81.1
90.4
87.0
75.9
83.6
85.2
85.2
85.5
74.1
77.8
90.9
74.1
