70.6
92.5
81.1
81.1
79.2
87.0
88.7
77.8
85.2
78.2
84.6
85.2
81.5
87.0
80.0
82.7
87.0
83.3
79.6
85.5
83.3
75.9
94.5
79.6
80.0
94.4
81.5
81.5
87.3
77.8
79.6
83.6
85.2
78.2
90.7
74.5
87.0
94.2
72.2
89.1
100.0
74.1
75.9
100.0
90.7
58.2
96.3
100.0
98.1
81.5
54.5
100.0
96.4
100.0
72.2
78.2
92.6
83.6
85.2
83.3
80.0
90.7
72.2
87.0
87.3
77.8
85.2
83.3
90.4
80.0
79.6
86.5
85.2
81.5
85.5
77.4
83.6
92.6
74.1
87.3
79.6
87.0
80.0
87.0
88.9
74.5
87.0
80.0
85.2
83.3
76.9
92.6
79.6
83.6
83.3
79.6
83.3
83.6
74.1
90.6
