100.0
98.1
100.0
100.0
100.0
100.0
100.0
100.0
100.0
98.1
100.0
98.2
100.0
98.2
100.0
98.2
92.6
85.2
98.1
100.0
94.5
100.0
98.2
100.0
100.0
100.0
98.1
100.0
100.0
96.4
100.0
100.0
100.0
98.2
100.0
100.0
100.0
100.0
98.2
100.0
100.0
100.0
100.0
98.2
100.0
100.0
100.0
100.0
94.5
100.0
100.0
100.0
98.2
100.0
100.0
98.2
100.0
98.2
100.0
98.2
100.0
100.0
96.4
100.0
100.0
100.0
98.2
100.0
98.2
100.0
98.2
100.0
100.0
100.0
100.0
98.1
100.0
98.1
98.1
98.2
100.0
98.2
100.0
100.0
98.2
100.0
98.2
100.0
100.0
98.2
100.0
98.2
100.0
98.2
100.0
100.0
98.2
