94.1
100.0
98.1
98.1
98.1
98.1
100.0
100.0
98.1
100.0
100.0
98.1
96.3
98.1
100.0
98.2
100.0
100.0
98.2
100.0
100.0
96.3
100.0
98.1
100.0
100.0
98.2
100.0
100.0
100.0
98.2
100.0
100.0
98.2
100.0
98.2
100.0
98.2
100.0
98.2
96.4
100.0
100.0
98.2
100.0
100.0
100.0
98.2
100.0
98.2
100.0
100.0
100.0
98.2
100.0
98.2
100.0
100.0
100.0
98.2
100.0
98.2
100.0
98.2
100.0
100.0
98.2
100.0
96.4
100.0
100.0
100.0
98.2
100.0
100.0
98.2
100.0
98.2
100.0
100.0
100.0
98.2
98.1
100.0
100.0
100.0
98.1
98.1
98.2
100.0
100.0
100.0
94.4
100.0
98.1
96.3
90.9
